30.1202 	EXP 	Created window1 = Window(allowGUI=True, allowStencil=False, autoLog=True, backendConf=UNKNOWN, backgroundFit=<method-wrapper '__getattribute__' of attributeSetter object at 0x000001F2060B3340>, backgroundImage=<method-wrapper '__getattribute__' of attributeSetter object at 0x000001F2060B32E0>, bitsMode=UNKNOWN, blendMode='avg', bpc=(8, 8, 8), color=array([0, 0, 0]), colorSpace='rgb', depthBits=8, fullscr=<method-wrapper '__getattribute__' of attributeSetter object at 0x000001F2060B3130>, gamma=None, gammaErrorPolicy='raise', lms=UNKNOWN, monitor=<psychopy.monitors.calibTools.Monitor object at 0x000001F2685E0700>, multiSample=False, name='window1', numSamples=2, pos=(1920, 33), screen=0, size=array([1680, 1050]), stencilBits=0, stereo=False, title='PsychoPy', units='pix', useFBO=True, useRetina=False, viewOri=0.0, viewPos=None, viewScale=None, waitBlanking=True, winType='pyglet')
30.1203 	EXP 	window1: mouseVisible = True
30.1203 	EXP 	window1: backgroundImage = ''
30.1203 	EXP 	window1: backgroundFit = 'none'
30.1218 	EXP 	window1: Attempting to measure frame rate of screen (0) ...
30.1218 	EXP 	window1: recordFrameIntervals = False
30.2867 	EXP 	window1: recordFrameIntervals = True
30.4703 	EXP 	Screen (0) actual frame rate measured at 59.99Hz
30.4704 	EXP 	window1: recordFrameIntervals = False
30.4704 	EXP 	window1: mouseVisible = False
33.3851 	EXP 	emotionRecognition: status = STARTED
38.4910 	EXP 	window1: mouseVisible = True
38.6766 	EXP 	Created instructions = TextStim(__class__=<class 'psychopy.visual.text.TextStim'>, alignHoriz=method-wrapper(...), alignText='center', alignVert=method-wrapper(...), anchorHoriz='center', anchorVert='center', antialias=True, autoDraw=False, autoLog=True, bold=False, color=array([1., 1., 1.]), colorSpace='rgb', contrast=1.0, depth=0.0, draggable=False, flipHoriz=False, flipVert=False, font='Arial', fontFiles=[], height=40.0, italic=False, languageStyle='LTR', name='instructions', opacity=1.0, ori=0.0, pos=array([  0., 420.]), rgb=UNKNOWN, text=str(...), units='pix', win=Window(...), wrapWidth=1120.0)
38.6768 	EXP 	window1: mouseVisible = True
38.6791 	EXP 	Created option1Text = TextStim(__class__=<class 'psychopy.visual.text.TextStim'>, alignHoriz=method-wrapper(...), alignText='center', alignVert=method-wrapper(...), anchorHoriz='center', anchorVert='center', antialias=True, autoDraw=False, autoLog=True, bold=False, color=array([1., 1., 1.]), colorSpace='rgb', contrast=1.0, depth=-1.0, draggable=False, flipHoriz=False, flipVert=False, font='Open Sans', fontFiles=[], height=40.0, italic=False, languageStyle='LTR', name='option1Text', opacity=1.0, ori=0.0, pos=array([-560., -300.]), rgb=UNKNOWN, text='', units='pix', win=Window(...), wrapWidth=500)
38.6792 	EXP 	window1: mouseVisible = True
38.6967 	EXP 	Created option1Image = ImageStim(__class__=<class 'psychopy.visual.image.ImageStim'>, anchor=('center', 'center'), autoLog=True, color=array([1., 1., 1.]), colorSpace='rgb', contrast=1.0, depth=-2.0, draggable=False, flipHoriz=False, flipVert=False, image='default.png', interpolate=True, mask=None, maskParams=None, name='option1Image', opacity=1.0, ori=0.0, pos=array([-560.,    0.]), size=array([336., 336.]), texRes=128.0, units='pix', win=Window(...))
38.6969 	EXP 	window1: mouseVisible = True
38.6980 	EXP 	Created option2Text = TextStim(__class__=<class 'psychopy.visual.text.TextStim'>, alignHoriz=method-wrapper(...), alignText='center', alignVert=method-wrapper(...), anchorHoriz='center', anchorVert='center', antialias=True, autoDraw=False, autoLog=True, bold=False, color=array([1., 1., 1.]), colorSpace='rgb', contrast=1.0, depth=-3.0, draggable=False, flipHoriz=False, flipVert=False, font='Open Sans', fontFiles=[], height=40.0, italic=False, languageStyle='LTR', name='option2Text', opacity=1.0, ori=0.0, pos=array([   0., -300.]), rgb=UNKNOWN, text='', units='pix', win=Window(...), wrapWidth=500)
38.6981 	EXP 	window1: mouseVisible = True
38.7130 	EXP 	Created option2Image = ImageStim(__class__=<class 'psychopy.visual.image.ImageStim'>, anchor=('center', 'center'), autoLog=True, color=array([1., 1., 1.]), colorSpace='rgb', contrast=1.0, depth=-4.0, draggable=False, flipHoriz=False, flipVert=False, image='default.png', interpolate=True, mask=None, maskParams=None, name='option2Image', opacity=1.0, ori=0.0, pos=array([0., 0.]), size=array([336., 336.]), texRes=128.0, units='pix', win=Window(...))
38.7132 	EXP 	window1: mouseVisible = True
38.7142 	EXP 	Created option3Text = TextStim(__class__=<class 'psychopy.visual.text.TextStim'>, alignHoriz=method-wrapper(...), alignText='center', alignVert=method-wrapper(...), anchorHoriz='center', anchorVert='center', antialias=True, autoDraw=False, autoLog=True, bold=False, color=array([1., 1., 1.]), colorSpace='rgb', contrast=1.0, depth=-5.0, draggable=False, flipHoriz=False, flipVert=False, font='Open Sans', fontFiles=[], height=40.0, italic=False, languageStyle='LTR', name='option3Text', opacity=1.0, ori=0.0, pos=array([ 560., -300.]), rgb=UNKNOWN, text='', units='pix', win=Window(...), wrapWidth=500)
38.7143 	EXP 	window1: mouseVisible = True
38.7292 	EXP 	Created option3Image = ImageStim(__class__=<class 'psychopy.visual.image.ImageStim'>, anchor=('center', 'center'), autoLog=True, color=array([1., 1., 1.]), colorSpace='rgb', contrast=1.0, depth=-6.0, draggable=False, flipHoriz=False, flipVert=False, image='default.png', interpolate=True, mask=None, maskParams=None, name='option3Image', opacity=1.0, ori=0.0, pos=array([560.,   0.]), size=array([336., 336.]), texRes=128.0, units='pix', win=Window(...))
38.7292 	EXP 	window1: mouseVisible = True
38.7293 	EXP 	window1: mouseVisible = True
38.7294 	EXP 	window1: mouseVisible = True
40.7330 	EXP 	window1: mouseVisible = True
40.7486 	EXP 	Created text_click_to_continue = TextStim(__class__=<class 'psychopy.visual.text.TextStim'>, alignHoriz=method-wrapper(...), alignText='center', alignVert=method-wrapper(...), anchorHoriz='center', anchorVert='center', antialias=True, autoDraw=False, autoLog=True, bold=False, color=array([1., 1., 1.]), colorSpace='rgb', contrast=1.0, depth=0.0, draggable=False, flipHoriz=False, flipVert=False, font='Open Sans', fontFiles=[], height=60.0, italic=False, languageStyle='LTR', name='text_click_to_continue', opacity=1.0, ori=0.0, pos=array([0., 0.]), rgb=UNKNOWN, text='Click anywhere to continue', units='pix', win=Window(...), wrapWidth=1500.0)
40.7486 	EXP 	window1: mouseVisible = True
40.7487 	EXP 	window1: mouseVisible = True
40.7571 	EXP 	Created Three = TextStim(__class__=<class 'psychopy.visual.text.TextStim'>, alignHoriz=method-wrapper(...), alignText='center', alignVert=method-wrapper(...), anchorHoriz='center', anchorVert='center', antialias=True, autoDraw=False, autoLog=True, bold=False, color=array([1., 1., 1.]), colorSpace='rgb', contrast=1.0, depth=0.0, draggable=False, flipHoriz=False, flipVert=False, font='Open Sans', fontFiles=[], height=180.0, italic=False, languageStyle='LTR', name='Three', opacity=1.0, ori=0.0, pos=array([0., 0.]), rgb=UNKNOWN, text='3', units='pix', win=Window(...), wrapWidth=500)
40.7572 	EXP 	window1: mouseVisible = True
40.7612 	EXP 	Created Two = TextStim(__class__=<class 'psychopy.visual.text.TextStim'>, alignHoriz=method-wrapper(...), alignText='center', alignVert=method-wrapper(...), anchorHoriz='center', anchorVert='center', antialias=True, autoDraw=False, autoLog=True, bold=False, color=array([1., 1., 1.]), colorSpace='rgb', contrast=1.0, depth=-1.0, draggable=False, flipHoriz=False, flipVert=False, font='Open Sans', fontFiles=[], height=180.0, italic=False, languageStyle='LTR', name='Two', opacity=1.0, ori=0.0, pos=array([0., 0.]), rgb=UNKNOWN, text='2', units='pix', win=Window(...), wrapWidth=500)
40.7613 	EXP 	window1: mouseVisible = True
40.7652 	EXP 	Created One = TextStim(__class__=<class 'psychopy.visual.text.TextStim'>, alignHoriz=method-wrapper(...), alignText='center', alignVert=method-wrapper(...), anchorHoriz='center', anchorVert='center', antialias=True, autoDraw=False, autoLog=True, bold=False, color=array([1., 1., 1.]), colorSpace='rgb', contrast=1.0, depth=-2.0, draggable=False, flipHoriz=False, flipVert=False, font='Open Sans', fontFiles=[], height=180.0, italic=False, languageStyle='LTR', name='One', opacity=1.0, ori=0.0, pos=array([0., 0.]), rgb=UNKNOWN, text='1', units='pix', win=Window(...), wrapWidth=500)
40.7652 	EXP 	window1: mouseVisible = True
40.7655 	EXP 	window1: mouseVisible = True
40.7715 	EXP 	window1: mouseVisible = True
40.7718 	EXP 	window1: mouseVisible = True
40.7749 	EXP 	window1: mouseVisible = True
40.7750 	EXP 	window1: mouseVisible = True
40.7755 	EXP 	window1: mouseVisible = True
40.7760 	EXP 	window1: mouseVisible = True
40.8096 	EXP 	window1: mouseVisible = True
40.8098 	EXP 	window1: mouseVisible = True
40.8103 	EXP 	window1: mouseVisible = True
40.8107 	EXP 	window1: mouseVisible = True
40.8344 	EXP 	window1: mouseVisible = True
40.8346 	EXP 	window1: mouseVisible = True
40.8353 	EXP 	window1: mouseVisible = True
40.8360 	EXP 	window1: mouseVisible = True
40.8568 	EXP 	window1: mouseVisible = True
40.8570 	EXP 	window1: mouseVisible = True
40.8575 	EXP 	window1: mouseVisible = True
40.8580 	EXP 	window1: mouseVisible = True
40.8612 	EXP 	window1: mouseVisible = True
40.8614 	EXP 	window1: mouseVisible = True
40.8618 	EXP 	window1: mouseVisible = True
40.8623 	EXP 	window1: mouseVisible = True
40.8702 	EXP 	window1: mouseVisible = True
40.8703 	EXP 	window1: mouseVisible = True
40.8707 	EXP 	window1: mouseVisible = True
40.8711 	EXP 	window1: mouseVisible = True
40.8742 	EXP 	window1: mouseVisible = True
40.8743 	EXP 	window1: mouseVisible = True
40.8747 	EXP 	window1: mouseVisible = True
40.8751 	EXP 	window1: mouseVisible = True
40.8814 	EXP 	window1: mouseVisible = True
40.8815 	EXP 	window1: mouseVisible = True
40.8820 	EXP 	window1: mouseVisible = True
40.8824 	EXP 	window1: mouseVisible = True
40.8856 	EXP 	window1: mouseVisible = True
40.8857 	EXP 	window1: mouseVisible = True
40.8861 	EXP 	window1: mouseVisible = True
40.8865 	EXP 	window1: mouseVisible = True
40.8904 	EXP 	window1: mouseVisible = True
40.8905 	EXP 	window1: mouseVisible = True
40.8909 	EXP 	window1: mouseVisible = True
40.8913 	EXP 	window1: mouseVisible = True
40.8949 	EXP 	window1: mouseVisible = True
40.8966 	EXP 	window1: mouseVisible = True
40.9437 	EXP 	Created agree = Slider(__class__=<class 'psychopy.visual.slider.Slider'>, autoDraw=False, autoLog=True, borderColor=None, color=None, colorSpace='rgb', depth=-1, fillColor=None, flip=False, font='Open Sans', granularity=1.0, labelColor=None, labelHeight=25.0, labelWrapWidth=None, labels=tuple(...), lineColor=None, markerColor=None, name='agree', opacity=None, ori=0.0, pos=array([   0., -100.]), readOnly=False, self=UNKNOWN, size=array([1430.,   50.]), startValue=None, style='rating', styleTweaks=[], ticks=array([1, 2, 3, 4, 5]), units='pix', win=Window(...))
40.9439 	EXP 	window1: mouseVisible = True
40.9450 	EXP 	Created text = TextStim(__class__=<class 'psychopy.visual.text.TextStim'>, alignHoriz=method-wrapper(...), alignText='center', alignVert=method-wrapper(...), anchorHoriz='center', anchorVert='center', antialias=True, autoDraw=False, autoLog=True, bold=False, color=array([1., 1., 1.]), colorSpace='rgb', contrast=1.0, depth=-2.0, draggable=False, flipHoriz=False, flipVert=False, font='Open Sans', fontFiles=[], height=60.0, italic=False, languageStyle='LTR', name='text', opacity=1.0, ori=0.0, pos=array([  0., 300.]), rgb=UNKNOWN, text='', units='pix', win=Window(...), wrapWidth=1480)
40.9451 	EXP 	window1: mouseVisible = True
40.9475 	EXP 	Created Three = TextStim(__class__=<class 'psychopy.visual.text.TextStim'>, alignHoriz=method-wrapper(...), alignText='center', alignVert=method-wrapper(...), anchorHoriz='center', anchorVert='center', antialias=True, autoDraw=False, autoLog=True, bold=False, color=array([1., 1., 1.]), colorSpace='rgb', contrast=1.0, depth=0.0, draggable=False, flipHoriz=False, flipVert=False, font='Open Sans', fontFiles=[], height=180.0, italic=False, languageStyle='LTR', name='Three', opacity=1.0, ori=0.0, pos=array([0., 0.]), rgb=UNKNOWN, text='3', units='pix', win=Window(...), wrapWidth=500)
40.9477 	EXP 	window1: mouseVisible = True
40.9503 	EXP 	Created Two = TextStim(__class__=<class 'psychopy.visual.text.TextStim'>, alignHoriz=method-wrapper(...), alignText='center', alignVert=method-wrapper(...), anchorHoriz='center', anchorVert='center', antialias=True, autoDraw=False, autoLog=True, bold=False, color=array([1., 1., 1.]), colorSpace='rgb', contrast=1.0, depth=-1.0, draggable=False, flipHoriz=False, flipVert=False, font='Open Sans', fontFiles=[], height=180.0, italic=False, languageStyle='LTR', name='Two', opacity=1.0, ori=0.0, pos=array([0., 0.]), rgb=UNKNOWN, text='2', units='pix', win=Window(...), wrapWidth=500)
40.9505 	EXP 	window1: mouseVisible = True
40.9539 	EXP 	Created One = TextStim(__class__=<class 'psychopy.visual.text.TextStim'>, alignHoriz=method-wrapper(...), alignText='center', alignVert=method-wrapper(...), anchorHoriz='center', anchorVert='center', antialias=True, autoDraw=False, autoLog=True, bold=False, color=array([1., 1., 1.]), colorSpace='rgb', contrast=1.0, depth=-2.0, draggable=False, flipHoriz=False, flipVert=False, font='Open Sans', fontFiles=[], height=180.0, italic=False, languageStyle='LTR', name='One', opacity=1.0, ori=0.0, pos=array([0., 0.]), rgb=UNKNOWN, text='1', units='pix', win=Window(...), wrapWidth=500)
40.9542 	EXP 	window1: mouseVisible = True
40.9547 	EXP 	window1: mouseVisible = True
0.1039 	EXP 	movie: autoLog = True
0.1039 	EXP 	stimclip: autoLog = True
0.1039 	EXP 	agree: autoLog = True
0.1039 	EXP 	agree: styleTweaks = []
0.1039 	EXP 	agree: styleTweaks = []
0.1039 	EXP 	agree: styleTweaks = []
0.1039 	EXP 	agree: styleTweaks = []
0.1039 	EXP 	agree: contrast = 1.0
0.1039 	EXP 	agree: markerPos = None
0.1039 	EXP 	agree: autoLog = True
0.1039 	EXP 	neutralVideoClip: autoLog = True
0.1044 	EXP 	Created sequence: sequential, trialTypes=4, nReps=1, seed=None
0.1045 	EXP 	New trial (rep=0, index=0): {'mainIndex': 0, 'emotion': '1 excited', 'image1': 'videos\\1 excited\\1 motorsports\\motorsports.jpg', 'text1': 'motorsports', 'stimuli1': 'videos\\1 excited\\1 motorsports\\kenMiles.mp4', 'image2': 'videos\\1 excited\\2 sports\\sport.jpg', 'text2': 'sports', 'stimuli2': 'videos\\1 excited\\2 sports\\NBA.mp4', 'image3': 'videos\\1 excited\\3 general\\I am not sure.jpg', 'text3': 'general', 'stimuli3': 'videos\\1 excited\\3 general\\ratatChaseScene.mp4'}
0.1998 	EXP 	option1Text: height = 40.0
0.1998 	EXP 	option1Text: height = 40.0
0.1998 	EXP 	option1Text: height = 40.0
0.1998 	EXP 	option1Text: text = 'motorsports'
0.1998 	EXP 	option1Image: image = 'videos\\1 excited\\1 motorsports\\motorsports.jpg'
0.1998 	EXP 	option2Text: height = 40.0
0.1998 	EXP 	option2Text: height = 40.0
0.1998 	EXP 	option2Text: height = 40.0
0.1998 	EXP 	option2Text: text = 'sports'
0.1998 	EXP 	option2Image: image = 'videos\\1 excited\\2 sports\\sport.jpg'
0.1998 	EXP 	option3Text: height = 40.0
0.1998 	EXP 	option3Text: height = 40.0
0.1998 	EXP 	option3Text: height = 40.0
0.1998 	EXP 	option3Text: text = 'general'
0.1998 	EXP 	option3Image: image = 'videos\\1 excited\\3 general\\I am not sure.jpg'
0.1998 	EXP 	instructions: autoDraw = True
0.1998 	EXP 	option1Text: autoDraw = True
0.1998 	EXP 	option1Image: autoDraw = True
0.1998 	EXP 	option2Text: autoDraw = True
0.1998 	EXP 	option2Image: autoDraw = True
0.1998 	EXP 	option3Text: autoDraw = True
0.1998 	EXP 	option3Image: autoDraw = True
11.1649 	DATA 	Mouse: Left button down, pos=(1376,224)
11.1674 	EXP 	New trial (rep=0, index=1): {'mainIndex': 3, 'emotion': '4 relaxed', 'image1': None, 'text1': 'meditation', 'stimuli1': 'videos\\4 relaxed\\1 meditation\\meditation.mp4', 'image2': None, 'text2': 'nature', 'stimuli2': 'videos\\4 relaxed\\2 nature\\waterfall.mp4', 'image3': None, 'text3': 'general', 'stimuli3': 'videos\\4 relaxed\\3 general\\asmr.mkv'}
11.1812 	EXP 	instructions: autoDraw = False
11.1812 	EXP 	option1Text: autoDraw = False
11.1812 	EXP 	option1Image: autoDraw = False
11.1812 	EXP 	option2Text: autoDraw = False
11.1812 	EXP 	option2Image: autoDraw = False
11.1812 	EXP 	option3Text: autoDraw = False
11.1812 	EXP 	option3Image: autoDraw = False
11.1812 	EXP 	option1Text: height = 40.0
11.1812 	EXP 	option1Text: height = 40.0
11.1812 	EXP 	option1Text: height = 40.0
11.1812 	EXP 	option1Text: text = 'meditation'
11.1812 	EXP 	option1Image: image = None
11.1812 	EXP 	option2Text: height = 40.0
11.1812 	EXP 	option2Text: height = 40.0
11.1812 	EXP 	option2Text: height = 40.0
11.1812 	EXP 	option2Text: text = 'nature'
11.1812 	EXP 	option2Image: image = None
11.1812 	EXP 	option3Text: text = 'general'
11.1812 	EXP 	option3Image: image = None
11.1812 	EXP 	instructions: autoDraw = True
11.1812 	EXP 	option1Text: autoDraw = True
11.1812 	EXP 	option1Image: autoDraw = True
11.1812 	EXP 	option2Text: autoDraw = True
11.1812 	EXP 	option2Image: autoDraw = True
11.1812 	EXP 	option3Text: autoDraw = True
11.1812 	EXP 	option3Image: autoDraw = True
11.3176 	DATA 	Mouse:  Left button up, pos=(1376,224)
12.6827 	DATA 	Mouse: Left button down, pos=(1376,224)
12.6856 	EXP 	New trial (rep=0, index=2): {'mainIndex': 4, 'emotion': '5 sad', 'image1': 'videos\\5 sad\\1 animals\\cutepets.jpg', 'text1': 'animals', 'stimuli1': 'videos\\5 sad\\1 animals\\saddogs.mp4', 'image2': 'videos\\5 sad\\2 babies\\baby.jpg', 'text2': 'babies', 'stimuli2': 'videos\\5 sad\\2 babies\\sadBaby1.mp4', 'image3': 'videos\\5 sad\\3 general\\notsure.jpg', 'text3': 'general', 'stimuli3': 'videos\\5 sad\\3 general\\ChampDeath.mp4'}
15.3767 	DATA 	Mouse:  Left button up, pos=(1376,224)
15.3965 	EXP 	instructions: autoDraw = False
15.3965 	EXP 	option1Text: autoDraw = False
15.3965 	EXP 	option1Image: autoDraw = False
15.3965 	EXP 	option2Text: autoDraw = False
15.3965 	EXP 	option2Image: autoDraw = False
15.3965 	EXP 	option3Text: autoDraw = False
15.3965 	EXP 	option3Image: autoDraw = False
15.3965 	EXP 	option1Text: height = 40.0
15.3965 	EXP 	option1Text: height = 40.0
15.3965 	EXP 	option1Text: height = 40.0
15.3965 	EXP 	option1Text: text = 'animals'
15.3965 	EXP 	option1Image: image = 'videos\\5 sad\\1 animals\\cutepets.jpg'
15.3965 	EXP 	option2Text: height = 40.0
15.3965 	EXP 	option2Text: height = 40.0
15.3965 	EXP 	option2Text: height = 40.0
15.3965 	EXP 	option2Text: text = 'babies'
15.3965 	EXP 	option2Image: image = 'videos\\5 sad\\2 babies\\baby.jpg'
15.3965 	EXP 	option3Text: text = 'general'
15.3965 	EXP 	option3Image: image = 'videos\\5 sad\\3 general\\notsure.jpg'
15.3965 	EXP 	instructions: autoDraw = True
15.3965 	EXP 	option1Text: autoDraw = True
15.3965 	EXP 	option1Image: autoDraw = True
15.3965 	EXP 	option2Text: autoDraw = True
15.3965 	EXP 	option2Image: autoDraw = True
15.3965 	EXP 	option3Text: autoDraw = True
15.3965 	EXP 	option3Image: autoDraw = True
18.3199 	DATA 	Mouse: Left button down, pos=(264,234)
18.3218 	EXP 	New trial (rep=0, index=3): {'mainIndex': 7, 'emotion': '8 angry', 'image1': 'videos\\8 angry\\1 animals\\cutepets.jpg', 'text1': 'animals', 'stimuli1': 'videos\\8 angry\\1 animals\\angrydogs.mp4', 'image2': 'videos\\8 angry\\2 general\\notsure.jpg', 'text2': 'general', 'stimuli2': 'videos\\8 angry\\2 general\\thepiano.mp4', 'image3': None, 'text3': '', 'stimuli3': None}
18.3704 	EXP 	instructions: autoDraw = False
18.3704 	EXP 	option1Text: autoDraw = False
18.3704 	EXP 	option1Image: autoDraw = False
18.3704 	EXP 	option2Text: autoDraw = False
18.3704 	EXP 	option2Image: autoDraw = False
18.3704 	EXP 	option3Text: autoDraw = False
18.3704 	EXP 	option3Image: autoDraw = False
18.3704 	EXP 	option1Text: text = 'animals'
18.3704 	EXP 	option1Image: image = 'videos\\8 angry\\1 animals\\cutepets.jpg'
18.3704 	EXP 	option2Text: height = 40.0
18.3704 	EXP 	option2Text: height = 40.0
18.3704 	EXP 	option2Text: height = 40.0
18.3704 	EXP 	option2Text: text = 'general'
18.3704 	EXP 	option2Image: image = 'videos\\8 angry\\2 general\\notsure.jpg'
18.3704 	EXP 	option3Text: height = 40.0
18.3704 	EXP 	option3Text: height = 40.0
18.3704 	EXP 	option3Text: height = 40.0
18.3704 	EXP 	option3Text: text = ''
18.3704 	EXP 	option3Image: image = None
18.3704 	EXP 	instructions: autoDraw = True
18.3704 	EXP 	option1Text: autoDraw = True
18.3704 	EXP 	option1Image: autoDraw = True
18.3704 	EXP 	option2Text: autoDraw = True
18.3704 	EXP 	option2Image: autoDraw = True
18.3704 	EXP 	option3Text: autoDraw = True
18.3704 	EXP 	option3Image: autoDraw = True
18.4395 	DATA 	Mouse:  Left button up, pos=(264,234)
22.6230 	DATA 	Mouse: Left button down, pos=(293,219)
22.6611 	EXP 	instructions: autoDraw = False
22.6611 	EXP 	option1Text: autoDraw = False
22.6611 	EXP 	option1Image: autoDraw = False
22.6611 	EXP 	option2Text: autoDraw = False
22.6611 	EXP 	option2Image: autoDraw = False
22.6611 	EXP 	option3Text: autoDraw = False
22.6611 	EXP 	option3Image: autoDraw = False
22.6611 	EXP 	movie: autoDraw = True
22.7248 	DATA 	Mouse:  Left button up, pos=(293,219)
63.2543 	EXP 	movie: autoDraw = False
63.2543 	EXP 	text_click_to_continue: autoDraw = True
66.3889 	DATA 	Mouse: Left button down, pos=(746,427)
66.3899 	EXP 	Created sequence: sequential, trialTypes=8, nReps=1, seed=None
66.3900 	EXP 	New trial (rep=0, index=0): {'mainIndex': 0, 'stim': 'videos\\1 excited\\3 general\\ratatChaseScene.mp4', 'emotion': 'excited', 'neutralvideo': 'neutral_videos\\2BlowingLeafs (1).mp4'}
66.4054 	EXP 	text_click_to_continue: autoDraw = False
66.4054 	EXP 	Three: autoDraw = True
66.5899 	DATA 	Mouse:  Left button up, pos=(746,427)
67.3893 	EXP 	Two: autoDraw = True
67.4059 	EXP 	Three: autoDraw = False
68.3900 	EXP 	Two: autoDraw = False
68.3900 	EXP 	One: autoDraw = True
69.5144 	EXP 	One: autoDraw = False
69.5144 	EXP 	Three: autoDraw = False
69.5144 	EXP 	Two: autoDraw = False
69.5144 	EXP 	One: autoDraw = False
69.5144 	EXP 	stimclip: autoDraw = True
138.2174 	EXP 	stimclip: autoDraw = False
138.2174 	EXP 	agree: markerPos = None
138.2174 	EXP 	agree: markerPos = None
138.2174 	EXP 	text: height = 60.0
138.2174 	EXP 	text: height = 60.0
138.2174 	EXP 	text: height = 60.0
138.2174 	EXP 	text: text = 'I feel excited'
138.2174 	EXP 	agree: autoDraw = True
138.2174 	EXP 	text: autoDraw = True
142.0110 	DATA 	Mouse: Left button down, pos=(1198,426)
142.0271 	EXP 	agree: markerPos = 4.001398601398601
142.0438 	EXP 	agree: markerPos = 4.001398601398601
142.0605 	EXP 	agree: markerPos = 4.001398601398601
142.0771 	EXP 	agree: markerPos = 4.001398601398601
142.0937 	EXP 	agree: markerPos = 4.001398601398601
142.1104 	EXP 	agree: markerPos = 4.001398601398601
142.1272 	EXP 	agree: markerPos = 4.001398601398601
142.1438 	EXP 	agree: markerPos = 4.001398601398601
142.1605 	EXP 	agree: markerPos = 4.001398601398601
142.1773 	EXP 	agree: markerPos = 4.001398601398601
142.1939 	EXP 	agree: markerPos = 4.001398601398601
142.2106 	EXP 	agree: markerPos = 4.001398601398601
142.2273 	EXP 	agree: markerPos = 4.001398601398601
142.2440 	EXP 	agree: markerPos = 4.001398601398601
142.2447 	DATA 	Mouse:  Left button up, pos=(1198,426)
142.2607 	EXP 	agree: markerPos = 4.0
142.2774 	EXP 	agree: autoDraw = False
142.2774 	EXP 	text: autoDraw = False
142.2774 	EXP 	Three: autoDraw = True
143.2783 	EXP 	Three: autoDraw = False
143.2783 	EXP 	Two: autoDraw = True
144.2793 	EXP 	Two: autoDraw = False
144.2793 	EXP 	One: autoDraw = True
145.4003 	EXP 	Three: autoDraw = False
145.4003 	EXP 	Two: autoDraw = False
145.4003 	EXP 	One: autoDraw = False
145.4003 	EXP 	neutralVideoClip: autoDraw = True
207.4487 	EXP 	New trial (rep=0, index=1): {'mainIndex': 1, 'stim': 'videos\\2 happy\\scooby.mp4', 'emotion': 'happy', 'neutralvideo': 'neutral_videos\\2BlowingLeafs (2).mp4'}
207.4514 	EXP 	neutralVideoClip: autoDraw = False
207.4514 	EXP 	Three: autoDraw = True
208.4594 	EXP 	Three: autoDraw = False
208.4594 	EXP 	Two: autoDraw = True
209.4603 	EXP 	Two: autoDraw = False
209.4603 	EXP 	One: autoDraw = True
210.7224 	EXP 	One: autoDraw = False
210.7224 	EXP 	Three: autoDraw = False
210.7224 	EXP 	Two: autoDraw = False
210.7224 	EXP 	One: autoDraw = False
210.7224 	EXP 	stimclip: autoDraw = True
270.7728 	EXP 	stimclip: autoDraw = False
270.7728 	EXP 	agree: markerPos = None
270.7728 	EXP 	agree: markerPos = None
270.7728 	EXP 	text: height = 60.0
270.7728 	EXP 	text: height = 60.0
270.7728 	EXP 	text: height = 60.0
270.7728 	EXP 	text: text = 'I feel happy'
270.7728 	EXP 	agree: autoDraw = True
270.7728 	EXP 	text: autoDraw = True
274.7586 	DATA 	Mouse: Left button down, pos=(1196,425)
274.7747 	EXP 	agree: markerPos = 3.9958041958041957
274.7914 	EXP 	agree: markerPos = 3.9958041958041957
274.8080 	EXP 	agree: markerPos = 3.9958041958041957
274.8247 	EXP 	agree: markerPos = 3.9958041958041957
274.8415 	EXP 	agree: markerPos = 3.9958041958041957
274.8581 	EXP 	agree: markerPos = 3.9958041958041957
274.8748 	EXP 	agree: markerPos = 3.9958041958041957
274.8915 	EXP 	agree: markerPos = 3.9958041958041957
274.8920 	DATA 	Mouse:  Left button up, pos=(1196,425)
274.9081 	EXP 	agree: markerPos = 4.0
274.9249 	EXP 	agree: autoDraw = False
274.9249 	EXP 	text: autoDraw = False
274.9249 	EXP 	Three: autoDraw = True
275.9258 	EXP 	Three: autoDraw = False
275.9258 	EXP 	Two: autoDraw = True
276.9146 	EXP 	One: autoDraw = True
276.9312 	EXP 	Two: autoDraw = False
278.1916 	EXP 	One: autoDraw = False
278.1916 	EXP 	Three: autoDraw = False
278.1916 	EXP 	Two: autoDraw = False
278.1916 	EXP 	One: autoDraw = False
278.1916 	EXP 	neutralVideoClip: autoDraw = True
340.0712 	EXP 	New trial (rep=0, index=2): {'mainIndex': 2, 'stim': 'videos\\3 motivated\\motivationalAuthor.mp4', 'emotion': 'motivated', 'neutralvideo': 'neutral_videos\\3BlowingLeafs.mp4'}
340.0740 	EXP 	neutralVideoClip: autoDraw = False
340.0740 	EXP 	Three: autoDraw = True
341.0736 	EXP 	Three: autoDraw = False
341.0736 	EXP 	Two: autoDraw = True
342.0744 	EXP 	Two: autoDraw = False
342.0744 	EXP 	One: autoDraw = True
343.3874 	EXP 	One: autoDraw = False
343.3874 	EXP 	Three: autoDraw = False
343.3874 	EXP 	Two: autoDraw = False
343.3874 	EXP 	One: autoDraw = False
343.3874 	EXP 	stimclip: autoDraw = True
411.4251 	EXP 	stimclip: autoDraw = False
411.4251 	EXP 	agree: markerPos = None
411.4251 	EXP 	agree: markerPos = None
411.4251 	EXP 	text: height = 60.0
411.4251 	EXP 	text: height = 60.0
411.4251 	EXP 	text: height = 60.0
411.4251 	EXP 	text: text = 'I feel motivated'
411.4251 	EXP 	agree: autoDraw = True
411.4251 	EXP 	text: autoDraw = True
420.2664 	DATA 	Mouse: Left button down, pos=(122,429)
420.2819 	EXP 	agree: markerPos = 0.9916083916083918
420.2985 	EXP 	agree: markerPos = 0.9916083916083918
420.3152 	EXP 	agree: markerPos = 0.9916083916083918
420.3320 	EXP 	agree: markerPos = 0.9916083916083918
420.3488 	EXP 	agree: markerPos = 0.9916083916083918
420.3653 	EXP 	agree: markerPos = 0.9916083916083918
420.3820 	EXP 	agree: markerPos = 0.9916083916083918
420.3986 	EXP 	agree: markerPos = 0.9916083916083918
420.4089 	DATA 	Mouse:  Left button up, pos=(122,429)
420.4153 	EXP 	agree: markerPos = 0.9916083916083918
420.4320 	EXP 	agree: markerPos = 1.0
420.4487 	EXP 	agree: autoDraw = False
420.4487 	EXP 	text: autoDraw = False
420.4487 	EXP 	Three: autoDraw = True
421.4495 	EXP 	Three: autoDraw = False
421.4495 	EXP 	Two: autoDraw = True
422.4501 	EXP 	Two: autoDraw = False
422.4501 	EXP 	One: autoDraw = True
423.7409 	EXP 	One: autoDraw = False
423.7409 	EXP 	Three: autoDraw = False
423.7409 	EXP 	Two: autoDraw = False
423.7409 	EXP 	One: autoDraw = False
423.7409 	EXP 	neutralVideoClip: autoDraw = True
485.8251 	EXP 	New trial (rep=0, index=3): {'mainIndex': 3, 'stim': 'videos\\4 relaxed\\3 general\\asmr.mkv', 'emotion': 'relaxed', 'neutralvideo': 'neutral_videos\\4BlowingLeafs.mp4'}
485.8276 	EXP 	neutralVideoClip: autoDraw = False
485.8276 	EXP 	Three: autoDraw = True
486.8306 	EXP 	Three: autoDraw = False
486.8306 	EXP 	Two: autoDraw = True
487.8313 	EXP 	Two: autoDraw = False
487.8313 	EXP 	One: autoDraw = True
489.1170 	EXP 	One: autoDraw = False
489.1170 	EXP 	Three: autoDraw = False
489.1170 	EXP 	Two: autoDraw = False
489.1170 	EXP 	One: autoDraw = False
489.1170 	EXP 	stimclip: autoDraw = True
549.3217 	EXP 	stimclip: autoDraw = False
549.3217 	EXP 	agree: markerPos = None
549.3217 	EXP 	agree: markerPos = None
549.3217 	EXP 	text: height = 60.0
549.3217 	EXP 	text: height = 60.0
549.3217 	EXP 	text: height = 60.0
549.3217 	EXP 	text: text = 'I feel relaxed'
549.3217 	EXP 	agree: autoDraw = True
549.3217 	EXP 	text: autoDraw = True
554.2647 	DATA 	Mouse: Left button down, pos=(840,429)
554.2801 	EXP 	agree: markerPos = 3.0
554.2968 	EXP 	agree: markerPos = 3.0
554.3135 	EXP 	agree: markerPos = 3.0
554.3303 	EXP 	agree: markerPos = 3.0
554.3469 	EXP 	agree: markerPos = 3.0
554.3636 	EXP 	agree: markerPos = 3.0
554.3802 	EXP 	agree: markerPos = 3.0
554.3970 	EXP 	agree: markerPos = 3.0
554.4135 	EXP 	agree: markerPos = 3.0
554.4245 	DATA 	Mouse:  Left button up, pos=(840,429)
554.4303 	EXP 	agree: markerPos = 3.0
554.4470 	EXP 	agree: markerPos = 3.0
554.4638 	EXP 	agree: autoDraw = False
554.4638 	EXP 	text: autoDraw = False
554.4638 	EXP 	Three: autoDraw = True
555.4646 	EXP 	Three: autoDraw = False
555.4646 	EXP 	Two: autoDraw = True
556.4652 	EXP 	Two: autoDraw = False
556.4652 	EXP 	One: autoDraw = True
557.7437 	EXP 	One: autoDraw = False
557.7437 	EXP 	Three: autoDraw = False
557.7437 	EXP 	Two: autoDraw = False
557.7437 	EXP 	One: autoDraw = False
557.7437 	EXP 	neutralVideoClip: autoDraw = True
619.7931 	EXP 	New trial (rep=0, index=4): {'mainIndex': 4, 'stim': 'videos\\5 sad\\1 animals\\saddogs.mp4', 'emotion': 'sad', 'neutralvideo': 'neutral_videos\\5BlowingLeafs.mp4'}
619.7956 	EXP 	neutralVideoClip: autoDraw = False
619.7956 	EXP 	Three: autoDraw = True
620.7957 	EXP 	Three: autoDraw = False
620.7957 	EXP 	Two: autoDraw = True
621.7966 	EXP 	Two: autoDraw = False
621.7966 	EXP 	One: autoDraw = True
623.0735 	EXP 	One: autoDraw = False
623.0735 	EXP 	Three: autoDraw = False
623.0735 	EXP 	Two: autoDraw = False
623.0735 	EXP 	One: autoDraw = False
623.0735 	EXP 	stimclip: autoDraw = True
686.0841 	EXP 	stimclip: autoDraw = False
686.0841 	EXP 	agree: markerPos = None
686.0841 	EXP 	agree: markerPos = None
686.0841 	EXP 	text: height = 60.0
686.0841 	EXP 	text: height = 60.0
686.0841 	EXP 	text: height = 60.0
686.0841 	EXP 	text: text = 'I feel sad'
686.0841 	EXP 	agree: autoDraw = True
686.0841 	EXP 	text: autoDraw = True
689.4800 	DATA 	Mouse: Left button down, pos=(1563,427)
689.4961 	EXP 	agree: markerPos = 5.022377622377622
689.5127 	EXP 	agree: markerPos = 5.022377622377622
689.5295 	EXP 	agree: markerPos = 5.022377622377622
689.5462 	EXP 	agree: markerPos = 5.022377622377622
689.5628 	EXP 	agree: markerPos = 5.022377622377622
689.5795 	EXP 	agree: markerPos = 5.022377622377622
689.5961 	EXP 	agree: markerPos = 5.022377622377622
689.6129 	EXP 	agree: markerPos = 5.022377622377622
689.6136 	DATA 	Mouse:  Left button up, pos=(1563,427)
689.6296 	EXP 	agree: markerPos = 5.0
689.6462 	EXP 	agree: autoDraw = False
689.6462 	EXP 	text: autoDraw = False
689.6462 	EXP 	Three: autoDraw = True
690.6469 	EXP 	Three: autoDraw = False
690.6469 	EXP 	Two: autoDraw = True
691.6479 	EXP 	Two: autoDraw = False
691.6479 	EXP 	One: autoDraw = True
692.9372 	EXP 	Three: autoDraw = False
692.9372 	EXP 	Two: autoDraw = False
692.9372 	EXP 	One: autoDraw = False
692.9372 	EXP 	neutralVideoClip: autoDraw = True
754.7863 	EXP 	New trial (rep=0, index=5): {'mainIndex': 5, 'stim': 'videos\\6 horror\\conjuring.mp4', 'emotion': 'horror', 'neutralvideo': 'neutral_videos\\6BlowingLeafs.mp4'}
754.7889 	EXP 	neutralVideoClip: autoDraw = False
754.7889 	EXP 	Three: autoDraw = True
755.7950 	EXP 	Three: autoDraw = False
755.7950 	EXP 	Two: autoDraw = True
756.7957 	EXP 	Two: autoDraw = False
756.7957 	EXP 	One: autoDraw = True
758.1241 	EXP 	One: autoDraw = False
758.1241 	EXP 	Three: autoDraw = False
758.1241 	EXP 	Two: autoDraw = False
758.1241 	EXP 	One: autoDraw = False
758.1241 	EXP 	stimclip: autoDraw = True
822.8116 	EXP 	stimclip: autoDraw = False
822.8116 	EXP 	agree: markerPos = None
822.8116 	EXP 	agree: markerPos = None
822.8116 	EXP 	text: height = 60.0
822.8116 	EXP 	text: height = 60.0
822.8116 	EXP 	text: height = 60.0
822.8116 	EXP 	text: text = 'I feel horror'
822.8116 	EXP 	agree: autoDraw = True
822.8116 	EXP 	text: autoDraw = True
825.8802 	DATA 	Mouse: Left button down, pos=(1196,417)
825.8963 	EXP 	agree: markerPos = 3.9958041958041957
825.9130 	EXP 	agree: markerPos = 3.9958041958041957
825.9299 	EXP 	agree: markerPos = 3.9958041958041957
825.9466 	EXP 	agree: markerPos = 3.9958041958041957
825.9630 	EXP 	agree: markerPos = 3.9958041958041957
825.9798 	EXP 	agree: markerPos = 3.9958041958041957
825.9964 	EXP 	agree: markerPos = 3.9958041958041957
826.0064 	DATA 	Mouse:  Left button up, pos=(1196,417)
826.0131 	EXP 	agree: markerPos = 3.9958041958041957
826.0298 	EXP 	agree: markerPos = 4.0
826.0466 	EXP 	agree: autoDraw = False
826.0466 	EXP 	text: autoDraw = False
826.0466 	EXP 	Three: autoDraw = True
827.0474 	EXP 	Three: autoDraw = False
827.0474 	EXP 	Two: autoDraw = True
828.0329 	EXP 	One: autoDraw = True
828.0496 	EXP 	Two: autoDraw = False
829.3290 	EXP 	One: autoDraw = False
829.3290 	EXP 	Three: autoDraw = False
829.3290 	EXP 	Two: autoDraw = False
829.3290 	EXP 	One: autoDraw = False
829.3290 	EXP 	neutralVideoClip: autoDraw = True
891.3128 	EXP 	New trial (rep=0, index=6): {'mainIndex': 6, 'stim': 'videos\\7 disgusted\\trainspotting.mp4', 'emotion': 'disgusted', 'neutralvideo': 'neutral_videos\\7BlowingLeafs.mp4'}
891.3154 	EXP 	neutralVideoClip: autoDraw = False
891.3154 	EXP 	Three: autoDraw = True
892.3122 	EXP 	Two: autoDraw = True
892.3289 	EXP 	Three: autoDraw = False
893.3130 	EXP 	Two: autoDraw = False
893.3130 	EXP 	One: autoDraw = True
894.5972 	EXP 	One: autoDraw = False
894.5972 	EXP 	Three: autoDraw = False
894.5972 	EXP 	Two: autoDraw = False
894.5972 	EXP 	One: autoDraw = False
894.5972 	EXP 	stimclip: autoDraw = True
954.6669 	EXP 	stimclip: autoDraw = False
954.6669 	EXP 	agree: markerPos = None
954.6669 	EXP 	agree: markerPos = None
954.6669 	EXP 	text: height = 60.0
954.6669 	EXP 	text: height = 60.0
954.6669 	EXP 	text: height = 60.0
954.6669 	EXP 	text: text = 'I feel disgusted'
954.6669 	EXP 	agree: autoDraw = True
954.6669 	EXP 	text: autoDraw = True
961.4300 	DATA 	Mouse: Left button down, pos=(1195,425)
961.4499 	EXP 	agree: markerPos = 3.993006993006993
961.4666 	EXP 	agree: markerPos = 3.993006993006993
961.4833 	EXP 	agree: markerPos = 3.993006993006993
961.5000 	EXP 	agree: markerPos = 3.993006993006993
961.5166 	EXP 	agree: markerPos = 3.993006993006993
961.5333 	EXP 	agree: markerPos = 3.993006993006993
961.5500 	EXP 	agree: markerPos = 3.993006993006993
961.5667 	EXP 	agree: markerPos = 3.993006993006993
961.5833 	EXP 	agree: markerPos = 3.993006993006993
961.6000 	EXP 	agree: markerPos = 3.993006993006993
961.6167 	EXP 	agree: markerPos = 3.993006993006993
961.6269 	DATA 	Mouse:  Left button up, pos=(1195,425)
961.6334 	EXP 	agree: markerPos = 3.993006993006993
961.6500 	EXP 	agree: markerPos = 4.0
961.6635 	EXP 	agree: autoDraw = False
961.6635 	EXP 	text: autoDraw = False
961.6635 	EXP 	Three: autoDraw = True
962.6637 	EXP 	Three: autoDraw = False
962.6637 	EXP 	Two: autoDraw = True
963.6644 	EXP 	Two: autoDraw = False
963.6644 	EXP 	One: autoDraw = True
964.9658 	EXP 	One: autoDraw = False
964.9658 	EXP 	Three: autoDraw = False
964.9658 	EXP 	Two: autoDraw = False
964.9658 	EXP 	One: autoDraw = False
964.9658 	EXP 	neutralVideoClip: autoDraw = True
1026.8110 	EXP 	New trial (rep=0, index=7): {'mainIndex': 7, 'stim': 'videos\\8 angry\\1 animals\\angrydogs.mp4', 'emotion': 'angry', 'neutralvideo': 'neutral_videos\\8BlowingLeafs.mp4'}
1026.8136 	EXP 	neutralVideoClip: autoDraw = False
1026.8136 	EXP 	Three: autoDraw = True
1027.8114 	EXP 	Two: autoDraw = True
1027.8281 	EXP 	Three: autoDraw = False
1028.8123 	EXP 	Two: autoDraw = False
1028.8123 	EXP 	One: autoDraw = True
1030.1155 	EXP 	One: autoDraw = False
1030.1155 	EXP 	Three: autoDraw = False
1030.1155 	EXP 	Two: autoDraw = False
1030.1155 	EXP 	One: autoDraw = False
1030.1155 	EXP 	stimclip: autoDraw = True
1095.4406 	EXP 	stimclip: autoDraw = False
1095.4406 	EXP 	agree: markerPos = None
1095.4406 	EXP 	agree: markerPos = None
1095.4406 	EXP 	text: height = 60.0
1095.4406 	EXP 	text: height = 60.0
1095.4406 	EXP 	text: height = 60.0
1095.4406 	EXP 	text: text = 'I feel angry'
1095.4406 	EXP 	agree: autoDraw = True
1095.4406 	EXP 	text: autoDraw = True
1102.5836 	DATA 	Mouse: Left button down, pos=(1554,420)
1102.5997 	EXP 	agree: markerPos = 4.997202797202798
1102.6164 	EXP 	agree: markerPos = 4.997202797202798
1102.6330 	EXP 	agree: markerPos = 4.997202797202798
1102.6499 	EXP 	agree: markerPos = 4.997202797202798
1102.6666 	EXP 	agree: markerPos = 4.997202797202798
1102.6832 	EXP 	agree: markerPos = 4.997202797202798
1102.6998 	EXP 	agree: markerPos = 4.997202797202798
1102.7164 	EXP 	agree: markerPos = 4.997202797202798
1102.7331 	EXP 	agree: markerPos = 4.997202797202798
1102.7430 	DATA 	Mouse:  Left button up, pos=(1554,420)
1102.7499 	EXP 	agree: markerPos = 4.997202797202798
1102.7666 	EXP 	agree: markerPos = 5.0
1102.7834 	EXP 	agree: autoDraw = False
1102.7834 	EXP 	text: autoDraw = False
1102.7834 	EXP 	Three: autoDraw = True
1103.7844 	EXP 	Three: autoDraw = False
1103.7844 	EXP 	Two: autoDraw = True
1104.7850 	EXP 	Two: autoDraw = False
1104.7850 	EXP 	One: autoDraw = True
1106.0606 	EXP 	One: autoDraw = False
1106.0606 	EXP 	Three: autoDraw = False
1106.0606 	EXP 	Two: autoDraw = False
1106.0606 	EXP 	One: autoDraw = False
1106.0606 	EXP 	neutralVideoClip: autoDraw = True
1114.6558 	EXP 	neutralVideoClip: autoDraw = False
1114.6559 	EXP 	emotionRecognition: status = STOPPED
1114.8050 	EXP 	window1: mouseVisible = True
