64.8455 	EXP 	Created window1 = Window(allowGUI=True, allowStencil=False, autoLog=True, backendConf=UNKNOWN, backgroundFit=<method-wrapper '__getattribute__' of attributeSetter object at 0x000002BD0C382C40>, backgroundImage=<method-wrapper '__getattribute__' of attributeSetter object at 0x000002BD0C382BE0>, bitsMode=UNKNOWN, blendMode='avg', bpc=(8, 8, 8), color=array([0, 0, 0]), colorSpace='rgb', depthBits=8, fullscr=<method-wrapper '__getattribute__' of attributeSetter object at 0x000002BD0C382A30>, gamma=None, gammaErrorPolicy='raise', lms=UNKNOWN, monitor=<psychopy.monitors.calibTools.Monitor object at 0x000002BD6A3933A0>, multiSample=False, name='window1', numSamples=2, pos=(1920, 33), screen=0, size=array([1680, 1050]), stencilBits=0, stereo=False, title='PsychoPy', units='pix', useFBO=True, useRetina=False, viewOri=0.0, viewPos=None, viewScale=None, waitBlanking=True, winType='pyglet')
64.8456 	EXP 	window1: mouseVisible = True
64.8456 	EXP 	window1: backgroundImage = ''
64.8456 	EXP 	window1: backgroundFit = 'none'
64.8470 	EXP 	window1: Attempting to measure frame rate of screen (0) ...
64.8470 	EXP 	window1: recordFrameIntervals = False
65.0120 	EXP 	window1: recordFrameIntervals = True
65.1956 	EXP 	Screen (0) actual frame rate measured at 59.95Hz
65.1956 	EXP 	window1: recordFrameIntervals = False
65.1957 	EXP 	window1: mouseVisible = False
68.7252 	EXP 	emotionRecognition: status = STARTED
68.7609 	EXP 	window1: mouseVisible = True
69.1835 	EXP 	Created instructions = TextStim(__class__=<class 'psychopy.visual.text.TextStim'>, alignHoriz=method-wrapper(...), alignText='center', alignVert=method-wrapper(...), anchorHoriz='center', anchorVert='center', antialias=True, autoDraw=False, autoLog=True, bold=False, color=array([1., 1., 1.]), colorSpace='rgb', contrast=1.0, depth=0.0, draggable=False, flipHoriz=False, flipVert=False, font='Arial', fontFiles=[], height=40.0, italic=False, languageStyle='LTR', name='instructions', opacity=1.0, ori=0.0, pos=array([  0., 420.]), rgb=UNKNOWN, text=str(...), units='pix', win=Window(...), wrapWidth=1120.0)
69.1836 	EXP 	window1: mouseVisible = True
69.1859 	EXP 	Created option1Text = TextStim(__class__=<class 'psychopy.visual.text.TextStim'>, alignHoriz=method-wrapper(...), alignText='center', alignVert=method-wrapper(...), anchorHoriz='center', anchorVert='center', antialias=True, autoDraw=False, autoLog=True, bold=False, color=array([1., 1., 1.]), colorSpace='rgb', contrast=1.0, depth=-1.0, draggable=False, flipHoriz=False, flipVert=False, font='Open Sans', fontFiles=[], height=40.0, italic=False, languageStyle='LTR', name='option1Text', opacity=1.0, ori=0.0, pos=array([-560., -300.]), rgb=UNKNOWN, text='', units='pix', win=Window(...), wrapWidth=500)
69.1860 	EXP 	window1: mouseVisible = True
69.2026 	EXP 	Created option1Image = ImageStim(__class__=<class 'psychopy.visual.image.ImageStim'>, anchor=('center', 'center'), autoLog=True, color=array([1., 1., 1.]), colorSpace='rgb', contrast=1.0, depth=-2.0, draggable=False, flipHoriz=False, flipVert=False, image='default.png', interpolate=True, mask=None, maskParams=None, name='option1Image', opacity=1.0, ori=0.0, pos=array([-560.,    0.]), size=array([336., 336.]), texRes=128.0, units='pix', win=Window(...))
69.2027 	EXP 	window1: mouseVisible = True
69.2037 	EXP 	Created option2Text = TextStim(__class__=<class 'psychopy.visual.text.TextStim'>, alignHoriz=method-wrapper(...), alignText='center', alignVert=method-wrapper(...), anchorHoriz='center', anchorVert='center', antialias=True, autoDraw=False, autoLog=True, bold=False, color=array([1., 1., 1.]), colorSpace='rgb', contrast=1.0, depth=-3.0, draggable=False, flipHoriz=False, flipVert=False, font='Open Sans', fontFiles=[], height=40.0, italic=False, languageStyle='LTR', name='option2Text', opacity=1.0, ori=0.0, pos=array([   0., -300.]), rgb=UNKNOWN, text='', units='pix', win=Window(...), wrapWidth=500)
69.2038 	EXP 	window1: mouseVisible = True
69.2184 	EXP 	Created option2Image = ImageStim(__class__=<class 'psychopy.visual.image.ImageStim'>, anchor=('center', 'center'), autoLog=True, color=array([1., 1., 1.]), colorSpace='rgb', contrast=1.0, depth=-4.0, draggable=False, flipHoriz=False, flipVert=False, image='default.png', interpolate=True, mask=None, maskParams=None, name='option2Image', opacity=1.0, ori=0.0, pos=array([0., 0.]), size=array([336., 336.]), texRes=128.0, units='pix', win=Window(...))
69.2185 	EXP 	window1: mouseVisible = True
69.2196 	EXP 	Created option3Text = TextStim(__class__=<class 'psychopy.visual.text.TextStim'>, alignHoriz=method-wrapper(...), alignText='center', alignVert=method-wrapper(...), anchorHoriz='center', anchorVert='center', antialias=True, autoDraw=False, autoLog=True, bold=False, color=array([1., 1., 1.]), colorSpace='rgb', contrast=1.0, depth=-5.0, draggable=False, flipHoriz=False, flipVert=False, font='Open Sans', fontFiles=[], height=40.0, italic=False, languageStyle='LTR', name='option3Text', opacity=1.0, ori=0.0, pos=array([ 560., -300.]), rgb=UNKNOWN, text='', units='pix', win=Window(...), wrapWidth=500)
69.2196 	EXP 	window1: mouseVisible = True
69.2350 	EXP 	Created option3Image = ImageStim(__class__=<class 'psychopy.visual.image.ImageStim'>, anchor=('center', 'center'), autoLog=True, color=array([1., 1., 1.]), colorSpace='rgb', contrast=1.0, depth=-6.0, draggable=False, flipHoriz=False, flipVert=False, image='default.png', interpolate=True, mask=None, maskParams=None, name='option3Image', opacity=1.0, ori=0.0, pos=array([560.,   0.]), size=array([336., 336.]), texRes=128.0, units='pix', win=Window(...))
69.2351 	EXP 	window1: mouseVisible = True
69.2351 	EXP 	window1: mouseVisible = True
69.2352 	EXP 	window1: mouseVisible = True
74.2949 	EXP 	window1: mouseVisible = True
74.3101 	EXP 	Created text_click_to_continue = TextStim(__class__=<class 'psychopy.visual.text.TextStim'>, alignHoriz=method-wrapper(...), alignText='center', alignVert=method-wrapper(...), anchorHoriz='center', anchorVert='center', antialias=True, autoDraw=False, autoLog=True, bold=False, color=array([1., 1., 1.]), colorSpace='rgb', contrast=1.0, depth=0.0, draggable=False, flipHoriz=False, flipVert=False, font='Open Sans', fontFiles=[], height=60.0, italic=False, languageStyle='LTR', name='text_click_to_continue', opacity=1.0, ori=0.0, pos=array([0., 0.]), rgb=UNKNOWN, text='Click anywhere to continue', units='pix', win=Window(...), wrapWidth=1500.0)
74.3102 	EXP 	window1: mouseVisible = True
74.3103 	EXP 	window1: mouseVisible = True
74.3198 	EXP 	Created Three = TextStim(__class__=<class 'psychopy.visual.text.TextStim'>, alignHoriz=method-wrapper(...), alignText='center', alignVert=method-wrapper(...), anchorHoriz='center', anchorVert='center', antialias=True, autoDraw=False, autoLog=True, bold=False, color=array([1., 1., 1.]), colorSpace='rgb', contrast=1.0, depth=0.0, draggable=False, flipHoriz=False, flipVert=False, font='Open Sans', fontFiles=[], height=180.0, italic=False, languageStyle='LTR', name='Three', opacity=1.0, ori=0.0, pos=array([0., 0.]), rgb=UNKNOWN, text='3', units='pix', win=Window(...), wrapWidth=500)
74.3199 	EXP 	window1: mouseVisible = True
74.3244 	EXP 	Created Two = TextStim(__class__=<class 'psychopy.visual.text.TextStim'>, alignHoriz=method-wrapper(...), alignText='center', alignVert=method-wrapper(...), anchorHoriz='center', anchorVert='center', antialias=True, autoDraw=False, autoLog=True, bold=False, color=array([1., 1., 1.]), colorSpace='rgb', contrast=1.0, depth=-1.0, draggable=False, flipHoriz=False, flipVert=False, font='Open Sans', fontFiles=[], height=180.0, italic=False, languageStyle='LTR', name='Two', opacity=1.0, ori=0.0, pos=array([0., 0.]), rgb=UNKNOWN, text='2', units='pix', win=Window(...), wrapWidth=500)
74.3245 	EXP 	window1: mouseVisible = True
74.3294 	EXP 	Created One = TextStim(__class__=<class 'psychopy.visual.text.TextStim'>, alignHoriz=method-wrapper(...), alignText='center', alignVert=method-wrapper(...), anchorHoriz='center', anchorVert='center', antialias=True, autoDraw=False, autoLog=True, bold=False, color=array([1., 1., 1.]), colorSpace='rgb', contrast=1.0, depth=-2.0, draggable=False, flipHoriz=False, flipVert=False, font='Open Sans', fontFiles=[], height=180.0, italic=False, languageStyle='LTR', name='One', opacity=1.0, ori=0.0, pos=array([0., 0.]), rgb=UNKNOWN, text='1', units='pix', win=Window(...), wrapWidth=500)
74.3295 	EXP 	window1: mouseVisible = True
74.3298 	EXP 	window1: mouseVisible = True
74.3398 	EXP 	window1: mouseVisible = True
74.3403 	EXP 	window1: mouseVisible = True
74.3472 	EXP 	window1: mouseVisible = True
74.3474 	EXP 	window1: mouseVisible = True
74.3478 	EXP 	window1: mouseVisible = True
74.3483 	EXP 	window1: mouseVisible = True
74.3804 	EXP 	window1: mouseVisible = True
74.3806 	EXP 	window1: mouseVisible = True
74.3811 	EXP 	window1: mouseVisible = True
74.3815 	EXP 	window1: mouseVisible = True
74.3945 	EXP 	window1: mouseVisible = True
74.3947 	EXP 	window1: mouseVisible = True
74.3951 	EXP 	window1: mouseVisible = True
74.3955 	EXP 	window1: mouseVisible = True
74.4036 	EXP 	window1: mouseVisible = True
74.4037 	EXP 	window1: mouseVisible = True
74.4041 	EXP 	window1: mouseVisible = True
74.4046 	EXP 	window1: mouseVisible = True
74.4080 	EXP 	window1: mouseVisible = True
74.4081 	EXP 	window1: mouseVisible = True
74.4086 	EXP 	window1: mouseVisible = True
74.4090 	EXP 	window1: mouseVisible = True
74.4170 	EXP 	window1: mouseVisible = True
74.4171 	EXP 	window1: mouseVisible = True
74.4176 	EXP 	window1: mouseVisible = True
74.4182 	EXP 	window1: mouseVisible = True
74.4213 	EXP 	window1: mouseVisible = True
74.4214 	EXP 	window1: mouseVisible = True
74.4219 	EXP 	window1: mouseVisible = True
74.4226 	EXP 	window1: mouseVisible = True
74.4296 	EXP 	window1: mouseVisible = True
74.4297 	EXP 	window1: mouseVisible = True
74.4303 	EXP 	window1: mouseVisible = True
74.4309 	EXP 	window1: mouseVisible = True
74.4343 	EXP 	window1: mouseVisible = True
74.4344 	EXP 	window1: mouseVisible = True
74.4349 	EXP 	window1: mouseVisible = True
74.4355 	EXP 	window1: mouseVisible = True
74.4392 	EXP 	window1: mouseVisible = True
74.4394 	EXP 	window1: mouseVisible = True
74.4400 	EXP 	window1: mouseVisible = True
74.4405 	EXP 	window1: mouseVisible = True
74.4438 	EXP 	window1: mouseVisible = True
74.4460 	EXP 	window1: mouseVisible = True
74.4878 	EXP 	Created agree = Slider(__class__=<class 'psychopy.visual.slider.Slider'>, autoDraw=False, autoLog=True, borderColor=None, color=None, colorSpace='rgb', depth=-1, fillColor=None, flip=False, font='Open Sans', granularity=1.0, labelColor=None, labelHeight=25.0, labelWrapWidth=None, labels=tuple(...), lineColor=None, markerColor=None, name='agree', opacity=None, ori=0.0, pos=array([   0., -100.]), readOnly=False, self=UNKNOWN, size=array([1430.,   50.]), startValue=None, style='rating', styleTweaks=[], ticks=array([1, 2, 3, 4, 5]), units='pix', win=Window(...))
74.4879 	EXP 	window1: mouseVisible = True
74.4892 	EXP 	Created text = TextStim(__class__=<class 'psychopy.visual.text.TextStim'>, alignHoriz=method-wrapper(...), alignText='center', alignVert=method-wrapper(...), anchorHoriz='center', anchorVert='center', antialias=True, autoDraw=False, autoLog=True, bold=False, color=array([1., 1., 1.]), colorSpace='rgb', contrast=1.0, depth=-2.0, draggable=False, flipHoriz=False, flipVert=False, font='Open Sans', fontFiles=[], height=60.0, italic=False, languageStyle='LTR', name='text', opacity=1.0, ori=0.0, pos=array([  0., 300.]), rgb=UNKNOWN, text='', units='pix', win=Window(...), wrapWidth=1480)
74.4893 	EXP 	window1: mouseVisible = True
74.4922 	EXP 	Created Three = TextStim(__class__=<class 'psychopy.visual.text.TextStim'>, alignHoriz=method-wrapper(...), alignText='center', alignVert=method-wrapper(...), anchorHoriz='center', anchorVert='center', antialias=True, autoDraw=False, autoLog=True, bold=False, color=array([1., 1., 1.]), colorSpace='rgb', contrast=1.0, depth=0.0, draggable=False, flipHoriz=False, flipVert=False, font='Open Sans', fontFiles=[], height=180.0, italic=False, languageStyle='LTR', name='Three', opacity=1.0, ori=0.0, pos=array([0., 0.]), rgb=UNKNOWN, text='3', units='pix', win=Window(...), wrapWidth=500)
74.4924 	EXP 	window1: mouseVisible = True
74.4948 	EXP 	Created Two = TextStim(__class__=<class 'psychopy.visual.text.TextStim'>, alignHoriz=method-wrapper(...), alignText='center', alignVert=method-wrapper(...), anchorHoriz='center', anchorVert='center', antialias=True, autoDraw=False, autoLog=True, bold=False, color=array([1., 1., 1.]), colorSpace='rgb', contrast=1.0, depth=-1.0, draggable=False, flipHoriz=False, flipVert=False, font='Open Sans', fontFiles=[], height=180.0, italic=False, languageStyle='LTR', name='Two', opacity=1.0, ori=0.0, pos=array([0., 0.]), rgb=UNKNOWN, text='2', units='pix', win=Window(...), wrapWidth=500)
74.4949 	EXP 	window1: mouseVisible = True
74.4969 	EXP 	Created One = TextStim(__class__=<class 'psychopy.visual.text.TextStim'>, alignHoriz=method-wrapper(...), alignText='center', alignVert=method-wrapper(...), anchorHoriz='center', anchorVert='center', antialias=True, autoDraw=False, autoLog=True, bold=False, color=array([1., 1., 1.]), colorSpace='rgb', contrast=1.0, depth=-2.0, draggable=False, flipHoriz=False, flipVert=False, font='Open Sans', fontFiles=[], height=180.0, italic=False, languageStyle='LTR', name='One', opacity=1.0, ori=0.0, pos=array([0., 0.]), rgb=UNKNOWN, text='1', units='pix', win=Window(...), wrapWidth=500)
74.4971 	EXP 	window1: mouseVisible = True
74.4974 	EXP 	window1: mouseVisible = True
0.1073 	EXP 	movie: autoLog = True
0.1073 	EXP 	stimclip: autoLog = True
0.1073 	EXP 	agree: autoLog = True
0.1073 	EXP 	agree: styleTweaks = []
0.1073 	EXP 	agree: styleTweaks = []
0.1073 	EXP 	agree: styleTweaks = []
0.1073 	EXP 	agree: styleTweaks = []
0.1073 	EXP 	agree: contrast = 1.0
0.1073 	EXP 	agree: markerPos = None
0.1073 	EXP 	agree: autoLog = True
0.1073 	EXP 	neutralVideoClip: autoLog = True
0.1078 	EXP 	Created sequence: sequential, trialTypes=4, nReps=1, seed=None
0.1079 	EXP 	New trial (rep=0, index=0): {'mainIndex': 0, 'emotion': '1 excited', 'image1': 'videos\\1 excited\\1 motorsports\\motorsports.jpg', 'text1': 'motorsports', 'stimuli1': 'videos\\1 excited\\1 motorsports\\kenMiles.mp4', 'image2': 'videos\\1 excited\\2 sports\\sport.jpg', 'text2': 'sports', 'stimuli2': 'videos\\1 excited\\2 sports\\NBA.mp4', 'image3': 'videos\\1 excited\\3 general\\I am not sure.jpg', 'text3': 'general', 'stimuli3': 'videos\\1 excited\\3 general\\ratatChaseScene.mp4'}
0.2098 	EXP 	option1Text: height = 40.0
0.2098 	EXP 	option1Text: height = 40.0
0.2098 	EXP 	option1Text: height = 40.0
0.2098 	EXP 	option1Text: text = 'motorsports'
0.2098 	EXP 	option1Image: image = 'videos\\1 excited\\1 motorsports\\motorsports.jpg'
0.2098 	EXP 	option2Text: height = 40.0
0.2098 	EXP 	option2Text: height = 40.0
0.2098 	EXP 	option2Text: height = 40.0
0.2098 	EXP 	option2Text: text = 'sports'
0.2098 	EXP 	option2Image: image = 'videos\\1 excited\\2 sports\\sport.jpg'
0.2098 	EXP 	option3Text: height = 40.0
0.2098 	EXP 	option3Text: height = 40.0
0.2098 	EXP 	option3Text: height = 40.0
0.2098 	EXP 	option3Text: text = 'general'
0.2098 	EXP 	option3Image: image = 'videos\\1 excited\\3 general\\I am not sure.jpg'
0.2098 	EXP 	instructions: autoDraw = True
0.2098 	EXP 	option1Text: autoDraw = True
0.2098 	EXP 	option1Image: autoDraw = True
0.2098 	EXP 	option2Text: autoDraw = True
0.2098 	EXP 	option2Image: autoDraw = True
0.2098 	EXP 	option3Text: autoDraw = True
0.2098 	EXP 	option3Image: autoDraw = True
27.6090 	DATA 	Mouse: Left button down, pos=(431,542)
27.6113 	EXP 	New trial (rep=0, index=1): {'mainIndex': 3, 'emotion': '4 relaxed', 'image1': None, 'text1': 'meditation', 'stimuli1': 'videos\\4 relaxed\\1 meditation\\meditation.mp4', 'image2': None, 'text2': 'nature', 'stimuli2': 'videos\\4 relaxed\\2 nature\\waterfall.mp4', 'image3': None, 'text3': 'general', 'stimuli3': 'videos\\4 relaxed\\3 general\\asmr.mkv'}
27.6254 	EXP 	instructions: autoDraw = False
27.6254 	EXP 	option1Text: autoDraw = False
27.6254 	EXP 	option1Image: autoDraw = False
27.6254 	EXP 	option2Text: autoDraw = False
27.6254 	EXP 	option2Image: autoDraw = False
27.6254 	EXP 	option3Text: autoDraw = False
27.6254 	EXP 	option3Image: autoDraw = False
27.6254 	EXP 	option1Text: height = 40.0
27.6254 	EXP 	option1Text: height = 40.0
27.6254 	EXP 	option1Text: height = 40.0
27.6254 	EXP 	option1Text: text = 'meditation'
27.6254 	EXP 	option1Image: image = None
27.6254 	EXP 	option2Text: height = 40.0
27.6254 	EXP 	option2Text: height = 40.0
27.6254 	EXP 	option2Text: height = 40.0
27.6254 	EXP 	option2Text: text = 'nature'
27.6254 	EXP 	option2Image: image = None
27.6254 	EXP 	option3Text: text = 'general'
27.6254 	EXP 	option3Image: image = None
27.6254 	EXP 	instructions: autoDraw = True
27.6254 	EXP 	option1Text: autoDraw = True
27.6254 	EXP 	option1Image: autoDraw = True
27.6254 	EXP 	option2Text: autoDraw = True
27.6254 	EXP 	option2Image: autoDraw = True
27.6254 	EXP 	option3Text: autoDraw = True
27.6254 	EXP 	option3Image: autoDraw = True
27.7286 	DATA 	Mouse:  Left button up, pos=(431,542)
36.5983 	DATA 	Mouse: Left button down, pos=(814,224)
36.6008 	EXP 	New trial (rep=0, index=2): {'mainIndex': 4, 'emotion': '5 sad', 'image1': 'videos\\5 sad\\1 animals\\cutepets.jpg', 'text1': 'animals', 'stimuli1': 'videos\\5 sad\\1 animals\\saddogs.mp4', 'image2': 'videos\\5 sad\\2 babies\\baby.jpg', 'text2': 'babies', 'stimuli2': 'videos\\5 sad\\2 babies\\sadBaby1.mp4', 'image3': 'videos\\5 sad\\3 general\\notsure.jpg', 'text3': 'general', 'stimuli3': 'videos\\5 sad\\3 general\\ChampDeath.mp4'}
36.6451 	EXP 	instructions: autoDraw = False
36.6451 	EXP 	option1Text: autoDraw = False
36.6451 	EXP 	option1Image: autoDraw = False
36.6451 	EXP 	option2Text: autoDraw = False
36.6451 	EXP 	option2Image: autoDraw = False
36.6451 	EXP 	option3Text: autoDraw = False
36.6451 	EXP 	option3Image: autoDraw = False
36.6451 	EXP 	option1Text: height = 40.0
36.6451 	EXP 	option1Text: height = 40.0
36.6451 	EXP 	option1Text: height = 40.0
36.6451 	EXP 	option1Text: text = 'animals'
36.6451 	EXP 	option1Image: image = 'videos\\5 sad\\1 animals\\cutepets.jpg'
36.6451 	EXP 	option2Text: height = 40.0
36.6451 	EXP 	option2Text: height = 40.0
36.6451 	EXP 	option2Text: height = 40.0
36.6451 	EXP 	option2Text: text = 'babies'
36.6451 	EXP 	option2Image: image = 'videos\\5 sad\\2 babies\\baby.jpg'
36.6451 	EXP 	option3Text: text = 'general'
36.6451 	EXP 	option3Image: image = 'videos\\5 sad\\3 general\\notsure.jpg'
36.6451 	EXP 	instructions: autoDraw = True
36.6451 	EXP 	option1Text: autoDraw = True
36.6451 	EXP 	option1Image: autoDraw = True
36.6451 	EXP 	option2Text: autoDraw = True
36.6451 	EXP 	option2Image: autoDraw = True
36.6451 	EXP 	option3Text: autoDraw = True
36.6451 	EXP 	option3Image: autoDraw = True
36.6849 	DATA 	Mouse:  Left button up, pos=(814,224)
40.9352 	DATA 	Mouse: Left button down, pos=(339,218)
40.9373 	EXP 	New trial (rep=0, index=3): {'mainIndex': 7, 'emotion': '8 angry', 'image1': 'videos\\8 angry\\1 animals\\cutepets.jpg', 'text1': 'animals', 'stimuli1': 'videos\\8 angry\\1 animals\\angrydogs.mp4', 'image2': 'videos\\8 angry\\2 general\\notsure.jpg', 'text2': 'general', 'stimuli2': 'videos\\8 angry\\2 general\\thepiano.mp4', 'image3': None, 'text3': '', 'stimuli3': None}
40.9862 	EXP 	instructions: autoDraw = False
40.9862 	EXP 	option1Text: autoDraw = False
40.9862 	EXP 	option1Image: autoDraw = False
40.9862 	EXP 	option2Text: autoDraw = False
40.9862 	EXP 	option2Image: autoDraw = False
40.9862 	EXP 	option3Text: autoDraw = False
40.9862 	EXP 	option3Image: autoDraw = False
40.9862 	EXP 	option1Text: text = 'animals'
40.9862 	EXP 	option1Image: image = 'videos\\8 angry\\1 animals\\cutepets.jpg'
40.9862 	EXP 	option2Text: height = 40.0
40.9862 	EXP 	option2Text: height = 40.0
40.9862 	EXP 	option2Text: height = 40.0
40.9862 	EXP 	option2Text: text = 'general'
40.9862 	EXP 	option2Image: image = 'videos\\8 angry\\2 general\\notsure.jpg'
40.9862 	EXP 	option3Text: height = 40.0
40.9862 	EXP 	option3Text: height = 40.0
40.9862 	EXP 	option3Text: height = 40.0
40.9862 	EXP 	option3Text: text = ''
40.9862 	EXP 	option3Image: image = None
40.9862 	EXP 	instructions: autoDraw = True
40.9862 	EXP 	option1Text: autoDraw = True
40.9862 	EXP 	option1Image: autoDraw = True
40.9862 	EXP 	option2Text: autoDraw = True
40.9862 	EXP 	option2Image: autoDraw = True
40.9862 	EXP 	option3Text: autoDraw = True
40.9862 	EXP 	option3Image: autoDraw = True
41.0379 	DATA 	Mouse:  Left button up, pos=(339,218)
44.7544 	DATA 	Mouse: Left button down, pos=(320,221)
44.8024 	EXP 	instructions: autoDraw = False
44.8024 	EXP 	option1Text: autoDraw = False
44.8024 	EXP 	option1Image: autoDraw = False
44.8024 	EXP 	option2Text: autoDraw = False
44.8024 	EXP 	option2Image: autoDraw = False
44.8024 	EXP 	option3Text: autoDraw = False
44.8024 	EXP 	option3Image: autoDraw = False
44.8024 	EXP 	movie: autoDraw = True
44.8229 	DATA 	Mouse:  Left button up, pos=(320,221)
85.2596 	EXP 	movie: autoDraw = False
85.2596 	EXP 	text_click_to_continue: autoDraw = True
91.9391 	DATA 	Mouse: Left button down, pos=(696,483)
91.9400 	EXP 	Created sequence: sequential, trialTypes=8, nReps=1, seed=None
91.9401 	EXP 	New trial (rep=0, index=0): {'mainIndex': 0, 'stim': 'videos\\1 excited\\1 motorsports\\kenMiles.mp4', 'emotion': 'excited', 'neutralvideo': 'neutral_videos\\2BlowingLeafs (1).mp4'}
91.9556 	EXP 	text_click_to_continue: autoDraw = False
91.9556 	EXP 	Three: autoDraw = True
92.0403 	DATA 	Mouse:  Left button up, pos=(696,483)
92.9395 	EXP 	Two: autoDraw = True
92.9564 	EXP 	Three: autoDraw = False
93.9452 	EXP 	Two: autoDraw = False
93.9452 	EXP 	One: autoDraw = True
95.1014 	EXP 	One: autoDraw = False
95.1014 	EXP 	Three: autoDraw = False
95.1014 	EXP 	Two: autoDraw = False
95.1014 	EXP 	One: autoDraw = False
95.1014 	EXP 	stimclip: autoDraw = True
163.4547 	EXP 	stimclip: autoDraw = False
163.4547 	EXP 	agree: markerPos = None
163.4547 	EXP 	agree: markerPos = None
163.4547 	EXP 	text: height = 60.0
163.4547 	EXP 	text: height = 60.0
163.4547 	EXP 	text: height = 60.0
163.4547 	EXP 	text: text = 'I feel excited'
163.4547 	EXP 	agree: autoDraw = True
163.4547 	EXP 	text: autoDraw = True
169.7633 	DATA 	Mouse: Left button down, pos=(1199,433)
169.7803 	EXP 	agree: markerPos = 4.004195804195804
169.7969 	EXP 	agree: markerPos = 4.004195804195804
169.8128 	EXP 	agree: markerPos = 4.004195804195804
169.8300 	EXP 	agree: markerPos = 4.004195804195804
169.8396 	DATA 	Mouse:  Left button up, pos=(1199,433)
169.8462 	EXP 	agree: markerPos = 4.004195804195804
169.8634 	EXP 	agree: markerPos = 4.0
169.8795 	EXP 	agree: autoDraw = False
169.8795 	EXP 	text: autoDraw = False
169.8795 	EXP 	Three: autoDraw = True
170.8802 	EXP 	Three: autoDraw = False
170.8802 	EXP 	Two: autoDraw = True
171.8809 	EXP 	Two: autoDraw = False
171.8809 	EXP 	One: autoDraw = True
172.9982 	EXP 	One: autoDraw = False
172.9982 	EXP 	Three: autoDraw = False
172.9982 	EXP 	Two: autoDraw = False
172.9982 	EXP 	One: autoDraw = False
172.9982 	EXP 	neutralVideoClip: autoDraw = True
235.0780 	EXP 	New trial (rep=0, index=1): {'mainIndex': 1, 'stim': 'videos\\2 happy\\scooby.mp4', 'emotion': 'happy', 'neutralvideo': 'neutral_videos\\2BlowingLeafs (2).mp4'}
235.0806 	EXP 	neutralVideoClip: autoDraw = False
235.0806 	EXP 	Three: autoDraw = True
236.0781 	EXP 	Two: autoDraw = True
236.0947 	EXP 	Three: autoDraw = False
237.0789 	EXP 	Two: autoDraw = False
237.0789 	EXP 	One: autoDraw = True
238.3668 	EXP 	One: autoDraw = False
238.3668 	EXP 	Three: autoDraw = False
238.3668 	EXP 	Two: autoDraw = False
238.3668 	EXP 	One: autoDraw = False
238.3668 	EXP 	stimclip: autoDraw = True
298.5651 	EXP 	stimclip: autoDraw = False
298.5651 	EXP 	agree: markerPos = None
298.5651 	EXP 	agree: markerPos = None
298.5651 	EXP 	text: height = 60.0
298.5651 	EXP 	text: height = 60.0
298.5651 	EXP 	text: height = 60.0
298.5651 	EXP 	text: text = 'I feel happy'
298.5651 	EXP 	agree: autoDraw = True
298.5651 	EXP 	text: autoDraw = True
301.4856 	DATA 	Mouse: Left button down, pos=(1542,421)
301.5094 	EXP 	agree: markerPos = 4.963636363636364
301.5260 	EXP 	agree: markerPos = 4.963636363636364
301.5427 	EXP 	agree: markerPos = 4.963636363636364
301.5594 	EXP 	agree: markerPos = 4.963636363636364
301.5760 	EXP 	agree: markerPos = 4.963636363636364
301.5928 	EXP 	agree: markerPos = 4.963636363636364
301.6094 	EXP 	agree: markerPos = 4.963636363636364
301.6261 	EXP 	agree: markerPos = 4.963636363636364
301.6266 	DATA 	Mouse:  Left button up, pos=(1542,421)
301.6428 	EXP 	agree: markerPos = 5.0
301.6595 	EXP 	agree: autoDraw = False
301.6595 	EXP 	text: autoDraw = False
301.6595 	EXP 	Three: autoDraw = True
302.6602 	EXP 	Three: autoDraw = False
302.6602 	EXP 	Two: autoDraw = True
303.6611 	EXP 	Two: autoDraw = False
303.6611 	EXP 	One: autoDraw = True
304.9406 	EXP 	One: autoDraw = False
304.9406 	EXP 	Three: autoDraw = False
304.9406 	EXP 	Two: autoDraw = False
304.9406 	EXP 	One: autoDraw = False
304.9406 	EXP 	neutralVideoClip: autoDraw = True
366.9882 	EXP 	New trial (rep=0, index=2): {'mainIndex': 2, 'stim': 'videos\\3 motivated\\motivationalAuthor.mp4', 'emotion': 'motivated', 'neutralvideo': 'neutral_videos\\3BlowingLeafs.mp4'}
366.9909 	EXP 	neutralVideoClip: autoDraw = False
366.9909 	EXP 	Three: autoDraw = True
367.9919 	EXP 	Three: autoDraw = False
367.9919 	EXP 	Two: autoDraw = True
368.9924 	EXP 	Two: autoDraw = False
368.9924 	EXP 	One: autoDraw = True
370.2751 	EXP 	One: autoDraw = False
370.2751 	EXP 	Three: autoDraw = False
370.2751 	EXP 	Two: autoDraw = False
370.2751 	EXP 	One: autoDraw = False
370.2751 	EXP 	stimclip: autoDraw = True
438.3546 	EXP 	stimclip: autoDraw = False
438.3546 	EXP 	agree: markerPos = None
438.3546 	EXP 	agree: markerPos = None
438.3546 	EXP 	text: height = 60.0
438.3546 	EXP 	text: height = 60.0
438.3546 	EXP 	text: height = 60.0
438.3546 	EXP 	text: text = 'I feel motivated'
438.3546 	EXP 	agree: autoDraw = True
438.3546 	EXP 	text: autoDraw = True
441.5962 	DATA 	Mouse: Left button down, pos=(1202,423)
441.6123 	EXP 	agree: markerPos = 4.012587412587413
441.6293 	EXP 	agree: markerPos = 4.012587412587413
441.6458 	EXP 	agree: markerPos = 4.012587412587413
441.6623 	EXP 	agree: markerPos = 4.012587412587413
441.6793 	EXP 	agree: markerPos = 4.012587412587413
441.6901 	DATA 	Mouse:  Left button up, pos=(1202,423)
441.6957 	EXP 	agree: markerPos = 4.012587412587413
441.7124 	EXP 	agree: markerPos = 4.0
441.7295 	EXP 	agree: autoDraw = False
441.7295 	EXP 	text: autoDraw = False
441.7295 	EXP 	Three: autoDraw = True
442.7304 	EXP 	Three: autoDraw = False
442.7304 	EXP 	Two: autoDraw = True
443.7185 	EXP 	One: autoDraw = True
443.7352 	EXP 	Two: autoDraw = False
445.0269 	EXP 	One: autoDraw = False
445.0269 	EXP 	Three: autoDraw = False
445.0269 	EXP 	Two: autoDraw = False
445.0269 	EXP 	One: autoDraw = False
445.0269 	EXP 	neutralVideoClip: autoDraw = True
506.9425 	EXP 	New trial (rep=0, index=3): {'mainIndex': 3, 'stim': 'videos\\4 relaxed\\2 nature\\waterfall.mp4', 'emotion': 'relaxed', 'neutralvideo': 'neutral_videos\\4BlowingLeafs.mp4'}
506.9453 	EXP 	neutralVideoClip: autoDraw = False
506.9453 	EXP 	Three: autoDraw = True
507.9446 	EXP 	Three: autoDraw = False
507.9446 	EXP 	Two: autoDraw = True
508.9453 	EXP 	Two: autoDraw = False
508.9453 	EXP 	One: autoDraw = True
510.2820 	EXP 	One: autoDraw = False
510.2820 	EXP 	Three: autoDraw = False
510.2820 	EXP 	Two: autoDraw = False
510.2820 	EXP 	One: autoDraw = False
510.2820 	EXP 	stimclip: autoDraw = True
570.8008 	EXP 	stimclip: autoDraw = False
570.8008 	EXP 	agree: markerPos = None
570.8008 	EXP 	agree: markerPos = None
570.8008 	EXP 	text: height = 60.0
570.8008 	EXP 	text: height = 60.0
570.8008 	EXP 	text: height = 60.0
570.8008 	EXP 	text: text = 'I feel relaxed'
570.8008 	EXP 	agree: autoDraw = True
570.8008 	EXP 	text: autoDraw = True
573.7267 	DATA 	Mouse: Left button down, pos=(1548,433)
573.7432 	EXP 	agree: markerPos = 4.98041958041958
573.7595 	EXP 	agree: markerPos = 4.98041958041958
573.7761 	EXP 	agree: markerPos = 4.98041958041958
573.7926 	EXP 	agree: markerPos = 4.98041958041958
573.8099 	EXP 	agree: markerPos = 4.98041958041958
573.8266 	EXP 	agree: markerPos = 4.98041958041958
573.8428 	EXP 	agree: markerPos = 4.98041958041958
573.8595 	EXP 	agree: markerPos = 4.98041958041958
573.8762 	EXP 	agree: markerPos = 4.98041958041958
573.8768 	DATA 	Mouse:  Left button up, pos=(1548,433)
573.8928 	EXP 	agree: markerPos = 5.0
573.9097 	EXP 	agree: autoDraw = False
573.9097 	EXP 	text: autoDraw = False
573.9097 	EXP 	Three: autoDraw = True
574.9107 	EXP 	Three: autoDraw = False
574.9107 	EXP 	Two: autoDraw = True
575.9151 	EXP 	Two: autoDraw = False
575.9151 	EXP 	One: autoDraw = True
577.1916 	EXP 	Three: autoDraw = False
577.1916 	EXP 	Two: autoDraw = False
577.1916 	EXP 	One: autoDraw = False
577.1916 	EXP 	neutralVideoClip: autoDraw = True
639.0380 	EXP 	New trial (rep=0, index=4): {'mainIndex': 4, 'stim': 'videos\\5 sad\\1 animals\\saddogs.mp4', 'emotion': 'sad', 'neutralvideo': 'neutral_videos\\5BlowingLeafs.mp4'}
639.0407 	EXP 	neutralVideoClip: autoDraw = False
639.0407 	EXP 	Three: autoDraw = True
640.0418 	EXP 	Three: autoDraw = False
640.0418 	EXP 	Two: autoDraw = True
641.0425 	EXP 	Two: autoDraw = False
641.0425 	EXP 	One: autoDraw = True
642.3470 	EXP 	One: autoDraw = False
642.3470 	EXP 	Three: autoDraw = False
642.3470 	EXP 	Two: autoDraw = False
642.3470 	EXP 	One: autoDraw = False
642.3470 	EXP 	stimclip: autoDraw = True
705.3383 	EXP 	stimclip: autoDraw = False
705.3383 	EXP 	agree: markerPos = None
705.3383 	EXP 	agree: markerPos = None
705.3383 	EXP 	text: height = 60.0
705.3383 	EXP 	text: height = 60.0
705.3383 	EXP 	text: height = 60.0
705.3383 	EXP 	text: text = 'I feel sad'
705.3383 	EXP 	agree: autoDraw = True
705.3383 	EXP 	text: autoDraw = True
710.0272 	DATA 	Mouse: Left button down, pos=(1546,427)
710.0429 	EXP 	agree: markerPos = 4.974825174825175
710.0596 	EXP 	agree: markerPos = 4.974825174825175
710.0764 	EXP 	agree: markerPos = 4.974825174825175
710.0930 	EXP 	agree: markerPos = 4.974825174825175
710.1097 	EXP 	agree: markerPos = 4.974825174825175
710.1263 	EXP 	agree: markerPos = 4.974825174825175
710.1430 	EXP 	agree: markerPos = 4.974825174825175
710.1598 	EXP 	agree: markerPos = 4.974825174825175
710.1764 	EXP 	agree: markerPos = 4.974825174825175
710.1934 	EXP 	agree: markerPos = 4.974825174825175
710.2098 	EXP 	agree: markerPos = 4.974825174825175
710.2200 	DATA 	Mouse:  Left button up, pos=(1546,427)
710.2264 	EXP 	agree: markerPos = 4.974825174825175
710.2431 	EXP 	agree: markerPos = 5.0
710.2597 	EXP 	agree: autoDraw = False
710.2597 	EXP 	text: autoDraw = False
710.2597 	EXP 	Three: autoDraw = True
711.2618 	EXP 	Three: autoDraw = False
711.2618 	EXP 	Two: autoDraw = True
712.2451 	EXP 	One: autoDraw = True
712.2625 	EXP 	Two: autoDraw = False
713.5422 	EXP 	One: autoDraw = False
713.5422 	EXP 	Three: autoDraw = False
713.5422 	EXP 	Two: autoDraw = False
713.5422 	EXP 	One: autoDraw = False
713.5422 	EXP 	neutralVideoClip: autoDraw = True
775.4235 	EXP 	New trial (rep=0, index=5): {'mainIndex': 5, 'stim': 'videos\\6 horror\\conjuring.mp4', 'emotion': 'horror', 'neutralvideo': 'neutral_videos\\6BlowingLeafs.mp4'}
775.4260 	EXP 	neutralVideoClip: autoDraw = False
775.4260 	EXP 	Three: autoDraw = True
776.4254 	EXP 	Three: autoDraw = False
776.4254 	EXP 	Two: autoDraw = True
777.4258 	EXP 	Two: autoDraw = False
777.4258 	EXP 	One: autoDraw = True
778.7113 	EXP 	One: autoDraw = False
778.7113 	EXP 	Three: autoDraw = False
778.7113 	EXP 	Two: autoDraw = False
778.7113 	EXP 	One: autoDraw = False
778.7113 	EXP 	stimclip: autoDraw = True
843.6029 	EXP 	stimclip: autoDraw = False
843.6029 	EXP 	agree: markerPos = None
843.6029 	EXP 	agree: markerPos = None
843.6029 	EXP 	text: height = 60.0
843.6029 	EXP 	text: height = 60.0
843.6029 	EXP 	text: height = 60.0
843.6029 	EXP 	text: text = 'I feel horror'
843.6029 	EXP 	agree: autoDraw = True
843.6029 	EXP 	text: autoDraw = True
848.2851 	DATA 	Mouse: Left button down, pos=(1540,422)
848.3111 	EXP 	agree: markerPos = 4.958041958041958
848.3280 	EXP 	agree: markerPos = 4.958041958041958
848.3445 	EXP 	agree: markerPos = 4.958041958041958
848.3612 	EXP 	agree: markerPos = 4.958041958041958
848.3783 	EXP 	agree: markerPos = 4.958041958041958
848.3791 	DATA 	Mouse:  Left button up, pos=(1540,422)
848.3946 	EXP 	agree: markerPos = 5.0
848.4113 	EXP 	agree: autoDraw = False
848.4113 	EXP 	text: autoDraw = False
848.4113 	EXP 	Three: autoDraw = True
849.4122 	EXP 	Three: autoDraw = False
849.4122 	EXP 	Two: autoDraw = True
850.4130 	EXP 	Two: autoDraw = False
850.4130 	EXP 	One: autoDraw = True
851.7008 	EXP 	One: autoDraw = False
851.7008 	EXP 	Three: autoDraw = False
851.7008 	EXP 	Two: autoDraw = False
851.7008 	EXP 	One: autoDraw = False
851.7008 	EXP 	neutralVideoClip: autoDraw = True
913.6488 	EXP 	New trial (rep=0, index=6): {'mainIndex': 6, 'stim': 'videos\\7 disgusted\\trainspotting.mp4', 'emotion': 'disgusted', 'neutralvideo': 'neutral_videos\\7BlowingLeafs.mp4'}
913.6516 	EXP 	neutralVideoClip: autoDraw = False
913.6516 	EXP 	Three: autoDraw = True
914.6600 	EXP 	Three: autoDraw = False
914.6600 	EXP 	Two: autoDraw = True
915.6608 	EXP 	Two: autoDraw = False
915.6608 	EXP 	One: autoDraw = True
916.9712 	EXP 	One: autoDraw = False
916.9712 	EXP 	Three: autoDraw = False
916.9712 	EXP 	Two: autoDraw = False
916.9712 	EXP 	One: autoDraw = False
916.9712 	EXP 	stimclip: autoDraw = True
976.9884 	EXP 	stimclip: autoDraw = False
976.9884 	EXP 	agree: markerPos = None
976.9884 	EXP 	agree: markerPos = None
976.9884 	EXP 	text: height = 60.0
976.9884 	EXP 	text: height = 60.0
976.9884 	EXP 	text: height = 60.0
976.9884 	EXP 	text: text = 'I feel disgusted'
976.9884 	EXP 	agree: autoDraw = True
976.9884 	EXP 	text: autoDraw = True
978.7410 	DATA 	Mouse: Left button down, pos=(1543,425)
978.7571 	EXP 	agree: markerPos = 4.966433566433566
978.7738 	EXP 	agree: markerPos = 4.966433566433566
978.7903 	EXP 	agree: markerPos = 4.966433566433566
978.8070 	EXP 	agree: markerPos = 4.966433566433566
978.8238 	EXP 	agree: markerPos = 4.966433566433566
978.8404 	EXP 	agree: markerPos = 4.966433566433566
978.8571 	EXP 	agree: markerPos = 4.966433566433566
978.8738 	EXP 	agree: markerPos = 4.966433566433566
978.8905 	EXP 	agree: markerPos = 4.966433566433566
978.9008 	DATA 	Mouse:  Left button up, pos=(1543,425)
978.9071 	EXP 	agree: markerPos = 4.966433566433566
978.9238 	EXP 	agree: markerPos = 5.0
978.9405 	EXP 	agree: autoDraw = False
978.9405 	EXP 	text: autoDraw = False
978.9405 	EXP 	Three: autoDraw = True
979.9413 	EXP 	Three: autoDraw = False
979.9413 	EXP 	Two: autoDraw = True
980.9421 	EXP 	Two: autoDraw = False
980.9421 	EXP 	One: autoDraw = True
982.2414 	EXP 	One: autoDraw = False
982.2414 	EXP 	Three: autoDraw = False
982.2414 	EXP 	Two: autoDraw = False
982.2414 	EXP 	One: autoDraw = False
982.2414 	EXP 	neutralVideoClip: autoDraw = True
1044.2229 	EXP 	New trial (rep=0, index=7): {'mainIndex': 7, 'stim': 'videos\\8 angry\\1 animals\\angrydogs.mp4', 'emotion': 'angry', 'neutralvideo': 'neutral_videos\\8BlowingLeafs.mp4'}
1044.2257 	EXP 	neutralVideoClip: autoDraw = False
1044.2257 	EXP 	Three: autoDraw = True
1045.2226 	EXP 	Two: autoDraw = True
1045.2392 	EXP 	Three: autoDraw = False
1046.2233 	EXP 	Two: autoDraw = False
1046.2233 	EXP 	One: autoDraw = True
1047.5028 	EXP 	One: autoDraw = False
1047.5028 	EXP 	Three: autoDraw = False
1047.5028 	EXP 	Two: autoDraw = False
1047.5028 	EXP 	One: autoDraw = False
1047.5028 	EXP 	stimclip: autoDraw = True
1112.8770 	EXP 	stimclip: autoDraw = False
1112.8770 	EXP 	agree: markerPos = None
1112.8770 	EXP 	agree: markerPos = None
1112.8770 	EXP 	text: height = 60.0
1112.8770 	EXP 	text: height = 60.0
1112.8770 	EXP 	text: height = 60.0
1112.8770 	EXP 	text: text = 'I feel angry'
1112.8770 	EXP 	agree: autoDraw = True
1112.8770 	EXP 	text: autoDraw = True
1115.3247 	DATA 	Mouse: Left button down, pos=(1549,425)
1115.3407 	EXP 	agree: markerPos = 4.9832167832167835
1115.3573 	EXP 	agree: markerPos = 4.9832167832167835
1115.3744 	EXP 	agree: markerPos = 4.9832167832167835
1115.3906 	EXP 	agree: markerPos = 4.9832167832167835
1115.4078 	EXP 	agree: markerPos = 4.9832167832167835
1115.4242 	EXP 	agree: markerPos = 4.9832167832167835
1115.4409 	EXP 	agree: markerPos = 4.9832167832167835
1115.4577 	EXP 	agree: markerPos = 4.9832167832167835
1115.4743 	EXP 	agree: markerPos = 4.9832167832167835
1115.4752 	DATA 	Mouse:  Left button up, pos=(1549,425)
1115.4910 	EXP 	agree: markerPos = 5.0
1115.5077 	EXP 	agree: autoDraw = False
1115.5077 	EXP 	text: autoDraw = False
1115.5077 	EXP 	Three: autoDraw = True
1116.5085 	EXP 	Three: autoDraw = False
1116.5085 	EXP 	Two: autoDraw = True
1117.5096 	EXP 	Two: autoDraw = False
1117.5096 	EXP 	One: autoDraw = True
1118.7961 	EXP 	One: autoDraw = False
1118.7961 	EXP 	Three: autoDraw = False
1118.7961 	EXP 	Two: autoDraw = False
1118.7961 	EXP 	One: autoDraw = False
1118.7961 	EXP 	neutralVideoClip: autoDraw = True
1127.2583 	EXP 	neutralVideoClip: autoDraw = False
1127.2583 	EXP 	emotionRecognition: status = STOPPED
1127.4095 	EXP 	window1: mouseVisible = True
