115.6611 	EXP 	Created window1 = Window(allowGUI=True, allowStencil=False, autoLog=True, backendConf=UNKNOWN, backgroundFit=<method-wrapper '__getattribute__' of attributeSetter object at 0x000002DF71319BE0>, backgroundImage=<method-wrapper '__getattribute__' of attributeSetter object at 0x000002DF71319B80>, bitsMode=UNKNOWN, blendMode='avg', bpc=(8, 8, 8), color=array([0, 0, 0]), colorSpace='rgb', depthBits=8, fullscr=<method-wrapper '__getattribute__' of attributeSetter object at 0x000002DF713199A0>, gamma=None, gammaErrorPolicy='raise', lms=UNKNOWN, monitor=<psychopy.monitors.calibTools.Monitor object at 0x000002DF53951CD0>, multiSample=False, name='window1', numSamples=2, pos=(1920, 33), screen=0, size=array([1680, 1050]), stencilBits=0, stereo=False, title='PsychoPy', units='pix', useFBO=True, useRetina=False, viewOri=0.0, viewPos=None, viewScale=None, waitBlanking=True, winType='pyglet')
115.6611 	EXP 	window1: mouseVisible = True
115.6612 	EXP 	window1: backgroundImage = ''
115.6612 	EXP 	window1: backgroundFit = 'none'
115.6626 	EXP 	window1: Attempting to measure frame rate of screen (0) ...
115.6626 	EXP 	window1: recordFrameIntervals = False
115.8271 	EXP 	window1: recordFrameIntervals = True
116.0107 	EXP 	Screen (0) actual frame rate measured at 59.95Hz
116.0108 	EXP 	window1: recordFrameIntervals = False
116.0108 	EXP 	window1: mouseVisible = False
119.0189 	EXP 	emotionRecognition: status = STARTED
119.0406 	EXP 	window1: mouseVisible = True
119.1973 	EXP 	Created instructions = TextStim(__class__=<class 'psychopy.visual.text.TextStim'>, alignHoriz=method-wrapper(...), alignText='center', alignVert=method-wrapper(...), anchorHoriz='center', anchorVert='center', antialias=True, autoDraw=False, autoLog=True, bold=False, color=array([1., 1., 1.]), colorSpace='rgb', contrast=1.0, depth=0.0, draggable=False, flipHoriz=False, flipVert=False, font='Arial', fontFiles=[], height=40.0, italic=False, languageStyle='LTR', name='instructions', opacity=1.0, ori=0.0, pos=array([  0., 420.]), rgb=UNKNOWN, text=str(...), units='pix', win=Window(...), wrapWidth=1120.0)
119.1974 	EXP 	window1: mouseVisible = True
119.1998 	EXP 	Created option1Text = TextStim(__class__=<class 'psychopy.visual.text.TextStim'>, alignHoriz=method-wrapper(...), alignText='center', alignVert=method-wrapper(...), anchorHoriz='center', anchorVert='center', antialias=True, autoDraw=False, autoLog=True, bold=False, color=array([1., 1., 1.]), colorSpace='rgb', contrast=1.0, depth=-1.0, draggable=False, flipHoriz=False, flipVert=False, font='Open Sans', fontFiles=[], height=40.0, italic=False, languageStyle='LTR', name='option1Text', opacity=1.0, ori=0.0, pos=array([-560., -300.]), rgb=UNKNOWN, text='', units='pix', win=Window(...), wrapWidth=500)
119.1999 	EXP 	window1: mouseVisible = True
119.2246 	EXP 	Created option1Image = ImageStim(__class__=<class 'psychopy.visual.image.ImageStim'>, anchor=('center', 'center'), autoLog=True, color=array([1., 1., 1.]), colorSpace='rgb', contrast=1.0, depth=-2.0, draggable=False, flipHoriz=False, flipVert=False, image='default.png', interpolate=True, mask=None, maskParams=None, name='option1Image', opacity=1.0, ori=0.0, pos=array([-560.,    0.]), size=array([336., 336.]), texRes=128.0, units='pix', win=Window(...))
119.2247 	EXP 	window1: mouseVisible = True
119.2258 	EXP 	Created option2Text = TextStim(__class__=<class 'psychopy.visual.text.TextStim'>, alignHoriz=method-wrapper(...), alignText='center', alignVert=method-wrapper(...), anchorHoriz='center', anchorVert='center', antialias=True, autoDraw=False, autoLog=True, bold=False, color=array([1., 1., 1.]), colorSpace='rgb', contrast=1.0, depth=-3.0, draggable=False, flipHoriz=False, flipVert=False, font='Open Sans', fontFiles=[], height=40.0, italic=False, languageStyle='LTR', name='option2Text', opacity=1.0, ori=0.0, pos=array([   0., -300.]), rgb=UNKNOWN, text='', units='pix', win=Window(...), wrapWidth=500)
119.2258 	EXP 	window1: mouseVisible = True
119.2416 	EXP 	Created option2Image = ImageStim(__class__=<class 'psychopy.visual.image.ImageStim'>, anchor=('center', 'center'), autoLog=True, color=array([1., 1., 1.]), colorSpace='rgb', contrast=1.0, depth=-4.0, draggable=False, flipHoriz=False, flipVert=False, image='default.png', interpolate=True, mask=None, maskParams=None, name='option2Image', opacity=1.0, ori=0.0, pos=array([0., 0.]), size=array([336., 336.]), texRes=128.0, units='pix', win=Window(...))
119.2418 	EXP 	window1: mouseVisible = True
119.2431 	EXP 	Created option3Text = TextStim(__class__=<class 'psychopy.visual.text.TextStim'>, alignHoriz=method-wrapper(...), alignText='center', alignVert=method-wrapper(...), anchorHoriz='center', anchorVert='center', antialias=True, autoDraw=False, autoLog=True, bold=False, color=array([1., 1., 1.]), colorSpace='rgb', contrast=1.0, depth=-5.0, draggable=False, flipHoriz=False, flipVert=False, font='Open Sans', fontFiles=[], height=40.0, italic=False, languageStyle='LTR', name='option3Text', opacity=1.0, ori=0.0, pos=array([ 560., -300.]), rgb=UNKNOWN, text='', units='pix', win=Window(...), wrapWidth=500)
119.2432 	EXP 	window1: mouseVisible = True
119.2623 	EXP 	Created option3Image = ImageStim(__class__=<class 'psychopy.visual.image.ImageStim'>, anchor=('center', 'center'), autoLog=True, color=array([1., 1., 1.]), colorSpace='rgb', contrast=1.0, depth=-6.0, draggable=False, flipHoriz=False, flipVert=False, image='default.png', interpolate=True, mask=None, maskParams=None, name='option3Image', opacity=1.0, ori=0.0, pos=array([560.,   0.]), size=array([336., 336.]), texRes=128.0, units='pix', win=Window(...))
119.2627 	EXP 	window1: mouseVisible = True
119.2630 	EXP 	window1: mouseVisible = True
119.2634 	EXP 	window1: mouseVisible = True
120.7897 	EXP 	window1: mouseVisible = True
120.8034 	EXP 	Created text_click_to_continue = TextStim(__class__=<class 'psychopy.visual.text.TextStim'>, alignHoriz=method-wrapper(...), alignText='center', alignVert=method-wrapper(...), anchorHoriz='center', anchorVert='center', antialias=True, autoDraw=False, autoLog=True, bold=False, color=array([1., 1., 1.]), colorSpace='rgb', contrast=1.0, depth=0.0, draggable=False, flipHoriz=False, flipVert=False, font='Open Sans', fontFiles=[], height=60.0, italic=False, languageStyle='LTR', name='text_click_to_continue', opacity=1.0, ori=0.0, pos=array([0., 0.]), rgb=UNKNOWN, text='Click anywhere to continue', units='pix', win=Window(...), wrapWidth=1500.0)
120.8035 	EXP 	window1: mouseVisible = True
120.8036 	EXP 	window1: mouseVisible = True
120.8115 	EXP 	Created Three = TextStim(__class__=<class 'psychopy.visual.text.TextStim'>, alignHoriz=method-wrapper(...), alignText='center', alignVert=method-wrapper(...), anchorHoriz='center', anchorVert='center', antialias=True, autoDraw=False, autoLog=True, bold=False, color=array([1., 1., 1.]), colorSpace='rgb', contrast=1.0, depth=0.0, draggable=False, flipHoriz=False, flipVert=False, font='Open Sans', fontFiles=[], height=180.0, italic=False, languageStyle='LTR', name='Three', opacity=1.0, ori=0.0, pos=array([0., 0.]), rgb=UNKNOWN, text='3', units='pix', win=Window(...), wrapWidth=500)
120.8116 	EXP 	window1: mouseVisible = True
120.8157 	EXP 	Created Two = TextStim(__class__=<class 'psychopy.visual.text.TextStim'>, alignHoriz=method-wrapper(...), alignText='center', alignVert=method-wrapper(...), anchorHoriz='center', anchorVert='center', antialias=True, autoDraw=False, autoLog=True, bold=False, color=array([1., 1., 1.]), colorSpace='rgb', contrast=1.0, depth=-1.0, draggable=False, flipHoriz=False, flipVert=False, font='Open Sans', fontFiles=[], height=180.0, italic=False, languageStyle='LTR', name='Two', opacity=1.0, ori=0.0, pos=array([0., 0.]), rgb=UNKNOWN, text='2', units='pix', win=Window(...), wrapWidth=500)
120.8158 	EXP 	window1: mouseVisible = True
120.8201 	EXP 	Created One = TextStim(__class__=<class 'psychopy.visual.text.TextStim'>, alignHoriz=method-wrapper(...), alignText='center', alignVert=method-wrapper(...), anchorHoriz='center', anchorVert='center', antialias=True, autoDraw=False, autoLog=True, bold=False, color=array([1., 1., 1.]), colorSpace='rgb', contrast=1.0, depth=-2.0, draggable=False, flipHoriz=False, flipVert=False, font='Open Sans', fontFiles=[], height=180.0, italic=False, languageStyle='LTR', name='One', opacity=1.0, ori=0.0, pos=array([0., 0.]), rgb=UNKNOWN, text='1', units='pix', win=Window(...), wrapWidth=500)
120.8202 	EXP 	window1: mouseVisible = True
120.8205 	EXP 	window1: mouseVisible = True
120.8265 	EXP 	window1: mouseVisible = True
120.8268 	EXP 	window1: mouseVisible = True
120.8301 	EXP 	window1: mouseVisible = True
120.8302 	EXP 	window1: mouseVisible = True
120.8306 	EXP 	window1: mouseVisible = True
120.8311 	EXP 	window1: mouseVisible = True
120.8627 	EXP 	window1: mouseVisible = True
120.8628 	EXP 	window1: mouseVisible = True
120.8635 	EXP 	window1: mouseVisible = True
120.8641 	EXP 	window1: mouseVisible = True
120.8887 	EXP 	window1: mouseVisible = True
120.8888 	EXP 	window1: mouseVisible = True
120.8893 	EXP 	window1: mouseVisible = True
120.8897 	EXP 	window1: mouseVisible = True
120.9064 	EXP 	window1: mouseVisible = True
120.9066 	EXP 	window1: mouseVisible = True
120.9070 	EXP 	window1: mouseVisible = True
120.9074 	EXP 	window1: mouseVisible = True
120.9106 	EXP 	window1: mouseVisible = True
120.9107 	EXP 	window1: mouseVisible = True
120.9111 	EXP 	window1: mouseVisible = True
120.9118 	EXP 	window1: mouseVisible = True
120.9201 	EXP 	window1: mouseVisible = True
120.9202 	EXP 	window1: mouseVisible = True
120.9207 	EXP 	window1: mouseVisible = True
120.9211 	EXP 	window1: mouseVisible = True
120.9242 	EXP 	window1: mouseVisible = True
120.9244 	EXP 	window1: mouseVisible = True
120.9248 	EXP 	window1: mouseVisible = True
120.9253 	EXP 	window1: mouseVisible = True
120.9319 	EXP 	window1: mouseVisible = True
120.9321 	EXP 	window1: mouseVisible = True
120.9326 	EXP 	window1: mouseVisible = True
120.9330 	EXP 	window1: mouseVisible = True
120.9364 	EXP 	window1: mouseVisible = True
120.9365 	EXP 	window1: mouseVisible = True
120.9369 	EXP 	window1: mouseVisible = True
120.9373 	EXP 	window1: mouseVisible = True
120.9410 	EXP 	window1: mouseVisible = True
120.9411 	EXP 	window1: mouseVisible = True
120.9416 	EXP 	window1: mouseVisible = True
120.9420 	EXP 	window1: mouseVisible = True
120.9455 	EXP 	window1: mouseVisible = True
120.9475 	EXP 	window1: mouseVisible = True
120.9896 	EXP 	Created agree = Slider(__class__=<class 'psychopy.visual.slider.Slider'>, autoDraw=False, autoLog=True, borderColor=None, color=None, colorSpace='rgb', depth=-1, fillColor=None, flip=False, font='Open Sans', granularity=1.0, labelColor=None, labelHeight=25.0, labelWrapWidth=None, labels=tuple(...), lineColor=None, markerColor=None, name='agree', opacity=None, ori=0.0, pos=array([   0., -100.]), readOnly=False, self=UNKNOWN, size=array([1430.,   50.]), startValue=None, style='rating', styleTweaks=[], ticks=array([1, 2, 3, 4, 5]), units='pix', win=Window(...))
120.9897 	EXP 	window1: mouseVisible = True
120.9911 	EXP 	Created text = TextStim(__class__=<class 'psychopy.visual.text.TextStim'>, alignHoriz=method-wrapper(...), alignText='center', alignVert=method-wrapper(...), anchorHoriz='center', anchorVert='center', antialias=True, autoDraw=False, autoLog=True, bold=False, color=array([1., 1., 1.]), colorSpace='rgb', contrast=1.0, depth=-2.0, draggable=False, flipHoriz=False, flipVert=False, font='Open Sans', fontFiles=[], height=60.0, italic=False, languageStyle='LTR', name='text', opacity=1.0, ori=0.0, pos=array([  0., 300.]), rgb=UNKNOWN, text='', units='pix', win=Window(...), wrapWidth=1480)
120.9913 	EXP 	window1: mouseVisible = True
120.9937 	EXP 	Created Three = TextStim(__class__=<class 'psychopy.visual.text.TextStim'>, alignHoriz=method-wrapper(...), alignText='center', alignVert=method-wrapper(...), anchorHoriz='center', anchorVert='center', antialias=True, autoDraw=False, autoLog=True, bold=False, color=array([1., 1., 1.]), colorSpace='rgb', contrast=1.0, depth=0.0, draggable=False, flipHoriz=False, flipVert=False, font='Open Sans', fontFiles=[], height=180.0, italic=False, languageStyle='LTR', name='Three', opacity=1.0, ori=0.0, pos=array([0., 0.]), rgb=UNKNOWN, text='3', units='pix', win=Window(...), wrapWidth=500)
120.9939 	EXP 	window1: mouseVisible = True
120.9960 	EXP 	Created Two = TextStim(__class__=<class 'psychopy.visual.text.TextStim'>, alignHoriz=method-wrapper(...), alignText='center', alignVert=method-wrapper(...), anchorHoriz='center', anchorVert='center', antialias=True, autoDraw=False, autoLog=True, bold=False, color=array([1., 1., 1.]), colorSpace='rgb', contrast=1.0, depth=-1.0, draggable=False, flipHoriz=False, flipVert=False, font='Open Sans', fontFiles=[], height=180.0, italic=False, languageStyle='LTR', name='Two', opacity=1.0, ori=0.0, pos=array([0., 0.]), rgb=UNKNOWN, text='2', units='pix', win=Window(...), wrapWidth=500)
120.9961 	EXP 	window1: mouseVisible = True
120.9983 	EXP 	Created One = TextStim(__class__=<class 'psychopy.visual.text.TextStim'>, alignHoriz=method-wrapper(...), alignText='center', alignVert=method-wrapper(...), anchorHoriz='center', anchorVert='center', antialias=True, autoDraw=False, autoLog=True, bold=False, color=array([1., 1., 1.]), colorSpace='rgb', contrast=1.0, depth=-2.0, draggable=False, flipHoriz=False, flipVert=False, font='Open Sans', fontFiles=[], height=180.0, italic=False, languageStyle='LTR', name='One', opacity=1.0, ori=0.0, pos=array([0., 0.]), rgb=UNKNOWN, text='1', units='pix', win=Window(...), wrapWidth=500)
120.9985 	EXP 	window1: mouseVisible = True
120.9987 	EXP 	window1: mouseVisible = True
0.0948 	EXP 	movie: autoLog = True
0.0948 	EXP 	stimclip: autoLog = True
0.0948 	EXP 	agree: autoLog = True
0.0948 	EXP 	agree: styleTweaks = []
0.0948 	EXP 	agree: styleTweaks = []
0.0948 	EXP 	agree: styleTweaks = []
0.0948 	EXP 	agree: styleTweaks = []
0.0948 	EXP 	agree: contrast = 1.0
0.0948 	EXP 	agree: markerPos = None
0.0948 	EXP 	agree: autoLog = True
0.0948 	EXP 	neutralVideoClip: autoLog = True
0.0952 	EXP 	Created sequence: sequential, trialTypes=4, nReps=1, seed=None
0.0954 	EXP 	New trial (rep=0, index=0): {'mainIndex': 0, 'emotion': '1 excited', 'image1': 'videos\\1 excited\\1 motorsports\\motorsports.jpg', 'text1': 'motorsports', 'stimuli1': 'videos\\1 excited\\1 motorsports\\kenMiles.mp4', 'image2': 'videos\\1 excited\\2 sports\\sport.jpg', 'text2': 'sports', 'stimuli2': 'videos\\1 excited\\2 sports\\NBA.mp4', 'image3': 'videos\\1 excited\\3 general\\I am not sure.jpg', 'text3': 'general', 'stimuli3': 'videos\\1 excited\\3 general\\ratatChaseScene.mp4'}
0.1882 	EXP 	option1Text: height = 40.0
0.1882 	EXP 	option1Text: height = 40.0
0.1882 	EXP 	option1Text: height = 40.0
0.1882 	EXP 	option1Text: text = 'motorsports'
0.1882 	EXP 	option1Image: image = 'videos\\1 excited\\1 motorsports\\motorsports.jpg'
0.1882 	EXP 	option2Text: height = 40.0
0.1882 	EXP 	option2Text: height = 40.0
0.1882 	EXP 	option2Text: height = 40.0
0.1882 	EXP 	option2Text: text = 'sports'
0.1882 	EXP 	option2Image: image = 'videos\\1 excited\\2 sports\\sport.jpg'
0.1882 	EXP 	option3Text: height = 40.0
0.1882 	EXP 	option3Text: height = 40.0
0.1882 	EXP 	option3Text: height = 40.0
0.1882 	EXP 	option3Text: text = 'general'
0.1882 	EXP 	option3Image: image = 'videos\\1 excited\\3 general\\I am not sure.jpg'
0.1882 	EXP 	instructions: autoDraw = True
0.1882 	EXP 	option1Text: autoDraw = True
0.1882 	EXP 	option1Image: autoDraw = True
0.1882 	EXP 	option2Text: autoDraw = True
0.1882 	EXP 	option2Image: autoDraw = True
0.1882 	EXP 	option3Text: autoDraw = True
0.1882 	EXP 	option3Image: autoDraw = True
7.4572 	DATA 	Mouse: Left button down, pos=(801,462)
7.4729 	EXP 	New trial (rep=0, index=1): {'mainIndex': 3, 'emotion': '4 relaxed', 'image1': None, 'text1': 'meditation', 'stimuli1': 'videos\\4 relaxed\\1 meditation\\meditation.mp4', 'image2': None, 'text2': 'nature', 'stimuli2': 'videos\\4 relaxed\\2 nature\\waterfall.mp4', 'image3': None, 'text3': 'general', 'stimuli3': 'videos\\4 relaxed\\3 general\\asmr.mkv'}
7.4875 	EXP 	instructions: autoDraw = False
7.4875 	EXP 	option1Text: autoDraw = False
7.4875 	EXP 	option1Image: autoDraw = False
7.4875 	EXP 	option2Text: autoDraw = False
7.4875 	EXP 	option2Image: autoDraw = False
7.4875 	EXP 	option3Text: autoDraw = False
7.4875 	EXP 	option3Image: autoDraw = False
7.4875 	EXP 	option1Text: height = 40.0
7.4875 	EXP 	option1Text: height = 40.0
7.4875 	EXP 	option1Text: height = 40.0
7.4875 	EXP 	option1Text: text = 'meditation'
7.4875 	EXP 	option1Image: image = None
7.4875 	EXP 	option2Text: height = 40.0
7.4875 	EXP 	option2Text: height = 40.0
7.4875 	EXP 	option2Text: height = 40.0
7.4875 	EXP 	option2Text: text = 'nature'
7.4875 	EXP 	option2Image: image = None
7.4875 	EXP 	option3Text: text = 'general'
7.4875 	EXP 	option3Image: image = None
7.4875 	EXP 	instructions: autoDraw = True
7.4875 	EXP 	option1Text: autoDraw = True
7.4875 	EXP 	option1Image: autoDraw = True
7.4875 	EXP 	option2Text: autoDraw = True
7.4875 	EXP 	option2Image: autoDraw = True
7.4875 	EXP 	option3Text: autoDraw = True
7.4875 	EXP 	option3Image: autoDraw = True
7.5913 	DATA 	Mouse:  Left button up, pos=(801,462)
12.5920 	DATA 	Mouse: Left button down, pos=(852,225)
12.5942 	EXP 	New trial (rep=0, index=2): {'mainIndex': 4, 'emotion': '5 sad', 'image1': 'videos\\5 sad\\1 animals\\cutepets.jpg', 'text1': 'animals', 'stimuli1': 'videos\\5 sad\\1 animals\\saddogs.mp4', 'image2': 'videos\\5 sad\\2 babies\\baby.jpg', 'text2': 'babies', 'stimuli2': 'videos\\5 sad\\2 babies\\sadBaby1.mp4', 'image3': 'videos\\5 sad\\3 general\\notsure.jpg', 'text3': 'general', 'stimuli3': 'videos\\5 sad\\3 general\\ChampDeath.mp4'}
12.6371 	EXP 	instructions: autoDraw = False
12.6371 	EXP 	option1Text: autoDraw = False
12.6371 	EXP 	option1Image: autoDraw = False
12.6371 	EXP 	option2Text: autoDraw = False
12.6371 	EXP 	option2Image: autoDraw = False
12.6371 	EXP 	option3Text: autoDraw = False
12.6371 	EXP 	option3Image: autoDraw = False
12.6371 	EXP 	option1Text: height = 40.0
12.6371 	EXP 	option1Text: height = 40.0
12.6371 	EXP 	option1Text: height = 40.0
12.6371 	EXP 	option1Text: text = 'animals'
12.6371 	EXP 	option1Image: image = 'videos\\5 sad\\1 animals\\cutepets.jpg'
12.6371 	EXP 	option2Text: height = 40.0
12.6371 	EXP 	option2Text: height = 40.0
12.6371 	EXP 	option2Text: height = 40.0
12.6371 	EXP 	option2Text: text = 'babies'
12.6371 	EXP 	option2Image: image = 'videos\\5 sad\\2 babies\\baby.jpg'
12.6371 	EXP 	option3Text: text = 'general'
12.6371 	EXP 	option3Image: image = 'videos\\5 sad\\3 general\\notsure.jpg'
12.6371 	EXP 	instructions: autoDraw = True
12.6371 	EXP 	option1Text: autoDraw = True
12.6371 	EXP 	option1Image: autoDraw = True
12.6371 	EXP 	option2Text: autoDraw = True
12.6371 	EXP 	option2Image: autoDraw = True
12.6371 	EXP 	option3Text: autoDraw = True
12.6371 	EXP 	option3Image: autoDraw = True
12.6780 	DATA 	Mouse:  Left button up, pos=(852,225)
15.2100 	DATA 	Mouse: Left button down, pos=(306,474)
15.2118 	EXP 	New trial (rep=0, index=3): {'mainIndex': 7, 'emotion': '8 angry', 'image1': 'videos\\8 angry\\1 animals\\cutepets.jpg', 'text1': 'animals', 'stimuli1': 'videos\\8 angry\\1 animals\\angrydogs.mp4', 'image2': 'videos\\8 angry\\2 general\\notsure.jpg', 'text2': 'general', 'stimuli2': 'videos\\8 angry\\2 general\\thepiano.mp4', 'image3': None, 'text3': '', 'stimuli3': None}
15.2593 	EXP 	instructions: autoDraw = False
15.2593 	EXP 	option1Text: autoDraw = False
15.2593 	EXP 	option1Image: autoDraw = False
15.2593 	EXP 	option2Text: autoDraw = False
15.2593 	EXP 	option2Image: autoDraw = False
15.2593 	EXP 	option3Text: autoDraw = False
15.2593 	EXP 	option3Image: autoDraw = False
15.2593 	EXP 	option1Text: text = 'animals'
15.2593 	EXP 	option1Image: image = 'videos\\8 angry\\1 animals\\cutepets.jpg'
15.2593 	EXP 	option2Text: height = 40.0
15.2593 	EXP 	option2Text: height = 40.0
15.2593 	EXP 	option2Text: height = 40.0
15.2593 	EXP 	option2Text: text = 'general'
15.2593 	EXP 	option2Image: image = 'videos\\8 angry\\2 general\\notsure.jpg'
15.2593 	EXP 	option3Text: height = 40.0
15.2593 	EXP 	option3Text: height = 40.0
15.2593 	EXP 	option3Text: height = 40.0
15.2593 	EXP 	option3Text: text = ''
15.2593 	EXP 	option3Image: image = None
15.2593 	EXP 	instructions: autoDraw = True
15.2593 	EXP 	option1Text: autoDraw = True
15.2593 	EXP 	option1Image: autoDraw = True
15.2593 	EXP 	option2Text: autoDraw = True
15.2593 	EXP 	option2Image: autoDraw = True
15.2593 	EXP 	option3Text: autoDraw = True
15.2593 	EXP 	option3Image: autoDraw = True
15.3128 	DATA 	Mouse:  Left button up, pos=(306,474)
21.3855 	DATA 	Mouse: Left button down, pos=(351,508)
21.4254 	EXP 	instructions: autoDraw = False
21.4254 	EXP 	option1Text: autoDraw = False
21.4254 	EXP 	option1Image: autoDraw = False
21.4254 	EXP 	option2Text: autoDraw = False
21.4254 	EXP 	option2Image: autoDraw = False
21.4254 	EXP 	option3Text: autoDraw = False
21.4254 	EXP 	option3Image: autoDraw = False
21.4254 	EXP 	movie: autoDraw = True
21.4995 	DATA 	Mouse:  Left button up, pos=(351,508)
62.0203 	EXP 	movie: autoDraw = False
62.0203 	EXP 	text_click_to_continue: autoDraw = True
64.8132 	DATA 	Mouse: Left button down, pos=(673,513)
64.8140 	EXP 	Created sequence: sequential, trialTypes=8, nReps=1, seed=None
64.8142 	EXP 	New trial (rep=0, index=0): {'mainIndex': 0, 'stim': 'videos\\1 excited\\2 sports\\NBA.mp4', 'emotion': 'excited', 'neutralvideo': 'neutral_videos\\2BlowingLeafs (1).mp4'}
64.8299 	EXP 	text_click_to_continue: autoDraw = False
64.8299 	EXP 	Three: autoDraw = True
64.8977 	DATA 	Mouse:  Left button up, pos=(673,513)
65.8138 	EXP 	Two: autoDraw = True
65.8303 	EXP 	Three: autoDraw = False
66.8145 	EXP 	Two: autoDraw = False
66.8145 	EXP 	One: autoDraw = True
67.9596 	EXP 	One: autoDraw = False
67.9596 	EXP 	Three: autoDraw = False
67.9596 	EXP 	Two: autoDraw = False
67.9596 	EXP 	One: autoDraw = False
67.9596 	EXP 	stimclip: autoDraw = True
138.1522 	EXP 	stimclip: autoDraw = False
138.1522 	EXP 	agree: markerPos = None
138.1522 	EXP 	agree: markerPos = None
138.1522 	EXP 	text: height = 60.0
138.1522 	EXP 	text: height = 60.0
138.1522 	EXP 	text: height = 60.0
138.1522 	EXP 	text: text = 'I feel excited'
138.1522 	EXP 	agree: autoDraw = True
138.1522 	EXP 	text: autoDraw = True
145.2225 	DATA 	Mouse: Left button down, pos=(1548,420)
145.2385 	EXP 	agree: markerPos = 4.98041958041958
145.2556 	EXP 	agree: markerPos = 4.98041958041958
145.2719 	EXP 	agree: markerPos = 4.98041958041958
145.2886 	EXP 	agree: markerPos = 4.98041958041958
145.3054 	EXP 	agree: markerPos = 4.98041958041958
145.3219 	EXP 	agree: markerPos = 4.98041958041958
145.3318 	DATA 	Mouse:  Left button up, pos=(1548,420)
145.3388 	EXP 	agree: markerPos = 4.98041958041958
145.3552 	EXP 	agree: markerPos = 5.0
145.3719 	EXP 	agree: autoDraw = False
145.3719 	EXP 	text: autoDraw = False
145.3719 	EXP 	Three: autoDraw = True
146.3728 	EXP 	Three: autoDraw = False
146.3728 	EXP 	Two: autoDraw = True
147.3737 	EXP 	Two: autoDraw = False
147.3737 	EXP 	One: autoDraw = True
148.4695 	EXP 	One: autoDraw = False
148.4695 	EXP 	Three: autoDraw = False
148.4695 	EXP 	Two: autoDraw = False
148.4695 	EXP 	One: autoDraw = False
148.4695 	EXP 	neutralVideoClip: autoDraw = True
210.4665 	EXP 	New trial (rep=0, index=1): {'mainIndex': 1, 'stim': 'videos\\2 happy\\scooby.mp4', 'emotion': 'happy', 'neutralvideo': 'neutral_videos\\2BlowingLeafs (2).mp4'}
210.4691 	EXP 	neutralVideoClip: autoDraw = False
210.4691 	EXP 	Three: autoDraw = True
211.4706 	EXP 	Three: autoDraw = False
211.4706 	EXP 	Two: autoDraw = True
212.4714 	EXP 	Two: autoDraw = False
212.4714 	EXP 	One: autoDraw = True
213.7625 	EXP 	One: autoDraw = False
213.7625 	EXP 	Three: autoDraw = False
213.7625 	EXP 	Two: autoDraw = False
213.7625 	EXP 	One: autoDraw = False
213.7625 	EXP 	stimclip: autoDraw = True
273.9980 	EXP 	stimclip: autoDraw = False
273.9980 	EXP 	agree: markerPos = None
273.9980 	EXP 	agree: markerPos = None
273.9980 	EXP 	text: height = 60.0
273.9980 	EXP 	text: height = 60.0
273.9980 	EXP 	text: height = 60.0
273.9980 	EXP 	text: text = 'I feel happy'
273.9980 	EXP 	agree: autoDraw = True
273.9980 	EXP 	text: autoDraw = True
278.5217 	DATA 	Mouse: Left button down, pos=(1197,430)
278.5364 	EXP 	agree: markerPos = 3.998601398601399
278.5533 	EXP 	agree: markerPos = 3.998601398601399
278.5698 	EXP 	agree: markerPos = 3.998601398601399
278.5865 	EXP 	agree: markerPos = 3.998601398601399
278.6034 	EXP 	agree: markerPos = 3.998601398601399
278.6201 	EXP 	agree: markerPos = 3.998601398601399
278.6365 	EXP 	agree: markerPos = 3.998601398601399
278.6370 	DATA 	Mouse:  Left button up, pos=(1197,430)
278.6531 	EXP 	agree: markerPos = 4.0
278.6698 	EXP 	agree: autoDraw = False
278.6698 	EXP 	text: autoDraw = False
278.6698 	EXP 	Three: autoDraw = True
279.6709 	EXP 	Three: autoDraw = False
279.6709 	EXP 	Two: autoDraw = True
280.6715 	EXP 	Two: autoDraw = False
280.6715 	EXP 	One: autoDraw = True
281.9418 	EXP 	One: autoDraw = False
281.9418 	EXP 	Three: autoDraw = False
281.9418 	EXP 	Two: autoDraw = False
281.9418 	EXP 	One: autoDraw = False
281.9418 	EXP 	neutralVideoClip: autoDraw = True
343.9233 	EXP 	New trial (rep=0, index=2): {'mainIndex': 2, 'stim': 'videos\\3 motivated\\motivationalAuthor.mp4', 'emotion': 'motivated', 'neutralvideo': 'neutral_videos\\3BlowingLeafs.mp4'}
343.9259 	EXP 	neutralVideoClip: autoDraw = False
343.9259 	EXP 	Three: autoDraw = True
344.9353 	EXP 	Three: autoDraw = False
344.9353 	EXP 	Two: autoDraw = True
345.9363 	EXP 	Two: autoDraw = False
345.9363 	EXP 	One: autoDraw = True
347.2135 	EXP 	One: autoDraw = False
347.2135 	EXP 	Three: autoDraw = False
347.2135 	EXP 	Two: autoDraw = False
347.2135 	EXP 	One: autoDraw = False
347.2135 	EXP 	stimclip: autoDraw = True
415.2995 	EXP 	stimclip: autoDraw = False
415.2995 	EXP 	agree: markerPos = None
415.2995 	EXP 	agree: markerPos = None
415.2995 	EXP 	text: height = 60.0
415.2995 	EXP 	text: height = 60.0
415.2995 	EXP 	text: height = 60.0
415.2995 	EXP 	text: text = 'I feel motivated'
415.2995 	EXP 	agree: autoDraw = True
415.2995 	EXP 	text: autoDraw = True
420.5318 	DATA 	Mouse: Left button down, pos=(1199,403)
420.5579 	EXP 	agree: markerPos = 4.004195804195804
420.5746 	EXP 	agree: markerPos = 4.004195804195804
420.5910 	EXP 	agree: markerPos = 4.004195804195804
420.6075 	EXP 	agree: markerPos = 4.004195804195804
420.6247 	EXP 	agree: markerPos = 4.004195804195804
420.6410 	EXP 	agree: markerPos = 4.004195804195804
420.6579 	EXP 	agree: markerPos = 4.004195804195804
420.6585 	DATA 	Mouse:  Left button up, pos=(1199,403)
420.6746 	EXP 	agree: markerPos = 4.0
420.6911 	EXP 	agree: autoDraw = False
420.6911 	EXP 	text: autoDraw = False
420.6911 	EXP 	Three: autoDraw = True
421.6918 	EXP 	Three: autoDraw = False
421.6918 	EXP 	Two: autoDraw = True
422.6927 	EXP 	Two: autoDraw = False
422.6927 	EXP 	One: autoDraw = True
423.9645 	EXP 	One: autoDraw = False
423.9645 	EXP 	Three: autoDraw = False
423.9645 	EXP 	Two: autoDraw = False
423.9645 	EXP 	One: autoDraw = False
423.9645 	EXP 	neutralVideoClip: autoDraw = True
485.9276 	EXP 	New trial (rep=0, index=3): {'mainIndex': 3, 'stim': 'videos\\4 relaxed\\2 nature\\waterfall.mp4', 'emotion': 'relaxed', 'neutralvideo': 'neutral_videos\\4BlowingLeafs.mp4'}
485.9302 	EXP 	neutralVideoClip: autoDraw = False
485.9302 	EXP 	Three: autoDraw = True
486.9396 	EXP 	Three: autoDraw = False
486.9396 	EXP 	Two: autoDraw = True
487.9406 	EXP 	Two: autoDraw = False
487.9406 	EXP 	One: autoDraw = True
489.2595 	EXP 	One: autoDraw = False
489.2595 	EXP 	Three: autoDraw = False
489.2595 	EXP 	Two: autoDraw = False
489.2595 	EXP 	One: autoDraw = False
489.2595 	EXP 	stimclip: autoDraw = True
549.8256 	EXP 	stimclip: autoDraw = False
549.8256 	EXP 	agree: markerPos = None
549.8256 	EXP 	agree: markerPos = None
549.8256 	EXP 	text: height = 60.0
549.8256 	EXP 	text: height = 60.0
549.8256 	EXP 	text: height = 60.0
549.8256 	EXP 	text: text = 'I feel relaxed'
549.8256 	EXP 	agree: autoDraw = True
549.8256 	EXP 	text: autoDraw = True
553.6062 	DATA 	Mouse: Left button down, pos=(1554,417)
553.6220 	EXP 	agree: markerPos = 4.997202797202798
553.6387 	EXP 	agree: markerPos = 4.997202797202798
553.6554 	EXP 	agree: markerPos = 4.997202797202798
553.6720 	EXP 	agree: markerPos = 4.997202797202798
553.6889 	EXP 	agree: markerPos = 4.997202797202798
553.7052 	EXP 	agree: markerPos = 4.997202797202798
553.7222 	EXP 	agree: markerPos = 4.997202797202798
553.7230 	DATA 	Mouse:  Left button up, pos=(1554,417)
553.7387 	EXP 	agree: markerPos = 5.0
553.7556 	EXP 	agree: autoDraw = False
553.7556 	EXP 	text: autoDraw = False
553.7556 	EXP 	Three: autoDraw = True
554.7561 	EXP 	Three: autoDraw = False
554.7561 	EXP 	Two: autoDraw = True
555.7453 	EXP 	One: autoDraw = True
555.7620 	EXP 	Two: autoDraw = False
557.0306 	EXP 	Three: autoDraw = False
557.0306 	EXP 	Two: autoDraw = False
557.0306 	EXP 	One: autoDraw = False
557.0306 	EXP 	neutralVideoClip: autoDraw = True
618.8580 	EXP 	New trial (rep=0, index=4): {'mainIndex': 4, 'stim': 'videos\\5 sad\\1 animals\\saddogs.mp4', 'emotion': 'sad', 'neutralvideo': 'neutral_videos\\5BlowingLeafs.mp4'}
618.8605 	EXP 	neutralVideoClip: autoDraw = False
618.8605 	EXP 	Three: autoDraw = True
619.8705 	EXP 	Three: autoDraw = False
619.8705 	EXP 	Two: autoDraw = True
620.8722 	EXP 	Two: autoDraw = False
620.8722 	EXP 	One: autoDraw = True
622.1798 	EXP 	One: autoDraw = False
622.1798 	EXP 	Three: autoDraw = False
622.1798 	EXP 	Two: autoDraw = False
622.1798 	EXP 	One: autoDraw = False
622.1798 	EXP 	stimclip: autoDraw = True
685.1703 	EXP 	stimclip: autoDraw = False
685.1703 	EXP 	agree: markerPos = None
685.1703 	EXP 	agree: markerPos = None
685.1703 	EXP 	text: height = 60.0
685.1703 	EXP 	text: height = 60.0
685.1703 	EXP 	text: height = 60.0
685.1703 	EXP 	text: text = 'I feel sad'
685.1703 	EXP 	agree: autoDraw = True
685.1703 	EXP 	text: autoDraw = True
688.8219 	DATA 	Mouse: Left button down, pos=(1549,417)
688.8385 	EXP 	agree: markerPos = 4.9832167832167835
688.8545 	EXP 	agree: markerPos = 4.9832167832167835
688.8718 	EXP 	agree: markerPos = 4.9832167832167835
688.8881 	EXP 	agree: markerPos = 4.9832167832167835
688.9047 	EXP 	agree: markerPos = 4.9832167832167835
688.9212 	EXP 	agree: markerPos = 4.9832167832167835
688.9382 	EXP 	agree: markerPos = 4.9832167832167835
688.9387 	DATA 	Mouse:  Left button up, pos=(1549,417)
688.9545 	EXP 	agree: markerPos = 5.0
688.9719 	EXP 	agree: autoDraw = False
688.9719 	EXP 	text: autoDraw = False
688.9719 	EXP 	Three: autoDraw = True
689.9722 	EXP 	Three: autoDraw = False
689.9722 	EXP 	Two: autoDraw = True
690.9728 	EXP 	Two: autoDraw = False
690.9728 	EXP 	One: autoDraw = True
692.2351 	EXP 	One: autoDraw = False
692.2351 	EXP 	Three: autoDraw = False
692.2351 	EXP 	Two: autoDraw = False
692.2351 	EXP 	One: autoDraw = False
692.2351 	EXP 	neutralVideoClip: autoDraw = True
754.2311 	EXP 	New trial (rep=0, index=5): {'mainIndex': 5, 'stim': 'videos\\6 horror\\conjuring.mp4', 'emotion': 'horror', 'neutralvideo': 'neutral_videos\\6BlowingLeafs.mp4'}
754.2337 	EXP 	neutralVideoClip: autoDraw = False
754.2337 	EXP 	Three: autoDraw = True
755.2368 	EXP 	Three: autoDraw = False
755.2368 	EXP 	Two: autoDraw = True
756.2374 	EXP 	Two: autoDraw = False
756.2374 	EXP 	One: autoDraw = True
757.5170 	EXP 	One: autoDraw = False
757.5170 	EXP 	Three: autoDraw = False
757.5170 	EXP 	Two: autoDraw = False
757.5170 	EXP 	One: autoDraw = False
757.5170 	EXP 	stimclip: autoDraw = True
822.4242 	EXP 	stimclip: autoDraw = False
822.4242 	EXP 	agree: markerPos = None
822.4242 	EXP 	agree: markerPos = None
822.4242 	EXP 	text: height = 60.0
822.4242 	EXP 	text: height = 60.0
822.4242 	EXP 	text: height = 60.0
822.4242 	EXP 	text: text = 'I feel horror'
822.4242 	EXP 	agree: autoDraw = True
822.4242 	EXP 	text: autoDraw = True
826.6080 	DATA 	Mouse: Left button down, pos=(1192,428)
826.6226 	EXP 	agree: markerPos = 3.9846153846153847
826.6390 	EXP 	agree: markerPos = 3.9846153846153847
826.6560 	EXP 	agree: markerPos = 3.9846153846153847
826.6725 	EXP 	agree: markerPos = 3.9846153846153847
826.6893 	EXP 	agree: markerPos = 3.9846153846153847
826.7058 	EXP 	agree: markerPos = 3.9846153846153847
826.7063 	DATA 	Mouse:  Left button up, pos=(1192,428)
826.7225 	EXP 	agree: markerPos = 4.0
826.7392 	EXP 	agree: autoDraw = False
826.7392 	EXP 	text: autoDraw = False
826.7392 	EXP 	Three: autoDraw = True
827.7400 	EXP 	Three: autoDraw = False
827.7400 	EXP 	Two: autoDraw = True
828.7407 	EXP 	Two: autoDraw = False
828.7407 	EXP 	One: autoDraw = True
829.9976 	EXP 	One: autoDraw = False
829.9976 	EXP 	Three: autoDraw = False
829.9976 	EXP 	Two: autoDraw = False
829.9976 	EXP 	One: autoDraw = False
829.9976 	EXP 	neutralVideoClip: autoDraw = True
891.9607 	EXP 	New trial (rep=0, index=6): {'mainIndex': 6, 'stim': 'videos\\7 disgusted\\trainspotting.mp4', 'emotion': 'disgusted', 'neutralvideo': 'neutral_videos\\7BlowingLeafs.mp4'}
891.9634 	EXP 	neutralVideoClip: autoDraw = False
891.9634 	EXP 	Three: autoDraw = True
892.9712 	EXP 	Three: autoDraw = False
892.9712 	EXP 	Two: autoDraw = True
893.9719 	EXP 	Two: autoDraw = False
893.9719 	EXP 	One: autoDraw = True
895.2598 	EXP 	One: autoDraw = False
895.2598 	EXP 	Three: autoDraw = False
895.2598 	EXP 	Two: autoDraw = False
895.2598 	EXP 	One: autoDraw = False
895.2598 	EXP 	stimclip: autoDraw = True
955.2906 	EXP 	stimclip: autoDraw = False
955.2906 	EXP 	agree: markerPos = None
955.2906 	EXP 	agree: markerPos = None
955.2906 	EXP 	text: height = 60.0
955.2906 	EXP 	text: height = 60.0
955.2906 	EXP 	text: height = 60.0
955.2906 	EXP 	text: text = 'I feel disgusted'
955.2906 	EXP 	agree: autoDraw = True
955.2906 	EXP 	text: autoDraw = True
958.6442 	DATA 	Mouse: Left button down, pos=(1552,430)
958.6695 	EXP 	agree: markerPos = 4.991608391608391
958.6862 	EXP 	agree: markerPos = 4.991608391608391
958.7027 	EXP 	agree: markerPos = 4.991608391608391
958.7127 	DATA 	Mouse:  Left button up, pos=(1552,430)
958.7195 	EXP 	agree: markerPos = 4.991608391608391
958.7361 	EXP 	agree: markerPos = 5.0
958.7531 	EXP 	agree: autoDraw = False
958.7531 	EXP 	text: autoDraw = False
958.7531 	EXP 	Three: autoDraw = True
959.7535 	EXP 	Three: autoDraw = False
959.7535 	EXP 	Two: autoDraw = True
960.7544 	EXP 	Two: autoDraw = False
960.7544 	EXP 	One: autoDraw = True
962.0313 	EXP 	One: autoDraw = False
962.0313 	EXP 	Three: autoDraw = False
962.0313 	EXP 	Two: autoDraw = False
962.0313 	EXP 	One: autoDraw = False
962.0313 	EXP 	neutralVideoClip: autoDraw = True
1023.8756 	EXP 	New trial (rep=0, index=7): {'mainIndex': 7, 'stim': 'videos\\8 angry\\1 animals\\angrydogs.mp4', 'emotion': 'angry', 'neutralvideo': 'neutral_videos\\8BlowingLeafs.mp4'}
1023.8781 	EXP 	neutralVideoClip: autoDraw = False
1023.8781 	EXP 	Three: autoDraw = True
1024.8851 	EXP 	Three: autoDraw = False
1024.8851 	EXP 	Two: autoDraw = True
1025.8855 	EXP 	Two: autoDraw = False
1025.8855 	EXP 	One: autoDraw = True
1027.1921 	EXP 	One: autoDraw = False
1027.1921 	EXP 	Three: autoDraw = False
1027.1921 	EXP 	Two: autoDraw = False
1027.1921 	EXP 	One: autoDraw = False
1027.1921 	EXP 	stimclip: autoDraw = True
1092.3312 	EXP 	stimclip: autoDraw = False
1092.3312 	EXP 	agree: markerPos = None
1092.3312 	EXP 	agree: markerPos = None
1092.3312 	EXP 	text: height = 60.0
1092.3312 	EXP 	text: height = 60.0
1092.3312 	EXP 	text: height = 60.0
1092.3312 	EXP 	text: text = 'I feel angry'
1092.3312 	EXP 	agree: autoDraw = True
1092.3312 	EXP 	text: autoDraw = True
1095.4538 	DATA 	Mouse: Left button down, pos=(1554,424)
1095.4722 	EXP 	agree: markerPos = 4.997202797202798
1095.4864 	EXP 	agree: markerPos = 4.997202797202798
1095.5031 	EXP 	agree: markerPos = 4.997202797202798
1095.5198 	EXP 	agree: markerPos = 4.997202797202798
1095.5365 	EXP 	agree: markerPos = 4.997202797202798
1095.5499 	DATA 	Mouse:  Left button up, pos=(1554,424)
1095.5532 	EXP 	agree: markerPos = 4.997202797202798
1095.5699 	EXP 	agree: markerPos = 5.0
1095.5866 	EXP 	agree: autoDraw = False
1095.5866 	EXP 	text: autoDraw = False
1095.5866 	EXP 	Three: autoDraw = True
1096.5874 	EXP 	Three: autoDraw = False
1096.5874 	EXP 	Two: autoDraw = True
1097.5883 	EXP 	Two: autoDraw = False
1097.5883 	EXP 	One: autoDraw = True
1098.8784 	EXP 	One: autoDraw = False
1098.8784 	EXP 	Three: autoDraw = False
1098.8784 	EXP 	Two: autoDraw = False
1098.8784 	EXP 	One: autoDraw = False
1098.8784 	EXP 	neutralVideoClip: autoDraw = True
1107.2711 	EXP 	neutralVideoClip: autoDraw = False
1107.2712 	EXP 	emotionRecognition: status = STOPPED
1107.4226 	EXP 	window1: mouseVisible = True
