45.3791 	EXP 	Created window1 = Window(allowGUI=True, allowStencil=False, autoLog=True, backendConf=UNKNOWN, backgroundFit=<method-wrapper '__getattribute__' of attributeSetter object at 0x00000271343E7D90>, backgroundImage=<method-wrapper '__getattribute__' of attributeSetter object at 0x00000271343E7D30>, bitsMode=UNKNOWN, blendMode='avg', bpc=(8, 8, 8), color=array([0, 0, 0]), colorSpace='rgb', depthBits=8, fullscr=<method-wrapper '__getattribute__' of attributeSetter object at 0x00000271343E7B50>, gamma=None, gammaErrorPolicy='raise', lms=UNKNOWN, monitor=<psychopy.monitors.calibTools.Monitor object at 0x000002717FA7ACD0>, multiSample=False, name='window1', numSamples=2, pos=(1920, 33), screen=0, size=array([1680, 1050]), stencilBits=0, stereo=False, title='PsychoPy', units='pix', useFBO=True, useRetina=False, viewOri=0.0, viewPos=None, viewScale=None, waitBlanking=True, winType='pyglet')
45.3791 	EXP 	window1: mouseVisible = True
45.3791 	EXP 	window1: backgroundImage = ''
45.3791 	EXP 	window1: backgroundFit = 'none'
45.3806 	EXP 	window1: Attempting to measure frame rate of screen (0) ...
45.3806 	EXP 	window1: recordFrameIntervals = False
45.5449 	EXP 	window1: recordFrameIntervals = True
45.7283 	EXP 	Screen (0) actual frame rate measured at 60.07Hz
45.7284 	EXP 	window1: recordFrameIntervals = False
45.7284 	EXP 	window1: mouseVisible = False
48.6042 	EXP 	emotionRecognition: status = STARTED
48.6348 	EXP 	window1: mouseVisible = True
48.9975 	EXP 	Created instructions = TextStim(__class__=<class 'psychopy.visual.text.TextStim'>, alignHoriz=method-wrapper(...), alignText='center', alignVert=method-wrapper(...), anchorHoriz='center', anchorVert='center', antialias=True, autoDraw=False, autoLog=True, bold=False, color=array([1., 1., 1.]), colorSpace='rgb', contrast=1.0, depth=0.0, draggable=False, flipHoriz=False, flipVert=False, font='Arial', fontFiles=[], height=40.0, italic=False, languageStyle='LTR', name='instructions', opacity=1.0, ori=0.0, pos=array([  0., 420.]), rgb=UNKNOWN, text=str(...), units='pix', win=Window(...), wrapWidth=1120.0)
48.9976 	EXP 	window1: mouseVisible = True
49.0001 	EXP 	Created option1Text = TextStim(__class__=<class 'psychopy.visual.text.TextStim'>, alignHoriz=method-wrapper(...), alignText='center', alignVert=method-wrapper(...), anchorHoriz='center', anchorVert='center', antialias=True, autoDraw=False, autoLog=True, bold=False, color=array([1., 1., 1.]), colorSpace='rgb', contrast=1.0, depth=-1.0, draggable=False, flipHoriz=False, flipVert=False, font='Open Sans', fontFiles=[], height=40.0, italic=False, languageStyle='LTR', name='option1Text', opacity=1.0, ori=0.0, pos=array([-560., -300.]), rgb=UNKNOWN, text='', units='pix', win=Window(...), wrapWidth=500)
49.0002 	EXP 	window1: mouseVisible = True
49.0211 	EXP 	Created option1Image = ImageStim(__class__=<class 'psychopy.visual.image.ImageStim'>, anchor=('center', 'center'), autoLog=True, color=array([1., 1., 1.]), colorSpace='rgb', contrast=1.0, depth=-2.0, draggable=False, flipHoriz=False, flipVert=False, image='default.png', interpolate=True, mask=None, maskParams=None, name='option1Image', opacity=1.0, ori=0.0, pos=array([-560.,    0.]), size=array([336., 336.]), texRes=128.0, units='pix', win=Window(...))
49.0213 	EXP 	window1: mouseVisible = True
49.0229 	EXP 	Created option2Text = TextStim(__class__=<class 'psychopy.visual.text.TextStim'>, alignHoriz=method-wrapper(...), alignText='center', alignVert=method-wrapper(...), anchorHoriz='center', anchorVert='center', antialias=True, autoDraw=False, autoLog=True, bold=False, color=array([1., 1., 1.]), colorSpace='rgb', contrast=1.0, depth=-3.0, draggable=False, flipHoriz=False, flipVert=False, font='Open Sans', fontFiles=[], height=40.0, italic=False, languageStyle='LTR', name='option2Text', opacity=1.0, ori=0.0, pos=array([   0., -300.]), rgb=UNKNOWN, text='', units='pix', win=Window(...), wrapWidth=500)
49.0230 	EXP 	window1: mouseVisible = True
49.0395 	EXP 	Created option2Image = ImageStim(__class__=<class 'psychopy.visual.image.ImageStim'>, anchor=('center', 'center'), autoLog=True, color=array([1., 1., 1.]), colorSpace='rgb', contrast=1.0, depth=-4.0, draggable=False, flipHoriz=False, flipVert=False, image='default.png', interpolate=True, mask=None, maskParams=None, name='option2Image', opacity=1.0, ori=0.0, pos=array([0., 0.]), size=array([336., 336.]), texRes=128.0, units='pix', win=Window(...))
49.0396 	EXP 	window1: mouseVisible = True
49.0408 	EXP 	Created option3Text = TextStim(__class__=<class 'psychopy.visual.text.TextStim'>, alignHoriz=method-wrapper(...), alignText='center', alignVert=method-wrapper(...), anchorHoriz='center', anchorVert='center', antialias=True, autoDraw=False, autoLog=True, bold=False, color=array([1., 1., 1.]), colorSpace='rgb', contrast=1.0, depth=-5.0, draggable=False, flipHoriz=False, flipVert=False, font='Open Sans', fontFiles=[], height=40.0, italic=False, languageStyle='LTR', name='option3Text', opacity=1.0, ori=0.0, pos=array([ 560., -300.]), rgb=UNKNOWN, text='', units='pix', win=Window(...), wrapWidth=500)
49.0409 	EXP 	window1: mouseVisible = True
49.0567 	EXP 	Created option3Image = ImageStim(__class__=<class 'psychopy.visual.image.ImageStim'>, anchor=('center', 'center'), autoLog=True, color=array([1., 1., 1.]), colorSpace='rgb', contrast=1.0, depth=-6.0, draggable=False, flipHoriz=False, flipVert=False, image='default.png', interpolate=True, mask=None, maskParams=None, name='option3Image', opacity=1.0, ori=0.0, pos=array([560.,   0.]), size=array([336., 336.]), texRes=128.0, units='pix', win=Window(...))
49.0568 	EXP 	window1: mouseVisible = True
49.0568 	EXP 	window1: mouseVisible = True
49.0569 	EXP 	window1: mouseVisible = True
50.4638 	EXP 	window1: mouseVisible = True
50.4892 	EXP 	Created text_click_to_continue = TextStim(__class__=<class 'psychopy.visual.text.TextStim'>, alignHoriz=method-wrapper(...), alignText='center', alignVert=method-wrapper(...), anchorHoriz='center', anchorVert='center', antialias=True, autoDraw=False, autoLog=True, bold=False, color=array([1., 1., 1.]), colorSpace='rgb', contrast=1.0, depth=0.0, draggable=False, flipHoriz=False, flipVert=False, font='Open Sans', fontFiles=[], height=60.0, italic=False, languageStyle='LTR', name='text_click_to_continue', opacity=1.0, ori=0.0, pos=array([0., 0.]), rgb=UNKNOWN, text='Click anywhere to continue', units='pix', win=Window(...), wrapWidth=1500.0)
50.4893 	EXP 	window1: mouseVisible = True
50.4894 	EXP 	window1: mouseVisible = True
50.5055 	EXP 	Created Three = TextStim(__class__=<class 'psychopy.visual.text.TextStim'>, alignHoriz=method-wrapper(...), alignText='center', alignVert=method-wrapper(...), anchorHoriz='center', anchorVert='center', antialias=True, autoDraw=False, autoLog=True, bold=False, color=array([1., 1., 1.]), colorSpace='rgb', contrast=1.0, depth=0.0, draggable=False, flipHoriz=False, flipVert=False, font='Open Sans', fontFiles=[], height=180.0, italic=False, languageStyle='LTR', name='Three', opacity=1.0, ori=0.0, pos=array([0., 0.]), rgb=UNKNOWN, text='3', units='pix', win=Window(...), wrapWidth=500)
50.5056 	EXP 	window1: mouseVisible = True
50.5104 	EXP 	Created Two = TextStim(__class__=<class 'psychopy.visual.text.TextStim'>, alignHoriz=method-wrapper(...), alignText='center', alignVert=method-wrapper(...), anchorHoriz='center', anchorVert='center', antialias=True, autoDraw=False, autoLog=True, bold=False, color=array([1., 1., 1.]), colorSpace='rgb', contrast=1.0, depth=-1.0, draggable=False, flipHoriz=False, flipVert=False, font='Open Sans', fontFiles=[], height=180.0, italic=False, languageStyle='LTR', name='Two', opacity=1.0, ori=0.0, pos=array([0., 0.]), rgb=UNKNOWN, text='2', units='pix', win=Window(...), wrapWidth=500)
50.5105 	EXP 	window1: mouseVisible = True
50.5156 	EXP 	Created One = TextStim(__class__=<class 'psychopy.visual.text.TextStim'>, alignHoriz=method-wrapper(...), alignText='center', alignVert=method-wrapper(...), anchorHoriz='center', anchorVert='center', antialias=True, autoDraw=False, autoLog=True, bold=False, color=array([1., 1., 1.]), colorSpace='rgb', contrast=1.0, depth=-2.0, draggable=False, flipHoriz=False, flipVert=False, font='Open Sans', fontFiles=[], height=180.0, italic=False, languageStyle='LTR', name='One', opacity=1.0, ori=0.0, pos=array([0., 0.]), rgb=UNKNOWN, text='1', units='pix', win=Window(...), wrapWidth=500)
50.5157 	EXP 	window1: mouseVisible = True
50.5160 	EXP 	window1: mouseVisible = True
50.5287 	EXP 	window1: mouseVisible = True
50.5295 	EXP 	window1: mouseVisible = True
50.5345 	EXP 	window1: mouseVisible = True
50.5347 	EXP 	window1: mouseVisible = True
50.5351 	EXP 	window1: mouseVisible = True
50.5356 	EXP 	window1: mouseVisible = True
50.5732 	EXP 	window1: mouseVisible = True
50.5733 	EXP 	window1: mouseVisible = True
50.5738 	EXP 	window1: mouseVisible = True
50.5743 	EXP 	window1: mouseVisible = True
50.5955 	EXP 	window1: mouseVisible = True
50.5957 	EXP 	window1: mouseVisible = True
50.5961 	EXP 	window1: mouseVisible = True
50.5967 	EXP 	window1: mouseVisible = True
50.6156 	EXP 	window1: mouseVisible = True
50.6158 	EXP 	window1: mouseVisible = True
50.6163 	EXP 	window1: mouseVisible = True
50.6167 	EXP 	window1: mouseVisible = True
50.6203 	EXP 	window1: mouseVisible = True
50.6204 	EXP 	window1: mouseVisible = True
50.6211 	EXP 	window1: mouseVisible = True
50.6216 	EXP 	window1: mouseVisible = True
50.6305 	EXP 	window1: mouseVisible = True
50.6307 	EXP 	window1: mouseVisible = True
50.6314 	EXP 	window1: mouseVisible = True
50.6318 	EXP 	window1: mouseVisible = True
50.6352 	EXP 	window1: mouseVisible = True
50.6354 	EXP 	window1: mouseVisible = True
50.6358 	EXP 	window1: mouseVisible = True
50.6363 	EXP 	window1: mouseVisible = True
50.6426 	EXP 	window1: mouseVisible = True
50.6427 	EXP 	window1: mouseVisible = True
50.6431 	EXP 	window1: mouseVisible = True
50.6435 	EXP 	window1: mouseVisible = True
50.6472 	EXP 	window1: mouseVisible = True
50.6473 	EXP 	window1: mouseVisible = True
50.6478 	EXP 	window1: mouseVisible = True
50.6483 	EXP 	window1: mouseVisible = True
50.6525 	EXP 	window1: mouseVisible = True
50.6526 	EXP 	window1: mouseVisible = True
50.6531 	EXP 	window1: mouseVisible = True
50.6535 	EXP 	window1: mouseVisible = True
50.6568 	EXP 	window1: mouseVisible = True
50.6607 	EXP 	window1: mouseVisible = True
50.7147 	EXP 	Created agree = Slider(__class__=<class 'psychopy.visual.slider.Slider'>, autoDraw=False, autoLog=True, borderColor=None, color=None, colorSpace='rgb', depth=-1, fillColor=None, flip=False, font='Open Sans', granularity=1.0, labelColor=None, labelHeight=25.0, labelWrapWidth=None, labels=tuple(...), lineColor=None, markerColor=None, name='agree', opacity=None, ori=0.0, pos=array([   0., -100.]), readOnly=False, self=UNKNOWN, size=array([1430.,   50.]), startValue=None, style='rating', styleTweaks=[], ticks=array([1, 2, 3, 4, 5]), units='pix', win=Window(...))
50.7149 	EXP 	window1: mouseVisible = True
50.7161 	EXP 	Created text = TextStim(__class__=<class 'psychopy.visual.text.TextStim'>, alignHoriz=method-wrapper(...), alignText='center', alignVert=method-wrapper(...), anchorHoriz='center', anchorVert='center', antialias=True, autoDraw=False, autoLog=True, bold=False, color=array([1., 1., 1.]), colorSpace='rgb', contrast=1.0, depth=-2.0, draggable=False, flipHoriz=False, flipVert=False, font='Open Sans', fontFiles=[], height=60.0, italic=False, languageStyle='LTR', name='text', opacity=1.0, ori=0.0, pos=array([  0., 300.]), rgb=UNKNOWN, text='', units='pix', win=Window(...), wrapWidth=1480)
50.7162 	EXP 	window1: mouseVisible = True
50.7187 	EXP 	Created Three = TextStim(__class__=<class 'psychopy.visual.text.TextStim'>, alignHoriz=method-wrapper(...), alignText='center', alignVert=method-wrapper(...), anchorHoriz='center', anchorVert='center', antialias=True, autoDraw=False, autoLog=True, bold=False, color=array([1., 1., 1.]), colorSpace='rgb', contrast=1.0, depth=0.0, draggable=False, flipHoriz=False, flipVert=False, font='Open Sans', fontFiles=[], height=180.0, italic=False, languageStyle='LTR', name='Three', opacity=1.0, ori=0.0, pos=array([0., 0.]), rgb=UNKNOWN, text='3', units='pix', win=Window(...), wrapWidth=500)
50.7188 	EXP 	window1: mouseVisible = True
50.7207 	EXP 	Created Two = TextStim(__class__=<class 'psychopy.visual.text.TextStim'>, alignHoriz=method-wrapper(...), alignText='center', alignVert=method-wrapper(...), anchorHoriz='center', anchorVert='center', antialias=True, autoDraw=False, autoLog=True, bold=False, color=array([1., 1., 1.]), colorSpace='rgb', contrast=1.0, depth=-1.0, draggable=False, flipHoriz=False, flipVert=False, font='Open Sans', fontFiles=[], height=180.0, italic=False, languageStyle='LTR', name='Two', opacity=1.0, ori=0.0, pos=array([0., 0.]), rgb=UNKNOWN, text='2', units='pix', win=Window(...), wrapWidth=500)
50.7209 	EXP 	window1: mouseVisible = True
50.7229 	EXP 	Created One = TextStim(__class__=<class 'psychopy.visual.text.TextStim'>, alignHoriz=method-wrapper(...), alignText='center', alignVert=method-wrapper(...), anchorHoriz='center', anchorVert='center', antialias=True, autoDraw=False, autoLog=True, bold=False, color=array([1., 1., 1.]), colorSpace='rgb', contrast=1.0, depth=-2.0, draggable=False, flipHoriz=False, flipVert=False, font='Open Sans', fontFiles=[], height=180.0, italic=False, languageStyle='LTR', name='One', opacity=1.0, ori=0.0, pos=array([0., 0.]), rgb=UNKNOWN, text='1', units='pix', win=Window(...), wrapWidth=500)
50.7230 	EXP 	window1: mouseVisible = True
50.7233 	EXP 	window1: mouseVisible = True
0.1204 	EXP 	movie: autoLog = True
0.1204 	EXP 	stimclip: autoLog = True
0.1204 	EXP 	agree: autoLog = True
0.1204 	EXP 	agree: styleTweaks = []
0.1204 	EXP 	agree: styleTweaks = []
0.1204 	EXP 	agree: styleTweaks = []
0.1204 	EXP 	agree: styleTweaks = []
0.1204 	EXP 	agree: contrast = 1.0
0.1204 	EXP 	agree: markerPos = None
0.1204 	EXP 	agree: autoLog = True
0.1204 	EXP 	neutralVideoClip: autoLog = True
0.1213 	EXP 	Created sequence: sequential, trialTypes=4, nReps=1, seed=None
0.1215 	EXP 	New trial (rep=0, index=0): {'mainIndex': 0, 'emotion': '1 excited', 'image1': 'videos\\1 excited\\1 motorsports\\motorsports.jpg', 'text1': 'motorsports', 'stimuli1': 'videos\\1 excited\\1 motorsports\\kenMiles.mp4', 'image2': 'videos\\1 excited\\2 sports\\sport.jpg', 'text2': 'sports', 'stimuli2': 'videos\\1 excited\\2 sports\\NBA.mp4', 'image3': 'videos\\1 excited\\3 general\\I am not sure.jpg', 'text3': 'general', 'stimuli3': 'videos\\1 excited\\3 general\\ratatChaseScene.mp4'}
0.2306 	EXP 	option1Text: height = 40.0
0.2306 	EXP 	option1Text: height = 40.0
0.2306 	EXP 	option1Text: height = 40.0
0.2306 	EXP 	option1Text: text = 'motorsports'
0.2306 	EXP 	option1Image: image = 'videos\\1 excited\\1 motorsports\\motorsports.jpg'
0.2306 	EXP 	option2Text: height = 40.0
0.2306 	EXP 	option2Text: height = 40.0
0.2306 	EXP 	option2Text: height = 40.0
0.2306 	EXP 	option2Text: text = 'sports'
0.2306 	EXP 	option2Image: image = 'videos\\1 excited\\2 sports\\sport.jpg'
0.2306 	EXP 	option3Text: height = 40.0
0.2306 	EXP 	option3Text: height = 40.0
0.2306 	EXP 	option3Text: height = 40.0
0.2306 	EXP 	option3Text: text = 'general'
0.2306 	EXP 	option3Image: image = 'videos\\1 excited\\3 general\\I am not sure.jpg'
0.2306 	EXP 	instructions: autoDraw = True
0.2306 	EXP 	option1Text: autoDraw = True
0.2306 	EXP 	option1Image: autoDraw = True
0.2306 	EXP 	option2Text: autoDraw = True
0.2306 	EXP 	option2Image: autoDraw = True
0.2306 	EXP 	option3Text: autoDraw = True
0.2306 	EXP 	option3Image: autoDraw = True
2.9942 	DATA 	Mouse: Left button down, pos=(922,553)
3.0001 	EXP 	New trial (rep=0, index=1): {'mainIndex': 3, 'emotion': '4 relaxed', 'image1': None, 'text1': 'meditation', 'stimuli1': 'videos\\4 relaxed\\1 meditation\\meditation.mp4', 'image2': None, 'text2': 'nature', 'stimuli2': 'videos\\4 relaxed\\2 nature\\waterfall.mp4', 'image3': None, 'text3': 'general', 'stimuli3': 'videos\\4 relaxed\\3 general\\asmr.mkv'}
3.0116 	EXP 	instructions: autoDraw = False
3.0116 	EXP 	option1Text: autoDraw = False
3.0116 	EXP 	option1Image: autoDraw = False
3.0116 	EXP 	option2Text: autoDraw = False
3.0116 	EXP 	option2Image: autoDraw = False
3.0116 	EXP 	option3Text: autoDraw = False
3.0116 	EXP 	option3Image: autoDraw = False
3.0116 	EXP 	option1Text: height = 40.0
3.0116 	EXP 	option1Text: height = 40.0
3.0116 	EXP 	option1Text: height = 40.0
3.0116 	EXP 	option1Text: text = 'meditation'
3.0116 	EXP 	option1Image: image = None
3.0116 	EXP 	option2Text: height = 40.0
3.0116 	EXP 	option2Text: height = 40.0
3.0116 	EXP 	option2Text: height = 40.0
3.0116 	EXP 	option2Text: text = 'nature'
3.0116 	EXP 	option2Image: image = None
3.0116 	EXP 	option3Text: text = 'general'
3.0116 	EXP 	option3Image: image = None
3.0116 	EXP 	instructions: autoDraw = True
3.0116 	EXP 	option1Text: autoDraw = True
3.0116 	EXP 	option1Image: autoDraw = True
3.0116 	EXP 	option2Text: autoDraw = True
3.0116 	EXP 	option2Image: autoDraw = True
3.0116 	EXP 	option3Text: autoDraw = True
3.0116 	EXP 	option3Image: autoDraw = True
3.0636 	DATA 	Mouse:  Left button up, pos=(922,553)
10.0660 	DATA 	Mouse: Left button down, pos=(818,446)
10.0681 	EXP 	New trial (rep=0, index=2): {'mainIndex': 4, 'emotion': '5 sad', 'image1': 'videos\\5 sad\\1 animals\\cutepets.jpg', 'text1': 'animals', 'stimuli1': 'videos\\5 sad\\1 animals\\saddogs.mp4', 'image2': 'videos\\5 sad\\2 babies\\baby.jpg', 'text2': 'babies', 'stimuli2': 'videos\\5 sad\\2 babies\\sadBaby1.mp4', 'image3': 'videos\\5 sad\\3 general\\notsure.jpg', 'text3': 'general', 'stimuli3': 'videos\\5 sad\\3 general\\ChampDeath.mp4'}
10.1174 	EXP 	instructions: autoDraw = False
10.1174 	EXP 	option1Text: autoDraw = False
10.1174 	EXP 	option1Image: autoDraw = False
10.1174 	EXP 	option2Text: autoDraw = False
10.1174 	EXP 	option2Image: autoDraw = False
10.1174 	EXP 	option3Text: autoDraw = False
10.1174 	EXP 	option3Image: autoDraw = False
10.1174 	EXP 	option1Text: height = 40.0
10.1174 	EXP 	option1Text: height = 40.0
10.1174 	EXP 	option1Text: height = 40.0
10.1174 	EXP 	option1Text: text = 'animals'
10.1174 	EXP 	option1Image: image = 'videos\\5 sad\\1 animals\\cutepets.jpg'
10.1174 	EXP 	option2Text: height = 40.0
10.1174 	EXP 	option2Text: height = 40.0
10.1174 	EXP 	option2Text: height = 40.0
10.1174 	EXP 	option2Text: text = 'babies'
10.1174 	EXP 	option2Image: image = 'videos\\5 sad\\2 babies\\baby.jpg'
10.1174 	EXP 	option3Text: text = 'general'
10.1174 	EXP 	option3Image: image = 'videos\\5 sad\\3 general\\notsure.jpg'
10.1174 	EXP 	instructions: autoDraw = True
10.1174 	EXP 	option1Text: autoDraw = True
10.1174 	EXP 	option1Image: autoDraw = True
10.1174 	EXP 	option2Text: autoDraw = True
10.1174 	EXP 	option2Image: autoDraw = True
10.1174 	EXP 	option3Text: autoDraw = True
10.1174 	EXP 	option3Image: autoDraw = True
10.1524 	DATA 	Mouse:  Left button up, pos=(818,446)
15.0703 	DATA 	Mouse: Left button down, pos=(426,492)
15.0724 	EXP 	New trial (rep=0, index=3): {'mainIndex': 7, 'emotion': '8 angry', 'image1': 'videos\\8 angry\\1 animals\\cutepets.jpg', 'text1': 'animals', 'stimuli1': 'videos\\8 angry\\1 animals\\angrydogs.mp4', 'image2': 'videos\\8 angry\\2 general\\notsure.jpg', 'text2': 'general', 'stimuli2': 'videos\\8 angry\\2 general\\thepiano.mp4', 'image3': None, 'text3': '', 'stimuli3': None}
15.1283 	DATA 	Mouse:  Left button up, pos=(426,492)
15.1328 	EXP 	instructions: autoDraw = False
15.1328 	EXP 	option1Text: autoDraw = False
15.1328 	EXP 	option1Image: autoDraw = False
15.1328 	EXP 	option2Text: autoDraw = False
15.1328 	EXP 	option2Image: autoDraw = False
15.1328 	EXP 	option3Text: autoDraw = False
15.1328 	EXP 	option3Image: autoDraw = False
15.1328 	EXP 	option1Text: text = 'animals'
15.1328 	EXP 	option1Image: image = 'videos\\8 angry\\1 animals\\cutepets.jpg'
15.1328 	EXP 	option2Text: height = 40.0
15.1328 	EXP 	option2Text: height = 40.0
15.1328 	EXP 	option2Text: height = 40.0
15.1328 	EXP 	option2Text: text = 'general'
15.1328 	EXP 	option2Image: image = 'videos\\8 angry\\2 general\\notsure.jpg'
15.1328 	EXP 	option3Text: height = 40.0
15.1328 	EXP 	option3Text: height = 40.0
15.1328 	EXP 	option3Text: height = 40.0
15.1328 	EXP 	option3Text: text = ''
15.1328 	EXP 	option3Image: image = None
15.1328 	EXP 	instructions: autoDraw = True
15.1328 	EXP 	option1Text: autoDraw = True
15.1328 	EXP 	option1Image: autoDraw = True
15.1328 	EXP 	option2Text: autoDraw = True
15.1328 	EXP 	option2Image: autoDraw = True
15.1328 	EXP 	option3Text: autoDraw = True
15.1328 	EXP 	option3Image: autoDraw = True
18.4390 	DATA 	Mouse: Left button down, pos=(426,492)
18.4835 	EXP 	instructions: autoDraw = False
18.4835 	EXP 	option1Text: autoDraw = False
18.4835 	EXP 	option1Image: autoDraw = False
18.4835 	EXP 	option2Text: autoDraw = False
18.4835 	EXP 	option2Image: autoDraw = False
18.4835 	EXP 	option3Text: autoDraw = False
18.4835 	EXP 	option3Image: autoDraw = False
18.4835 	EXP 	movie: autoDraw = True
18.5234 	DATA 	Mouse:  Left button up, pos=(426,492)
58.9443 	EXP 	movie: autoDraw = False
58.9443 	EXP 	text_click_to_continue: autoDraw = True
60.9875 	DATA 	Mouse: Left button down, pos=(427,492)
60.9884 	EXP 	Created sequence: sequential, trialTypes=8, nReps=1, seed=None
60.9885 	EXP 	New trial (rep=0, index=0): {'mainIndex': 0, 'stim': 'videos\\1 excited\\2 sports\\NBA.mp4', 'emotion': 'excited', 'neutralvideo': 'neutral_videos\\2BlowingLeafs (1).mp4'}
61.0037 	EXP 	text_click_to_continue: autoDraw = False
61.0037 	EXP 	Three: autoDraw = True
61.1050 	DATA 	Mouse:  Left button up, pos=(427,492)
61.9873 	EXP 	Two: autoDraw = True
62.0039 	EXP 	Three: autoDraw = False
62.9880 	EXP 	Two: autoDraw = False
62.9880 	EXP 	One: autoDraw = True
64.1297 	EXP 	One: autoDraw = False
64.1297 	EXP 	Three: autoDraw = False
64.1297 	EXP 	Two: autoDraw = False
64.1297 	EXP 	One: autoDraw = False
64.1297 	EXP 	stimclip: autoDraw = True
134.2073 	EXP 	stimclip: autoDraw = False
134.2073 	EXP 	agree: markerPos = None
134.2073 	EXP 	agree: markerPos = None
134.2073 	EXP 	text: height = 60.0
134.2073 	EXP 	text: height = 60.0
134.2073 	EXP 	text: height = 60.0
134.2073 	EXP 	text: text = 'I feel excited'
134.2073 	EXP 	agree: autoDraw = True
134.2073 	EXP 	text: autoDraw = True
137.4934 	DATA 	Mouse: Left button down, pos=(1201,415)
137.5093 	EXP 	agree: markerPos = 4.00979020979021
137.5262 	EXP 	agree: markerPos = 4.00979020979021
137.5428 	EXP 	agree: markerPos = 4.00979020979021
137.5593 	EXP 	agree: markerPos = 4.00979020979021
137.5760 	EXP 	agree: markerPos = 4.00979020979021
137.5770 	DATA 	Mouse:  Left button up, pos=(1201,415)
137.5928 	EXP 	agree: markerPos = 4.0
137.6095 	EXP 	agree: autoDraw = False
137.6095 	EXP 	text: autoDraw = False
137.6095 	EXP 	Three: autoDraw = True
138.6102 	EXP 	Three: autoDraw = False
138.6102 	EXP 	Two: autoDraw = True
139.6110 	EXP 	Two: autoDraw = False
139.6110 	EXP 	One: autoDraw = True
140.7125 	EXP 	One: autoDraw = False
140.7125 	EXP 	Three: autoDraw = False
140.7125 	EXP 	Two: autoDraw = False
140.7125 	EXP 	One: autoDraw = False
140.7125 	EXP 	neutralVideoClip: autoDraw = True
202.7739 	EXP 	New trial (rep=0, index=1): {'mainIndex': 1, 'stim': 'videos\\2 happy\\scooby.mp4', 'emotion': 'happy', 'neutralvideo': 'neutral_videos\\2BlowingLeafs (2).mp4'}
202.7766 	EXP 	neutralVideoClip: autoDraw = False
202.7766 	EXP 	Three: autoDraw = True
203.7748 	EXP 	Two: autoDraw = True
203.7920 	EXP 	Three: autoDraw = False
204.7756 	EXP 	Two: autoDraw = False
204.7756 	EXP 	One: autoDraw = True
206.0461 	EXP 	One: autoDraw = False
206.0461 	EXP 	Three: autoDraw = False
206.0461 	EXP 	Two: autoDraw = False
206.0461 	EXP 	One: autoDraw = False
206.0461 	EXP 	stimclip: autoDraw = True
266.2945 	EXP 	stimclip: autoDraw = False
266.2945 	EXP 	agree: markerPos = None
266.2945 	EXP 	agree: markerPos = None
266.2945 	EXP 	text: height = 60.0
266.2945 	EXP 	text: height = 60.0
266.2945 	EXP 	text: height = 60.0
266.2945 	EXP 	text: text = 'I feel happy'
266.2945 	EXP 	agree: autoDraw = True
266.2945 	EXP 	text: autoDraw = True
269.1312 	DATA 	Mouse: Left button down, pos=(1543,426)
269.1562 	EXP 	agree: markerPos = 4.966433566433566
269.1728 	EXP 	agree: markerPos = 4.966433566433566
269.1895 	EXP 	agree: markerPos = 4.966433566433566
269.2061 	EXP 	agree: markerPos = 4.966433566433566
269.2171 	DATA 	Mouse:  Left button up, pos=(1543,426)
269.2229 	EXP 	agree: markerPos = 4.966433566433566
269.2395 	EXP 	agree: markerPos = 5.0
269.2564 	EXP 	agree: autoDraw = False
269.2564 	EXP 	text: autoDraw = False
269.2564 	EXP 	Three: autoDraw = True
270.2570 	EXP 	Three: autoDraw = False
270.2570 	EXP 	Two: autoDraw = True
271.2578 	EXP 	Two: autoDraw = False
271.2578 	EXP 	One: autoDraw = True
272.5346 	EXP 	One: autoDraw = False
272.5346 	EXP 	Three: autoDraw = False
272.5346 	EXP 	Two: autoDraw = False
272.5346 	EXP 	One: autoDraw = False
272.5346 	EXP 	neutralVideoClip: autoDraw = True
334.5319 	EXP 	New trial (rep=0, index=2): {'mainIndex': 2, 'stim': 'videos\\3 motivated\\motivationalAuthor.mp4', 'emotion': 'motivated', 'neutralvideo': 'neutral_videos\\3BlowingLeafs.mp4'}
334.5345 	EXP 	neutralVideoClip: autoDraw = False
334.5345 	EXP 	Three: autoDraw = True
335.5383 	EXP 	Three: autoDraw = False
335.5383 	EXP 	Two: autoDraw = True
336.5394 	EXP 	Two: autoDraw = False
336.5394 	EXP 	One: autoDraw = True
337.8346 	EXP 	One: autoDraw = False
337.8346 	EXP 	Three: autoDraw = False
337.8346 	EXP 	Two: autoDraw = False
337.8346 	EXP 	One: autoDraw = False
337.8346 	EXP 	stimclip: autoDraw = True
405.8852 	EXP 	stimclip: autoDraw = False
405.8852 	EXP 	agree: markerPos = None
405.8852 	EXP 	agree: markerPos = None
405.8852 	EXP 	text: height = 60.0
405.8852 	EXP 	text: height = 60.0
405.8852 	EXP 	text: height = 60.0
405.8852 	EXP 	text: text = 'I feel motivated'
405.8852 	EXP 	agree: autoDraw = True
405.8852 	EXP 	text: autoDraw = True
408.9095 	DATA 	Mouse: Left button down, pos=(843,429)
408.9256 	EXP 	agree: markerPos = 3.0083916083916082
408.9422 	EXP 	agree: markerPos = 3.011188811188811
408.9589 	EXP 	agree: markerPos = 3.011188811188811
408.9756 	EXP 	agree: markerPos = 3.011188811188811
408.9922 	EXP 	agree: markerPos = 3.011188811188811
408.9930 	DATA 	Mouse:  Left button up, pos=(844,428)
409.0088 	EXP 	agree: markerPos = 3.0
409.0256 	EXP 	agree: autoDraw = False
409.0256 	EXP 	text: autoDraw = False
409.0256 	EXP 	Three: autoDraw = True
410.0264 	EXP 	Three: autoDraw = False
410.0264 	EXP 	Two: autoDraw = True
411.0276 	EXP 	Two: autoDraw = False
411.0276 	EXP 	One: autoDraw = True
412.2849 	EXP 	One: autoDraw = False
412.2849 	EXP 	Three: autoDraw = False
412.2849 	EXP 	Two: autoDraw = False
412.2849 	EXP 	One: autoDraw = False
412.2849 	EXP 	neutralVideoClip: autoDraw = True
474.1456 	EXP 	New trial (rep=0, index=3): {'mainIndex': 3, 'stim': 'videos\\4 relaxed\\2 nature\\waterfall.mp4', 'emotion': 'relaxed', 'neutralvideo': 'neutral_videos\\4BlowingLeafs.mp4'}
474.1481 	EXP 	neutralVideoClip: autoDraw = False
474.1481 	EXP 	Three: autoDraw = True
475.1576 	EXP 	Three: autoDraw = False
475.1576 	EXP 	Two: autoDraw = True
476.1591 	EXP 	Two: autoDraw = False
476.1591 	EXP 	One: autoDraw = True
477.4540 	EXP 	One: autoDraw = False
477.4540 	EXP 	Three: autoDraw = False
477.4540 	EXP 	Two: autoDraw = False
477.4540 	EXP 	One: autoDraw = False
477.4540 	EXP 	stimclip: autoDraw = True
538.0214 	EXP 	stimclip: autoDraw = False
538.0214 	EXP 	agree: markerPos = None
538.0214 	EXP 	agree: markerPos = None
538.0214 	EXP 	text: height = 60.0
538.0214 	EXP 	text: height = 60.0
538.0214 	EXP 	text: height = 60.0
538.0214 	EXP 	text: text = 'I feel relaxed'
538.0214 	EXP 	agree: autoDraw = True
538.0214 	EXP 	text: autoDraw = True
541.0565 	DATA 	Mouse: Left button down, pos=(1565,426)
541.0727 	EXP 	agree: markerPos = 5.027972027972028
541.0894 	EXP 	agree: markerPos = 5.027972027972028
541.1066 	EXP 	agree: markerPos = 5.025174825174825
541.1228 	EXP 	agree: markerPos = 5.022377622377622
541.1394 	EXP 	agree: markerPos = 5.01958041958042
541.1498 	DATA 	Mouse:  Left button up, pos=(1561,425)
541.1561 	EXP 	agree: markerPos = 5.016783216783217
541.1729 	EXP 	agree: markerPos = 5.0
541.1895 	EXP 	agree: autoDraw = False
541.1895 	EXP 	text: autoDraw = False
541.1895 	EXP 	Three: autoDraw = True
542.1905 	EXP 	Three: autoDraw = False
542.1905 	EXP 	Two: autoDraw = True
543.1909 	EXP 	Two: autoDraw = False
543.1909 	EXP 	One: autoDraw = True
544.4389 	EXP 	One: autoDraw = False
544.4389 	EXP 	Three: autoDraw = False
544.4389 	EXP 	Two: autoDraw = False
544.4389 	EXP 	One: autoDraw = False
544.4389 	EXP 	neutralVideoClip: autoDraw = True
606.4037 	EXP 	New trial (rep=0, index=4): {'mainIndex': 4, 'stim': 'videos\\5 sad\\1 animals\\saddogs.mp4', 'emotion': 'sad', 'neutralvideo': 'neutral_videos\\5BlowingLeafs.mp4'}
606.4064 	EXP 	neutralVideoClip: autoDraw = False
606.4064 	EXP 	Three: autoDraw = True
607.4055 	EXP 	Two: autoDraw = True
607.4223 	EXP 	Three: autoDraw = False
608.4056 	EXP 	Two: autoDraw = False
608.4056 	EXP 	One: autoDraw = True
609.7057 	EXP 	One: autoDraw = False
609.7057 	EXP 	Three: autoDraw = False
609.7057 	EXP 	Two: autoDraw = False
609.7057 	EXP 	One: autoDraw = False
609.7057 	EXP 	stimclip: autoDraw = True
672.6476 	EXP 	stimclip: autoDraw = False
672.6476 	EXP 	agree: markerPos = None
672.6476 	EXP 	agree: markerPos = None
672.6476 	EXP 	text: height = 60.0
672.6476 	EXP 	text: height = 60.0
672.6476 	EXP 	text: height = 60.0
672.6476 	EXP 	text: text = 'I feel sad'
672.6476 	EXP 	agree: autoDraw = True
672.6476 	EXP 	text: autoDraw = True
675.2385 	DATA 	Mouse: Left button down, pos=(1203,424)
675.2546 	EXP 	agree: markerPos = 4.015384615384615
675.2713 	EXP 	agree: markerPos = 4.015384615384615
675.2880 	EXP 	agree: markerPos = 4.015384615384615
675.3047 	EXP 	agree: markerPos = 4.015384615384615
675.3053 	DATA 	Mouse:  Left button up, pos=(1203,424)
675.3213 	EXP 	agree: markerPos = 4.0
675.3380 	EXP 	agree: autoDraw = False
675.3380 	EXP 	text: autoDraw = False
675.3380 	EXP 	Three: autoDraw = True
676.3388 	EXP 	Three: autoDraw = False
676.3388 	EXP 	Two: autoDraw = True
677.3398 	EXP 	Two: autoDraw = False
677.3398 	EXP 	One: autoDraw = True
678.6048 	EXP 	One: autoDraw = False
678.6048 	EXP 	Three: autoDraw = False
678.6048 	EXP 	Two: autoDraw = False
678.6048 	EXP 	One: autoDraw = False
678.6048 	EXP 	neutralVideoClip: autoDraw = True
740.5368 	EXP 	New trial (rep=0, index=5): {'mainIndex': 5, 'stim': 'videos\\6 horror\\conjuring.mp4', 'emotion': 'horror', 'neutralvideo': 'neutral_videos\\6BlowingLeafs.mp4'}
740.5393 	EXP 	neutralVideoClip: autoDraw = False
740.5393 	EXP 	Three: autoDraw = True
741.5368 	EXP 	Two: autoDraw = True
741.5534 	EXP 	Three: autoDraw = False
742.5379 	EXP 	Two: autoDraw = False
742.5379 	EXP 	One: autoDraw = True
743.8214 	EXP 	One: autoDraw = False
743.8214 	EXP 	Three: autoDraw = False
743.8214 	EXP 	Two: autoDraw = False
743.8214 	EXP 	One: autoDraw = False
743.8214 	EXP 	stimclip: autoDraw = True
808.7286 	EXP 	stimclip: autoDraw = False
808.7286 	EXP 	agree: markerPos = None
808.7286 	EXP 	agree: markerPos = None
808.7286 	EXP 	text: height = 60.0
808.7286 	EXP 	text: height = 60.0
808.7286 	EXP 	text: height = 60.0
808.7286 	EXP 	text: text = 'I feel horror'
808.7286 	EXP 	agree: autoDraw = True
808.7286 	EXP 	text: autoDraw = True
811.7056 	DATA 	Mouse: Left button down, pos=(1550,425)
811.7222 	EXP 	agree: markerPos = 4.986013986013986
811.7383 	EXP 	agree: markerPos = 4.986013986013986
811.7550 	EXP 	agree: markerPos = 4.986013986013986
811.7717 	EXP 	agree: markerPos = 4.986013986013986
811.7883 	EXP 	agree: markerPos = 4.986013986013986
811.7986 	DATA 	Mouse:  Left button up, pos=(1550,425)
811.8051 	EXP 	agree: markerPos = 4.986013986013986
811.8217 	EXP 	agree: markerPos = 5.0
811.8384 	EXP 	agree: autoDraw = False
811.8384 	EXP 	text: autoDraw = False
811.8384 	EXP 	Three: autoDraw = True
812.8391 	EXP 	Three: autoDraw = False
812.8391 	EXP 	Two: autoDraw = True
813.8235 	EXP 	One: autoDraw = True
813.8399 	EXP 	Two: autoDraw = False
815.0881 	EXP 	One: autoDraw = False
815.0881 	EXP 	Three: autoDraw = False
815.0881 	EXP 	Two: autoDraw = False
815.0881 	EXP 	One: autoDraw = False
815.0881 	EXP 	neutralVideoClip: autoDraw = True
877.0854 	EXP 	New trial (rep=0, index=6): {'mainIndex': 6, 'stim': 'videos\\7 disgusted\\trainspotting.mp4', 'emotion': 'disgusted', 'neutralvideo': 'neutral_videos\\7BlowingLeafs.mp4'}
877.0880 	EXP 	neutralVideoClip: autoDraw = False
877.0880 	EXP 	Three: autoDraw = True
878.0871 	EXP 	Three: autoDraw = False
878.0871 	EXP 	Two: autoDraw = True
879.0878 	EXP 	Two: autoDraw = False
879.0878 	EXP 	One: autoDraw = True
880.3853 	EXP 	One: autoDraw = False
880.3853 	EXP 	Three: autoDraw = False
880.3853 	EXP 	Two: autoDraw = False
880.3853 	EXP 	One: autoDraw = False
880.3853 	EXP 	stimclip: autoDraw = True
940.5725 	EXP 	stimclip: autoDraw = False
940.5725 	EXP 	agree: markerPos = None
940.5725 	EXP 	agree: markerPos = None
940.5725 	EXP 	text: height = 60.0
940.5725 	EXP 	text: height = 60.0
940.5725 	EXP 	text: height = 60.0
940.5725 	EXP 	text: text = 'I feel disgusted'
940.5725 	EXP 	agree: autoDraw = True
940.5725 	EXP 	text: autoDraw = True
944.1767 	DATA 	Mouse: Left button down, pos=(1550,426)
944.2027 	EXP 	agree: markerPos = 4.986013986013986
944.2194 	EXP 	agree: markerPos = 4.986013986013986
944.2358 	EXP 	agree: markerPos = 4.986013986013986
944.2523 	EXP 	agree: markerPos = 4.986013986013986
944.2690 	EXP 	agree: markerPos = 4.986013986013986
944.2695 	DATA 	Mouse:  Left button up, pos=(1550,426)
944.2858 	EXP 	agree: markerPos = 5.0
944.3025 	EXP 	agree: autoDraw = False
944.3025 	EXP 	text: autoDraw = False
944.3025 	EXP 	Three: autoDraw = True
945.3033 	EXP 	Three: autoDraw = False
945.3033 	EXP 	Two: autoDraw = True
946.3040 	EXP 	Two: autoDraw = False
946.3040 	EXP 	One: autoDraw = True
947.5727 	EXP 	One: autoDraw = False
947.5727 	EXP 	Three: autoDraw = False
947.5727 	EXP 	Two: autoDraw = False
947.5727 	EXP 	One: autoDraw = False
947.5727 	EXP 	neutralVideoClip: autoDraw = True
1009.5020 	EXP 	New trial (rep=0, index=7): {'mainIndex': 7, 'stim': 'videos\\8 angry\\1 animals\\angrydogs.mp4', 'emotion': 'angry', 'neutralvideo': 'neutral_videos\\8BlowingLeafs.mp4'}
1009.5045 	EXP 	neutralVideoClip: autoDraw = False
1009.5045 	EXP 	Three: autoDraw = True
1010.5011 	EXP 	Two: autoDraw = True
1010.5177 	EXP 	Three: autoDraw = False
1011.5019 	EXP 	Two: autoDraw = False
1011.5019 	EXP 	One: autoDraw = True
1012.8023 	EXP 	One: autoDraw = False
1012.8023 	EXP 	Three: autoDraw = False
1012.8023 	EXP 	Two: autoDraw = False
1012.8023 	EXP 	One: autoDraw = False
1012.8023 	EXP 	stimclip: autoDraw = True
1078.1441 	EXP 	stimclip: autoDraw = False
1078.1441 	EXP 	agree: markerPos = None
1078.1441 	EXP 	agree: markerPos = None
1078.1441 	EXP 	text: height = 60.0
1078.1441 	EXP 	text: height = 60.0
1078.1441 	EXP 	text: height = 60.0
1078.1441 	EXP 	text: text = 'I feel angry'
1078.1441 	EXP 	agree: autoDraw = True
1078.1441 	EXP 	text: autoDraw = True
1082.4046 	DATA 	Mouse: Left button down, pos=(1203,427)
1082.4207 	EXP 	agree: markerPos = 4.015384615384615
1082.4373 	EXP 	agree: markerPos = 4.015384615384615
1082.4539 	EXP 	agree: markerPos = 4.015384615384615
1082.4544 	DATA 	Mouse:  Left button up, pos=(1203,427)
1082.4708 	EXP 	agree: markerPos = 4.0
1082.4874 	EXP 	agree: autoDraw = False
1082.4874 	EXP 	text: autoDraw = False
1082.4874 	EXP 	Three: autoDraw = True
1082.4887 	DATA 	Mouse: Left button down, pos=(1203,427)
1082.5224 	DATA 	Mouse:  Left button up, pos=(1203,427)
1083.4881 	EXP 	Three: autoDraw = False
1083.4881 	EXP 	Two: autoDraw = True
1084.4893 	EXP 	Two: autoDraw = False
1084.4893 	EXP 	One: autoDraw = True
1085.7493 	EXP 	One: autoDraw = False
1085.7493 	EXP 	Three: autoDraw = False
1085.7493 	EXP 	Two: autoDraw = False
1085.7493 	EXP 	One: autoDraw = False
1085.7493 	EXP 	neutralVideoClip: autoDraw = True
1094.2977 	EXP 	neutralVideoClip: autoDraw = False
1094.2978 	EXP 	emotionRecognition: status = STOPPED
1094.4615 	EXP 	window1: mouseVisible = True
