13.1239 	EXP 	Created window1 = Window(allowGUI=True, allowStencil=False, autoLog=True, backendConf=UNKNOWN, backgroundFit=<method-wrapper '__getattribute__' of attributeSetter object at 0x00000237E0032250>, backgroundImage=<method-wrapper '__getattribute__' of attributeSetter object at 0x00000237E00321F0>, bitsMode=UNKNOWN, blendMode='avg', bpc=(8, 8, 8), color=array([0, 0, 0]), colorSpace='rgb', depthBits=8, fullscr=<method-wrapper '__getattribute__' of attributeSetter object at 0x00000237E0032040>, gamma=None, gammaErrorPolicy='raise', lms=UNKNOWN, monitor=<psychopy.monitors.calibTools.Monitor object at 0x00000237C26DCEB0>, multiSample=False, name='window1', numSamples=2, pos=(1920, 33), screen=0, size=array([1680, 1050]), stencilBits=0, stereo=False, title='PsychoPy', units='pix', useFBO=True, useRetina=False, viewOri=0.0, viewPos=None, viewScale=None, waitBlanking=True, winType='pyglet')
13.1240 	EXP 	window1: mouseVisible = True
13.1240 	EXP 	window1: backgroundImage = ''
13.1240 	EXP 	window1: backgroundFit = 'none'
13.1254 	EXP 	window1: Attempting to measure frame rate of screen (0) ...
13.1254 	EXP 	window1: recordFrameIntervals = False
13.2904 	EXP 	window1: recordFrameIntervals = True
13.4739 	EXP 	Screen (0) actual frame rate measured at 60.01Hz
13.4739 	EXP 	window1: recordFrameIntervals = False
13.4740 	EXP 	window1: mouseVisible = False
16.2349 	EXP 	emotionRecognition: status = STARTED
16.2538 	EXP 	window1: mouseVisible = True
16.3504 	EXP 	Created instructions = TextStim(__class__=<class 'psychopy.visual.text.TextStim'>, alignHoriz=method-wrapper(...), alignText='center', alignVert=method-wrapper(...), anchorHoriz='center', anchorVert='center', antialias=True, autoDraw=False, autoLog=True, bold=False, color=array([1., 1., 1.]), colorSpace='rgb', contrast=1.0, depth=0.0, draggable=False, flipHoriz=False, flipVert=False, font='Arial', fontFiles=[], height=40.0, italic=False, languageStyle='LTR', name='instructions', opacity=1.0, ori=0.0, pos=array([  0., 420.]), rgb=UNKNOWN, text=str(...), units='pix', win=Window(...), wrapWidth=1120.0)
16.3505 	EXP 	window1: mouseVisible = True
16.3528 	EXP 	Created option1Text = TextStim(__class__=<class 'psychopy.visual.text.TextStim'>, alignHoriz=method-wrapper(...), alignText='center', alignVert=method-wrapper(...), anchorHoriz='center', anchorVert='center', antialias=True, autoDraw=False, autoLog=True, bold=False, color=array([1., 1., 1.]), colorSpace='rgb', contrast=1.0, depth=-1.0, draggable=False, flipHoriz=False, flipVert=False, font='Open Sans', fontFiles=[], height=40.0, italic=False, languageStyle='LTR', name='option1Text', opacity=1.0, ori=0.0, pos=array([-560., -300.]), rgb=UNKNOWN, text='', units='pix', win=Window(...), wrapWidth=500)
16.3529 	EXP 	window1: mouseVisible = True
16.3711 	EXP 	Created option1Image = ImageStim(__class__=<class 'psychopy.visual.image.ImageStim'>, anchor=('center', 'center'), autoLog=True, color=array([1., 1., 1.]), colorSpace='rgb', contrast=1.0, depth=-2.0, draggable=False, flipHoriz=False, flipVert=False, image='default.png', interpolate=True, mask=None, maskParams=None, name='option1Image', opacity=1.0, ori=0.0, pos=array([-560.,    0.]), size=array([336., 336.]), texRes=128.0, units='pix', win=Window(...))
16.3715 	EXP 	window1: mouseVisible = True
16.3728 	EXP 	Created option2Text = TextStim(__class__=<class 'psychopy.visual.text.TextStim'>, alignHoriz=method-wrapper(...), alignText='center', alignVert=method-wrapper(...), anchorHoriz='center', anchorVert='center', antialias=True, autoDraw=False, autoLog=True, bold=False, color=array([1., 1., 1.]), colorSpace='rgb', contrast=1.0, depth=-3.0, draggable=False, flipHoriz=False, flipVert=False, font='Open Sans', fontFiles=[], height=40.0, italic=False, languageStyle='LTR', name='option2Text', opacity=1.0, ori=0.0, pos=array([   0., -300.]), rgb=UNKNOWN, text='', units='pix', win=Window(...), wrapWidth=500)
16.3735 	EXP 	window1: mouseVisible = True
16.3887 	EXP 	Created option2Image = ImageStim(__class__=<class 'psychopy.visual.image.ImageStim'>, anchor=('center', 'center'), autoLog=True, color=array([1., 1., 1.]), colorSpace='rgb', contrast=1.0, depth=-4.0, draggable=False, flipHoriz=False, flipVert=False, image='default.png', interpolate=True, mask=None, maskParams=None, name='option2Image', opacity=1.0, ori=0.0, pos=array([0., 0.]), size=array([336., 336.]), texRes=128.0, units='pix', win=Window(...))
16.3888 	EXP 	window1: mouseVisible = True
16.3898 	EXP 	Created option3Text = TextStim(__class__=<class 'psychopy.visual.text.TextStim'>, alignHoriz=method-wrapper(...), alignText='center', alignVert=method-wrapper(...), anchorHoriz='center', anchorVert='center', antialias=True, autoDraw=False, autoLog=True, bold=False, color=array([1., 1., 1.]), colorSpace='rgb', contrast=1.0, depth=-5.0, draggable=False, flipHoriz=False, flipVert=False, font='Open Sans', fontFiles=[], height=40.0, italic=False, languageStyle='LTR', name='option3Text', opacity=1.0, ori=0.0, pos=array([ 560., -300.]), rgb=UNKNOWN, text='', units='pix', win=Window(...), wrapWidth=500)
16.3899 	EXP 	window1: mouseVisible = True
16.4062 	EXP 	Created option3Image = ImageStim(__class__=<class 'psychopy.visual.image.ImageStim'>, anchor=('center', 'center'), autoLog=True, color=array([1., 1., 1.]), colorSpace='rgb', contrast=1.0, depth=-6.0, draggable=False, flipHoriz=False, flipVert=False, image='default.png', interpolate=True, mask=None, maskParams=None, name='option3Image', opacity=1.0, ori=0.0, pos=array([560.,   0.]), size=array([336., 336.]), texRes=128.0, units='pix', win=Window(...))
16.4063 	EXP 	window1: mouseVisible = True
16.4063 	EXP 	window1: mouseVisible = True
16.4064 	EXP 	window1: mouseVisible = True
17.3333 	EXP 	window1: mouseVisible = True
17.3494 	EXP 	Created text_click_to_continue = TextStim(__class__=<class 'psychopy.visual.text.TextStim'>, alignHoriz=method-wrapper(...), alignText='center', alignVert=method-wrapper(...), anchorHoriz='center', anchorVert='center', antialias=True, autoDraw=False, autoLog=True, bold=False, color=array([1., 1., 1.]), colorSpace='rgb', contrast=1.0, depth=0.0, draggable=False, flipHoriz=False, flipVert=False, font='Open Sans', fontFiles=[], height=60.0, italic=False, languageStyle='LTR', name='text_click_to_continue', opacity=1.0, ori=0.0, pos=array([0., 0.]), rgb=UNKNOWN, text='Click anywhere to continue', units='pix', win=Window(...), wrapWidth=1500.0)
17.3495 	EXP 	window1: mouseVisible = True
17.3496 	EXP 	window1: mouseVisible = True
17.3592 	EXP 	Created Three = TextStim(__class__=<class 'psychopy.visual.text.TextStim'>, alignHoriz=method-wrapper(...), alignText='center', alignVert=method-wrapper(...), anchorHoriz='center', anchorVert='center', antialias=True, autoDraw=False, autoLog=True, bold=False, color=array([1., 1., 1.]), colorSpace='rgb', contrast=1.0, depth=0.0, draggable=False, flipHoriz=False, flipVert=False, font='Open Sans', fontFiles=[], height=180.0, italic=False, languageStyle='LTR', name='Three', opacity=1.0, ori=0.0, pos=array([0., 0.]), rgb=UNKNOWN, text='3', units='pix', win=Window(...), wrapWidth=500)
17.3593 	EXP 	window1: mouseVisible = True
17.3641 	EXP 	Created Two = TextStim(__class__=<class 'psychopy.visual.text.TextStim'>, alignHoriz=method-wrapper(...), alignText='center', alignVert=method-wrapper(...), anchorHoriz='center', anchorVert='center', antialias=True, autoDraw=False, autoLog=True, bold=False, color=array([1., 1., 1.]), colorSpace='rgb', contrast=1.0, depth=-1.0, draggable=False, flipHoriz=False, flipVert=False, font='Open Sans', fontFiles=[], height=180.0, italic=False, languageStyle='LTR', name='Two', opacity=1.0, ori=0.0, pos=array([0., 0.]), rgb=UNKNOWN, text='2', units='pix', win=Window(...), wrapWidth=500)
17.3642 	EXP 	window1: mouseVisible = True
17.3691 	EXP 	Created One = TextStim(__class__=<class 'psychopy.visual.text.TextStim'>, alignHoriz=method-wrapper(...), alignText='center', alignVert=method-wrapper(...), anchorHoriz='center', anchorVert='center', antialias=True, autoDraw=False, autoLog=True, bold=False, color=array([1., 1., 1.]), colorSpace='rgb', contrast=1.0, depth=-2.0, draggable=False, flipHoriz=False, flipVert=False, font='Open Sans', fontFiles=[], height=180.0, italic=False, languageStyle='LTR', name='One', opacity=1.0, ori=0.0, pos=array([0., 0.]), rgb=UNKNOWN, text='1', units='pix', win=Window(...), wrapWidth=500)
17.3692 	EXP 	window1: mouseVisible = True
17.3694 	EXP 	window1: mouseVisible = True
17.3758 	EXP 	window1: mouseVisible = True
17.3762 	EXP 	window1: mouseVisible = True
17.3799 	EXP 	window1: mouseVisible = True
17.3801 	EXP 	window1: mouseVisible = True
17.3809 	EXP 	window1: mouseVisible = True
17.3817 	EXP 	window1: mouseVisible = True
17.4133 	EXP 	window1: mouseVisible = True
17.4135 	EXP 	window1: mouseVisible = True
17.4143 	EXP 	window1: mouseVisible = True
17.4148 	EXP 	window1: mouseVisible = True
17.4402 	EXP 	window1: mouseVisible = True
17.4404 	EXP 	window1: mouseVisible = True
17.4409 	EXP 	window1: mouseVisible = True
17.4413 	EXP 	window1: mouseVisible = True
17.4598 	EXP 	window1: mouseVisible = True
17.4600 	EXP 	window1: mouseVisible = True
17.4604 	EXP 	window1: mouseVisible = True
17.4608 	EXP 	window1: mouseVisible = True
17.4651 	EXP 	window1: mouseVisible = True
17.4653 	EXP 	window1: mouseVisible = True
17.4657 	EXP 	window1: mouseVisible = True
17.4661 	EXP 	window1: mouseVisible = True
17.4749 	EXP 	window1: mouseVisible = True
17.4750 	EXP 	window1: mouseVisible = True
17.4754 	EXP 	window1: mouseVisible = True
17.4759 	EXP 	window1: mouseVisible = True
17.4792 	EXP 	window1: mouseVisible = True
17.4793 	EXP 	window1: mouseVisible = True
17.4797 	EXP 	window1: mouseVisible = True
17.4801 	EXP 	window1: mouseVisible = True
17.4870 	EXP 	window1: mouseVisible = True
17.4871 	EXP 	window1: mouseVisible = True
17.4876 	EXP 	window1: mouseVisible = True
17.4880 	EXP 	window1: mouseVisible = True
17.4916 	EXP 	window1: mouseVisible = True
17.4917 	EXP 	window1: mouseVisible = True
17.4922 	EXP 	window1: mouseVisible = True
17.4926 	EXP 	window1: mouseVisible = True
17.4962 	EXP 	window1: mouseVisible = True
17.4964 	EXP 	window1: mouseVisible = True
17.4969 	EXP 	window1: mouseVisible = True
17.4974 	EXP 	window1: mouseVisible = True
17.5017 	EXP 	window1: mouseVisible = True
17.5037 	EXP 	window1: mouseVisible = True
17.5454 	EXP 	Created agree = Slider(__class__=<class 'psychopy.visual.slider.Slider'>, autoDraw=False, autoLog=True, borderColor=None, color=None, colorSpace='rgb', depth=-1, fillColor=None, flip=False, font='Open Sans', granularity=1.0, labelColor=None, labelHeight=25.0, labelWrapWidth=None, labels=tuple(...), lineColor=None, markerColor=None, name='agree', opacity=None, ori=0.0, pos=array([   0., -100.]), readOnly=False, self=UNKNOWN, size=array([1430.,   50.]), startValue=None, style='rating', styleTweaks=[], ticks=array([1, 2, 3, 4, 5]), units='pix', win=Window(...))
17.5456 	EXP 	window1: mouseVisible = True
17.5477 	EXP 	Created text = TextStim(__class__=<class 'psychopy.visual.text.TextStim'>, alignHoriz=method-wrapper(...), alignText='center', alignVert=method-wrapper(...), anchorHoriz='center', anchorVert='center', antialias=True, autoDraw=False, autoLog=True, bold=False, color=array([1., 1., 1.]), colorSpace='rgb', contrast=1.0, depth=-2.0, draggable=False, flipHoriz=False, flipVert=False, font='Open Sans', fontFiles=[], height=60.0, italic=False, languageStyle='LTR', name='text', opacity=1.0, ori=0.0, pos=array([  0., 300.]), rgb=UNKNOWN, text='', units='pix', win=Window(...), wrapWidth=1480)
17.5479 	EXP 	window1: mouseVisible = True
17.5507 	EXP 	Created Three = TextStim(__class__=<class 'psychopy.visual.text.TextStim'>, alignHoriz=method-wrapper(...), alignText='center', alignVert=method-wrapper(...), anchorHoriz='center', anchorVert='center', antialias=True, autoDraw=False, autoLog=True, bold=False, color=array([1., 1., 1.]), colorSpace='rgb', contrast=1.0, depth=0.0, draggable=False, flipHoriz=False, flipVert=False, font='Open Sans', fontFiles=[], height=180.0, italic=False, languageStyle='LTR', name='Three', opacity=1.0, ori=0.0, pos=array([0., 0.]), rgb=UNKNOWN, text='3', units='pix', win=Window(...), wrapWidth=500)
17.5509 	EXP 	window1: mouseVisible = True
17.5532 	EXP 	Created Two = TextStim(__class__=<class 'psychopy.visual.text.TextStim'>, alignHoriz=method-wrapper(...), alignText='center', alignVert=method-wrapper(...), anchorHoriz='center', anchorVert='center', antialias=True, autoDraw=False, autoLog=True, bold=False, color=array([1., 1., 1.]), colorSpace='rgb', contrast=1.0, depth=-1.0, draggable=False, flipHoriz=False, flipVert=False, font='Open Sans', fontFiles=[], height=180.0, italic=False, languageStyle='LTR', name='Two', opacity=1.0, ori=0.0, pos=array([0., 0.]), rgb=UNKNOWN, text='2', units='pix', win=Window(...), wrapWidth=500)
17.5533 	EXP 	window1: mouseVisible = True
17.5555 	EXP 	Created One = TextStim(__class__=<class 'psychopy.visual.text.TextStim'>, alignHoriz=method-wrapper(...), alignText='center', alignVert=method-wrapper(...), anchorHoriz='center', anchorVert='center', antialias=True, autoDraw=False, autoLog=True, bold=False, color=array([1., 1., 1.]), colorSpace='rgb', contrast=1.0, depth=-2.0, draggable=False, flipHoriz=False, flipVert=False, font='Open Sans', fontFiles=[], height=180.0, italic=False, languageStyle='LTR', name='One', opacity=1.0, ori=0.0, pos=array([0., 0.]), rgb=UNKNOWN, text='1', units='pix', win=Window(...), wrapWidth=500)
17.5556 	EXP 	window1: mouseVisible = True
17.5559 	EXP 	window1: mouseVisible = True
0.1082 	EXP 	movie: autoLog = True
0.1082 	EXP 	stimclip: autoLog = True
0.1082 	EXP 	agree: autoLog = True
0.1082 	EXP 	agree: styleTweaks = []
0.1082 	EXP 	agree: styleTweaks = []
0.1082 	EXP 	agree: styleTweaks = []
0.1082 	EXP 	agree: styleTweaks = []
0.1082 	EXP 	agree: contrast = 1.0
0.1082 	EXP 	agree: markerPos = None
0.1082 	EXP 	agree: autoLog = True
0.1082 	EXP 	neutralVideoClip: autoLog = True
0.1087 	EXP 	Created sequence: sequential, trialTypes=4, nReps=1, seed=None
0.1089 	EXP 	New trial (rep=0, index=0): {'mainIndex': 0, 'emotion': '1 excited', 'image1': 'videos\\1 excited\\1 motorsports\\motorsports.jpg', 'text1': 'motorsports', 'stimuli1': 'videos\\1 excited\\1 motorsports\\kenMiles.mp4', 'image2': 'videos\\1 excited\\2 sports\\sport.jpg', 'text2': 'sports', 'stimuli2': 'videos\\1 excited\\2 sports\\NBA.mp4', 'image3': 'videos\\1 excited\\3 general\\I am not sure.jpg', 'text3': 'general', 'stimuli3': 'videos\\1 excited\\3 general\\ratatChaseScene.mp4'}
0.1943 	EXP 	option1Text: height = 40.0
0.1943 	EXP 	option1Text: height = 40.0
0.1943 	EXP 	option1Text: height = 40.0
0.1943 	EXP 	option1Text: text = 'motorsports'
0.1943 	EXP 	option1Image: image = 'videos\\1 excited\\1 motorsports\\motorsports.jpg'
0.1943 	EXP 	option2Text: height = 40.0
0.1943 	EXP 	option2Text: height = 40.0
0.1943 	EXP 	option2Text: height = 40.0
0.1943 	EXP 	option2Text: text = 'sports'
0.1943 	EXP 	option2Image: image = 'videos\\1 excited\\2 sports\\sport.jpg'
0.1943 	EXP 	option3Text: height = 40.0
0.1943 	EXP 	option3Text: height = 40.0
0.1943 	EXP 	option3Text: height = 40.0
0.1943 	EXP 	option3Text: text = 'general'
0.1943 	EXP 	option3Image: image = 'videos\\1 excited\\3 general\\I am not sure.jpg'
0.1943 	EXP 	instructions: autoDraw = True
0.1943 	EXP 	option1Text: autoDraw = True
0.1943 	EXP 	option1Image: autoDraw = True
0.1943 	EXP 	option2Text: autoDraw = True
0.1943 	EXP 	option2Image: autoDraw = True
0.1943 	EXP 	option3Text: autoDraw = True
0.1943 	EXP 	option3Image: autoDraw = True
17.7505 	DATA 	Mouse: Left button down, pos=(307,460)
17.7527 	EXP 	New trial (rep=0, index=1): {'mainIndex': 3, 'emotion': '4 relaxed', 'image1': None, 'text1': 'meditation', 'stimuli1': 'videos\\4 relaxed\\1 meditation\\meditation.mp4', 'image2': None, 'text2': 'nature', 'stimuli2': 'videos\\4 relaxed\\2 nature\\waterfall.mp4', 'image3': None, 'text3': 'general', 'stimuli3': 'videos\\4 relaxed\\3 general\\asmr.mkv'}
17.7669 	EXP 	instructions: autoDraw = False
17.7669 	EXP 	option1Text: autoDraw = False
17.7669 	EXP 	option1Image: autoDraw = False
17.7669 	EXP 	option2Text: autoDraw = False
17.7669 	EXP 	option2Image: autoDraw = False
17.7669 	EXP 	option3Text: autoDraw = False
17.7669 	EXP 	option3Image: autoDraw = False
17.7669 	EXP 	option1Text: height = 40.0
17.7669 	EXP 	option1Text: height = 40.0
17.7669 	EXP 	option1Text: height = 40.0
17.7669 	EXP 	option1Text: text = 'meditation'
17.7669 	EXP 	option1Image: image = None
17.7669 	EXP 	option2Text: height = 40.0
17.7669 	EXP 	option2Text: height = 40.0
17.7669 	EXP 	option2Text: height = 40.0
17.7669 	EXP 	option2Text: text = 'nature'
17.7669 	EXP 	option2Image: image = None
17.7669 	EXP 	option3Text: text = 'general'
17.7669 	EXP 	option3Image: image = None
17.7669 	EXP 	instructions: autoDraw = True
17.7669 	EXP 	option1Text: autoDraw = True
17.7669 	EXP 	option1Image: autoDraw = True
17.7669 	EXP 	option2Text: autoDraw = True
17.7669 	EXP 	option2Image: autoDraw = True
17.7669 	EXP 	option3Text: autoDraw = True
17.7669 	EXP 	option3Image: autoDraw = True
17.8700 	DATA 	Mouse:  Left button up, pos=(307,460)
28.7920 	DATA 	Mouse: Left button down, pos=(1456,222)
28.7942 	EXP 	New trial (rep=0, index=2): {'mainIndex': 4, 'emotion': '5 sad', 'image1': 'videos\\5 sad\\1 animals\\cutepets.jpg', 'text1': 'animals', 'stimuli1': 'videos\\5 sad\\1 animals\\saddogs.mp4', 'image2': 'videos\\5 sad\\2 babies\\baby.jpg', 'text2': 'babies', 'stimuli2': 'videos\\5 sad\\2 babies\\sadBaby1.mp4', 'image3': 'videos\\5 sad\\3 general\\notsure.jpg', 'text3': 'general', 'stimuli3': 'videos\\5 sad\\3 general\\ChampDeath.mp4'}
28.8405 	EXP 	instructions: autoDraw = False
28.8405 	EXP 	option1Text: autoDraw = False
28.8405 	EXP 	option1Image: autoDraw = False
28.8405 	EXP 	option2Text: autoDraw = False
28.8405 	EXP 	option2Image: autoDraw = False
28.8405 	EXP 	option3Text: autoDraw = False
28.8405 	EXP 	option3Image: autoDraw = False
28.8405 	EXP 	option1Text: height = 40.0
28.8405 	EXP 	option1Text: height = 40.0
28.8405 	EXP 	option1Text: height = 40.0
28.8405 	EXP 	option1Text: text = 'animals'
28.8405 	EXP 	option1Image: image = 'videos\\5 sad\\1 animals\\cutepets.jpg'
28.8405 	EXP 	option2Text: height = 40.0
28.8405 	EXP 	option2Text: height = 40.0
28.8405 	EXP 	option2Text: height = 40.0
28.8405 	EXP 	option2Text: text = 'babies'
28.8405 	EXP 	option2Image: image = 'videos\\5 sad\\2 babies\\baby.jpg'
28.8405 	EXP 	option3Text: text = 'general'
28.8405 	EXP 	option3Image: image = 'videos\\5 sad\\3 general\\notsure.jpg'
28.8405 	EXP 	instructions: autoDraw = True
28.8405 	EXP 	option1Text: autoDraw = True
28.8405 	EXP 	option1Image: autoDraw = True
28.8405 	EXP 	option2Text: autoDraw = True
28.8405 	EXP 	option2Image: autoDraw = True
28.8405 	EXP 	option3Text: autoDraw = True
28.8405 	EXP 	option3Image: autoDraw = True
28.8787 	DATA 	Mouse:  Left button up, pos=(1456,222)
33.9153 	DATA 	Mouse: Left button down, pos=(257,229)
33.9311 	EXP 	New trial (rep=0, index=3): {'mainIndex': 7, 'emotion': '8 angry', 'image1': 'videos\\8 angry\\1 animals\\cutepets.jpg', 'text1': 'animals', 'stimuli1': 'videos\\8 angry\\1 animals\\angrydogs.mp4', 'image2': 'videos\\8 angry\\2 general\\notsure.jpg', 'text2': 'general', 'stimuli2': 'videos\\8 angry\\2 general\\thepiano.mp4', 'image3': None, 'text3': '', 'stimuli3': None}
33.9837 	EXP 	instructions: autoDraw = False
33.9837 	EXP 	option1Text: autoDraw = False
33.9837 	EXP 	option1Image: autoDraw = False
33.9837 	EXP 	option2Text: autoDraw = False
33.9837 	EXP 	option2Image: autoDraw = False
33.9837 	EXP 	option3Text: autoDraw = False
33.9837 	EXP 	option3Image: autoDraw = False
33.9837 	EXP 	option1Text: text = 'animals'
33.9837 	EXP 	option1Image: image = 'videos\\8 angry\\1 animals\\cutepets.jpg'
33.9837 	EXP 	option2Text: height = 40.0
33.9837 	EXP 	option2Text: height = 40.0
33.9837 	EXP 	option2Text: height = 40.0
33.9837 	EXP 	option2Text: text = 'general'
33.9837 	EXP 	option2Image: image = 'videos\\8 angry\\2 general\\notsure.jpg'
33.9837 	EXP 	option3Text: height = 40.0
33.9837 	EXP 	option3Text: height = 40.0
33.9837 	EXP 	option3Text: height = 40.0
33.9837 	EXP 	option3Text: text = ''
33.9837 	EXP 	option3Image: image = None
33.9837 	EXP 	instructions: autoDraw = True
33.9837 	EXP 	option1Text: autoDraw = True
33.9837 	EXP 	option1Image: autoDraw = True
33.9837 	EXP 	option2Text: autoDraw = True
33.9837 	EXP 	option2Image: autoDraw = True
33.9837 	EXP 	option3Text: autoDraw = True
33.9837 	EXP 	option3Image: autoDraw = True
34.0319 	DATA 	Mouse:  Left button up, pos=(257,229)
37.5317 	DATA 	Mouse: Left button down, pos=(265,230)
37.5817 	EXP 	instructions: autoDraw = False
37.5817 	EXP 	option1Text: autoDraw = False
37.5817 	EXP 	option1Image: autoDraw = False
37.5817 	EXP 	option2Text: autoDraw = False
37.5817 	EXP 	option2Image: autoDraw = False
37.5817 	EXP 	option3Text: autoDraw = False
37.5817 	EXP 	option3Image: autoDraw = False
37.5817 	EXP 	movie: autoDraw = True
37.6838 	DATA 	Mouse:  Left button up, pos=(265,230)
78.1750 	EXP 	movie: autoDraw = False
78.1750 	EXP 	text_click_to_continue: autoDraw = True
80.9304 	DATA 	Mouse: Left button down, pos=(981,345)
80.9312 	EXP 	Created sequence: sequential, trialTypes=8, nReps=1, seed=None
80.9314 	EXP 	New trial (rep=0, index=0): {'mainIndex': 0, 'stim': 'videos\\1 excited\\1 motorsports\\kenMiles.mp4', 'emotion': 'excited', 'neutralvideo': 'neutral_videos\\2BlowingLeafs (1).mp4'}
80.9470 	EXP 	text_click_to_continue: autoDraw = False
80.9470 	EXP 	Three: autoDraw = True
81.0481 	DATA 	Mouse:  Left button up, pos=(981,345)
81.9308 	EXP 	Two: autoDraw = True
81.9475 	EXP 	Three: autoDraw = False
82.9315 	EXP 	Two: autoDraw = False
82.9315 	EXP 	One: autoDraw = True
84.0858 	EXP 	One: autoDraw = False
84.0858 	EXP 	Three: autoDraw = False
84.0858 	EXP 	Two: autoDraw = False
84.0858 	EXP 	One: autoDraw = False
84.0858 	EXP 	stimclip: autoDraw = True
152.4546 	EXP 	stimclip: autoDraw = False
152.4546 	EXP 	agree: markerPos = None
152.4546 	EXP 	agree: markerPos = None
152.4546 	EXP 	text: height = 60.0
152.4546 	EXP 	text: height = 60.0
152.4546 	EXP 	text: height = 60.0
152.4546 	EXP 	text: text = 'I feel excited'
152.4546 	EXP 	agree: autoDraw = True
152.4546 	EXP 	text: autoDraw = True
160.2625 	DATA 	Mouse: Left button down, pos=(1196,427)
160.2888 	EXP 	agree: markerPos = 3.9958041958041957
160.3051 	EXP 	agree: markerPos = 3.9958041958041957
160.3220 	EXP 	agree: markerPos = 3.9958041958041957
160.3386 	EXP 	agree: markerPos = 3.9958041958041957
160.3552 	EXP 	agree: markerPos = 3.9958041958041957
160.3659 	DATA 	Mouse:  Left button up, pos=(1196,427)
160.3719 	EXP 	agree: markerPos = 3.9958041958041957
160.3886 	EXP 	agree: markerPos = 4.0
160.4052 	EXP 	agree: autoDraw = False
160.4052 	EXP 	text: autoDraw = False
160.4052 	EXP 	Three: autoDraw = True
161.4060 	EXP 	Three: autoDraw = False
161.4060 	EXP 	Two: autoDraw = True
162.4065 	EXP 	Two: autoDraw = False
162.4065 	EXP 	One: autoDraw = True
163.5068 	EXP 	One: autoDraw = False
163.5068 	EXP 	Three: autoDraw = False
163.5068 	EXP 	Two: autoDraw = False
163.5068 	EXP 	One: autoDraw = False
163.5068 	EXP 	neutralVideoClip: autoDraw = True
225.6030 	EXP 	New trial (rep=0, index=1): {'mainIndex': 1, 'stim': 'videos\\2 happy\\scooby.mp4', 'emotion': 'happy', 'neutralvideo': 'neutral_videos\\2BlowingLeafs (2).mp4'}
225.6060 	EXP 	neutralVideoClip: autoDraw = False
225.6060 	EXP 	Three: autoDraw = True
226.6038 	EXP 	Two: autoDraw = True
226.6205 	EXP 	Three: autoDraw = False
227.6046 	EXP 	Two: autoDraw = False
227.6046 	EXP 	One: autoDraw = True
228.8945 	EXP 	One: autoDraw = False
228.8945 	EXP 	Three: autoDraw = False
228.8945 	EXP 	Two: autoDraw = False
228.8945 	EXP 	One: autoDraw = False
228.8945 	EXP 	stimclip: autoDraw = True
289.1125 	EXP 	stimclip: autoDraw = False
289.1125 	EXP 	agree: markerPos = None
289.1125 	EXP 	agree: markerPos = None
289.1125 	EXP 	text: height = 60.0
289.1125 	EXP 	text: height = 60.0
289.1125 	EXP 	text: height = 60.0
289.1125 	EXP 	text: text = 'I feel happy'
289.1125 	EXP 	agree: autoDraw = True
289.1125 	EXP 	text: autoDraw = True
293.1101 	DATA 	Mouse: Left button down, pos=(835,430)
293.1363 	EXP 	agree: markerPos = 2.986013986013986
293.1528 	EXP 	agree: markerPos = 2.986013986013986
293.1694 	EXP 	agree: markerPos = 2.986013986013986
293.1861 	EXP 	agree: markerPos = 2.986013986013986
293.1867 	DATA 	Mouse:  Left button up, pos=(835,430)
293.2029 	EXP 	agree: markerPos = 3.0
293.2195 	EXP 	agree: autoDraw = False
293.2195 	EXP 	text: autoDraw = False
293.2195 	EXP 	Three: autoDraw = True
294.2202 	EXP 	Three: autoDraw = False
294.2202 	EXP 	Two: autoDraw = True
295.2214 	EXP 	Two: autoDraw = False
295.2214 	EXP 	One: autoDraw = True
296.4763 	EXP 	One: autoDraw = False
296.4763 	EXP 	Three: autoDraw = False
296.4763 	EXP 	Two: autoDraw = False
296.4763 	EXP 	One: autoDraw = False
296.4763 	EXP 	neutralVideoClip: autoDraw = True
358.5406 	EXP 	New trial (rep=0, index=2): {'mainIndex': 2, 'stim': 'videos\\3 motivated\\motivationalAuthor.mp4', 'emotion': 'motivated', 'neutralvideo': 'neutral_videos\\3BlowingLeafs.mp4'}
358.5432 	EXP 	neutralVideoClip: autoDraw = False
358.5432 	EXP 	Three: autoDraw = True
359.5516 	EXP 	Three: autoDraw = False
359.5516 	EXP 	Two: autoDraw = True
360.5524 	EXP 	Two: autoDraw = False
360.5524 	EXP 	One: autoDraw = True
361.8426 	EXP 	One: autoDraw = False
361.8426 	EXP 	Three: autoDraw = False
361.8426 	EXP 	Two: autoDraw = False
361.8426 	EXP 	One: autoDraw = False
361.8426 	EXP 	stimclip: autoDraw = True
429.9267 	EXP 	stimclip: autoDraw = False
429.9267 	EXP 	agree: markerPos = None
429.9267 	EXP 	agree: markerPos = None
429.9267 	EXP 	text: height = 60.0
429.9267 	EXP 	text: height = 60.0
429.9267 	EXP 	text: height = 60.0
429.9267 	EXP 	text: text = 'I feel motivated'
429.9267 	EXP 	agree: autoDraw = True
429.9267 	EXP 	text: autoDraw = True
433.5899 	DATA 	Mouse: Left button down, pos=(1191,439)
433.6058 	EXP 	agree: markerPos = 3.981818181818182
433.6228 	EXP 	agree: markerPos = 3.981818181818182
433.6394 	EXP 	agree: markerPos = 3.981818181818182
433.6561 	EXP 	agree: markerPos = 3.981818181818182
433.6727 	EXP 	agree: markerPos = 3.981818181818182
433.6894 	EXP 	agree: markerPos = 3.981818181818182
433.6991 	DATA 	Mouse:  Left button up, pos=(1191,439)
433.7060 	EXP 	agree: markerPos = 3.981818181818182
433.7226 	EXP 	agree: markerPos = 4.0
433.7394 	EXP 	agree: autoDraw = False
433.7394 	EXP 	text: autoDraw = False
433.7394 	EXP 	Three: autoDraw = True
434.7403 	EXP 	Three: autoDraw = False
434.7403 	EXP 	Two: autoDraw = True
435.7410 	EXP 	Two: autoDraw = False
435.7410 	EXP 	One: autoDraw = True
437.0147 	EXP 	One: autoDraw = False
437.0147 	EXP 	Three: autoDraw = False
437.0147 	EXP 	Two: autoDraw = False
437.0147 	EXP 	One: autoDraw = False
437.0147 	EXP 	neutralVideoClip: autoDraw = True
499.0120 	EXP 	New trial (rep=0, index=3): {'mainIndex': 3, 'stim': 'videos\\4 relaxed\\3 general\\asmr.mkv', 'emotion': 'relaxed', 'neutralvideo': 'neutral_videos\\4BlowingLeafs.mp4'}
499.0146 	EXP 	neutralVideoClip: autoDraw = False
499.0146 	EXP 	Three: autoDraw = True
500.0215 	EXP 	Three: autoDraw = False
500.0215 	EXP 	Two: autoDraw = True
501.0222 	EXP 	Two: autoDraw = False
501.0222 	EXP 	One: autoDraw = True
502.2900 	EXP 	One: autoDraw = False
502.2900 	EXP 	Three: autoDraw = False
502.2900 	EXP 	Two: autoDraw = False
502.2900 	EXP 	One: autoDraw = False
502.2900 	EXP 	stimclip: autoDraw = True
562.6719 	EXP 	stimclip: autoDraw = False
562.6719 	EXP 	agree: markerPos = None
562.6719 	EXP 	agree: markerPos = None
562.6719 	EXP 	text: height = 60.0
562.6719 	EXP 	text: height = 60.0
562.6719 	EXP 	text: height = 60.0
562.6719 	EXP 	text: text = 'I feel relaxed'
562.6719 	EXP 	agree: autoDraw = True
562.6719 	EXP 	text: autoDraw = True
567.9788 	DATA 	Mouse: Left button down, pos=(838,421)
568.0050 	EXP 	agree: markerPos = 2.9944055944055945
568.0216 	EXP 	agree: markerPos = 2.9944055944055945
568.0382 	EXP 	agree: markerPos = 2.9944055944055945
568.0550 	EXP 	agree: markerPos = 2.9944055944055945
568.0661 	DATA 	Mouse:  Left button up, pos=(838,421)
568.0717 	EXP 	agree: markerPos = 2.9944055944055945
568.0883 	EXP 	agree: markerPos = 3.0
568.1051 	EXP 	agree: autoDraw = False
568.1051 	EXP 	text: autoDraw = False
568.1051 	EXP 	Three: autoDraw = True
569.1058 	EXP 	Three: autoDraw = False
569.1058 	EXP 	Two: autoDraw = True
570.1065 	EXP 	Two: autoDraw = False
570.1065 	EXP 	One: autoDraw = True
571.3673 	EXP 	One: autoDraw = False
571.3673 	EXP 	Three: autoDraw = False
571.3673 	EXP 	Two: autoDraw = False
571.3673 	EXP 	One: autoDraw = False
571.3673 	EXP 	neutralVideoClip: autoDraw = True
633.3330 	EXP 	New trial (rep=0, index=4): {'mainIndex': 4, 'stim': 'videos\\5 sad\\1 animals\\saddogs.mp4', 'emotion': 'sad', 'neutralvideo': 'neutral_videos\\5BlowingLeafs.mp4'}
633.3355 	EXP 	neutralVideoClip: autoDraw = False
633.3355 	EXP 	Three: autoDraw = True
634.3370 	EXP 	Three: autoDraw = False
634.3370 	EXP 	Two: autoDraw = True
635.3376 	EXP 	Two: autoDraw = False
635.3376 	EXP 	One: autoDraw = True
636.6078 	EXP 	One: autoDraw = False
636.6078 	EXP 	Three: autoDraw = False
636.6078 	EXP 	Two: autoDraw = False
636.6078 	EXP 	One: autoDraw = False
636.6078 	EXP 	stimclip: autoDraw = True
699.5819 	EXP 	stimclip: autoDraw = False
699.5819 	EXP 	agree: markerPos = None
699.5819 	EXP 	agree: markerPos = None
699.5819 	EXP 	text: height = 60.0
699.5819 	EXP 	text: height = 60.0
699.5819 	EXP 	text: height = 60.0
699.5819 	EXP 	text: text = 'I feel sad'
699.5819 	EXP 	agree: autoDraw = True
699.5819 	EXP 	text: autoDraw = True
701.6104 	DATA 	Mouse: wheel shift=(0,1), pos=(915,517)
704.1133 	DATA 	Mouse: Left button down, pos=(1197,455)
704.2568 	DATA 	Mouse:  Left button up, pos=(1197,455)
704.8737 	DATA 	Mouse: Left button down, pos=(1199,430)
704.8896 	EXP 	agree: markerPos = 4.004195804195804
704.9063 	EXP 	agree: markerPos = 4.004195804195804
704.9228 	EXP 	agree: markerPos = 4.004195804195804
704.9389 	EXP 	agree: markerPos = 4.004195804195804
704.9566 	EXP 	agree: markerPos = 4.004195804195804
704.9730 	EXP 	agree: markerPos = 4.004195804195804
704.9896 	EXP 	agree: markerPos = 4.004195804195804
705.0062 	EXP 	agree: markerPos = 4.004195804195804
705.0169 	DATA 	Mouse:  Left button up, pos=(1199,430)
705.0227 	EXP 	agree: markerPos = 4.004195804195804
705.0390 	EXP 	agree: markerPos = 4.0
705.0562 	EXP 	agree: autoDraw = False
705.0562 	EXP 	text: autoDraw = False
705.0562 	EXP 	Three: autoDraw = True
706.0565 	EXP 	Three: autoDraw = False
706.0565 	EXP 	Two: autoDraw = True
707.0569 	EXP 	Two: autoDraw = False
707.0569 	EXP 	One: autoDraw = True
708.3490 	EXP 	One: autoDraw = False
708.3490 	EXP 	Three: autoDraw = False
708.3490 	EXP 	Two: autoDraw = False
708.3490 	EXP 	One: autoDraw = False
708.3490 	EXP 	neutralVideoClip: autoDraw = True
770.3791 	EXP 	New trial (rep=0, index=5): {'mainIndex': 5, 'stim': 'videos\\6 horror\\conjuring.mp4', 'emotion': 'horror', 'neutralvideo': 'neutral_videos\\6BlowingLeafs.mp4'}
770.3819 	EXP 	neutralVideoClip: autoDraw = False
770.3819 	EXP 	Three: autoDraw = True
771.3882 	EXP 	Three: autoDraw = False
771.3882 	EXP 	Two: autoDraw = True
772.3884 	EXP 	Two: autoDraw = False
772.3884 	EXP 	One: autoDraw = True
773.6892 	EXP 	One: autoDraw = False
773.6892 	EXP 	Three: autoDraw = False
773.6892 	EXP 	Two: autoDraw = False
773.6892 	EXP 	One: autoDraw = False
773.6892 	EXP 	stimclip: autoDraw = True
838.3943 	EXP 	stimclip: autoDraw = False
838.3943 	EXP 	agree: markerPos = None
838.3943 	EXP 	agree: markerPos = None
838.3943 	EXP 	text: height = 60.0
838.3943 	EXP 	text: height = 60.0
838.3943 	EXP 	text: height = 60.0
838.3943 	EXP 	text: text = 'I feel horror'
838.3943 	EXP 	agree: autoDraw = True
838.3943 	EXP 	text: autoDraw = True
842.9242 	DATA 	Mouse: Left button down, pos=(1196,440)
842.9403 	EXP 	agree: markerPos = 3.9958041958041957
842.9570 	EXP 	agree: markerPos = 3.9958041958041957
842.9740 	EXP 	agree: markerPos = 3.9958041958041957
842.9902 	EXP 	agree: markerPos = 3.9958041958041957
843.0069 	EXP 	agree: markerPos = 3.998601398601399
843.0237 	EXP 	agree: markerPos = 3.998601398601399
843.0403 	EXP 	agree: markerPos = 3.998601398601399
843.0570 	EXP 	agree: markerPos = 3.998601398601399
843.0737 	EXP 	agree: markerPos = 3.998601398601399
843.0903 	EXP 	agree: markerPos = 3.998601398601399
843.0909 	DATA 	Mouse:  Left button up, pos=(1198,439)
843.1073 	EXP 	agree: markerPos = 4.0
843.1237 	EXP 	agree: autoDraw = False
843.1237 	EXP 	text: autoDraw = False
843.1237 	EXP 	Three: autoDraw = True
844.1248 	EXP 	Three: autoDraw = False
844.1248 	EXP 	Two: autoDraw = True
845.1252 	EXP 	Two: autoDraw = False
845.1252 	EXP 	One: autoDraw = True
846.4126 	EXP 	One: autoDraw = False
846.4126 	EXP 	Three: autoDraw = False
846.4126 	EXP 	Two: autoDraw = False
846.4126 	EXP 	One: autoDraw = False
846.4126 	EXP 	neutralVideoClip: autoDraw = True
908.2378 	EXP 	New trial (rep=0, index=6): {'mainIndex': 6, 'stim': 'videos\\7 disgusted\\trainspotting.mp4', 'emotion': 'disgusted', 'neutralvideo': 'neutral_videos\\7BlowingLeafs.mp4'}
908.2404 	EXP 	neutralVideoClip: autoDraw = False
908.2404 	EXP 	Three: autoDraw = True
909.2389 	EXP 	Two: autoDraw = True
909.2556 	EXP 	Three: autoDraw = False
910.2403 	EXP 	Two: autoDraw = False
910.2403 	EXP 	One: autoDraw = True
911.5117 	EXP 	One: autoDraw = False
911.5117 	EXP 	Three: autoDraw = False
911.5117 	EXP 	Two: autoDraw = False
911.5117 	EXP 	One: autoDraw = False
911.5117 	EXP 	stimclip: autoDraw = True
971.5970 	EXP 	stimclip: autoDraw = False
971.5970 	EXP 	agree: markerPos = None
971.5970 	EXP 	agree: markerPos = None
971.5970 	EXP 	text: height = 60.0
971.5970 	EXP 	text: height = 60.0
971.5970 	EXP 	text: height = 60.0
971.5970 	EXP 	text: text = 'I feel disgusted'
971.5970 	EXP 	agree: autoDraw = True
971.5970 	EXP 	text: autoDraw = True
973.0863 	DATA 	Mouse: wheel shift=(0,1), pos=(1248,724)
975.4125 	DATA 	Mouse: Left button down, pos=(1561,436)
975.4377 	EXP 	agree: markerPos = 5.016783216783217
975.4543 	EXP 	agree: markerPos = 5.016783216783217
975.4711 	EXP 	agree: markerPos = 5.016783216783217
975.4877 	EXP 	agree: markerPos = 5.016783216783217
975.5044 	EXP 	agree: markerPos = 5.016783216783217
975.5150 	DATA 	Mouse:  Left button up, pos=(1561,436)
975.5211 	EXP 	agree: markerPos = 5.016783216783217
975.5377 	EXP 	agree: markerPos = 5.0
975.5544 	EXP 	agree: autoDraw = False
975.5544 	EXP 	text: autoDraw = False
975.5544 	EXP 	Three: autoDraw = True
976.5552 	EXP 	Three: autoDraw = False
976.5552 	EXP 	Two: autoDraw = True
977.5562 	EXP 	Two: autoDraw = False
977.5562 	EXP 	One: autoDraw = True
978.8446 	EXP 	One: autoDraw = False
978.8446 	EXP 	Three: autoDraw = False
978.8446 	EXP 	Two: autoDraw = False
978.8446 	EXP 	One: autoDraw = False
978.8446 	EXP 	neutralVideoClip: autoDraw = True
1040.7075 	EXP 	New trial (rep=0, index=7): {'mainIndex': 7, 'stim': 'videos\\8 angry\\1 animals\\angrydogs.mp4', 'emotion': 'angry', 'neutralvideo': 'neutral_videos\\8BlowingLeafs.mp4'}
1040.7102 	EXP 	neutralVideoClip: autoDraw = False
1040.7102 	EXP 	Three: autoDraw = True
1041.7197 	EXP 	Three: autoDraw = False
1041.7197 	EXP 	Two: autoDraw = True
1042.7204 	EXP 	Two: autoDraw = False
1042.7204 	EXP 	One: autoDraw = True
1044.0208 	EXP 	One: autoDraw = False
1044.0208 	EXP 	Three: autoDraw = False
1044.0208 	EXP 	Two: autoDraw = False
1044.0208 	EXP 	One: autoDraw = False
1044.0208 	EXP 	stimclip: autoDraw = True
1109.1891 	EXP 	stimclip: autoDraw = False
1109.1891 	EXP 	agree: markerPos = None
1109.1891 	EXP 	agree: markerPos = None
1109.1891 	EXP 	text: height = 60.0
1109.1891 	EXP 	text: height = 60.0
1109.1891 	EXP 	text: height = 60.0
1109.1891 	EXP 	text: text = 'I feel angry'
1109.1891 	EXP 	agree: autoDraw = True
1109.1891 	EXP 	text: autoDraw = True
1115.3246 	DATA 	Mouse: Left button down, pos=(1200,429)
1115.3406 	EXP 	agree: markerPos = 4.006993006993007
1115.3574 	EXP 	agree: markerPos = 4.006993006993007
1115.3740 	EXP 	agree: markerPos = 4.006993006993007
1115.3908 	EXP 	agree: markerPos = 4.006993006993007
1115.4074 	EXP 	agree: markerPos = 4.006993006993007
1115.4240 	EXP 	agree: markerPos = 4.006993006993007
1115.4407 	EXP 	agree: markerPos = 4.006993006993007
1115.4573 	EXP 	agree: markerPos = 4.006993006993007
1115.4580 	DATA 	Mouse:  Left button up, pos=(1200,429)
1115.4742 	EXP 	agree: markerPos = 4.0
1115.4907 	EXP 	agree: autoDraw = False
1115.4907 	EXP 	text: autoDraw = False
1115.4907 	EXP 	Three: autoDraw = True
1116.4915 	EXP 	Three: autoDraw = False
1116.4915 	EXP 	Two: autoDraw = True
1117.4923 	EXP 	Two: autoDraw = False
1117.4923 	EXP 	One: autoDraw = True
1118.7668 	EXP 	One: autoDraw = False
1118.7668 	EXP 	Three: autoDraw = False
1118.7668 	EXP 	Two: autoDraw = False
1118.7668 	EXP 	One: autoDraw = False
1118.7668 	EXP 	neutralVideoClip: autoDraw = True
1127.1745 	EXP 	neutralVideoClip: autoDraw = False
1127.1745 	EXP 	emotionRecognition: status = STOPPED
1127.3309 	EXP 	window1: mouseVisible = True
