63.0077 	EXP 	Created window1 = Window(allowGUI=True, allowStencil=False, autoLog=True, backendConf=UNKNOWN, backgroundFit=<method-wrapper '__getattribute__' of attributeSetter object at 0x00000254A54ABCA0>, backgroundImage=<method-wrapper '__getattribute__' of attributeSetter object at 0x00000254A54ABC40>, bitsMode=UNKNOWN, blendMode='avg', bpc=(8, 8, 8), color=array([0, 0, 0]), colorSpace='rgb', depthBits=8, fullscr=<method-wrapper '__getattribute__' of attributeSetter object at 0x00000254A54ABA90>, gamma=None, gammaErrorPolicy='raise', lms=UNKNOWN, monitor=<psychopy.monitors.calibTools.Monitor object at 0x0000025487AE5A90>, multiSample=False, name='window1', numSamples=2, pos=(1920, 33), screen=0, size=array([1680, 1050]), stencilBits=0, stereo=False, title='PsychoPy', units='pix', useFBO=True, useRetina=False, viewOri=0.0, viewPos=None, viewScale=None, waitBlanking=True, winType='pyglet')
63.0077 	EXP 	window1: mouseVisible = True
63.0078 	EXP 	window1: backgroundImage = ''
63.0078 	EXP 	window1: backgroundFit = 'none'
63.0092 	EXP 	window1: Attempting to measure frame rate of screen (0) ...
63.0092 	EXP 	window1: recordFrameIntervals = False
63.1740 	EXP 	window1: recordFrameIntervals = True
63.3578 	EXP 	Screen (0) actual frame rate measured at 59.95Hz
63.3578 	EXP 	window1: recordFrameIntervals = False
63.3579 	EXP 	window1: mouseVisible = False
66.8934 	EXP 	emotionRecognition: status = STARTED
68.9460 	EXP 	window1: mouseVisible = True
69.1222 	EXP 	Created instructions = TextStim(__class__=<class 'psychopy.visual.text.TextStim'>, alignHoriz=method-wrapper(...), alignText='center', alignVert=method-wrapper(...), anchorHoriz='center', anchorVert='center', antialias=True, autoDraw=False, autoLog=True, bold=False, color=array([1., 1., 1.]), colorSpace='rgb', contrast=1.0, depth=0.0, draggable=False, flipHoriz=False, flipVert=False, font='Arial', fontFiles=[], height=40.0, italic=False, languageStyle='LTR', name='instructions', opacity=1.0, ori=0.0, pos=array([  0., 420.]), rgb=UNKNOWN, text=str(...), units='pix', win=Window(...), wrapWidth=1120.0)
69.1223 	EXP 	window1: mouseVisible = True
69.1245 	EXP 	Created option1Text = TextStim(__class__=<class 'psychopy.visual.text.TextStim'>, alignHoriz=method-wrapper(...), alignText='center', alignVert=method-wrapper(...), anchorHoriz='center', anchorVert='center', antialias=True, autoDraw=False, autoLog=True, bold=False, color=array([1., 1., 1.]), colorSpace='rgb', contrast=1.0, depth=-1.0, draggable=False, flipHoriz=False, flipVert=False, font='Open Sans', fontFiles=[], height=40.0, italic=False, languageStyle='LTR', name='option1Text', opacity=1.0, ori=0.0, pos=array([-560., -300.]), rgb=UNKNOWN, text='', units='pix', win=Window(...), wrapWidth=500)
69.1246 	EXP 	window1: mouseVisible = True
69.1422 	EXP 	Created option1Image = ImageStim(__class__=<class 'psychopy.visual.image.ImageStim'>, anchor=('center', 'center'), autoLog=True, color=array([1., 1., 1.]), colorSpace='rgb', contrast=1.0, depth=-2.0, draggable=False, flipHoriz=False, flipVert=False, image='default.png', interpolate=True, mask=None, maskParams=None, name='option1Image', opacity=1.0, ori=0.0, pos=array([-560.,    0.]), size=array([336., 336.]), texRes=128.0, units='pix', win=Window(...))
69.1423 	EXP 	window1: mouseVisible = True
69.1439 	EXP 	Created option2Text = TextStim(__class__=<class 'psychopy.visual.text.TextStim'>, alignHoriz=method-wrapper(...), alignText='center', alignVert=method-wrapper(...), anchorHoriz='center', anchorVert='center', antialias=True, autoDraw=False, autoLog=True, bold=False, color=array([1., 1., 1.]), colorSpace='rgb', contrast=1.0, depth=-3.0, draggable=False, flipHoriz=False, flipVert=False, font='Open Sans', fontFiles=[], height=40.0, italic=False, languageStyle='LTR', name='option2Text', opacity=1.0, ori=0.0, pos=array([   0., -300.]), rgb=UNKNOWN, text='', units='pix', win=Window(...), wrapWidth=500)
69.1440 	EXP 	window1: mouseVisible = True
69.1594 	EXP 	Created option2Image = ImageStim(__class__=<class 'psychopy.visual.image.ImageStim'>, anchor=('center', 'center'), autoLog=True, color=array([1., 1., 1.]), colorSpace='rgb', contrast=1.0, depth=-4.0, draggable=False, flipHoriz=False, flipVert=False, image='default.png', interpolate=True, mask=None, maskParams=None, name='option2Image', opacity=1.0, ori=0.0, pos=array([0., 0.]), size=array([336., 336.]), texRes=128.0, units='pix', win=Window(...))
69.1595 	EXP 	window1: mouseVisible = True
69.1605 	EXP 	Created option3Text = TextStim(__class__=<class 'psychopy.visual.text.TextStim'>, alignHoriz=method-wrapper(...), alignText='center', alignVert=method-wrapper(...), anchorHoriz='center', anchorVert='center', antialias=True, autoDraw=False, autoLog=True, bold=False, color=array([1., 1., 1.]), colorSpace='rgb', contrast=1.0, depth=-5.0, draggable=False, flipHoriz=False, flipVert=False, font='Open Sans', fontFiles=[], height=40.0, italic=False, languageStyle='LTR', name='option3Text', opacity=1.0, ori=0.0, pos=array([ 560., -300.]), rgb=UNKNOWN, text='', units='pix', win=Window(...), wrapWidth=500)
69.1606 	EXP 	window1: mouseVisible = True
69.1771 	EXP 	Created option3Image = ImageStim(__class__=<class 'psychopy.visual.image.ImageStim'>, anchor=('center', 'center'), autoLog=True, color=array([1., 1., 1.]), colorSpace='rgb', contrast=1.0, depth=-6.0, draggable=False, flipHoriz=False, flipVert=False, image='default.png', interpolate=True, mask=None, maskParams=None, name='option3Image', opacity=1.0, ori=0.0, pos=array([560.,   0.]), size=array([336., 336.]), texRes=128.0, units='pix', win=Window(...))
69.1771 	EXP 	window1: mouseVisible = True
69.1772 	EXP 	window1: mouseVisible = True
69.1773 	EXP 	window1: mouseVisible = True
75.9061 	EXP 	window1: mouseVisible = True
75.9224 	EXP 	Created text_click_to_continue = TextStim(__class__=<class 'psychopy.visual.text.TextStim'>, alignHoriz=method-wrapper(...), alignText='center', alignVert=method-wrapper(...), anchorHoriz='center', anchorVert='center', antialias=True, autoDraw=False, autoLog=True, bold=False, color=array([1., 1., 1.]), colorSpace='rgb', contrast=1.0, depth=0.0, draggable=False, flipHoriz=False, flipVert=False, font='Open Sans', fontFiles=[], height=60.0, italic=False, languageStyle='LTR', name='text_click_to_continue', opacity=1.0, ori=0.0, pos=array([0., 0.]), rgb=UNKNOWN, text='Click anywhere to continue', units='pix', win=Window(...), wrapWidth=1500.0)
75.9226 	EXP 	window1: mouseVisible = True
75.9227 	EXP 	window1: mouseVisible = True
75.9608 	EXP 	Created Three = TextStim(__class__=<class 'psychopy.visual.text.TextStim'>, alignHoriz=method-wrapper(...), alignText='center', alignVert=method-wrapper(...), anchorHoriz='center', anchorVert='center', antialias=True, autoDraw=False, autoLog=True, bold=False, color=array([1., 1., 1.]), colorSpace='rgb', contrast=1.0, depth=0.0, draggable=False, flipHoriz=False, flipVert=False, font='Open Sans', fontFiles=[], height=180.0, italic=False, languageStyle='LTR', name='Three', opacity=1.0, ori=0.0, pos=array([0., 0.]), rgb=UNKNOWN, text='3', units='pix', win=Window(...), wrapWidth=500)
75.9609 	EXP 	window1: mouseVisible = True
75.9649 	EXP 	Created Two = TextStim(__class__=<class 'psychopy.visual.text.TextStim'>, alignHoriz=method-wrapper(...), alignText='center', alignVert=method-wrapper(...), anchorHoriz='center', anchorVert='center', antialias=True, autoDraw=False, autoLog=True, bold=False, color=array([1., 1., 1.]), colorSpace='rgb', contrast=1.0, depth=-1.0, draggable=False, flipHoriz=False, flipVert=False, font='Open Sans', fontFiles=[], height=180.0, italic=False, languageStyle='LTR', name='Two', opacity=1.0, ori=0.0, pos=array([0., 0.]), rgb=UNKNOWN, text='2', units='pix', win=Window(...), wrapWidth=500)
75.9651 	EXP 	window1: mouseVisible = True
75.9688 	EXP 	Created One = TextStim(__class__=<class 'psychopy.visual.text.TextStim'>, alignHoriz=method-wrapper(...), alignText='center', alignVert=method-wrapper(...), anchorHoriz='center', anchorVert='center', antialias=True, autoDraw=False, autoLog=True, bold=False, color=array([1., 1., 1.]), colorSpace='rgb', contrast=1.0, depth=-2.0, draggable=False, flipHoriz=False, flipVert=False, font='Open Sans', fontFiles=[], height=180.0, italic=False, languageStyle='LTR', name='One', opacity=1.0, ori=0.0, pos=array([0., 0.]), rgb=UNKNOWN, text='1', units='pix', win=Window(...), wrapWidth=500)
75.9689 	EXP 	window1: mouseVisible = True
75.9692 	EXP 	window1: mouseVisible = True
75.9792 	EXP 	window1: mouseVisible = True
75.9796 	EXP 	window1: mouseVisible = True
75.9835 	EXP 	window1: mouseVisible = True
75.9836 	EXP 	window1: mouseVisible = True
75.9841 	EXP 	window1: mouseVisible = True
75.9845 	EXP 	window1: mouseVisible = True
76.0170 	EXP 	window1: mouseVisible = True
76.0171 	EXP 	window1: mouseVisible = True
76.0176 	EXP 	window1: mouseVisible = True
76.0180 	EXP 	window1: mouseVisible = True
76.0302 	EXP 	window1: mouseVisible = True
76.0303 	EXP 	window1: mouseVisible = True
76.0307 	EXP 	window1: mouseVisible = True
76.0312 	EXP 	window1: mouseVisible = True
76.0381 	EXP 	window1: mouseVisible = True
76.0383 	EXP 	window1: mouseVisible = True
76.0387 	EXP 	window1: mouseVisible = True
76.0392 	EXP 	window1: mouseVisible = True
76.0430 	EXP 	window1: mouseVisible = True
76.0431 	EXP 	window1: mouseVisible = True
76.0436 	EXP 	window1: mouseVisible = True
76.0440 	EXP 	window1: mouseVisible = True
76.0518 	EXP 	window1: mouseVisible = True
76.0520 	EXP 	window1: mouseVisible = True
76.0524 	EXP 	window1: mouseVisible = True
76.0528 	EXP 	window1: mouseVisible = True
76.0571 	EXP 	window1: mouseVisible = True
76.0573 	EXP 	window1: mouseVisible = True
76.0578 	EXP 	window1: mouseVisible = True
76.0582 	EXP 	window1: mouseVisible = True
76.0647 	EXP 	window1: mouseVisible = True
76.0648 	EXP 	window1: mouseVisible = True
76.0653 	EXP 	window1: mouseVisible = True
76.0657 	EXP 	window1: mouseVisible = True
76.0690 	EXP 	window1: mouseVisible = True
76.0691 	EXP 	window1: mouseVisible = True
76.0695 	EXP 	window1: mouseVisible = True
76.0699 	EXP 	window1: mouseVisible = True
76.0744 	EXP 	window1: mouseVisible = True
76.0746 	EXP 	window1: mouseVisible = True
76.0750 	EXP 	window1: mouseVisible = True
76.0754 	EXP 	window1: mouseVisible = True
76.0784 	EXP 	window1: mouseVisible = True
76.0803 	EXP 	window1: mouseVisible = True
76.1215 	EXP 	Created agree = Slider(__class__=<class 'psychopy.visual.slider.Slider'>, autoDraw=False, autoLog=True, borderColor=None, color=None, colorSpace='rgb', depth=-1, fillColor=None, flip=False, font='Open Sans', granularity=1.0, labelColor=None, labelHeight=25.0, labelWrapWidth=None, labels=tuple(...), lineColor=None, markerColor=None, name='agree', opacity=None, ori=0.0, pos=array([   0., -100.]), readOnly=False, self=UNKNOWN, size=array([1430.,   50.]), startValue=None, style='rating', styleTweaks=[], ticks=array([1, 2, 3, 4, 5]), units='pix', win=Window(...))
76.1217 	EXP 	window1: mouseVisible = True
76.1228 	EXP 	Created text = TextStim(__class__=<class 'psychopy.visual.text.TextStim'>, alignHoriz=method-wrapper(...), alignText='center', alignVert=method-wrapper(...), anchorHoriz='center', anchorVert='center', antialias=True, autoDraw=False, autoLog=True, bold=False, color=array([1., 1., 1.]), colorSpace='rgb', contrast=1.0, depth=-2.0, draggable=False, flipHoriz=False, flipVert=False, font='Open Sans', fontFiles=[], height=60.0, italic=False, languageStyle='LTR', name='text', opacity=1.0, ori=0.0, pos=array([  0., 300.]), rgb=UNKNOWN, text='', units='pix', win=Window(...), wrapWidth=1480)
76.1229 	EXP 	window1: mouseVisible = True
76.1252 	EXP 	Created Three = TextStim(__class__=<class 'psychopy.visual.text.TextStim'>, alignHoriz=method-wrapper(...), alignText='center', alignVert=method-wrapper(...), anchorHoriz='center', anchorVert='center', antialias=True, autoDraw=False, autoLog=True, bold=False, color=array([1., 1., 1.]), colorSpace='rgb', contrast=1.0, depth=0.0, draggable=False, flipHoriz=False, flipVert=False, font='Open Sans', fontFiles=[], height=180.0, italic=False, languageStyle='LTR', name='Three', opacity=1.0, ori=0.0, pos=array([0., 0.]), rgb=UNKNOWN, text='3', units='pix', win=Window(...), wrapWidth=500)
76.1254 	EXP 	window1: mouseVisible = True
76.1275 	EXP 	Created Two = TextStim(__class__=<class 'psychopy.visual.text.TextStim'>, alignHoriz=method-wrapper(...), alignText='center', alignVert=method-wrapper(...), anchorHoriz='center', anchorVert='center', antialias=True, autoDraw=False, autoLog=True, bold=False, color=array([1., 1., 1.]), colorSpace='rgb', contrast=1.0, depth=-1.0, draggable=False, flipHoriz=False, flipVert=False, font='Open Sans', fontFiles=[], height=180.0, italic=False, languageStyle='LTR', name='Two', opacity=1.0, ori=0.0, pos=array([0., 0.]), rgb=UNKNOWN, text='2', units='pix', win=Window(...), wrapWidth=500)
76.1276 	EXP 	window1: mouseVisible = True
76.1297 	EXP 	Created One = TextStim(__class__=<class 'psychopy.visual.text.TextStim'>, alignHoriz=method-wrapper(...), alignText='center', alignVert=method-wrapper(...), anchorHoriz='center', anchorVert='center', antialias=True, autoDraw=False, autoLog=True, bold=False, color=array([1., 1., 1.]), colorSpace='rgb', contrast=1.0, depth=-2.0, draggable=False, flipHoriz=False, flipVert=False, font='Open Sans', fontFiles=[], height=180.0, italic=False, languageStyle='LTR', name='One', opacity=1.0, ori=0.0, pos=array([0., 0.]), rgb=UNKNOWN, text='1', units='pix', win=Window(...), wrapWidth=500)
76.1299 	EXP 	window1: mouseVisible = True
76.1302 	EXP 	window1: mouseVisible = True
0.1040 	EXP 	movie: autoLog = True
0.1040 	EXP 	stimclip: autoLog = True
0.1040 	EXP 	agree: autoLog = True
0.1040 	EXP 	agree: styleTweaks = []
0.1040 	EXP 	agree: styleTweaks = []
0.1040 	EXP 	agree: styleTweaks = []
0.1040 	EXP 	agree: styleTweaks = []
0.1040 	EXP 	agree: contrast = 1.0
0.1040 	EXP 	agree: markerPos = None
0.1040 	EXP 	agree: autoLog = True
0.1040 	EXP 	neutralVideoClip: autoLog = True
0.1045 	EXP 	Created sequence: sequential, trialTypes=4, nReps=1, seed=None
0.1047 	EXP 	New trial (rep=0, index=0): {'mainIndex': 0, 'emotion': '1 excited', 'image1': 'videos\\1 excited\\1 motorsports\\motorsports.jpg', 'text1': 'motorsports', 'stimuli1': 'videos\\1 excited\\1 motorsports\\kenMiles.mp4', 'image2': 'videos\\1 excited\\2 sports\\sport.jpg', 'text2': 'sports', 'stimuli2': 'videos\\1 excited\\2 sports\\NBA.mp4', 'image3': 'videos\\1 excited\\3 general\\I am not sure.jpg', 'text3': 'general', 'stimuli3': 'videos\\1 excited\\3 general\\ratatChaseScene.mp4'}
0.2034 	EXP 	option1Text: height = 40.0
0.2034 	EXP 	option1Text: height = 40.0
0.2034 	EXP 	option1Text: height = 40.0
0.2034 	EXP 	option1Text: text = 'motorsports'
0.2034 	EXP 	option1Image: image = 'videos\\1 excited\\1 motorsports\\motorsports.jpg'
0.2034 	EXP 	option2Text: height = 40.0
0.2034 	EXP 	option2Text: height = 40.0
0.2034 	EXP 	option2Text: height = 40.0
0.2034 	EXP 	option2Text: text = 'sports'
0.2034 	EXP 	option2Image: image = 'videos\\1 excited\\2 sports\\sport.jpg'
0.2034 	EXP 	option3Text: height = 40.0
0.2034 	EXP 	option3Text: height = 40.0
0.2034 	EXP 	option3Text: height = 40.0
0.2034 	EXP 	option3Text: text = 'general'
0.2034 	EXP 	option3Image: image = 'videos\\1 excited\\3 general\\I am not sure.jpg'
0.2034 	EXP 	instructions: autoDraw = True
0.2034 	EXP 	option1Text: autoDraw = True
0.2034 	EXP 	option1Image: autoDraw = True
0.2034 	EXP 	option2Text: autoDraw = True
0.2034 	EXP 	option2Image: autoDraw = True
0.2034 	EXP 	option3Text: autoDraw = True
0.2034 	EXP 	option3Image: autoDraw = True
26.7230 	DATA 	Mouse: Left button down, pos=(287,469)
26.7254 	EXP 	New trial (rep=0, index=1): {'mainIndex': 3, 'emotion': '4 relaxed', 'image1': None, 'text1': 'meditation', 'stimuli1': 'videos\\4 relaxed\\1 meditation\\meditation.mp4', 'image2': None, 'text2': 'nature', 'stimuli2': 'videos\\4 relaxed\\2 nature\\waterfall.mp4', 'image3': None, 'text3': 'general', 'stimuli3': 'videos\\4 relaxed\\3 general\\asmr.mkv'}
26.7394 	EXP 	instructions: autoDraw = False
26.7394 	EXP 	option1Text: autoDraw = False
26.7394 	EXP 	option1Image: autoDraw = False
26.7394 	EXP 	option2Text: autoDraw = False
26.7394 	EXP 	option2Image: autoDraw = False
26.7394 	EXP 	option3Text: autoDraw = False
26.7394 	EXP 	option3Image: autoDraw = False
26.7394 	EXP 	option1Text: height = 40.0
26.7394 	EXP 	option1Text: height = 40.0
26.7394 	EXP 	option1Text: height = 40.0
26.7394 	EXP 	option1Text: text = 'meditation'
26.7394 	EXP 	option1Image: image = None
26.7394 	EXP 	option2Text: height = 40.0
26.7394 	EXP 	option2Text: height = 40.0
26.7394 	EXP 	option2Text: height = 40.0
26.7394 	EXP 	option2Text: text = 'nature'
26.7394 	EXP 	option2Image: image = None
26.7394 	EXP 	option3Text: text = 'general'
26.7394 	EXP 	option3Image: image = None
26.7394 	EXP 	instructions: autoDraw = True
26.7394 	EXP 	option1Text: autoDraw = True
26.7394 	EXP 	option1Image: autoDraw = True
26.7394 	EXP 	option2Text: autoDraw = True
26.7394 	EXP 	option2Image: autoDraw = True
26.7394 	EXP 	option3Text: autoDraw = True
26.7394 	EXP 	option3Image: autoDraw = True
26.7923 	DATA 	Mouse:  Left button up, pos=(287,469)
30.8947 	DATA 	Mouse: Left button down, pos=(848,381)
30.9428 	DATA 	Mouse:  Left button up, pos=(848,381)
32.0607 	DATA 	Mouse: Left button down, pos=(822,216)
32.0627 	EXP 	New trial (rep=0, index=2): {'mainIndex': 4, 'emotion': '5 sad', 'image1': 'videos\\5 sad\\1 animals\\cutepets.jpg', 'text1': 'animals', 'stimuli1': 'videos\\5 sad\\1 animals\\saddogs.mp4', 'image2': 'videos\\5 sad\\2 babies\\baby.jpg', 'text2': 'babies', 'stimuli2': 'videos\\5 sad\\2 babies\\sadBaby1.mp4', 'image3': 'videos\\5 sad\\3 general\\notsure.jpg', 'text3': 'general', 'stimuli3': 'videos\\5 sad\\3 general\\ChampDeath.mp4'}
32.1115 	EXP 	instructions: autoDraw = False
32.1115 	EXP 	option1Text: autoDraw = False
32.1115 	EXP 	option1Image: autoDraw = False
32.1115 	EXP 	option2Text: autoDraw = False
32.1115 	EXP 	option2Image: autoDraw = False
32.1115 	EXP 	option3Text: autoDraw = False
32.1115 	EXP 	option3Image: autoDraw = False
32.1115 	EXP 	option1Text: height = 40.0
32.1115 	EXP 	option1Text: height = 40.0
32.1115 	EXP 	option1Text: height = 40.0
32.1115 	EXP 	option1Text: text = 'animals'
32.1115 	EXP 	option1Image: image = 'videos\\5 sad\\1 animals\\cutepets.jpg'
32.1115 	EXP 	option2Text: height = 40.0
32.1115 	EXP 	option2Text: height = 40.0
32.1115 	EXP 	option2Text: height = 40.0
32.1115 	EXP 	option2Text: text = 'babies'
32.1115 	EXP 	option2Image: image = 'videos\\5 sad\\2 babies\\baby.jpg'
32.1115 	EXP 	option3Text: text = 'general'
32.1115 	EXP 	option3Image: image = 'videos\\5 sad\\3 general\\notsure.jpg'
32.1115 	EXP 	instructions: autoDraw = True
32.1115 	EXP 	option1Text: autoDraw = True
32.1115 	EXP 	option1Image: autoDraw = True
32.1115 	EXP 	option2Text: autoDraw = True
32.1115 	EXP 	option2Image: autoDraw = True
32.1115 	EXP 	option3Text: autoDraw = True
32.1115 	EXP 	option3Image: autoDraw = True
32.1470 	DATA 	Mouse:  Left button up, pos=(822,216)
34.2118 	DATA 	Mouse: Left button down, pos=(287,216)
34.2137 	EXP 	New trial (rep=0, index=3): {'mainIndex': 7, 'emotion': '8 angry', 'image1': 'videos\\8 angry\\1 animals\\cutepets.jpg', 'text1': 'animals', 'stimuli1': 'videos\\8 angry\\1 animals\\angrydogs.mp4', 'image2': 'videos\\8 angry\\2 general\\notsure.jpg', 'text2': 'general', 'stimuli2': 'videos\\8 angry\\2 general\\thepiano.mp4', 'image3': None, 'text3': '', 'stimuli3': None}
34.2644 	EXP 	instructions: autoDraw = False
34.2644 	EXP 	option1Text: autoDraw = False
34.2644 	EXP 	option1Image: autoDraw = False
34.2644 	EXP 	option2Text: autoDraw = False
34.2644 	EXP 	option2Image: autoDraw = False
34.2644 	EXP 	option3Text: autoDraw = False
34.2644 	EXP 	option3Image: autoDraw = False
34.2644 	EXP 	option1Text: text = 'animals'
34.2644 	EXP 	option1Image: image = 'videos\\8 angry\\1 animals\\cutepets.jpg'
34.2644 	EXP 	option2Text: height = 40.0
34.2644 	EXP 	option2Text: height = 40.0
34.2644 	EXP 	option2Text: height = 40.0
34.2644 	EXP 	option2Text: text = 'general'
34.2644 	EXP 	option2Image: image = 'videos\\8 angry\\2 general\\notsure.jpg'
34.2644 	EXP 	option3Text: height = 40.0
34.2644 	EXP 	option3Text: height = 40.0
34.2644 	EXP 	option3Text: height = 40.0
34.2644 	EXP 	option3Text: text = ''
34.2644 	EXP 	option3Image: image = None
34.2644 	EXP 	instructions: autoDraw = True
34.2644 	EXP 	option1Text: autoDraw = True
34.2644 	EXP 	option1Image: autoDraw = True
34.2644 	EXP 	option2Text: autoDraw = True
34.2644 	EXP 	option2Image: autoDraw = True
34.2644 	EXP 	option3Text: autoDraw = True
34.2644 	EXP 	option3Image: autoDraw = True
34.3149 	DATA 	Mouse:  Left button up, pos=(287,216)
37.2502 	DATA 	Mouse: Left button down, pos=(264,215)
37.3057 	EXP 	instructions: autoDraw = False
37.3057 	EXP 	option1Text: autoDraw = False
37.3057 	EXP 	option1Image: autoDraw = False
37.3057 	EXP 	option2Text: autoDraw = False
37.3057 	EXP 	option2Image: autoDraw = False
37.3057 	EXP 	option3Text: autoDraw = False
37.3057 	EXP 	option3Image: autoDraw = False
37.3057 	EXP 	movie: autoDraw = True
37.3070 	DATA 	Mouse:  Left button up, pos=(264,215)
77.7978 	EXP 	movie: autoDraw = False
77.7978 	EXP 	text_click_to_continue: autoDraw = True
79.5285 	DATA 	Mouse: Left button down, pos=(977,518)
79.5294 	EXP 	Created sequence: sequential, trialTypes=8, nReps=1, seed=None
79.5296 	EXP 	New trial (rep=0, index=0): {'mainIndex': 0, 'stim': 'videos\\1 excited\\1 motorsports\\kenMiles.mp4', 'emotion': 'excited', 'neutralvideo': 'neutral_videos\\2BlowingLeafs (1).mp4'}
79.5450 	EXP 	text_click_to_continue: autoDraw = False
79.5450 	EXP 	Three: autoDraw = True
79.6299 	DATA 	Mouse:  Left button up, pos=(977,518)
80.5290 	EXP 	Two: autoDraw = True
80.5456 	EXP 	Three: autoDraw = False
81.5302 	EXP 	Two: autoDraw = False
81.5302 	EXP 	One: autoDraw = True
82.6873 	EXP 	One: autoDraw = False
82.6873 	EXP 	Three: autoDraw = False
82.6873 	EXP 	Two: autoDraw = False
82.6873 	EXP 	One: autoDraw = False
82.6873 	EXP 	stimclip: autoDraw = True
151.0397 	EXP 	stimclip: autoDraw = False
151.0397 	EXP 	agree: markerPos = None
151.0397 	EXP 	agree: markerPos = None
151.0397 	EXP 	text: height = 60.0
151.0397 	EXP 	text: height = 60.0
151.0397 	EXP 	text: height = 60.0
151.0397 	EXP 	text: text = 'I feel excited'
151.0397 	EXP 	agree: autoDraw = True
151.0397 	EXP 	text: autoDraw = True
155.5015 	DATA 	Mouse: Left button down, pos=(1196,428)
155.5178 	EXP 	agree: markerPos = 3.9958041958041957
155.5345 	EXP 	agree: markerPos = 3.9958041958041957
155.5511 	EXP 	agree: markerPos = 3.9958041958041957
155.5679 	EXP 	agree: markerPos = 3.9958041958041957
155.5843 	EXP 	agree: markerPos = 3.9958041958041957
155.6008 	EXP 	agree: markerPos = 3.9958041958041957
155.6180 	EXP 	agree: markerPos = 3.9958041958041957
155.6346 	EXP 	agree: markerPos = 3.9958041958041957
155.6513 	EXP 	agree: markerPos = 3.9958041958041957
155.6623 	DATA 	Mouse:  Left button up, pos=(1196,428)
155.6675 	EXP 	agree: markerPos = 3.9958041958041957
155.6843 	EXP 	agree: markerPos = 4.0
155.7012 	EXP 	agree: autoDraw = False
155.7012 	EXP 	text: autoDraw = False
155.7012 	EXP 	Three: autoDraw = True
156.7017 	EXP 	Three: autoDraw = False
156.7017 	EXP 	Two: autoDraw = True
157.6902 	EXP 	One: autoDraw = True
157.7069 	EXP 	Two: autoDraw = False
158.8032 	EXP 	One: autoDraw = False
158.8032 	EXP 	Three: autoDraw = False
158.8032 	EXP 	Two: autoDraw = False
158.8032 	EXP 	One: autoDraw = False
158.8032 	EXP 	neutralVideoClip: autoDraw = True
220.6495 	EXP 	New trial (rep=0, index=1): {'mainIndex': 1, 'stim': 'videos\\2 happy\\scooby.mp4', 'emotion': 'happy', 'neutralvideo': 'neutral_videos\\2BlowingLeafs (2).mp4'}
220.6521 	EXP 	neutralVideoClip: autoDraw = False
220.6521 	EXP 	Three: autoDraw = True
221.6495 	EXP 	Two: autoDraw = True
221.6662 	EXP 	Three: autoDraw = False
222.6502 	EXP 	Two: autoDraw = False
222.6502 	EXP 	One: autoDraw = True
223.9337 	EXP 	One: autoDraw = False
223.9337 	EXP 	Three: autoDraw = False
223.9337 	EXP 	Two: autoDraw = False
223.9337 	EXP 	One: autoDraw = False
223.9337 	EXP 	stimclip: autoDraw = True
284.1510 	EXP 	stimclip: autoDraw = False
284.1510 	EXP 	agree: markerPos = None
284.1510 	EXP 	agree: markerPos = None
284.1510 	EXP 	text: height = 60.0
284.1510 	EXP 	text: height = 60.0
284.1510 	EXP 	text: height = 60.0
284.1510 	EXP 	text: text = 'I feel happy'
284.1510 	EXP 	agree: autoDraw = True
284.1510 	EXP 	text: autoDraw = True
287.4053 	DATA 	Mouse: Left button down, pos=(479,426)
287.4312 	EXP 	agree: markerPos = 1.9902097902097902
287.4478 	EXP 	agree: markerPos = 1.9902097902097902
287.4649 	EXP 	agree: markerPos = 1.9902097902097902
287.4809 	EXP 	agree: markerPos = 1.9902097902097902
287.4979 	EXP 	agree: markerPos = 1.9902097902097902
287.5145 	EXP 	agree: markerPos = 1.9902097902097902
287.5316 	EXP 	agree: markerPos = 1.9902097902097902
287.5478 	EXP 	agree: markerPos = 1.9902097902097902
287.5484 	DATA 	Mouse:  Left button up, pos=(479,426)
287.5648 	EXP 	agree: markerPos = 2.0
287.5812 	EXP 	agree: autoDraw = False
287.5812 	EXP 	text: autoDraw = False
287.5812 	EXP 	Three: autoDraw = True
288.5702 	EXP 	Two: autoDraw = True
288.5867 	EXP 	Three: autoDraw = False
289.5699 	EXP 	Two: autoDraw = False
289.5699 	EXP 	One: autoDraw = True
290.8618 	EXP 	One: autoDraw = False
290.8618 	EXP 	Three: autoDraw = False
290.8618 	EXP 	Two: autoDraw = False
290.8618 	EXP 	One: autoDraw = False
290.8618 	EXP 	neutralVideoClip: autoDraw = True
352.7404 	EXP 	New trial (rep=0, index=2): {'mainIndex': 2, 'stim': 'videos\\3 motivated\\motivationalAuthor.mp4', 'emotion': 'motivated', 'neutralvideo': 'neutral_videos\\3BlowingLeafs.mp4'}
352.7431 	EXP 	neutralVideoClip: autoDraw = False
352.7431 	EXP 	Three: autoDraw = True
353.7467 	EXP 	Three: autoDraw = False
353.7467 	EXP 	Two: autoDraw = True
354.7477 	EXP 	Two: autoDraw = False
354.7477 	EXP 	One: autoDraw = True
356.0690 	EXP 	One: autoDraw = False
356.0690 	EXP 	Three: autoDraw = False
356.0690 	EXP 	Two: autoDraw = False
356.0690 	EXP 	One: autoDraw = False
356.0690 	EXP 	stimclip: autoDraw = True
423.9297 	EXP 	stimclip: autoDraw = False
423.9297 	EXP 	agree: markerPos = None
423.9297 	EXP 	agree: markerPos = None
423.9297 	EXP 	text: height = 60.0
423.9297 	EXP 	text: height = 60.0
423.9297 	EXP 	text: height = 60.0
423.9297 	EXP 	text: text = 'I feel motivated'
423.9297 	EXP 	agree: autoDraw = True
423.9297 	EXP 	text: autoDraw = True
428.5259 	DATA 	Mouse: Left button down, pos=(125,425)
428.5514 	EXP 	agree: markerPos = 1.0
428.5682 	EXP 	agree: markerPos = 1.0
428.5847 	EXP 	agree: markerPos = 1.0
428.6018 	EXP 	agree: markerPos = 1.0
428.6181 	EXP 	agree: markerPos = 1.0
428.6189 	DATA 	Mouse:  Left button up, pos=(125,425)
428.6349 	EXP 	agree: markerPos = 1.0
428.6516 	EXP 	agree: autoDraw = False
428.6516 	EXP 	text: autoDraw = False
428.6516 	EXP 	Three: autoDraw = True
429.6524 	EXP 	Three: autoDraw = False
429.6524 	EXP 	Two: autoDraw = True
430.6531 	EXP 	Two: autoDraw = False
430.6531 	EXP 	One: autoDraw = True
431.9435 	EXP 	One: autoDraw = False
431.9435 	EXP 	Three: autoDraw = False
431.9435 	EXP 	Two: autoDraw = False
431.9435 	EXP 	One: autoDraw = False
431.9435 	EXP 	neutralVideoClip: autoDraw = True
493.8921 	EXP 	New trial (rep=0, index=3): {'mainIndex': 3, 'stim': 'videos\\4 relaxed\\2 nature\\waterfall.mp4', 'emotion': 'relaxed', 'neutralvideo': 'neutral_videos\\4BlowingLeafs.mp4'}
493.8950 	EXP 	neutralVideoClip: autoDraw = False
493.8950 	EXP 	Three: autoDraw = True
494.9006 	EXP 	Three: autoDraw = False
494.9006 	EXP 	Two: autoDraw = True
495.9009 	EXP 	Two: autoDraw = False
495.9009 	EXP 	One: autoDraw = True
497.2182 	EXP 	One: autoDraw = False
497.2182 	EXP 	Three: autoDraw = False
497.2182 	EXP 	Two: autoDraw = False
497.2182 	EXP 	One: autoDraw = False
497.2182 	EXP 	stimclip: autoDraw = True
557.7178 	EXP 	stimclip: autoDraw = False
557.7178 	EXP 	agree: markerPos = None
557.7178 	EXP 	agree: markerPos = None
557.7178 	EXP 	text: height = 60.0
557.7178 	EXP 	text: height = 60.0
557.7178 	EXP 	text: height = 60.0
557.7178 	EXP 	text: text = 'I feel relaxed'
557.7178 	EXP 	agree: autoDraw = True
557.7178 	EXP 	text: autoDraw = True
561.0161 	DATA 	Mouse: Left button down, pos=(1552,423)
561.0321 	EXP 	agree: markerPos = 4.991608391608391
561.0487 	EXP 	agree: markerPos = 4.991608391608391
561.0654 	EXP 	agree: markerPos = 4.991608391608391
561.0822 	EXP 	agree: markerPos = 4.991608391608391
561.0988 	EXP 	agree: markerPos = 4.991608391608391
561.1156 	EXP 	agree: markerPos = 4.991608391608391
561.1321 	EXP 	agree: markerPos = 4.991608391608391
561.1326 	DATA 	Mouse:  Left button up, pos=(1552,423)
561.1489 	EXP 	agree: markerPos = 5.0
561.1656 	EXP 	agree: autoDraw = False
561.1656 	EXP 	text: autoDraw = False
561.1656 	EXP 	Three: autoDraw = True
562.1665 	EXP 	Three: autoDraw = False
562.1665 	EXP 	Two: autoDraw = True
563.1671 	EXP 	Two: autoDraw = False
563.1671 	EXP 	One: autoDraw = True
564.4685 	EXP 	One: autoDraw = False
564.4685 	EXP 	Three: autoDraw = False
564.4685 	EXP 	Two: autoDraw = False
564.4685 	EXP 	One: autoDraw = False
564.4685 	EXP 	neutralVideoClip: autoDraw = True
626.3133 	EXP 	New trial (rep=0, index=4): {'mainIndex': 4, 'stim': 'videos\\5 sad\\1 animals\\saddogs.mp4', 'emotion': 'sad', 'neutralvideo': 'neutral_videos\\5BlowingLeafs.mp4'}
626.3159 	EXP 	neutralVideoClip: autoDraw = False
626.3159 	EXP 	Three: autoDraw = True
627.3143 	EXP 	Two: autoDraw = True
627.3312 	EXP 	Three: autoDraw = False
628.3149 	EXP 	Two: autoDraw = False
628.3149 	EXP 	One: autoDraw = True
629.6231 	EXP 	One: autoDraw = False
629.6231 	EXP 	Three: autoDraw = False
629.6231 	EXP 	Two: autoDraw = False
629.6231 	EXP 	One: autoDraw = False
629.6231 	EXP 	stimclip: autoDraw = True
692.5802 	EXP 	stimclip: autoDraw = False
692.5802 	EXP 	agree: markerPos = None
692.5802 	EXP 	agree: markerPos = None
692.5802 	EXP 	text: height = 60.0
692.5802 	EXP 	text: height = 60.0
692.5802 	EXP 	text: height = 60.0
692.5802 	EXP 	text: text = 'I feel sad'
692.5802 	EXP 	agree: autoDraw = True
692.5802 	EXP 	text: autoDraw = True
696.2067 	DATA 	Mouse: Left button down, pos=(1198,426)
696.2314 	EXP 	agree: markerPos = 4.001398601398601
696.2482 	EXP 	agree: markerPos = 4.001398601398601
696.2651 	EXP 	agree: markerPos = 4.001398601398601
696.2815 	EXP 	agree: markerPos = 4.001398601398601
696.2985 	EXP 	agree: markerPos = 4.001398601398601
696.3092 	DATA 	Mouse:  Left button up, pos=(1198,426)
696.3150 	EXP 	agree: markerPos = 4.001398601398601
696.3316 	EXP 	agree: markerPos = 4.0
696.3482 	EXP 	agree: autoDraw = False
696.3482 	EXP 	text: autoDraw = False
696.3482 	EXP 	Three: autoDraw = True
697.3490 	EXP 	Three: autoDraw = False
697.3490 	EXP 	Two: autoDraw = True
698.3499 	EXP 	Two: autoDraw = False
698.3499 	EXP 	One: autoDraw = True
699.6310 	EXP 	One: autoDraw = False
699.6310 	EXP 	Three: autoDraw = False
699.6310 	EXP 	Two: autoDraw = False
699.6310 	EXP 	One: autoDraw = False
699.6310 	EXP 	neutralVideoClip: autoDraw = True
761.4782 	EXP 	New trial (rep=0, index=5): {'mainIndex': 5, 'stim': 'videos\\6 horror\\conjuring.mp4', 'emotion': 'horror', 'neutralvideo': 'neutral_videos\\6BlowingLeafs.mp4'}
761.4808 	EXP 	neutralVideoClip: autoDraw = False
761.4808 	EXP 	Three: autoDraw = True
762.4802 	EXP 	Three: autoDraw = False
762.4802 	EXP 	Two: autoDraw = True
763.4810 	EXP 	Two: autoDraw = False
763.4810 	EXP 	One: autoDraw = True
764.7614 	EXP 	One: autoDraw = False
764.7614 	EXP 	Three: autoDraw = False
764.7614 	EXP 	Two: autoDraw = False
764.7614 	EXP 	One: autoDraw = False
764.7614 	EXP 	stimclip: autoDraw = True
829.7017 	EXP 	stimclip: autoDraw = False
829.7017 	EXP 	agree: markerPos = None
829.7017 	EXP 	agree: markerPos = None
829.7017 	EXP 	text: height = 60.0
829.7017 	EXP 	text: height = 60.0
829.7017 	EXP 	text: height = 60.0
829.7017 	EXP 	text: text = 'I feel horror'
829.7017 	EXP 	agree: autoDraw = True
829.7017 	EXP 	text: autoDraw = True
832.9161 	DATA 	Mouse: Left button down, pos=(1196,423)
832.9319 	EXP 	agree: markerPos = 3.9958041958041957
832.9490 	EXP 	agree: markerPos = 3.9958041958041957
832.9656 	EXP 	agree: markerPos = 3.9958041958041957
832.9821 	EXP 	agree: markerPos = 3.9958041958041957
832.9988 	EXP 	agree: markerPos = 3.9958041958041957
833.0157 	EXP 	agree: markerPos = 3.9958041958041957
833.0255 	DATA 	Mouse:  Left button up, pos=(1196,423)
833.0321 	EXP 	agree: markerPos = 3.9958041958041957
833.0487 	EXP 	agree: markerPos = 4.0
833.0659 	EXP 	agree: autoDraw = False
833.0659 	EXP 	text: autoDraw = False
833.0659 	EXP 	Three: autoDraw = True
834.0663 	EXP 	Three: autoDraw = False
834.0663 	EXP 	Two: autoDraw = True
835.0504 	EXP 	One: autoDraw = True
835.0722 	EXP 	Two: autoDraw = False
836.3376 	EXP 	One: autoDraw = False
836.3376 	EXP 	Three: autoDraw = False
836.3376 	EXP 	Two: autoDraw = False
836.3376 	EXP 	One: autoDraw = False
836.3376 	EXP 	neutralVideoClip: autoDraw = True
898.1845 	EXP 	New trial (rep=0, index=6): {'mainIndex': 6, 'stim': 'videos\\7 disgusted\\trainspotting.mp4', 'emotion': 'disgusted', 'neutralvideo': 'neutral_videos\\7BlowingLeafs.mp4'}
898.1873 	EXP 	neutralVideoClip: autoDraw = False
898.1873 	EXP 	Three: autoDraw = True
899.1974 	EXP 	Three: autoDraw = False
899.1974 	EXP 	Two: autoDraw = True
900.1985 	EXP 	Two: autoDraw = False
900.1985 	EXP 	One: autoDraw = True
901.4969 	EXP 	Three: autoDraw = False
901.4969 	EXP 	Two: autoDraw = False
901.4969 	EXP 	One: autoDraw = False
901.4969 	EXP 	stimclip: autoDraw = True
961.7007 	EXP 	stimclip: autoDraw = False
961.7007 	EXP 	agree: markerPos = None
961.7007 	EXP 	agree: markerPos = None
961.7007 	EXP 	text: height = 60.0
961.7007 	EXP 	text: height = 60.0
961.7007 	EXP 	text: height = 60.0
961.7007 	EXP 	text: text = 'I feel disgusted'
961.7007 	EXP 	agree: autoDraw = True
961.7007 	EXP 	text: autoDraw = True
965.9876 	DATA 	Mouse: Left button down, pos=(1555,426)
966.0130 	EXP 	agree: markerPos = 5.0
966.0296 	EXP 	agree: markerPos = 5.0
966.0465 	EXP 	agree: markerPos = 5.0
966.0631 	EXP 	agree: markerPos = 5.0
966.0798 	EXP 	agree: markerPos = 5.0
966.0966 	EXP 	agree: markerPos = 5.0
966.0978 	DATA 	Mouse:  Left button up, pos=(1555,426)
966.1133 	EXP 	agree: markerPos = 5.0
966.1297 	EXP 	agree: autoDraw = False
966.1297 	EXP 	text: autoDraw = False
966.1297 	EXP 	Three: autoDraw = True
967.1307 	EXP 	Three: autoDraw = False
967.1307 	EXP 	Two: autoDraw = True
968.1188 	EXP 	One: autoDraw = True
968.1356 	EXP 	Two: autoDraw = False
969.4111 	EXP 	One: autoDraw = False
969.4111 	EXP 	Three: autoDraw = False
969.4111 	EXP 	Two: autoDraw = False
969.4111 	EXP 	One: autoDraw = False
969.4111 	EXP 	neutralVideoClip: autoDraw = True
1031.4751 	EXP 	New trial (rep=0, index=7): {'mainIndex': 7, 'stim': 'videos\\8 angry\\1 animals\\angrydogs.mp4', 'emotion': 'angry', 'neutralvideo': 'neutral_videos\\8BlowingLeafs.mp4'}
1031.4777 	EXP 	neutralVideoClip: autoDraw = False
1031.4777 	EXP 	Three: autoDraw = True
1032.4792 	EXP 	Three: autoDraw = False
1032.4792 	EXP 	Two: autoDraw = True
1033.4794 	EXP 	Two: autoDraw = False
1033.4794 	EXP 	One: autoDraw = True
1034.7624 	EXP 	One: autoDraw = False
1034.7624 	EXP 	Three: autoDraw = False
1034.7624 	EXP 	Two: autoDraw = False
1034.7624 	EXP 	One: autoDraw = False
1034.7624 	EXP 	stimclip: autoDraw = True
1100.1071 	EXP 	stimclip: autoDraw = False
1100.1071 	EXP 	agree: markerPos = None
1100.1071 	EXP 	agree: markerPos = None
1100.1071 	EXP 	text: height = 60.0
1100.1071 	EXP 	text: height = 60.0
1100.1071 	EXP 	text: height = 60.0
1100.1071 	EXP 	text: text = 'I feel angry'
1100.1071 	EXP 	agree: autoDraw = True
1100.1071 	EXP 	text: autoDraw = True
1102.3034 	DATA 	Mouse: Left button down, pos=(1193,430)
1102.3299 	EXP 	agree: markerPos = 3.9874125874125874
1102.3466 	EXP 	agree: markerPos = 3.9874125874125874
1102.3632 	EXP 	agree: markerPos = 3.9874125874125874
1102.3799 	EXP 	agree: markerPos = 3.9874125874125874
1102.3967 	EXP 	agree: markerPos = 3.9874125874125874
1102.4133 	EXP 	agree: markerPos = 3.9874125874125874
1102.4300 	EXP 	agree: markerPos = 3.9874125874125874
1102.4466 	EXP 	agree: markerPos = 3.9874125874125874
1102.4472 	DATA 	Mouse:  Left button up, pos=(1193,430)
1102.4633 	EXP 	agree: markerPos = 4.0
1102.4802 	EXP 	agree: autoDraw = False
1102.4802 	EXP 	text: autoDraw = False
1102.4802 	EXP 	Three: autoDraw = True
1103.4808 	EXP 	Three: autoDraw = False
1103.4808 	EXP 	Two: autoDraw = True
1104.4816 	EXP 	Two: autoDraw = False
1104.4816 	EXP 	One: autoDraw = True
1105.7449 	EXP 	One: autoDraw = False
1105.7449 	EXP 	Three: autoDraw = False
1105.7449 	EXP 	Two: autoDraw = False
1105.7449 	EXP 	One: autoDraw = False
1105.7449 	EXP 	neutralVideoClip: autoDraw = True
1114.2100 	EXP 	neutralVideoClip: autoDraw = False
1114.2101 	EXP 	emotionRecognition: status = STOPPED
1114.3391 	EXP 	window1: mouseVisible = True
