61.3484 	EXP 	Created window1 = Window(allowGUI=True, allowStencil=False, autoLog=True, backendConf=UNKNOWN, backgroundFit=<method-wrapper '__getattribute__' of attributeSetter object at 0x0000022C68AF8CD0>, backgroundImage=<method-wrapper '__getattribute__' of attributeSetter object at 0x0000022C68AF8C70>, bitsMode=UNKNOWN, blendMode='avg', bpc=(8, 8, 8), color=array([0, 0, 0]), colorSpace='rgb', depthBits=8, fullscr=<method-wrapper '__getattribute__' of attributeSetter object at 0x0000022C68AF8A90>, gamma=None, gammaErrorPolicy='raise', lms=UNKNOWN, monitor=<psychopy.monitors.calibTools.Monitor object at 0x0000022C4B1471C0>, multiSample=False, name='window1', numSamples=2, pos=(1920, 33), screen=0, size=array([1680, 1050]), stencilBits=0, stereo=False, title='PsychoPy', units='pix', useFBO=True, useRetina=False, viewOri=0.0, viewPos=None, viewScale=None, waitBlanking=True, winType='pyglet')
61.3485 	EXP 	window1: mouseVisible = True
61.3485 	EXP 	window1: backgroundImage = ''
61.3485 	EXP 	window1: backgroundFit = 'none'
61.3502 	EXP 	window1: Attempting to measure frame rate of screen (0) ...
61.3502 	EXP 	window1: recordFrameIntervals = False
61.5146 	EXP 	window1: recordFrameIntervals = True
61.6986 	EXP 	Screen (0) actual frame rate measured at 59.83Hz
61.6986 	EXP 	window1: recordFrameIntervals = False
61.6987 	EXP 	window1: mouseVisible = False
65.3298 	EXP 	emotionRecognition: status = STARTED
67.4290 	EXP 	window1: mouseVisible = True
67.6117 	EXP 	Created instructions = TextStim(__class__=<class 'psychopy.visual.text.TextStim'>, alignHoriz=method-wrapper(...), alignText='center', alignVert=method-wrapper(...), anchorHoriz='center', anchorVert='center', antialias=True, autoDraw=False, autoLog=True, bold=False, color=array([1., 1., 1.]), colorSpace='rgb', contrast=1.0, depth=0.0, draggable=False, flipHoriz=False, flipVert=False, font='Arial', fontFiles=[], height=40.0, italic=False, languageStyle='LTR', name='instructions', opacity=1.0, ori=0.0, pos=array([  0., 420.]), rgb=UNKNOWN, text=str(...), units='pix', win=Window(...), wrapWidth=1120.0)
67.6119 	EXP 	window1: mouseVisible = True
67.6158 	EXP 	Created option1Text = TextStim(__class__=<class 'psychopy.visual.text.TextStim'>, alignHoriz=method-wrapper(...), alignText='center', alignVert=method-wrapper(...), anchorHoriz='center', anchorVert='center', antialias=True, autoDraw=False, autoLog=True, bold=False, color=array([1., 1., 1.]), colorSpace='rgb', contrast=1.0, depth=-1.0, draggable=False, flipHoriz=False, flipVert=False, font='Open Sans', fontFiles=[], height=40.0, italic=False, languageStyle='LTR', name='option1Text', opacity=1.0, ori=0.0, pos=array([-560., -300.]), rgb=UNKNOWN, text='', units='pix', win=Window(...), wrapWidth=500)
67.6160 	EXP 	window1: mouseVisible = True
67.6348 	EXP 	Created option1Image = ImageStim(__class__=<class 'psychopy.visual.image.ImageStim'>, anchor=('center', 'center'), autoLog=True, color=array([1., 1., 1.]), colorSpace='rgb', contrast=1.0, depth=-2.0, draggable=False, flipHoriz=False, flipVert=False, image='default.png', interpolate=True, mask=None, maskParams=None, name='option1Image', opacity=1.0, ori=0.0, pos=array([-560.,    0.]), size=array([336., 336.]), texRes=128.0, units='pix', win=Window(...))
67.6350 	EXP 	window1: mouseVisible = True
67.6361 	EXP 	Created option2Text = TextStim(__class__=<class 'psychopy.visual.text.TextStim'>, alignHoriz=method-wrapper(...), alignText='center', alignVert=method-wrapper(...), anchorHoriz='center', anchorVert='center', antialias=True, autoDraw=False, autoLog=True, bold=False, color=array([1., 1., 1.]), colorSpace='rgb', contrast=1.0, depth=-3.0, draggable=False, flipHoriz=False, flipVert=False, font='Open Sans', fontFiles=[], height=40.0, italic=False, languageStyle='LTR', name='option2Text', opacity=1.0, ori=0.0, pos=array([   0., -300.]), rgb=UNKNOWN, text='', units='pix', win=Window(...), wrapWidth=500)
67.6361 	EXP 	window1: mouseVisible = True
67.6559 	EXP 	Created option2Image = ImageStim(__class__=<class 'psychopy.visual.image.ImageStim'>, anchor=('center', 'center'), autoLog=True, color=array([1., 1., 1.]), colorSpace='rgb', contrast=1.0, depth=-4.0, draggable=False, flipHoriz=False, flipVert=False, image='default.png', interpolate=True, mask=None, maskParams=None, name='option2Image', opacity=1.0, ori=0.0, pos=array([0., 0.]), size=array([336., 336.]), texRes=128.0, units='pix', win=Window(...))
67.6560 	EXP 	window1: mouseVisible = True
67.6571 	EXP 	Created option3Text = TextStim(__class__=<class 'psychopy.visual.text.TextStim'>, alignHoriz=method-wrapper(...), alignText='center', alignVert=method-wrapper(...), anchorHoriz='center', anchorVert='center', antialias=True, autoDraw=False, autoLog=True, bold=False, color=array([1., 1., 1.]), colorSpace='rgb', contrast=1.0, depth=-5.0, draggable=False, flipHoriz=False, flipVert=False, font='Open Sans', fontFiles=[], height=40.0, italic=False, languageStyle='LTR', name='option3Text', opacity=1.0, ori=0.0, pos=array([ 560., -300.]), rgb=UNKNOWN, text='', units='pix', win=Window(...), wrapWidth=500)
67.6572 	EXP 	window1: mouseVisible = True
67.6779 	EXP 	Created option3Image = ImageStim(__class__=<class 'psychopy.visual.image.ImageStim'>, anchor=('center', 'center'), autoLog=True, color=array([1., 1., 1.]), colorSpace='rgb', contrast=1.0, depth=-6.0, draggable=False, flipHoriz=False, flipVert=False, image='default.png', interpolate=True, mask=None, maskParams=None, name='option3Image', opacity=1.0, ori=0.0, pos=array([560.,   0.]), size=array([336., 336.]), texRes=128.0, units='pix', win=Window(...))
67.6780 	EXP 	window1: mouseVisible = True
67.6780 	EXP 	window1: mouseVisible = True
67.6781 	EXP 	window1: mouseVisible = True
74.0201 	EXP 	window1: mouseVisible = True
74.0376 	EXP 	Created text_click_to_continue = TextStim(__class__=<class 'psychopy.visual.text.TextStim'>, alignHoriz=method-wrapper(...), alignText='center', alignVert=method-wrapper(...), anchorHoriz='center', anchorVert='center', antialias=True, autoDraw=False, autoLog=True, bold=False, color=array([1., 1., 1.]), colorSpace='rgb', contrast=1.0, depth=0.0, draggable=False, flipHoriz=False, flipVert=False, font='Open Sans', fontFiles=[], height=60.0, italic=False, languageStyle='LTR', name='text_click_to_continue', opacity=1.0, ori=0.0, pos=array([0., 0.]), rgb=UNKNOWN, text='Click anywhere to continue', units='pix', win=Window(...), wrapWidth=1500.0)
74.0377 	EXP 	window1: mouseVisible = True
74.0378 	EXP 	window1: mouseVisible = True
74.0476 	EXP 	Created Three = TextStim(__class__=<class 'psychopy.visual.text.TextStim'>, alignHoriz=method-wrapper(...), alignText='center', alignVert=method-wrapper(...), anchorHoriz='center', anchorVert='center', antialias=True, autoDraw=False, autoLog=True, bold=False, color=array([1., 1., 1.]), colorSpace='rgb', contrast=1.0, depth=0.0, draggable=False, flipHoriz=False, flipVert=False, font='Open Sans', fontFiles=[], height=180.0, italic=False, languageStyle='LTR', name='Three', opacity=1.0, ori=0.0, pos=array([0., 0.]), rgb=UNKNOWN, text='3', units='pix', win=Window(...), wrapWidth=500)
74.0478 	EXP 	window1: mouseVisible = True
74.0523 	EXP 	Created Two = TextStim(__class__=<class 'psychopy.visual.text.TextStim'>, alignHoriz=method-wrapper(...), alignText='center', alignVert=method-wrapper(...), anchorHoriz='center', anchorVert='center', antialias=True, autoDraw=False, autoLog=True, bold=False, color=array([1., 1., 1.]), colorSpace='rgb', contrast=1.0, depth=-1.0, draggable=False, flipHoriz=False, flipVert=False, font='Open Sans', fontFiles=[], height=180.0, italic=False, languageStyle='LTR', name='Two', opacity=1.0, ori=0.0, pos=array([0., 0.]), rgb=UNKNOWN, text='2', units='pix', win=Window(...), wrapWidth=500)
74.0524 	EXP 	window1: mouseVisible = True
74.0571 	EXP 	Created One = TextStim(__class__=<class 'psychopy.visual.text.TextStim'>, alignHoriz=method-wrapper(...), alignText='center', alignVert=method-wrapper(...), anchorHoriz='center', anchorVert='center', antialias=True, autoDraw=False, autoLog=True, bold=False, color=array([1., 1., 1.]), colorSpace='rgb', contrast=1.0, depth=-2.0, draggable=False, flipHoriz=False, flipVert=False, font='Open Sans', fontFiles=[], height=180.0, italic=False, languageStyle='LTR', name='One', opacity=1.0, ori=0.0, pos=array([0., 0.]), rgb=UNKNOWN, text='1', units='pix', win=Window(...), wrapWidth=500)
74.0572 	EXP 	window1: mouseVisible = True
74.0575 	EXP 	window1: mouseVisible = True
74.0682 	EXP 	window1: mouseVisible = True
74.0685 	EXP 	window1: mouseVisible = True
74.0732 	EXP 	window1: mouseVisible = True
74.0734 	EXP 	window1: mouseVisible = True
74.0739 	EXP 	window1: mouseVisible = True
74.0744 	EXP 	window1: mouseVisible = True
74.1083 	EXP 	window1: mouseVisible = True
74.1084 	EXP 	window1: mouseVisible = True
74.1099 	EXP 	window1: mouseVisible = True
74.1108 	EXP 	window1: mouseVisible = True
74.1270 	EXP 	window1: mouseVisible = True
74.1271 	EXP 	window1: mouseVisible = True
74.1276 	EXP 	window1: mouseVisible = True
74.1280 	EXP 	window1: mouseVisible = True
74.1352 	EXP 	window1: mouseVisible = True
74.1354 	EXP 	window1: mouseVisible = True
74.1358 	EXP 	window1: mouseVisible = True
74.1362 	EXP 	window1: mouseVisible = True
74.1396 	EXP 	window1: mouseVisible = True
74.1397 	EXP 	window1: mouseVisible = True
74.1402 	EXP 	window1: mouseVisible = True
74.1407 	EXP 	window1: mouseVisible = True
74.1498 	EXP 	window1: mouseVisible = True
74.1500 	EXP 	window1: mouseVisible = True
74.1504 	EXP 	window1: mouseVisible = True
74.1508 	EXP 	window1: mouseVisible = True
74.1543 	EXP 	window1: mouseVisible = True
74.1544 	EXP 	window1: mouseVisible = True
74.1548 	EXP 	window1: mouseVisible = True
74.1554 	EXP 	window1: mouseVisible = True
74.1626 	EXP 	window1: mouseVisible = True
74.1628 	EXP 	window1: mouseVisible = True
74.1632 	EXP 	window1: mouseVisible = True
74.1637 	EXP 	window1: mouseVisible = True
74.1672 	EXP 	window1: mouseVisible = True
74.1673 	EXP 	window1: mouseVisible = True
74.1678 	EXP 	window1: mouseVisible = True
74.1682 	EXP 	window1: mouseVisible = True
74.1724 	EXP 	window1: mouseVisible = True
74.1726 	EXP 	window1: mouseVisible = True
74.1730 	EXP 	window1: mouseVisible = True
74.1734 	EXP 	window1: mouseVisible = True
74.1771 	EXP 	window1: mouseVisible = True
74.1791 	EXP 	window1: mouseVisible = True
74.2454 	EXP 	Created agree = Slider(__class__=<class 'psychopy.visual.slider.Slider'>, autoDraw=False, autoLog=True, borderColor=None, color=None, colorSpace='rgb', depth=-1, fillColor=None, flip=False, font='Open Sans', granularity=1.0, labelColor=None, labelHeight=25.0, labelWrapWidth=None, labels=tuple(...), lineColor=None, markerColor=None, name='agree', opacity=None, ori=0.0, pos=array([   0., -100.]), readOnly=False, self=UNKNOWN, size=array([1430.,   50.]), startValue=None, style='rating', styleTweaks=[], ticks=array([1, 2, 3, 4, 5]), units='pix', win=Window(...))
74.2456 	EXP 	window1: mouseVisible = True
74.2478 	EXP 	Created text = TextStim(__class__=<class 'psychopy.visual.text.TextStim'>, alignHoriz=method-wrapper(...), alignText='center', alignVert=method-wrapper(...), anchorHoriz='center', anchorVert='center', antialias=True, autoDraw=False, autoLog=True, bold=False, color=array([1., 1., 1.]), colorSpace='rgb', contrast=1.0, depth=-2.0, draggable=False, flipHoriz=False, flipVert=False, font='Open Sans', fontFiles=[], height=60.0, italic=False, languageStyle='LTR', name='text', opacity=1.0, ori=0.0, pos=array([  0., 300.]), rgb=UNKNOWN, text='', units='pix', win=Window(...), wrapWidth=1480)
74.2480 	EXP 	window1: mouseVisible = True
74.2514 	EXP 	Created Three = TextStim(__class__=<class 'psychopy.visual.text.TextStim'>, alignHoriz=method-wrapper(...), alignText='center', alignVert=method-wrapper(...), anchorHoriz='center', anchorVert='center', antialias=True, autoDraw=False, autoLog=True, bold=False, color=array([1., 1., 1.]), colorSpace='rgb', contrast=1.0, depth=0.0, draggable=False, flipHoriz=False, flipVert=False, font='Open Sans', fontFiles=[], height=180.0, italic=False, languageStyle='LTR', name='Three', opacity=1.0, ori=0.0, pos=array([0., 0.]), rgb=UNKNOWN, text='3', units='pix', win=Window(...), wrapWidth=500)
74.2516 	EXP 	window1: mouseVisible = True
74.2556 	EXP 	Created Two = TextStim(__class__=<class 'psychopy.visual.text.TextStim'>, alignHoriz=method-wrapper(...), alignText='center', alignVert=method-wrapper(...), anchorHoriz='center', anchorVert='center', antialias=True, autoDraw=False, autoLog=True, bold=False, color=array([1., 1., 1.]), colorSpace='rgb', contrast=1.0, depth=-1.0, draggable=False, flipHoriz=False, flipVert=False, font='Open Sans', fontFiles=[], height=180.0, italic=False, languageStyle='LTR', name='Two', opacity=1.0, ori=0.0, pos=array([0., 0.]), rgb=UNKNOWN, text='2', units='pix', win=Window(...), wrapWidth=500)
74.2559 	EXP 	window1: mouseVisible = True
74.2587 	EXP 	Created One = TextStim(__class__=<class 'psychopy.visual.text.TextStim'>, alignHoriz=method-wrapper(...), alignText='center', alignVert=method-wrapper(...), anchorHoriz='center', anchorVert='center', antialias=True, autoDraw=False, autoLog=True, bold=False, color=array([1., 1., 1.]), colorSpace='rgb', contrast=1.0, depth=-2.0, draggable=False, flipHoriz=False, flipVert=False, font='Open Sans', fontFiles=[], height=180.0, italic=False, languageStyle='LTR', name='One', opacity=1.0, ori=0.0, pos=array([0., 0.]), rgb=UNKNOWN, text='1', units='pix', win=Window(...), wrapWidth=500)
74.2589 	EXP 	window1: mouseVisible = True
74.2594 	EXP 	window1: mouseVisible = True
0.1114 	EXP 	movie: autoLog = True
0.1114 	EXP 	stimclip: autoLog = True
0.1114 	EXP 	agree: autoLog = True
0.1114 	EXP 	agree: styleTweaks = []
0.1114 	EXP 	agree: styleTweaks = []
0.1114 	EXP 	agree: styleTweaks = []
0.1114 	EXP 	agree: styleTweaks = []
0.1114 	EXP 	agree: contrast = 1.0
0.1114 	EXP 	agree: markerPos = None
0.1114 	EXP 	agree: autoLog = True
0.1114 	EXP 	neutralVideoClip: autoLog = True
0.1119 	EXP 	Created sequence: sequential, trialTypes=4, nReps=1, seed=None
0.1121 	EXP 	New trial (rep=0, index=0): {'mainIndex': 0, 'emotion': '1 excited', 'image1': 'videos\\1 excited\\1 motorsports\\motorsports.jpg', 'text1': 'motorsports', 'stimuli1': 'videos\\1 excited\\1 motorsports\\kenMiles.mp4', 'image2': 'videos\\1 excited\\2 sports\\sport.jpg', 'text2': 'sports', 'stimuli2': 'videos\\1 excited\\2 sports\\NBA.mp4', 'image3': 'videos\\1 excited\\3 general\\I am not sure.jpg', 'text3': 'general', 'stimuli3': 'videos\\1 excited\\3 general\\ratatChaseScene.mp4'}
0.2220 	EXP 	option1Text: height = 40.0
0.2220 	EXP 	option1Text: height = 40.0
0.2220 	EXP 	option1Text: height = 40.0
0.2220 	EXP 	option1Text: text = 'motorsports'
0.2220 	EXP 	option1Image: image = 'videos\\1 excited\\1 motorsports\\motorsports.jpg'
0.2220 	EXP 	option2Text: height = 40.0
0.2220 	EXP 	option2Text: height = 40.0
0.2220 	EXP 	option2Text: height = 40.0
0.2220 	EXP 	option2Text: text = 'sports'
0.2220 	EXP 	option2Image: image = 'videos\\1 excited\\2 sports\\sport.jpg'
0.2220 	EXP 	option3Text: height = 40.0
0.2220 	EXP 	option3Text: height = 40.0
0.2220 	EXP 	option3Text: height = 40.0
0.2220 	EXP 	option3Text: text = 'general'
0.2220 	EXP 	option3Image: image = 'videos\\1 excited\\3 general\\I am not sure.jpg'
0.2220 	EXP 	instructions: autoDraw = True
0.2220 	EXP 	option1Text: autoDraw = True
0.2220 	EXP 	option1Image: autoDraw = True
0.2220 	EXP 	option2Text: autoDraw = True
0.2220 	EXP 	option2Image: autoDraw = True
0.2220 	EXP 	option3Text: autoDraw = True
0.2220 	EXP 	option3Image: autoDraw = True
15.0088 	DATA 	Mouse: Left button down, pos=(870,481)
15.0110 	EXP 	New trial (rep=0, index=1): {'mainIndex': 3, 'emotion': '4 relaxed', 'image1': None, 'text1': 'meditation', 'stimuli1': 'videos\\4 relaxed\\1 meditation\\meditation.mp4', 'image2': None, 'text2': 'nature', 'stimuli2': 'videos\\4 relaxed\\2 nature\\waterfall.mp4', 'image3': None, 'text3': 'general', 'stimuli3': 'videos\\4 relaxed\\3 general\\asmr.mkv'}
15.0252 	EXP 	instructions: autoDraw = False
15.0252 	EXP 	option1Text: autoDraw = False
15.0252 	EXP 	option1Image: autoDraw = False
15.0252 	EXP 	option2Text: autoDraw = False
15.0252 	EXP 	option2Image: autoDraw = False
15.0252 	EXP 	option3Text: autoDraw = False
15.0252 	EXP 	option3Image: autoDraw = False
15.0252 	EXP 	option1Text: height = 40.0
15.0252 	EXP 	option1Text: height = 40.0
15.0252 	EXP 	option1Text: height = 40.0
15.0252 	EXP 	option1Text: text = 'meditation'
15.0252 	EXP 	option1Image: image = None
15.0252 	EXP 	option2Text: height = 40.0
15.0252 	EXP 	option2Text: height = 40.0
15.0252 	EXP 	option2Text: height = 40.0
15.0252 	EXP 	option2Text: text = 'nature'
15.0252 	EXP 	option2Image: image = None
15.0252 	EXP 	option3Text: text = 'general'
15.0252 	EXP 	option3Image: image = None
15.0252 	EXP 	instructions: autoDraw = True
15.0252 	EXP 	option1Text: autoDraw = True
15.0252 	EXP 	option1Image: autoDraw = True
15.0252 	EXP 	option2Text: autoDraw = True
15.0252 	EXP 	option2Image: autoDraw = True
15.0252 	EXP 	option3Text: autoDraw = True
15.0252 	EXP 	option3Image: autoDraw = True
15.1117 	DATA 	Mouse:  Left button up, pos=(870,481)
20.1627 	DATA 	Mouse: Left button down, pos=(880,430)
20.1649 	EXP 	New trial (rep=0, index=2): {'mainIndex': 4, 'emotion': '5 sad', 'image1': 'videos\\5 sad\\1 animals\\cutepets.jpg', 'text1': 'animals', 'stimuli1': 'videos\\5 sad\\1 animals\\saddogs.mp4', 'image2': 'videos\\5 sad\\2 babies\\baby.jpg', 'text2': 'babies', 'stimuli2': 'videos\\5 sad\\2 babies\\sadBaby1.mp4', 'image3': 'videos\\5 sad\\3 general\\notsure.jpg', 'text3': 'general', 'stimuli3': 'videos\\5 sad\\3 general\\ChampDeath.mp4'}
20.2132 	EXP 	instructions: autoDraw = False
20.2132 	EXP 	option1Text: autoDraw = False
20.2132 	EXP 	option1Image: autoDraw = False
20.2132 	EXP 	option2Text: autoDraw = False
20.2132 	EXP 	option2Image: autoDraw = False
20.2132 	EXP 	option3Text: autoDraw = False
20.2132 	EXP 	option3Image: autoDraw = False
20.2132 	EXP 	option1Text: height = 40.0
20.2132 	EXP 	option1Text: height = 40.0
20.2132 	EXP 	option1Text: height = 40.0
20.2132 	EXP 	option1Text: text = 'animals'
20.2132 	EXP 	option1Image: image = 'videos\\5 sad\\1 animals\\cutepets.jpg'
20.2132 	EXP 	option2Text: height = 40.0
20.2132 	EXP 	option2Text: height = 40.0
20.2132 	EXP 	option2Text: height = 40.0
20.2132 	EXP 	option2Text: text = 'babies'
20.2132 	EXP 	option2Image: image = 'videos\\5 sad\\2 babies\\baby.jpg'
20.2132 	EXP 	option3Text: text = 'general'
20.2132 	EXP 	option3Image: image = 'videos\\5 sad\\3 general\\notsure.jpg'
20.2132 	EXP 	instructions: autoDraw = True
20.2132 	EXP 	option1Text: autoDraw = True
20.2132 	EXP 	option1Image: autoDraw = True
20.2132 	EXP 	option2Text: autoDraw = True
20.2132 	EXP 	option2Image: autoDraw = True
20.2132 	EXP 	option3Text: autoDraw = True
20.2132 	EXP 	option3Image: autoDraw = True
20.2824 	DATA 	Mouse:  Left button up, pos=(880,430)
24.4360 	DATA 	Mouse: Left button down, pos=(211,511)
24.4517 	EXP 	New trial (rep=0, index=3): {'mainIndex': 7, 'emotion': '8 angry', 'image1': 'videos\\8 angry\\1 animals\\cutepets.jpg', 'text1': 'animals', 'stimuli1': 'videos\\8 angry\\1 animals\\angrydogs.mp4', 'image2': 'videos\\8 angry\\2 general\\notsure.jpg', 'text2': 'general', 'stimuli2': 'videos\\8 angry\\2 general\\thepiano.mp4', 'image3': None, 'text3': '', 'stimuli3': None}
24.5036 	EXP 	instructions: autoDraw = False
24.5036 	EXP 	option1Text: autoDraw = False
24.5036 	EXP 	option1Image: autoDraw = False
24.5036 	EXP 	option2Text: autoDraw = False
24.5036 	EXP 	option2Image: autoDraw = False
24.5036 	EXP 	option3Text: autoDraw = False
24.5036 	EXP 	option3Image: autoDraw = False
24.5036 	EXP 	option1Text: text = 'animals'
24.5036 	EXP 	option1Image: image = 'videos\\8 angry\\1 animals\\cutepets.jpg'
24.5036 	EXP 	option2Text: height = 40.0
24.5036 	EXP 	option2Text: height = 40.0
24.5036 	EXP 	option2Text: height = 40.0
24.5036 	EXP 	option2Text: text = 'general'
24.5036 	EXP 	option2Image: image = 'videos\\8 angry\\2 general\\notsure.jpg'
24.5036 	EXP 	option3Text: height = 40.0
24.5036 	EXP 	option3Text: height = 40.0
24.5036 	EXP 	option3Text: height = 40.0
24.5036 	EXP 	option3Text: text = ''
24.5036 	EXP 	option3Image: image = None
24.5036 	EXP 	instructions: autoDraw = True
24.5036 	EXP 	option1Text: autoDraw = True
24.5036 	EXP 	option1Image: autoDraw = True
24.5036 	EXP 	option2Text: autoDraw = True
24.5036 	EXP 	option2Image: autoDraw = True
24.5036 	EXP 	option3Text: autoDraw = True
24.5036 	EXP 	option3Image: autoDraw = True
24.5367 	DATA 	Mouse:  Left button up, pos=(211,511)
26.8678 	DATA 	Mouse: Left button down, pos=(323,513)
26.8848 	EXP 	instructions: autoDraw = False
26.8848 	EXP 	option1Text: autoDraw = False
26.8848 	EXP 	option1Image: autoDraw = False
26.8848 	EXP 	option2Text: autoDraw = False
26.8848 	EXP 	option2Image: autoDraw = False
26.8848 	EXP 	option3Text: autoDraw = False
26.8848 	EXP 	option3Image: autoDraw = False
26.8848 	EXP 	movie: autoDraw = True
26.9874 	DATA 	Mouse:  Left button up, pos=(323,513)
67.5093 	EXP 	movie: autoDraw = False
67.5093 	EXP 	text_click_to_continue: autoDraw = True
69.8325 	DATA 	Mouse: Left button down, pos=(788,445)
69.8333 	EXP 	Created sequence: sequential, trialTypes=8, nReps=1, seed=None
69.8335 	EXP 	New trial (rep=0, index=0): {'mainIndex': 0, 'stim': 'videos\\1 excited\\2 sports\\NBA.mp4', 'emotion': 'excited', 'neutralvideo': 'neutral_videos\\2BlowingLeafs (1).mp4'}
69.8488 	EXP 	text_click_to_continue: autoDraw = False
69.8488 	EXP 	Three: autoDraw = True
69.9670 	DATA 	Mouse:  Left button up, pos=(788,445)
70.8329 	EXP 	Two: autoDraw = True
70.8495 	EXP 	Three: autoDraw = False
71.8372 	EXP 	Two: autoDraw = False
71.8372 	EXP 	One: autoDraw = True
72.9808 	EXP 	Three: autoDraw = False
72.9808 	EXP 	Two: autoDraw = False
72.9808 	EXP 	One: autoDraw = False
72.9808 	EXP 	stimclip: autoDraw = True
143.3092 	EXP 	stimclip: autoDraw = False
143.3092 	EXP 	agree: markerPos = None
143.3092 	EXP 	agree: markerPos = None
143.3092 	EXP 	text: height = 60.0
143.3092 	EXP 	text: height = 60.0
143.3092 	EXP 	text: height = 60.0
143.3092 	EXP 	text: text = 'I feel excited'
143.3092 	EXP 	agree: autoDraw = True
143.3092 	EXP 	text: autoDraw = True
147.6231 	DATA 	Mouse: Left button down, pos=(1199,429)
147.6392 	EXP 	agree: markerPos = 4.004195804195804
147.6578 	EXP 	agree: markerPos = 4.004195804195804
147.6755 	EXP 	agree: markerPos = 4.004195804195804
147.6927 	EXP 	agree: markerPos = 4.004195804195804
147.7101 	EXP 	agree: markerPos = 4.004195804195804
147.7284 	DATA 	Mouse:  Left button up, pos=(1199,429)
147.7303 	EXP 	agree: markerPos = 4.004195804195804
147.7501 	EXP 	agree: markerPos = 4.0
147.7559 	EXP 	agree: autoDraw = False
147.7559 	EXP 	text: autoDraw = False
147.7559 	EXP 	Three: autoDraw = True
148.7571 	EXP 	Three: autoDraw = False
148.7571 	EXP 	Two: autoDraw = True
149.7576 	EXP 	Two: autoDraw = False
149.7576 	EXP 	One: autoDraw = True
150.8679 	EXP 	One: autoDraw = False
150.8679 	EXP 	Three: autoDraw = False
150.8679 	EXP 	Two: autoDraw = False
150.8679 	EXP 	One: autoDraw = False
150.8679 	EXP 	neutralVideoClip: autoDraw = True
212.7318 	EXP 	New trial (rep=0, index=1): {'mainIndex': 1, 'stim': 'videos\\2 happy\\scooby.mp4', 'emotion': 'happy', 'neutralvideo': 'neutral_videos\\2BlowingLeafs (2).mp4'}
212.7345 	EXP 	neutralVideoClip: autoDraw = False
212.7345 	EXP 	Three: autoDraw = True
213.7379 	EXP 	Three: autoDraw = False
213.7379 	EXP 	Two: autoDraw = True
214.7386 	EXP 	Two: autoDraw = False
214.7386 	EXP 	One: autoDraw = True
216.0203 	EXP 	One: autoDraw = False
216.0203 	EXP 	Three: autoDraw = False
216.0203 	EXP 	Two: autoDraw = False
216.0203 	EXP 	One: autoDraw = False
216.0203 	EXP 	stimclip: autoDraw = True
276.0358 	EXP 	stimclip: autoDraw = False
276.0358 	EXP 	agree: markerPos = None
276.0358 	EXP 	agree: markerPos = None
276.0358 	EXP 	text: height = 60.0
276.0358 	EXP 	text: height = 60.0
276.0358 	EXP 	text: height = 60.0
276.0358 	EXP 	text: text = 'I feel happy'
276.0358 	EXP 	agree: autoDraw = True
276.0358 	EXP 	text: autoDraw = True
284.3903 	DATA 	Mouse: Left button down, pos=(1553,428)
284.4068 	EXP 	agree: markerPos = 4.9944055944055945
284.4232 	EXP 	agree: markerPos = 4.9944055944055945
284.4398 	EXP 	agree: markerPos = 4.9944055944055945
284.4564 	EXP 	agree: markerPos = 4.9944055944055945
284.4730 	EXP 	agree: markerPos = 4.9944055944055945
284.4901 	EXP 	agree: markerPos = 4.9944055944055945
284.5066 	EXP 	agree: markerPos = 4.9944055944055945
284.5232 	EXP 	agree: markerPos = 4.9944055944055945
284.5338 	DATA 	Mouse:  Left button up, pos=(1553,428)
284.5400 	EXP 	agree: markerPos = 4.9944055944055945
284.5566 	EXP 	agree: markerPos = 5.0
284.5735 	EXP 	agree: autoDraw = False
284.5735 	EXP 	text: autoDraw = False
284.5735 	EXP 	Three: autoDraw = True
285.5745 	EXP 	Three: autoDraw = False
285.5745 	EXP 	Two: autoDraw = True
286.5749 	EXP 	Two: autoDraw = False
286.5749 	EXP 	One: autoDraw = True
287.8305 	EXP 	One: autoDraw = False
287.8305 	EXP 	Three: autoDraw = False
287.8305 	EXP 	Two: autoDraw = False
287.8305 	EXP 	One: autoDraw = False
287.8305 	EXP 	neutralVideoClip: autoDraw = True
349.9298 	EXP 	New trial (rep=0, index=2): {'mainIndex': 2, 'stim': 'videos\\3 motivated\\motivationalAuthor.mp4', 'emotion': 'motivated', 'neutralvideo': 'neutral_videos\\3BlowingLeafs.mp4'}
349.9323 	EXP 	neutralVideoClip: autoDraw = False
349.9323 	EXP 	Three: autoDraw = True
350.9387 	EXP 	Three: autoDraw = False
350.9387 	EXP 	Two: autoDraw = True
351.9396 	EXP 	Two: autoDraw = False
351.9396 	EXP 	One: autoDraw = True
353.2543 	EXP 	One: autoDraw = False
353.2543 	EXP 	Three: autoDraw = False
353.2543 	EXP 	Two: autoDraw = False
353.2543 	EXP 	One: autoDraw = False
353.2543 	EXP 	stimclip: autoDraw = True
421.1223 	EXP 	stimclip: autoDraw = False
421.1223 	EXP 	agree: markerPos = None
421.1223 	EXP 	agree: markerPos = None
421.1223 	EXP 	text: height = 60.0
421.1223 	EXP 	text: height = 60.0
421.1223 	EXP 	text: height = 60.0
421.1223 	EXP 	text: text = 'I feel motivated'
421.1223 	EXP 	agree: autoDraw = True
421.1223 	EXP 	text: autoDraw = True
434.8676 	DATA 	Mouse: Left button down, pos=(482,429)
434.8836 	EXP 	agree: markerPos = 1.9986013986013986
434.9004 	EXP 	agree: markerPos = 1.9986013986013986
434.9170 	EXP 	agree: markerPos = 1.9986013986013986
434.9337 	EXP 	agree: markerPos = 1.9986013986013986
434.9503 	EXP 	agree: markerPos = 1.9986013986013986
434.9670 	EXP 	agree: markerPos = 1.9986013986013986
434.9837 	EXP 	agree: markerPos = 1.9986013986013986
435.0004 	EXP 	agree: markerPos = 1.9986013986013986
435.0170 	EXP 	agree: markerPos = 1.9986013986013986
435.0278 	DATA 	Mouse:  Left button up, pos=(482,429)
435.0337 	EXP 	agree: markerPos = 1.9986013986013986
435.0504 	EXP 	agree: markerPos = 2.0
435.0672 	EXP 	agree: autoDraw = False
435.0672 	EXP 	text: autoDraw = False
435.0672 	EXP 	Three: autoDraw = True
436.0681 	EXP 	Three: autoDraw = False
436.0681 	EXP 	Two: autoDraw = True
437.0688 	EXP 	Two: autoDraw = False
437.0688 	EXP 	One: autoDraw = True
438.3472 	EXP 	One: autoDraw = False
438.3472 	EXP 	Three: autoDraw = False
438.3472 	EXP 	Two: autoDraw = False
438.3472 	EXP 	One: autoDraw = False
438.3472 	EXP 	neutralVideoClip: autoDraw = True
500.2787 	EXP 	New trial (rep=0, index=3): {'mainIndex': 3, 'stim': 'videos\\4 relaxed\\2 nature\\waterfall.mp4', 'emotion': 'relaxed', 'neutralvideo': 'neutral_videos\\4BlowingLeafs.mp4'}
500.2812 	EXP 	neutralVideoClip: autoDraw = False
500.2812 	EXP 	Three: autoDraw = True
501.2825 	EXP 	Three: autoDraw = False
501.2825 	EXP 	Two: autoDraw = True
502.2834 	EXP 	Two: autoDraw = False
502.2834 	EXP 	One: autoDraw = True
503.6044 	EXP 	One: autoDraw = False
503.6044 	EXP 	Three: autoDraw = False
503.6044 	EXP 	Two: autoDraw = False
503.6044 	EXP 	One: autoDraw = False
503.6044 	EXP 	stimclip: autoDraw = True
564.1757 	EXP 	stimclip: autoDraw = False
564.1757 	EXP 	agree: markerPos = None
564.1757 	EXP 	agree: markerPos = None
564.1757 	EXP 	text: height = 60.0
564.1757 	EXP 	text: height = 60.0
564.1757 	EXP 	text: height = 60.0
564.1757 	EXP 	text: text = 'I feel relaxed'
564.1757 	EXP 	agree: autoDraw = True
564.1757 	EXP 	text: autoDraw = True
573.7363 	DATA 	Mouse: Left button down, pos=(1551,424)
573.7524 	EXP 	agree: markerPos = 4.988811188811189
573.7691 	EXP 	agree: markerPos = 4.988811188811189
573.7858 	EXP 	agree: markerPos = 4.988811188811189
573.8025 	EXP 	agree: markerPos = 4.988811188811189
573.8192 	EXP 	agree: markerPos = 4.988811188811189
573.8359 	EXP 	agree: markerPos = 4.988811188811189
573.8525 	EXP 	agree: markerPos = 4.988811188811189
573.8692 	EXP 	agree: markerPos = 4.988811188811189
573.8858 	EXP 	agree: markerPos = 4.988811188811189
573.8959 	DATA 	Mouse:  Left button up, pos=(1551,424)
573.9029 	EXP 	agree: markerPos = 4.988811188811189
573.9192 	EXP 	agree: markerPos = 5.0
573.9359 	EXP 	agree: autoDraw = False
573.9359 	EXP 	text: autoDraw = False
573.9359 	EXP 	Three: autoDraw = True
574.9366 	EXP 	Three: autoDraw = False
574.9366 	EXP 	Two: autoDraw = True
575.9373 	EXP 	Two: autoDraw = False
575.9373 	EXP 	One: autoDraw = True
577.2343 	EXP 	One: autoDraw = False
577.2343 	EXP 	Three: autoDraw = False
577.2343 	EXP 	Two: autoDraw = False
577.2343 	EXP 	One: autoDraw = False
577.2343 	EXP 	neutralVideoClip: autoDraw = True
639.2156 	EXP 	New trial (rep=0, index=4): {'mainIndex': 4, 'stim': 'videos\\5 sad\\1 animals\\saddogs.mp4', 'emotion': 'sad', 'neutralvideo': 'neutral_videos\\5BlowingLeafs.mp4'}
639.2182 	EXP 	neutralVideoClip: autoDraw = False
639.2182 	EXP 	Three: autoDraw = True
640.2178 	EXP 	Three: autoDraw = False
640.2178 	EXP 	Two: autoDraw = True
641.2186 	EXP 	Two: autoDraw = False
641.2186 	EXP 	One: autoDraw = True
642.5253 	EXP 	One: autoDraw = False
642.5253 	EXP 	Three: autoDraw = False
642.5253 	EXP 	Two: autoDraw = False
642.5253 	EXP 	One: autoDraw = False
642.5253 	EXP 	stimclip: autoDraw = True
705.2954 	EXP 	stimclip: autoDraw = False
705.2954 	EXP 	agree: markerPos = None
705.2954 	EXP 	agree: markerPos = None
705.2954 	EXP 	text: height = 60.0
705.2954 	EXP 	text: height = 60.0
705.2954 	EXP 	text: height = 60.0
705.2954 	EXP 	text: text = 'I feel sad'
705.2954 	EXP 	agree: autoDraw = True
705.2954 	EXP 	text: autoDraw = True
714.6073 	DATA 	Mouse: Left button down, pos=(1197,426)
714.6224 	EXP 	agree: markerPos = 3.998601398601399
714.6392 	EXP 	agree: markerPos = 3.998601398601399
714.6558 	EXP 	agree: markerPos = 3.998601398601399
714.6725 	EXP 	agree: markerPos = 3.998601398601399
714.6892 	EXP 	agree: markerPos = 3.998601398601399
714.7059 	EXP 	agree: markerPos = 3.998601398601399
714.7226 	EXP 	agree: markerPos = 3.998601398601399
714.7392 	EXP 	agree: markerPos = 3.998601398601399
714.7560 	EXP 	agree: markerPos = 3.998601398601399
714.7727 	EXP 	agree: markerPos = 3.998601398601399
714.7893 	EXP 	agree: markerPos = 3.998601398601399
714.8002 	DATA 	Mouse:  Left button up, pos=(1197,426)
714.8060 	EXP 	agree: markerPos = 3.998601398601399
714.8226 	EXP 	agree: markerPos = 4.0
714.8394 	EXP 	agree: autoDraw = False
714.8394 	EXP 	text: autoDraw = False
714.8394 	EXP 	Three: autoDraw = True
715.8402 	EXP 	Three: autoDraw = False
715.8402 	EXP 	Two: autoDraw = True
716.8409 	EXP 	Two: autoDraw = False
716.8409 	EXP 	One: autoDraw = True
718.0890 	EXP 	One: autoDraw = False
718.0890 	EXP 	Three: autoDraw = False
718.0890 	EXP 	Two: autoDraw = False
718.0890 	EXP 	One: autoDraw = False
718.0890 	EXP 	neutralVideoClip: autoDraw = True
780.1854 	EXP 	New trial (rep=0, index=5): {'mainIndex': 5, 'stim': 'videos\\6 horror\\conjuring.mp4', 'emotion': 'horror', 'neutralvideo': 'neutral_videos\\6BlowingLeafs.mp4'}
780.1880 	EXP 	neutralVideoClip: autoDraw = False
780.1880 	EXP 	Three: autoDraw = True
781.1885 	EXP 	Three: autoDraw = False
781.1885 	EXP 	Two: autoDraw = True
782.1890 	EXP 	Two: autoDraw = False
782.1890 	EXP 	One: autoDraw = True
783.4980 	EXP 	One: autoDraw = False
783.4980 	EXP 	Three: autoDraw = False
783.4980 	EXP 	Two: autoDraw = False
783.4980 	EXP 	One: autoDraw = False
783.4980 	EXP 	stimclip: autoDraw = True
848.1655 	EXP 	stimclip: autoDraw = False
848.1655 	EXP 	agree: markerPos = None
848.1655 	EXP 	agree: markerPos = None
848.1655 	EXP 	text: height = 60.0
848.1655 	EXP 	text: height = 60.0
848.1655 	EXP 	text: height = 60.0
848.1655 	EXP 	text: text = 'I feel horror'
848.1655 	EXP 	agree: autoDraw = True
848.1655 	EXP 	text: autoDraw = True
852.4150 	DATA 	Mouse: Left button down, pos=(1197,426)
852.4406 	EXP 	agree: markerPos = 3.998601398601399
852.4571 	EXP 	agree: markerPos = 3.998601398601399
852.4738 	EXP 	agree: markerPos = 3.998601398601399
852.4908 	EXP 	agree: markerPos = 3.998601398601399
852.5075 	EXP 	agree: markerPos = 3.998601398601399
852.5242 	EXP 	agree: markerPos = 3.998601398601399
852.5405 	EXP 	agree: markerPos = 3.998601398601399
852.5572 	EXP 	agree: markerPos = 3.998601398601399
852.5670 	DATA 	Mouse:  Left button up, pos=(1197,426)
852.5739 	EXP 	agree: markerPos = 3.998601398601399
852.5905 	EXP 	agree: markerPos = 4.0
852.6072 	EXP 	agree: autoDraw = False
852.6072 	EXP 	text: autoDraw = False
852.6072 	EXP 	Three: autoDraw = True
853.6081 	EXP 	Three: autoDraw = False
853.6081 	EXP 	Two: autoDraw = True
854.5925 	EXP 	One: autoDraw = True
854.6090 	EXP 	Two: autoDraw = False
855.8730 	EXP 	One: autoDraw = False
855.8730 	EXP 	Three: autoDraw = False
855.8730 	EXP 	Two: autoDraw = False
855.8730 	EXP 	One: autoDraw = False
855.8730 	EXP 	neutralVideoClip: autoDraw = True
917.7329 	EXP 	New trial (rep=0, index=6): {'mainIndex': 6, 'stim': 'videos\\7 disgusted\\trainspotting.mp4', 'emotion': 'disgusted', 'neutralvideo': 'neutral_videos\\7BlowingLeafs.mp4'}
917.7356 	EXP 	neutralVideoClip: autoDraw = False
917.7356 	EXP 	Three: autoDraw = True
918.7393 	EXP 	Three: autoDraw = False
918.7393 	EXP 	Two: autoDraw = True
919.7401 	EXP 	Two: autoDraw = False
919.7401 	EXP 	One: autoDraw = True
921.0450 	EXP 	One: autoDraw = False
921.0450 	EXP 	Three: autoDraw = False
921.0450 	EXP 	Two: autoDraw = False
921.0450 	EXP 	One: autoDraw = False
921.0450 	EXP 	stimclip: autoDraw = True
981.2476 	EXP 	stimclip: autoDraw = False
981.2476 	EXP 	agree: markerPos = None
981.2476 	EXP 	agree: markerPos = None
981.2476 	EXP 	text: height = 60.0
981.2476 	EXP 	text: height = 60.0
981.2476 	EXP 	text: height = 60.0
981.2476 	EXP 	text: text = 'I feel disgusted'
981.2476 	EXP 	agree: autoDraw = True
981.2476 	EXP 	text: autoDraw = True
985.0131 	DATA 	Mouse: Left button down, pos=(1555,426)
985.0378 	EXP 	agree: markerPos = 5.0
985.0549 	EXP 	agree: markerPos = 5.0
985.0713 	EXP 	agree: markerPos = 5.0
985.0879 	EXP 	agree: markerPos = 5.0
985.1046 	EXP 	agree: markerPos = 5.0
985.1213 	EXP 	agree: markerPos = 5.0
985.1381 	EXP 	agree: markerPos = 5.0
985.1492 	DATA 	Mouse:  Left button up, pos=(1555,426)
985.1551 	EXP 	agree: markerPos = 5.0
985.1713 	EXP 	agree: markerPos = 5.0
985.1880 	EXP 	agree: autoDraw = False
985.1880 	EXP 	text: autoDraw = False
985.1880 	EXP 	Three: autoDraw = True
986.1888 	EXP 	Three: autoDraw = False
986.1888 	EXP 	Two: autoDraw = True
987.1897 	EXP 	Two: autoDraw = False
987.1897 	EXP 	One: autoDraw = True
988.4479 	EXP 	Three: autoDraw = False
988.4479 	EXP 	Two: autoDraw = False
988.4479 	EXP 	One: autoDraw = False
988.4479 	EXP 	neutralVideoClip: autoDraw = True
1050.5095 	EXP 	New trial (rep=0, index=7): {'mainIndex': 7, 'stim': 'videos\\8 angry\\1 animals\\angrydogs.mp4', 'emotion': 'angry', 'neutralvideo': 'neutral_videos\\8BlowingLeafs.mp4'}
1050.5121 	EXP 	neutralVideoClip: autoDraw = False
1050.5121 	EXP 	Three: autoDraw = True
1051.5202 	EXP 	Three: autoDraw = False
1051.5202 	EXP 	Two: autoDraw = True
1052.5211 	EXP 	Two: autoDraw = False
1052.5211 	EXP 	One: autoDraw = True
1053.7951 	EXP 	One: autoDraw = False
1053.7951 	EXP 	Three: autoDraw = False
1053.7951 	EXP 	Two: autoDraw = False
1053.7951 	EXP 	One: autoDraw = False
1053.7951 	EXP 	stimclip: autoDraw = True
1119.1354 	EXP 	stimclip: autoDraw = False
1119.1354 	EXP 	agree: markerPos = None
1119.1354 	EXP 	agree: markerPos = None
1119.1354 	EXP 	text: height = 60.0
1119.1354 	EXP 	text: height = 60.0
1119.1354 	EXP 	text: height = 60.0
1119.1354 	EXP 	text: text = 'I feel angry'
1119.1354 	EXP 	agree: autoDraw = True
1119.1354 	EXP 	text: autoDraw = True
1122.8233 	DATA 	Mouse: Left button down, pos=(1192,426)
1122.8392 	EXP 	agree: markerPos = 3.9846153846153847
1122.8558 	EXP 	agree: markerPos = 3.9846153846153847
1122.8724 	EXP 	agree: markerPos = 3.9846153846153847
1122.8892 	EXP 	agree: markerPos = 3.9846153846153847
1122.9059 	EXP 	agree: markerPos = 3.9846153846153847
1122.9226 	EXP 	agree: markerPos = 3.9846153846153847
1122.9327 	DATA 	Mouse:  Left button up, pos=(1192,426)
1122.9393 	EXP 	agree: markerPos = 3.9846153846153847
1122.9559 	EXP 	agree: markerPos = 4.0
1122.9727 	EXP 	agree: autoDraw = False
1122.9727 	EXP 	text: autoDraw = False
1122.9727 	EXP 	Three: autoDraw = True
1123.9734 	EXP 	Three: autoDraw = False
1123.9734 	EXP 	Two: autoDraw = True
1124.9586 	EXP 	One: autoDraw = True
1124.9754 	EXP 	Two: autoDraw = False
1126.2376 	EXP 	One: autoDraw = False
1126.2376 	EXP 	Three: autoDraw = False
1126.2376 	EXP 	Two: autoDraw = False
1126.2376 	EXP 	One: autoDraw = False
1126.2376 	EXP 	neutralVideoClip: autoDraw = True
1134.7679 	EXP 	neutralVideoClip: autoDraw = False
1134.7679 	EXP 	emotionRecognition: status = STOPPED
1134.9102 	EXP 	window1: mouseVisible = True
