69.9215 	EXP 	Created window1 = Window(allowGUI=True, allowStencil=False, autoLog=True, backendConf=UNKNOWN, backgroundFit=<method-wrapper '__getattribute__' of attributeSetter object at 0x0000026C1D213160>, backgroundImage=<method-wrapper '__getattribute__' of attributeSetter object at 0x0000026C1D213100>, bitsMode=UNKNOWN, blendMode='avg', bpc=(8, 8, 8), color=array([0, 0, 0]), colorSpace='rgb', depthBits=8, fullscr=<method-wrapper '__getattribute__' of attributeSetter object at 0x0000026C1D201FA0>, gamma=None, gammaErrorPolicy='raise', lms=UNKNOWN, monitor=<psychopy.monitors.calibTools.Monitor object at 0x0000026C7F88A5E0>, multiSample=False, name='window1', numSamples=2, pos=(1920, 33), screen=0, size=array([1680, 1050]), stencilBits=0, stereo=False, title='PsychoPy', units='pix', useFBO=True, useRetina=False, viewOri=0.0, viewPos=None, viewScale=None, waitBlanking=True, winType='pyglet')
69.9216 	EXP 	window1: mouseVisible = True
69.9216 	EXP 	window1: backgroundImage = ''
69.9216 	EXP 	window1: backgroundFit = 'none'
69.9231 	EXP 	window1: Attempting to measure frame rate of screen (0) ...
69.9231 	EXP 	window1: recordFrameIntervals = False
70.0869 	EXP 	window1: recordFrameIntervals = True
70.2700 	EXP 	Screen (0) actual frame rate measured at 60.03Hz
70.2701 	EXP 	window1: recordFrameIntervals = False
70.2701 	EXP 	window1: mouseVisible = False
73.9175 	EXP 	emotionRecognition: status = STARTED
73.9454 	EXP 	window1: mouseVisible = True
74.3950 	EXP 	Created instructions = TextStim(__class__=<class 'psychopy.visual.text.TextStim'>, alignHoriz=method-wrapper(...), alignText='center', alignVert=method-wrapper(...), anchorHoriz='center', anchorVert='center', antialias=True, autoDraw=False, autoLog=True, bold=False, color=array([1., 1., 1.]), colorSpace='rgb', contrast=1.0, depth=0.0, draggable=False, flipHoriz=False, flipVert=False, font='Arial', fontFiles=[], height=40.0, italic=False, languageStyle='LTR', name='instructions', opacity=1.0, ori=0.0, pos=array([  0., 420.]), rgb=UNKNOWN, text=str(...), units='pix', win=Window(...), wrapWidth=1120.0)
74.3951 	EXP 	window1: mouseVisible = True
74.3976 	EXP 	Created option1Text = TextStim(__class__=<class 'psychopy.visual.text.TextStim'>, alignHoriz=method-wrapper(...), alignText='center', alignVert=method-wrapper(...), anchorHoriz='center', anchorVert='center', antialias=True, autoDraw=False, autoLog=True, bold=False, color=array([1., 1., 1.]), colorSpace='rgb', contrast=1.0, depth=-1.0, draggable=False, flipHoriz=False, flipVert=False, font='Open Sans', fontFiles=[], height=40.0, italic=False, languageStyle='LTR', name='option1Text', opacity=1.0, ori=0.0, pos=array([-560., -300.]), rgb=UNKNOWN, text='', units='pix', win=Window(...), wrapWidth=500)
74.3977 	EXP 	window1: mouseVisible = True
74.4128 	EXP 	Created option1Image = ImageStim(__class__=<class 'psychopy.visual.image.ImageStim'>, anchor=('center', 'center'), autoLog=True, color=array([1., 1., 1.]), colorSpace='rgb', contrast=1.0, depth=-2.0, draggable=False, flipHoriz=False, flipVert=False, image='default.png', interpolate=True, mask=None, maskParams=None, name='option1Image', opacity=1.0, ori=0.0, pos=array([-560.,    0.]), size=array([336., 336.]), texRes=128.0, units='pix', win=Window(...))
74.4129 	EXP 	window1: mouseVisible = True
74.4139 	EXP 	Created option2Text = TextStim(__class__=<class 'psychopy.visual.text.TextStim'>, alignHoriz=method-wrapper(...), alignText='center', alignVert=method-wrapper(...), anchorHoriz='center', anchorVert='center', antialias=True, autoDraw=False, autoLog=True, bold=False, color=array([1., 1., 1.]), colorSpace='rgb', contrast=1.0, depth=-3.0, draggable=False, flipHoriz=False, flipVert=False, font='Open Sans', fontFiles=[], height=40.0, italic=False, languageStyle='LTR', name='option2Text', opacity=1.0, ori=0.0, pos=array([   0., -300.]), rgb=UNKNOWN, text='', units='pix', win=Window(...), wrapWidth=500)
74.4140 	EXP 	window1: mouseVisible = True
74.4302 	EXP 	Created option2Image = ImageStim(__class__=<class 'psychopy.visual.image.ImageStim'>, anchor=('center', 'center'), autoLog=True, color=array([1., 1., 1.]), colorSpace='rgb', contrast=1.0, depth=-4.0, draggable=False, flipHoriz=False, flipVert=False, image='default.png', interpolate=True, mask=None, maskParams=None, name='option2Image', opacity=1.0, ori=0.0, pos=array([0., 0.]), size=array([336., 336.]), texRes=128.0, units='pix', win=Window(...))
74.4304 	EXP 	window1: mouseVisible = True
74.4314 	EXP 	Created option3Text = TextStim(__class__=<class 'psychopy.visual.text.TextStim'>, alignHoriz=method-wrapper(...), alignText='center', alignVert=method-wrapper(...), anchorHoriz='center', anchorVert='center', antialias=True, autoDraw=False, autoLog=True, bold=False, color=array([1., 1., 1.]), colorSpace='rgb', contrast=1.0, depth=-5.0, draggable=False, flipHoriz=False, flipVert=False, font='Open Sans', fontFiles=[], height=40.0, italic=False, languageStyle='LTR', name='option3Text', opacity=1.0, ori=0.0, pos=array([ 560., -300.]), rgb=UNKNOWN, text='', units='pix', win=Window(...), wrapWidth=500)
74.4316 	EXP 	window1: mouseVisible = True
74.4453 	EXP 	Created option3Image = ImageStim(__class__=<class 'psychopy.visual.image.ImageStim'>, anchor=('center', 'center'), autoLog=True, color=array([1., 1., 1.]), colorSpace='rgb', contrast=1.0, depth=-6.0, draggable=False, flipHoriz=False, flipVert=False, image='default.png', interpolate=True, mask=None, maskParams=None, name='option3Image', opacity=1.0, ori=0.0, pos=array([560.,   0.]), size=array([336., 336.]), texRes=128.0, units='pix', win=Window(...))
74.4454 	EXP 	window1: mouseVisible = True
74.4454 	EXP 	window1: mouseVisible = True
74.4455 	EXP 	window1: mouseVisible = True
82.1928 	EXP 	window1: mouseVisible = True
82.2281 	EXP 	Created text_click_to_continue = TextStim(__class__=<class 'psychopy.visual.text.TextStim'>, alignHoriz=method-wrapper(...), alignText='center', alignVert=method-wrapper(...), anchorHoriz='center', anchorVert='center', antialias=True, autoDraw=False, autoLog=True, bold=False, color=array([1., 1., 1.]), colorSpace='rgb', contrast=1.0, depth=0.0, draggable=False, flipHoriz=False, flipVert=False, font='Open Sans', fontFiles=[], height=60.0, italic=False, languageStyle='LTR', name='text_click_to_continue', opacity=1.0, ori=0.0, pos=array([0., 0.]), rgb=UNKNOWN, text='Click anywhere to continue', units='pix', win=Window(...), wrapWidth=1500.0)
82.2283 	EXP 	window1: mouseVisible = True
82.2284 	EXP 	window1: mouseVisible = True
82.2487 	EXP 	Created Three = TextStim(__class__=<class 'psychopy.visual.text.TextStim'>, alignHoriz=method-wrapper(...), alignText='center', alignVert=method-wrapper(...), anchorHoriz='center', anchorVert='center', antialias=True, autoDraw=False, autoLog=True, bold=False, color=array([1., 1., 1.]), colorSpace='rgb', contrast=1.0, depth=0.0, draggable=False, flipHoriz=False, flipVert=False, font='Open Sans', fontFiles=[], height=180.0, italic=False, languageStyle='LTR', name='Three', opacity=1.0, ori=0.0, pos=array([0., 0.]), rgb=UNKNOWN, text='3', units='pix', win=Window(...), wrapWidth=500)
82.2489 	EXP 	window1: mouseVisible = True
82.2660 	EXP 	Created Two = TextStim(__class__=<class 'psychopy.visual.text.TextStim'>, alignHoriz=method-wrapper(...), alignText='center', alignVert=method-wrapper(...), anchorHoriz='center', anchorVert='center', antialias=True, autoDraw=False, autoLog=True, bold=False, color=array([1., 1., 1.]), colorSpace='rgb', contrast=1.0, depth=-1.0, draggable=False, flipHoriz=False, flipVert=False, font='Open Sans', fontFiles=[], height=180.0, italic=False, languageStyle='LTR', name='Two', opacity=1.0, ori=0.0, pos=array([0., 0.]), rgb=UNKNOWN, text='2', units='pix', win=Window(...), wrapWidth=500)
82.2663 	EXP 	window1: mouseVisible = True
82.2755 	EXP 	Created One = TextStim(__class__=<class 'psychopy.visual.text.TextStim'>, alignHoriz=method-wrapper(...), alignText='center', alignVert=method-wrapper(...), anchorHoriz='center', anchorVert='center', antialias=True, autoDraw=False, autoLog=True, bold=False, color=array([1., 1., 1.]), colorSpace='rgb', contrast=1.0, depth=-2.0, draggable=False, flipHoriz=False, flipVert=False, font='Open Sans', fontFiles=[], height=180.0, italic=False, languageStyle='LTR', name='One', opacity=1.0, ori=0.0, pos=array([0., 0.]), rgb=UNKNOWN, text='1', units='pix', win=Window(...), wrapWidth=500)
82.2757 	EXP 	window1: mouseVisible = True
82.2762 	EXP 	window1: mouseVisible = True
82.2909 	EXP 	window1: mouseVisible = True
82.2916 	EXP 	window1: mouseVisible = True
82.2993 	EXP 	window1: mouseVisible = True
82.2996 	EXP 	window1: mouseVisible = True
82.3007 	EXP 	window1: mouseVisible = True
82.3027 	EXP 	window1: mouseVisible = True
82.3618 	EXP 	window1: mouseVisible = True
82.3620 	EXP 	window1: mouseVisible = True
82.3629 	EXP 	window1: mouseVisible = True
82.3641 	EXP 	window1: mouseVisible = True
82.3872 	EXP 	window1: mouseVisible = True
82.3874 	EXP 	window1: mouseVisible = True
82.3884 	EXP 	window1: mouseVisible = True
82.3894 	EXP 	window1: mouseVisible = True
82.4077 	EXP 	window1: mouseVisible = True
82.4079 	EXP 	window1: mouseVisible = True
82.4089 	EXP 	window1: mouseVisible = True
82.4096 	EXP 	window1: mouseVisible = True
82.4203 	EXP 	window1: mouseVisible = True
82.4205 	EXP 	window1: mouseVisible = True
82.4213 	EXP 	window1: mouseVisible = True
82.4228 	EXP 	window1: mouseVisible = True
82.4421 	EXP 	window1: mouseVisible = True
82.4425 	EXP 	window1: mouseVisible = True
82.4440 	EXP 	window1: mouseVisible = True
82.4449 	EXP 	window1: mouseVisible = True
82.4521 	EXP 	window1: mouseVisible = True
82.4523 	EXP 	window1: mouseVisible = True
82.4530 	EXP 	window1: mouseVisible = True
82.4539 	EXP 	window1: mouseVisible = True
82.4671 	EXP 	window1: mouseVisible = True
82.4675 	EXP 	window1: mouseVisible = True
82.4684 	EXP 	window1: mouseVisible = True
82.4695 	EXP 	window1: mouseVisible = True
82.4771 	EXP 	window1: mouseVisible = True
82.4773 	EXP 	window1: mouseVisible = True
82.4781 	EXP 	window1: mouseVisible = True
82.4788 	EXP 	window1: mouseVisible = True
82.4882 	EXP 	window1: mouseVisible = True
82.4884 	EXP 	window1: mouseVisible = True
82.4892 	EXP 	window1: mouseVisible = True
82.4913 	EXP 	window1: mouseVisible = True
82.4996 	EXP 	window1: mouseVisible = True
82.5112 	EXP 	window1: mouseVisible = True
82.6300 	EXP 	Created agree = Slider(__class__=<class 'psychopy.visual.slider.Slider'>, autoDraw=False, autoLog=True, borderColor=None, color=None, colorSpace='rgb', depth=-1, fillColor=None, flip=False, font='Open Sans', granularity=1.0, labelColor=None, labelHeight=25.0, labelWrapWidth=None, labels=tuple(...), lineColor=None, markerColor=None, name='agree', opacity=None, ori=0.0, pos=array([   0., -100.]), readOnly=False, self=UNKNOWN, size=array([1430.,   50.]), startValue=None, style='rating', styleTweaks=[], ticks=array([1, 2, 3, 4, 5]), units='pix', win=Window(...))
82.6302 	EXP 	window1: mouseVisible = True
82.6321 	EXP 	Created text = TextStim(__class__=<class 'psychopy.visual.text.TextStim'>, alignHoriz=method-wrapper(...), alignText='center', alignVert=method-wrapper(...), anchorHoriz='center', anchorVert='center', antialias=True, autoDraw=False, autoLog=True, bold=False, color=array([1., 1., 1.]), colorSpace='rgb', contrast=1.0, depth=-2.0, draggable=False, flipHoriz=False, flipVert=False, font='Open Sans', fontFiles=[], height=60.0, italic=False, languageStyle='LTR', name='text', opacity=1.0, ori=0.0, pos=array([  0., 300.]), rgb=UNKNOWN, text='', units='pix', win=Window(...), wrapWidth=1480)
82.6322 	EXP 	window1: mouseVisible = True
82.6398 	EXP 	Created Three = TextStim(__class__=<class 'psychopy.visual.text.TextStim'>, alignHoriz=method-wrapper(...), alignText='center', alignVert=method-wrapper(...), anchorHoriz='center', anchorVert='center', antialias=True, autoDraw=False, autoLog=True, bold=False, color=array([1., 1., 1.]), colorSpace='rgb', contrast=1.0, depth=0.0, draggable=False, flipHoriz=False, flipVert=False, font='Open Sans', fontFiles=[], height=180.0, italic=False, languageStyle='LTR', name='Three', opacity=1.0, ori=0.0, pos=array([0., 0.]), rgb=UNKNOWN, text='3', units='pix', win=Window(...), wrapWidth=500)
82.6400 	EXP 	window1: mouseVisible = True
82.6453 	EXP 	Created Two = TextStim(__class__=<class 'psychopy.visual.text.TextStim'>, alignHoriz=method-wrapper(...), alignText='center', alignVert=method-wrapper(...), anchorHoriz='center', anchorVert='center', antialias=True, autoDraw=False, autoLog=True, bold=False, color=array([1., 1., 1.]), colorSpace='rgb', contrast=1.0, depth=-1.0, draggable=False, flipHoriz=False, flipVert=False, font='Open Sans', fontFiles=[], height=180.0, italic=False, languageStyle='LTR', name='Two', opacity=1.0, ori=0.0, pos=array([0., 0.]), rgb=UNKNOWN, text='2', units='pix', win=Window(...), wrapWidth=500)
82.6456 	EXP 	window1: mouseVisible = True
82.6504 	EXP 	Created One = TextStim(__class__=<class 'psychopy.visual.text.TextStim'>, alignHoriz=method-wrapper(...), alignText='center', alignVert=method-wrapper(...), anchorHoriz='center', anchorVert='center', antialias=True, autoDraw=False, autoLog=True, bold=False, color=array([1., 1., 1.]), colorSpace='rgb', contrast=1.0, depth=-2.0, draggable=False, flipHoriz=False, flipVert=False, font='Open Sans', fontFiles=[], height=180.0, italic=False, languageStyle='LTR', name='One', opacity=1.0, ori=0.0, pos=array([0., 0.]), rgb=UNKNOWN, text='1', units='pix', win=Window(...), wrapWidth=500)
82.6512 	EXP 	window1: mouseVisible = True
82.6518 	EXP 	window1: mouseVisible = True
0.1321 	EXP 	movie: autoLog = True
0.1321 	EXP 	stimclip: autoLog = True
0.1321 	EXP 	agree: autoLog = True
0.1321 	EXP 	agree: styleTweaks = []
0.1321 	EXP 	agree: styleTweaks = []
0.1321 	EXP 	agree: styleTweaks = []
0.1321 	EXP 	agree: styleTweaks = []
0.1321 	EXP 	agree: contrast = 1.0
0.1321 	EXP 	agree: markerPos = None
0.1321 	EXP 	agree: autoLog = True
0.1321 	EXP 	neutralVideoClip: autoLog = True
0.1329 	EXP 	Created sequence: sequential, trialTypes=4, nReps=1, seed=None
0.1332 	EXP 	New trial (rep=0, index=0): {'mainIndex': 0, 'emotion': '1 excited', 'image1': 'videos\\1 excited\\1 motorsports\\motorsports.jpg', 'text1': 'motorsports', 'stimuli1': 'videos\\1 excited\\1 motorsports\\kenMiles.mp4', 'image2': 'videos\\1 excited\\2 sports\\sport.jpg', 'text2': 'sports', 'stimuli2': 'videos\\1 excited\\2 sports\\NBA.mp4', 'image3': 'videos\\1 excited\\3 general\\I am not sure.jpg', 'text3': 'general', 'stimuli3': 'videos\\1 excited\\3 general\\ratatChaseScene.mp4'}
0.3878 	EXP 	option1Text: height = 40.0
0.3878 	EXP 	option1Text: height = 40.0
0.3878 	EXP 	option1Text: height = 40.0
0.3878 	EXP 	option1Text: text = 'motorsports'
0.3878 	EXP 	option1Image: image = 'videos\\1 excited\\1 motorsports\\motorsports.jpg'
0.3878 	EXP 	option2Text: height = 40.0
0.3878 	EXP 	option2Text: height = 40.0
0.3878 	EXP 	option2Text: height = 40.0
0.3878 	EXP 	option2Text: text = 'sports'
0.3878 	EXP 	option2Image: image = 'videos\\1 excited\\2 sports\\sport.jpg'
0.3878 	EXP 	option3Text: height = 40.0
0.3878 	EXP 	option3Text: height = 40.0
0.3878 	EXP 	option3Text: height = 40.0
0.3878 	EXP 	option3Text: text = 'general'
0.3878 	EXP 	option3Image: image = 'videos\\1 excited\\3 general\\I am not sure.jpg'
0.3878 	EXP 	instructions: autoDraw = True
0.3878 	EXP 	option1Text: autoDraw = True
0.3878 	EXP 	option1Image: autoDraw = True
0.3878 	EXP 	option2Text: autoDraw = True
0.3878 	EXP 	option2Image: autoDraw = True
0.3878 	EXP 	option3Text: autoDraw = True
0.3878 	EXP 	option3Image: autoDraw = True
10.8523 	DATA 	Mouse: Left button down, pos=(906,817)
10.9196 	DATA 	Mouse:  Left button up, pos=(906,817)
17.3567 	DATA 	Mouse: Left button down, pos=(814,521)
17.3596 	EXP 	New trial (rep=0, index=1): {'mainIndex': 3, 'emotion': '4 relaxed', 'image1': None, 'text1': 'meditation', 'stimuli1': 'videos\\4 relaxed\\1 meditation\\meditation.mp4', 'image2': None, 'text2': 'nature', 'stimuli2': 'videos\\4 relaxed\\2 nature\\waterfall.mp4', 'image3': None, 'text3': 'general', 'stimuli3': 'videos\\4 relaxed\\3 general\\asmr.mkv'}
17.3755 	EXP 	instructions: autoDraw = False
17.3755 	EXP 	option1Text: autoDraw = False
17.3755 	EXP 	option1Image: autoDraw = False
17.3755 	EXP 	option2Text: autoDraw = False
17.3755 	EXP 	option2Image: autoDraw = False
17.3755 	EXP 	option3Text: autoDraw = False
17.3755 	EXP 	option3Image: autoDraw = False
17.3755 	EXP 	option1Text: height = 40.0
17.3755 	EXP 	option1Text: height = 40.0
17.3755 	EXP 	option1Text: height = 40.0
17.3755 	EXP 	option1Text: text = 'meditation'
17.3755 	EXP 	option1Image: image = None
17.3755 	EXP 	option2Text: height = 40.0
17.3755 	EXP 	option2Text: height = 40.0
17.3755 	EXP 	option2Text: height = 40.0
17.3755 	EXP 	option2Text: text = 'nature'
17.3755 	EXP 	option2Image: image = None
17.3755 	EXP 	option3Text: text = 'general'
17.3755 	EXP 	option3Image: image = None
17.3755 	EXP 	instructions: autoDraw = True
17.3755 	EXP 	option1Text: autoDraw = True
17.3755 	EXP 	option1Image: autoDraw = True
17.3755 	EXP 	option2Text: autoDraw = True
17.3755 	EXP 	option2Image: autoDraw = True
17.3755 	EXP 	option3Text: autoDraw = True
17.3755 	EXP 	option3Image: autoDraw = True
17.4278 	DATA 	Mouse:  Left button up, pos=(814,521)
19.9292 	DATA 	Mouse: Left button down, pos=(896,491)
19.9446 	EXP 	New trial (rep=0, index=2): {'mainIndex': 4, 'emotion': '5 sad', 'image1': 'videos\\5 sad\\1 animals\\cutepets.jpg', 'text1': 'animals', 'stimuli1': 'videos\\5 sad\\1 animals\\saddogs.mp4', 'image2': 'videos\\5 sad\\2 babies\\baby.jpg', 'text2': 'babies', 'stimuli2': 'videos\\5 sad\\2 babies\\sadBaby1.mp4', 'image3': 'videos\\5 sad\\3 general\\notsure.jpg', 'text3': 'general', 'stimuli3': 'videos\\5 sad\\3 general\\ChampDeath.mp4'}
20.0451 	DATA 	Mouse:  Left button up, pos=(896,491)
20.0518 	EXP 	instructions: autoDraw = False
20.0518 	EXP 	option1Text: autoDraw = False
20.0518 	EXP 	option1Image: autoDraw = False
20.0518 	EXP 	option2Text: autoDraw = False
20.0518 	EXP 	option2Image: autoDraw = False
20.0518 	EXP 	option3Text: autoDraw = False
20.0518 	EXP 	option3Image: autoDraw = False
20.0518 	EXP 	option1Text: height = 40.0
20.0518 	EXP 	option1Text: height = 40.0
20.0518 	EXP 	option1Text: height = 40.0
20.0518 	EXP 	option1Text: text = 'animals'
20.0518 	EXP 	option1Image: image = 'videos\\5 sad\\1 animals\\cutepets.jpg'
20.0518 	EXP 	option2Text: height = 40.0
20.0518 	EXP 	option2Text: height = 40.0
20.0518 	EXP 	option2Text: height = 40.0
20.0518 	EXP 	option2Text: text = 'babies'
20.0518 	EXP 	option2Image: image = 'videos\\5 sad\\2 babies\\baby.jpg'
20.0518 	EXP 	option3Text: text = 'general'
20.0518 	EXP 	option3Image: image = 'videos\\5 sad\\3 general\\notsure.jpg'
20.0518 	EXP 	instructions: autoDraw = True
20.0518 	EXP 	option1Text: autoDraw = True
20.0518 	EXP 	option1Image: autoDraw = True
20.0518 	EXP 	option2Text: autoDraw = True
20.0518 	EXP 	option2Image: autoDraw = True
20.0518 	EXP 	option3Text: autoDraw = True
20.0518 	EXP 	option3Image: autoDraw = True
24.2950 	DATA 	Mouse: Left button down, pos=(1523,503)
24.2974 	EXP 	New trial (rep=0, index=3): {'mainIndex': 7, 'emotion': '8 angry', 'image1': 'videos\\8 angry\\1 animals\\cutepets.jpg', 'text1': 'animals', 'stimuli1': 'videos\\8 angry\\1 animals\\angrydogs.mp4', 'image2': 'videos\\8 angry\\2 general\\notsure.jpg', 'text2': 'general', 'stimuli2': 'videos\\8 angry\\2 general\\thepiano.mp4', 'image3': None, 'text3': '', 'stimuli3': None}
24.3955 	DATA 	Mouse:  Left button up, pos=(1523,503)
24.4004 	EXP 	instructions: autoDraw = False
24.4004 	EXP 	option1Text: autoDraw = False
24.4004 	EXP 	option1Image: autoDraw = False
24.4004 	EXP 	option2Text: autoDraw = False
24.4004 	EXP 	option2Image: autoDraw = False
24.4004 	EXP 	option3Text: autoDraw = False
24.4004 	EXP 	option3Image: autoDraw = False
24.4004 	EXP 	option1Text: text = 'animals'
24.4004 	EXP 	option1Image: image = 'videos\\8 angry\\1 animals\\cutepets.jpg'
24.4004 	EXP 	option2Text: height = 40.0
24.4004 	EXP 	option2Text: height = 40.0
24.4004 	EXP 	option2Text: height = 40.0
24.4004 	EXP 	option2Text: text = 'general'
24.4004 	EXP 	option2Image: image = 'videos\\8 angry\\2 general\\notsure.jpg'
24.4004 	EXP 	option3Text: height = 40.0
24.4004 	EXP 	option3Text: height = 40.0
24.4004 	EXP 	option3Text: height = 40.0
24.4004 	EXP 	option3Text: text = ''
24.4004 	EXP 	option3Image: image = None
24.4004 	EXP 	instructions: autoDraw = True
24.4004 	EXP 	option1Text: autoDraw = True
24.4004 	EXP 	option1Image: autoDraw = True
24.4004 	EXP 	option2Text: autoDraw = True
24.4004 	EXP 	option2Image: autoDraw = True
24.4004 	EXP 	option3Text: autoDraw = True
24.4004 	EXP 	option3Image: autoDraw = True
26.5801 	DATA 	Mouse: Left button down, pos=(876,512)
26.6131 	EXP 	instructions: autoDraw = False
26.6131 	EXP 	option1Text: autoDraw = False
26.6131 	EXP 	option1Image: autoDraw = False
26.6131 	EXP 	option2Text: autoDraw = False
26.6131 	EXP 	option2Image: autoDraw = False
26.6131 	EXP 	option3Text: autoDraw = False
26.6131 	EXP 	option3Image: autoDraw = False
26.6131 	EXP 	movie: autoDraw = True
26.6336 	DATA 	Mouse:  Left button up, pos=(876,512)
67.2074 	EXP 	movie: autoDraw = False
67.2074 	EXP 	text_click_to_continue: autoDraw = True
69.6950 	DATA 	Mouse: Left button down, pos=(876,512)
69.6958 	EXP 	Created sequence: sequential, trialTypes=8, nReps=1, seed=None
69.6960 	EXP 	New trial (rep=0, index=0): {'mainIndex': 0, 'stim': 'videos\\1 excited\\2 sports\\NBA.mp4', 'emotion': 'excited', 'neutralvideo': 'neutral_videos\\2BlowingLeafs (1).mp4'}
69.7117 	EXP 	text_click_to_continue: autoDraw = False
69.7117 	EXP 	Three: autoDraw = True
69.7965 	DATA 	Mouse:  Left button up, pos=(876,512)
70.6955 	EXP 	Two: autoDraw = True
70.7122 	EXP 	Three: autoDraw = False
71.6963 	EXP 	Two: autoDraw = False
71.6963 	EXP 	One: autoDraw = True
72.8336 	EXP 	One: autoDraw = False
72.8336 	EXP 	Three: autoDraw = False
72.8336 	EXP 	Two: autoDraw = False
72.8336 	EXP 	One: autoDraw = False
72.8336 	EXP 	stimclip: autoDraw = True
142.9839 	EXP 	stimclip: autoDraw = False
142.9839 	EXP 	agree: markerPos = None
142.9839 	EXP 	agree: markerPos = None
142.9839 	EXP 	text: height = 60.0
142.9839 	EXP 	text: height = 60.0
142.9839 	EXP 	text: height = 60.0
142.9839 	EXP 	text: text = 'I feel excited'
142.9839 	EXP 	agree: autoDraw = True
142.9839 	EXP 	text: autoDraw = True
145.7679 	DATA 	Mouse: Left button down, pos=(1197,427)
145.7839 	EXP 	agree: markerPos = 3.998601398601399
145.8006 	EXP 	agree: markerPos = 3.998601398601399
145.8173 	EXP 	agree: markerPos = 3.998601398601399
145.8340 	EXP 	agree: markerPos = 3.998601398601399
145.8438 	DATA 	Mouse:  Left button up, pos=(1197,427)
145.8507 	EXP 	agree: markerPos = 3.998601398601399
145.8674 	EXP 	agree: markerPos = 4.0
145.8840 	EXP 	agree: autoDraw = False
145.8840 	EXP 	text: autoDraw = False
145.8840 	EXP 	Three: autoDraw = True
146.8847 	EXP 	Three: autoDraw = False
146.8847 	EXP 	Two: autoDraw = True
147.8855 	EXP 	Two: autoDraw = False
147.8855 	EXP 	One: autoDraw = True
148.9861 	EXP 	One: autoDraw = False
148.9861 	EXP 	Three: autoDraw = False
148.9861 	EXP 	Two: autoDraw = False
148.9861 	EXP 	One: autoDraw = False
148.9861 	EXP 	neutralVideoClip: autoDraw = True
211.0502 	EXP 	New trial (rep=0, index=1): {'mainIndex': 1, 'stim': 'videos\\2 happy\\scooby.mp4', 'emotion': 'happy', 'neutralvideo': 'neutral_videos\\2BlowingLeafs (2).mp4'}
211.0527 	EXP 	neutralVideoClip: autoDraw = False
211.0527 	EXP 	Three: autoDraw = True
212.0494 	EXP 	Two: autoDraw = True
212.0661 	EXP 	Three: autoDraw = False
213.0501 	EXP 	Two: autoDraw = False
213.0501 	EXP 	One: autoDraw = True
214.3423 	EXP 	One: autoDraw = False
214.3423 	EXP 	Three: autoDraw = False
214.3423 	EXP 	Two: autoDraw = False
214.3423 	EXP 	One: autoDraw = False
214.3423 	EXP 	stimclip: autoDraw = True
274.5599 	EXP 	stimclip: autoDraw = False
274.5599 	EXP 	agree: markerPos = None
274.5599 	EXP 	agree: markerPos = None
274.5599 	EXP 	text: height = 60.0
274.5599 	EXP 	text: height = 60.0
274.5599 	EXP 	text: height = 60.0
274.5599 	EXP 	text: text = 'I feel happy'
274.5599 	EXP 	agree: autoDraw = True
274.5599 	EXP 	text: autoDraw = True
277.0644 	DATA 	Mouse: Left button down, pos=(1197,427)
277.0805 	EXP 	agree: markerPos = 3.998601398601399
277.0972 	EXP 	agree: markerPos = 3.998601398601399
277.1139 	EXP 	agree: markerPos = 3.998601398601399
277.1305 	EXP 	agree: markerPos = 3.998601398601399
277.1472 	EXP 	agree: markerPos = 3.998601398601399
277.1478 	DATA 	Mouse:  Left button up, pos=(1197,427)
277.1639 	EXP 	agree: markerPos = 4.0
277.1806 	EXP 	agree: autoDraw = False
277.1806 	EXP 	text: autoDraw = False
277.1806 	EXP 	Three: autoDraw = True
278.1813 	EXP 	Three: autoDraw = False
278.1813 	EXP 	Two: autoDraw = True
279.1821 	EXP 	Two: autoDraw = False
279.1821 	EXP 	One: autoDraw = True
280.4478 	EXP 	One: autoDraw = False
280.4478 	EXP 	Three: autoDraw = False
280.4478 	EXP 	Two: autoDraw = False
280.4478 	EXP 	One: autoDraw = False
280.4478 	EXP 	neutralVideoClip: autoDraw = True
342.4804 	EXP 	New trial (rep=0, index=2): {'mainIndex': 2, 'stim': 'videos\\3 motivated\\motivationalAuthor.mp4', 'emotion': 'motivated', 'neutralvideo': 'neutral_videos\\3BlowingLeafs.mp4'}
342.4830 	EXP 	neutralVideoClip: autoDraw = False
342.4830 	EXP 	Three: autoDraw = True
343.4794 	EXP 	Two: autoDraw = True
343.4961 	EXP 	Three: autoDraw = False
344.4801 	EXP 	Two: autoDraw = False
344.4801 	EXP 	One: autoDraw = True
345.7504 	EXP 	One: autoDraw = False
345.7504 	EXP 	Three: autoDraw = False
345.7504 	EXP 	Two: autoDraw = False
345.7504 	EXP 	One: autoDraw = False
345.7504 	EXP 	stimclip: autoDraw = True
413.8339 	EXP 	stimclip: autoDraw = False
413.8339 	EXP 	agree: markerPos = None
413.8339 	EXP 	agree: markerPos = None
413.8339 	EXP 	text: height = 60.0
413.8339 	EXP 	text: height = 60.0
413.8339 	EXP 	text: height = 60.0
413.8339 	EXP 	text: text = 'I feel motivated'
413.8339 	EXP 	agree: autoDraw = True
413.8339 	EXP 	text: autoDraw = True
416.7923 	DATA 	Mouse: Left button down, pos=(497,413)
416.8165 	EXP 	agree: markerPos = 2.0405594405594405
416.8332 	EXP 	agree: markerPos = 2.0405594405594405
416.8499 	EXP 	agree: markerPos = 2.0405594405594405
416.8603 	DATA 	Mouse:  Left button up, pos=(497,413)
416.8665 	EXP 	agree: markerPos = 2.0405594405594405
416.8832 	EXP 	agree: markerPos = 2.0
416.9000 	EXP 	agree: autoDraw = False
416.9000 	EXP 	text: autoDraw = False
416.9000 	EXP 	Three: autoDraw = True
417.9009 	EXP 	Three: autoDraw = False
417.9009 	EXP 	Two: autoDraw = True
418.9016 	EXP 	Two: autoDraw = False
418.9016 	EXP 	One: autoDraw = True
420.2027 	EXP 	One: autoDraw = False
420.2027 	EXP 	Three: autoDraw = False
420.2027 	EXP 	Two: autoDraw = False
420.2027 	EXP 	One: autoDraw = False
420.2027 	EXP 	neutralVideoClip: autoDraw = True
482.0651 	EXP 	New trial (rep=0, index=3): {'mainIndex': 3, 'stim': 'videos\\4 relaxed\\2 nature\\waterfall.mp4', 'emotion': 'relaxed', 'neutralvideo': 'neutral_videos\\4BlowingLeafs.mp4'}
482.0677 	EXP 	neutralVideoClip: autoDraw = False
482.0677 	EXP 	Three: autoDraw = True
483.0654 	EXP 	Two: autoDraw = True
483.0820 	EXP 	Three: autoDraw = False
484.0662 	EXP 	Two: autoDraw = False
484.0662 	EXP 	One: autoDraw = True
485.3958 	EXP 	One: autoDraw = False
485.3958 	EXP 	Three: autoDraw = False
485.3958 	EXP 	Two: autoDraw = False
485.3958 	EXP 	One: autoDraw = False
485.3958 	EXP 	stimclip: autoDraw = True
545.9673 	EXP 	stimclip: autoDraw = False
545.9673 	EXP 	agree: markerPos = None
545.9673 	EXP 	agree: markerPos = None
545.9673 	EXP 	text: height = 60.0
545.9673 	EXP 	text: height = 60.0
545.9673 	EXP 	text: height = 60.0
545.9673 	EXP 	text: text = 'I feel relaxed'
545.9673 	EXP 	agree: autoDraw = True
545.9673 	EXP 	text: autoDraw = True
548.8152 	DATA 	Mouse: Left button down, pos=(1189,409)
548.8303 	EXP 	agree: markerPos = 3.976223776223776
548.8471 	EXP 	agree: markerPos = 3.976223776223776
548.8638 	EXP 	agree: markerPos = 3.976223776223776
548.8643 	DATA 	Mouse:  Left button up, pos=(1189,409)
548.8804 	EXP 	agree: markerPos = 4.0
548.8972 	EXP 	agree: autoDraw = False
548.8972 	EXP 	text: autoDraw = False
548.8972 	EXP 	Three: autoDraw = True
549.8980 	EXP 	Three: autoDraw = False
549.8980 	EXP 	Two: autoDraw = True
550.8987 	EXP 	Two: autoDraw = False
550.8987 	EXP 	One: autoDraw = True
552.1911 	EXP 	One: autoDraw = False
552.1911 	EXP 	Three: autoDraw = False
552.1911 	EXP 	Two: autoDraw = False
552.1911 	EXP 	One: autoDraw = False
552.1911 	EXP 	neutralVideoClip: autoDraw = True
614.1541 	EXP 	New trial (rep=0, index=4): {'mainIndex': 4, 'stim': 'videos\\5 sad\\3 general\\ChampDeath.mp4', 'emotion': 'sad', 'neutralvideo': 'neutral_videos\\5BlowingLeafs.mp4'}
614.1567 	EXP 	neutralVideoClip: autoDraw = False
614.1567 	EXP 	Three: autoDraw = True
615.1625 	EXP 	Three: autoDraw = False
615.1625 	EXP 	Two: autoDraw = True
616.1634 	EXP 	Two: autoDraw = False
616.1634 	EXP 	One: autoDraw = True
617.4506 	EXP 	One: autoDraw = False
617.4506 	EXP 	Three: autoDraw = False
617.4506 	EXP 	Two: autoDraw = False
617.4506 	EXP 	One: autoDraw = False
617.4506 	EXP 	stimclip: autoDraw = True
681.2914 	EXP 	stimclip: autoDraw = False
681.2914 	EXP 	agree: markerPos = None
681.2914 	EXP 	agree: markerPos = None
681.2914 	EXP 	text: height = 60.0
681.2914 	EXP 	text: height = 60.0
681.2914 	EXP 	text: height = 60.0
681.2914 	EXP 	text: text = 'I feel sad'
681.2914 	EXP 	agree: autoDraw = True
681.2914 	EXP 	text: autoDraw = True
684.3139 	DATA 	Mouse: Left button down, pos=(845,428)
684.3299 	EXP 	agree: markerPos = 3.013986013986014
684.3466 	EXP 	agree: markerPos = 3.013986013986014
684.3633 	EXP 	agree: markerPos = 3.013986013986014
684.3799 	EXP 	agree: markerPos = 3.013986013986014
684.3966 	EXP 	agree: markerPos = 3.013986013986014
684.4079 	DATA 	Mouse:  Left button up, pos=(845,428)
684.4133 	EXP 	agree: markerPos = 3.013986013986014
684.4300 	EXP 	agree: markerPos = 3.0
684.4467 	EXP 	agree: autoDraw = False
684.4467 	EXP 	text: autoDraw = False
684.4467 	EXP 	Three: autoDraw = True
685.4475 	EXP 	Three: autoDraw = False
685.4475 	EXP 	Two: autoDraw = True
686.4322 	EXP 	One: autoDraw = True
686.4494 	EXP 	Two: autoDraw = False
687.7151 	EXP 	One: autoDraw = False
687.7151 	EXP 	Three: autoDraw = False
687.7151 	EXP 	Two: autoDraw = False
687.7151 	EXP 	One: autoDraw = False
687.7151 	EXP 	neutralVideoClip: autoDraw = True
749.6793 	EXP 	New trial (rep=0, index=5): {'mainIndex': 5, 'stim': 'videos\\6 horror\\conjuring.mp4', 'emotion': 'horror', 'neutralvideo': 'neutral_videos\\6BlowingLeafs.mp4'}
749.6818 	EXP 	neutralVideoClip: autoDraw = False
749.6818 	EXP 	Three: autoDraw = True
750.6789 	EXP 	Two: autoDraw = True
750.6957 	EXP 	Three: autoDraw = False
751.6810 	EXP 	Two: autoDraw = False
751.6810 	EXP 	One: autoDraw = True
753.0001 	EXP 	One: autoDraw = False
753.0001 	EXP 	Three: autoDraw = False
753.0001 	EXP 	Two: autoDraw = False
753.0001 	EXP 	One: autoDraw = False
753.0001 	EXP 	stimclip: autoDraw = True
817.7030 	EXP 	stimclip: autoDraw = False
817.7030 	EXP 	agree: markerPos = None
817.7030 	EXP 	agree: markerPos = None
817.7030 	EXP 	text: height = 60.0
817.7030 	EXP 	text: height = 60.0
817.7030 	EXP 	text: height = 60.0
817.7030 	EXP 	text: text = 'I feel horror'
817.7030 	EXP 	agree: autoDraw = True
817.7030 	EXP 	text: autoDraw = True
820.3541 	DATA 	Mouse: Left button down, pos=(844,418)
820.3801 	EXP 	agree: markerPos = 3.011188811188811
820.3967 	EXP 	agree: markerPos = 3.011188811188811
820.4134 	EXP 	agree: markerPos = 3.011188811188811
820.4301 	EXP 	agree: markerPos = 3.011188811188811
820.4468 	EXP 	agree: markerPos = 3.011188811188811
820.4476 	DATA 	Mouse:  Left button up, pos=(844,418)
820.4663 	EXP 	agree: markerPos = 3.0
820.4801 	EXP 	agree: autoDraw = False
820.4801 	EXP 	text: autoDraw = False
820.4801 	EXP 	Three: autoDraw = True
821.4809 	EXP 	Three: autoDraw = False
821.4809 	EXP 	Two: autoDraw = True
822.4816 	EXP 	Two: autoDraw = False
822.4816 	EXP 	One: autoDraw = True
823.7547 	EXP 	One: autoDraw = False
823.7547 	EXP 	Three: autoDraw = False
823.7547 	EXP 	Two: autoDraw = False
823.7547 	EXP 	One: autoDraw = False
823.7547 	EXP 	neutralVideoClip: autoDraw = True
885.6847 	EXP 	New trial (rep=0, index=6): {'mainIndex': 6, 'stim': 'videos\\7 disgusted\\trainspotting.mp4', 'emotion': 'disgusted', 'neutralvideo': 'neutral_videos\\7BlowingLeafs.mp4'}
885.6871 	EXP 	neutralVideoClip: autoDraw = False
885.6871 	EXP 	Three: autoDraw = True
886.6955 	EXP 	Three: autoDraw = False
886.6955 	EXP 	Two: autoDraw = True
887.6962 	EXP 	Two: autoDraw = False
887.6962 	EXP 	One: autoDraw = True
889.0099 	EXP 	One: autoDraw = False
889.0099 	EXP 	Three: autoDraw = False
889.0099 	EXP 	Two: autoDraw = False
889.0099 	EXP 	One: autoDraw = False
889.0099 	EXP 	stimclip: autoDraw = True
949.0395 	EXP 	stimclip: autoDraw = False
949.0395 	EXP 	agree: markerPos = None
949.0395 	EXP 	agree: markerPos = None
949.0395 	EXP 	text: height = 60.0
949.0395 	EXP 	text: height = 60.0
949.0395 	EXP 	text: height = 60.0
949.0395 	EXP 	text: text = 'I feel disgusted'
949.0395 	EXP 	agree: autoDraw = True
949.0395 	EXP 	text: autoDraw = True
952.5278 	DATA 	Mouse: Left button down, pos=(1557,428)
952.5439 	EXP 	agree: markerPos = 5.0055944055944055
952.5607 	EXP 	agree: markerPos = 5.0055944055944055
952.5773 	EXP 	agree: markerPos = 5.0055944055944055
952.5889 	DATA 	Mouse:  Left button up, pos=(1557,428)
952.5940 	EXP 	agree: markerPos = 5.0055944055944055
952.6106 	EXP 	agree: markerPos = 5.0
952.6273 	EXP 	agree: autoDraw = False
952.6273 	EXP 	text: autoDraw = False
952.6273 	EXP 	Three: autoDraw = True
953.6280 	EXP 	Three: autoDraw = False
953.6280 	EXP 	Two: autoDraw = True
954.6288 	EXP 	Two: autoDraw = False
954.6288 	EXP 	One: autoDraw = True
955.9082 	EXP 	One: autoDraw = False
955.9082 	EXP 	Three: autoDraw = False
955.9082 	EXP 	Two: autoDraw = False
955.9082 	EXP 	One: autoDraw = False
955.9082 	EXP 	neutralVideoClip: autoDraw = True
1017.8041 	EXP 	New trial (rep=0, index=7): {'mainIndex': 7, 'stim': 'videos\\8 angry\\2 general\\thepiano.mp4', 'emotion': 'angry', 'neutralvideo': 'neutral_videos\\8BlowingLeafs.mp4'}
1017.8068 	EXP 	neutralVideoClip: autoDraw = False
1017.8068 	EXP 	Three: autoDraw = True
1018.8092 	EXP 	Three: autoDraw = False
1018.8092 	EXP 	Two: autoDraw = True
1019.8100 	EXP 	Two: autoDraw = False
1019.8100 	EXP 	One: autoDraw = True
1021.1829 	EXP 	One: autoDraw = False
1021.1829 	EXP 	Three: autoDraw = False
1021.1829 	EXP 	Two: autoDraw = False
1021.1829 	EXP 	One: autoDraw = False
1021.1829 	EXP 	stimclip: autoDraw = True
1066.2872 	EXP 	stimclip: autoDraw = False
1066.2872 	EXP 	agree: markerPos = None
1066.2872 	EXP 	agree: markerPos = None
1066.2872 	EXP 	text: height = 60.0
1066.2872 	EXP 	text: height = 60.0
1066.2872 	EXP 	text: height = 60.0
1066.2872 	EXP 	text: text = 'I feel angry'
1066.2872 	EXP 	agree: autoDraw = True
1066.2872 	EXP 	text: autoDraw = True
1070.2874 	DATA 	Mouse: Left button down, pos=(499,425)
1070.3138 	EXP 	agree: markerPos = 2.046153846153846
1070.3304 	EXP 	agree: markerPos = 2.0433566433566432
1070.3470 	EXP 	agree: markerPos = 2.0433566433566432
1070.3638 	EXP 	agree: markerPos = 2.0433566433566432
1070.3762 	DATA 	Mouse:  Left button up, pos=(498,425)
1070.3804 	EXP 	agree: markerPos = 2.0433566433566432
1070.3971 	EXP 	agree: markerPos = 2.0
1070.4138 	EXP 	agree: autoDraw = False
1070.4138 	EXP 	text: autoDraw = False
1070.4138 	EXP 	Three: autoDraw = True
1071.4146 	EXP 	Three: autoDraw = False
1071.4146 	EXP 	Two: autoDraw = True
1072.4153 	EXP 	Two: autoDraw = False
1072.4153 	EXP 	One: autoDraw = True
1073.7031 	EXP 	One: autoDraw = False
1073.7031 	EXP 	Three: autoDraw = False
1073.7031 	EXP 	Two: autoDraw = False
1073.7031 	EXP 	One: autoDraw = False
1073.7031 	EXP 	neutralVideoClip: autoDraw = True
1082.0850 	EXP 	neutralVideoClip: autoDraw = False
1082.0851 	EXP 	emotionRecognition: status = STOPPED
1082.2575 	EXP 	window1: mouseVisible = True
