45.1808 	EXP 	Created window1 = Window(allowGUI=True, allowStencil=False, autoLog=True, backendConf=UNKNOWN, backgroundFit=<method-wrapper '__getattribute__' of attributeSetter object at 0x0000016819BC3C40>, backgroundImage=<method-wrapper '__getattribute__' of attributeSetter object at 0x0000016819BC3BE0>, bitsMode=UNKNOWN, blendMode='avg', bpc=(8, 8, 8), color=array([0, 0, 0]), colorSpace='rgb', depthBits=8, fullscr=<method-wrapper '__getattribute__' of attributeSetter object at 0x0000016819BC3A30>, gamma=None, gammaErrorPolicy='raise', lms=UNKNOWN, monitor=<psychopy.monitors.calibTools.Monitor object at 0x000001687ACA2370>, multiSample=False, name='window1', numSamples=2, pos=(1920, 33), screen=0, size=array([1680, 1050]), stencilBits=0, stereo=False, title='PsychoPy', units='pix', useFBO=True, useRetina=False, viewOri=0.0, viewPos=None, viewScale=None, waitBlanking=True, winType='pyglet')
45.1809 	EXP 	window1: mouseVisible = True
45.1809 	EXP 	window1: backgroundImage = ''
45.1809 	EXP 	window1: backgroundFit = 'none'
45.1825 	EXP 	window1: Attempting to measure frame rate of screen (0) ...
45.1825 	EXP 	window1: recordFrameIntervals = False
45.3472 	EXP 	window1: recordFrameIntervals = True
45.5308 	EXP 	Screen (0) actual frame rate measured at 60.00Hz
45.5308 	EXP 	window1: recordFrameIntervals = False
45.5309 	EXP 	window1: mouseVisible = False
48.8514 	EXP 	emotionRecognition: status = STARTED
48.8742 	EXP 	window1: mouseVisible = True
49.0431 	EXP 	Created instructions = TextStim(__class__=<class 'psychopy.visual.text.TextStim'>, alignHoriz=method-wrapper(...), alignText='center', alignVert=method-wrapper(...), anchorHoriz='center', anchorVert='center', antialias=True, autoDraw=False, autoLog=True, bold=False, color=array([1., 1., 1.]), colorSpace='rgb', contrast=1.0, depth=0.0, draggable=False, flipHoriz=False, flipVert=False, font='Arial', fontFiles=[], height=40.0, italic=False, languageStyle='LTR', name='instructions', opacity=1.0, ori=0.0, pos=array([  0., 420.]), rgb=UNKNOWN, text=str(...), units='pix', win=Window(...), wrapWidth=1120.0)
49.0434 	EXP 	window1: mouseVisible = True
49.0460 	EXP 	Created option1Text = TextStim(__class__=<class 'psychopy.visual.text.TextStim'>, alignHoriz=method-wrapper(...), alignText='center', alignVert=method-wrapper(...), anchorHoriz='center', anchorVert='center', antialias=True, autoDraw=False, autoLog=True, bold=False, color=array([1., 1., 1.]), colorSpace='rgb', contrast=1.0, depth=-1.0, draggable=False, flipHoriz=False, flipVert=False, font='Open Sans', fontFiles=[], height=40.0, italic=False, languageStyle='LTR', name='option1Text', opacity=1.0, ori=0.0, pos=array([-560., -300.]), rgb=UNKNOWN, text='', units='pix', win=Window(...), wrapWidth=500)
49.0461 	EXP 	window1: mouseVisible = True
49.0643 	EXP 	Created option1Image = ImageStim(__class__=<class 'psychopy.visual.image.ImageStim'>, anchor=('center', 'center'), autoLog=True, color=array([1., 1., 1.]), colorSpace='rgb', contrast=1.0, depth=-2.0, draggable=False, flipHoriz=False, flipVert=False, image='default.png', interpolate=True, mask=None, maskParams=None, name='option1Image', opacity=1.0, ori=0.0, pos=array([-560.,    0.]), size=array([336., 336.]), texRes=128.0, units='pix', win=Window(...))
49.0644 	EXP 	window1: mouseVisible = True
49.0657 	EXP 	Created option2Text = TextStim(__class__=<class 'psychopy.visual.text.TextStim'>, alignHoriz=method-wrapper(...), alignText='center', alignVert=method-wrapper(...), anchorHoriz='center', anchorVert='center', antialias=True, autoDraw=False, autoLog=True, bold=False, color=array([1., 1., 1.]), colorSpace='rgb', contrast=1.0, depth=-3.0, draggable=False, flipHoriz=False, flipVert=False, font='Open Sans', fontFiles=[], height=40.0, italic=False, languageStyle='LTR', name='option2Text', opacity=1.0, ori=0.0, pos=array([   0., -300.]), rgb=UNKNOWN, text='', units='pix', win=Window(...), wrapWidth=500)
49.0658 	EXP 	window1: mouseVisible = True
49.0806 	EXP 	Created option2Image = ImageStim(__class__=<class 'psychopy.visual.image.ImageStim'>, anchor=('center', 'center'), autoLog=True, color=array([1., 1., 1.]), colorSpace='rgb', contrast=1.0, depth=-4.0, draggable=False, flipHoriz=False, flipVert=False, image='default.png', interpolate=True, mask=None, maskParams=None, name='option2Image', opacity=1.0, ori=0.0, pos=array([0., 0.]), size=array([336., 336.]), texRes=128.0, units='pix', win=Window(...))
49.0808 	EXP 	window1: mouseVisible = True
49.0828 	EXP 	Created option3Text = TextStim(__class__=<class 'psychopy.visual.text.TextStim'>, alignHoriz=method-wrapper(...), alignText='center', alignVert=method-wrapper(...), anchorHoriz='center', anchorVert='center', antialias=True, autoDraw=False, autoLog=True, bold=False, color=array([1., 1., 1.]), colorSpace='rgb', contrast=1.0, depth=-5.0, draggable=False, flipHoriz=False, flipVert=False, font='Open Sans', fontFiles=[], height=40.0, italic=False, languageStyle='LTR', name='option3Text', opacity=1.0, ori=0.0, pos=array([ 560., -300.]), rgb=UNKNOWN, text='', units='pix', win=Window(...), wrapWidth=500)
49.0829 	EXP 	window1: mouseVisible = True
49.0979 	EXP 	Created option3Image = ImageStim(__class__=<class 'psychopy.visual.image.ImageStim'>, anchor=('center', 'center'), autoLog=True, color=array([1., 1., 1.]), colorSpace='rgb', contrast=1.0, depth=-6.0, draggable=False, flipHoriz=False, flipVert=False, image='default.png', interpolate=True, mask=None, maskParams=None, name='option3Image', opacity=1.0, ori=0.0, pos=array([560.,   0.]), size=array([336., 336.]), texRes=128.0, units='pix', win=Window(...))
49.0980 	EXP 	window1: mouseVisible = True
49.0981 	EXP 	window1: mouseVisible = True
49.0981 	EXP 	window1: mouseVisible = True
50.7276 	EXP 	window1: mouseVisible = True
50.7431 	EXP 	Created text_click_to_continue = TextStim(__class__=<class 'psychopy.visual.text.TextStim'>, alignHoriz=method-wrapper(...), alignText='center', alignVert=method-wrapper(...), anchorHoriz='center', anchorVert='center', antialias=True, autoDraw=False, autoLog=True, bold=False, color=array([1., 1., 1.]), colorSpace='rgb', contrast=1.0, depth=0.0, draggable=False, flipHoriz=False, flipVert=False, font='Open Sans', fontFiles=[], height=60.0, italic=False, languageStyle='LTR', name='text_click_to_continue', opacity=1.0, ori=0.0, pos=array([0., 0.]), rgb=UNKNOWN, text='Click anywhere to continue', units='pix', win=Window(...), wrapWidth=1500.0)
50.7431 	EXP 	window1: mouseVisible = True
50.7432 	EXP 	window1: mouseVisible = True
50.7516 	EXP 	Created Three = TextStim(__class__=<class 'psychopy.visual.text.TextStim'>, alignHoriz=method-wrapper(...), alignText='center', alignVert=method-wrapper(...), anchorHoriz='center', anchorVert='center', antialias=True, autoDraw=False, autoLog=True, bold=False, color=array([1., 1., 1.]), colorSpace='rgb', contrast=1.0, depth=0.0, draggable=False, flipHoriz=False, flipVert=False, font='Open Sans', fontFiles=[], height=180.0, italic=False, languageStyle='LTR', name='Three', opacity=1.0, ori=0.0, pos=array([0., 0.]), rgb=UNKNOWN, text='3', units='pix', win=Window(...), wrapWidth=500)
50.7518 	EXP 	window1: mouseVisible = True
50.7560 	EXP 	Created Two = TextStim(__class__=<class 'psychopy.visual.text.TextStim'>, alignHoriz=method-wrapper(...), alignText='center', alignVert=method-wrapper(...), anchorHoriz='center', anchorVert='center', antialias=True, autoDraw=False, autoLog=True, bold=False, color=array([1., 1., 1.]), colorSpace='rgb', contrast=1.0, depth=-1.0, draggable=False, flipHoriz=False, flipVert=False, font='Open Sans', fontFiles=[], height=180.0, italic=False, languageStyle='LTR', name='Two', opacity=1.0, ori=0.0, pos=array([0., 0.]), rgb=UNKNOWN, text='2', units='pix', win=Window(...), wrapWidth=500)
50.7562 	EXP 	window1: mouseVisible = True
50.7608 	EXP 	Created One = TextStim(__class__=<class 'psychopy.visual.text.TextStim'>, alignHoriz=method-wrapper(...), alignText='center', alignVert=method-wrapper(...), anchorHoriz='center', anchorVert='center', antialias=True, autoDraw=False, autoLog=True, bold=False, color=array([1., 1., 1.]), colorSpace='rgb', contrast=1.0, depth=-2.0, draggable=False, flipHoriz=False, flipVert=False, font='Open Sans', fontFiles=[], height=180.0, italic=False, languageStyle='LTR', name='One', opacity=1.0, ori=0.0, pos=array([0., 0.]), rgb=UNKNOWN, text='1', units='pix', win=Window(...), wrapWidth=500)
50.7609 	EXP 	window1: mouseVisible = True
50.7612 	EXP 	window1: mouseVisible = True
50.7690 	EXP 	window1: mouseVisible = True
50.7694 	EXP 	window1: mouseVisible = True
50.7726 	EXP 	window1: mouseVisible = True
50.7728 	EXP 	window1: mouseVisible = True
50.7732 	EXP 	window1: mouseVisible = True
50.7737 	EXP 	window1: mouseVisible = True
50.8123 	EXP 	window1: mouseVisible = True
50.8125 	EXP 	window1: mouseVisible = True
50.8129 	EXP 	window1: mouseVisible = True
50.8134 	EXP 	window1: mouseVisible = True
50.8375 	EXP 	window1: mouseVisible = True
50.8376 	EXP 	window1: mouseVisible = True
50.8385 	EXP 	window1: mouseVisible = True
50.8392 	EXP 	window1: mouseVisible = True
50.8583 	EXP 	window1: mouseVisible = True
50.8584 	EXP 	window1: mouseVisible = True
50.8589 	EXP 	window1: mouseVisible = True
50.8593 	EXP 	window1: mouseVisible = True
50.8627 	EXP 	window1: mouseVisible = True
50.8628 	EXP 	window1: mouseVisible = True
50.8633 	EXP 	window1: mouseVisible = True
50.8637 	EXP 	window1: mouseVisible = True
50.8725 	EXP 	window1: mouseVisible = True
50.8727 	EXP 	window1: mouseVisible = True
50.8732 	EXP 	window1: mouseVisible = True
50.8736 	EXP 	window1: mouseVisible = True
50.8771 	EXP 	window1: mouseVisible = True
50.8772 	EXP 	window1: mouseVisible = True
50.8777 	EXP 	window1: mouseVisible = True
50.8781 	EXP 	window1: mouseVisible = True
50.8847 	EXP 	window1: mouseVisible = True
50.8850 	EXP 	window1: mouseVisible = True
50.8856 	EXP 	window1: mouseVisible = True
50.8860 	EXP 	window1: mouseVisible = True
50.8892 	EXP 	window1: mouseVisible = True
50.8894 	EXP 	window1: mouseVisible = True
50.8898 	EXP 	window1: mouseVisible = True
50.8902 	EXP 	window1: mouseVisible = True
50.8946 	EXP 	window1: mouseVisible = True
50.8947 	EXP 	window1: mouseVisible = True
50.8952 	EXP 	window1: mouseVisible = True
50.8956 	EXP 	window1: mouseVisible = True
50.8988 	EXP 	window1: mouseVisible = True
50.9007 	EXP 	window1: mouseVisible = True
50.9418 	EXP 	Created agree = Slider(__class__=<class 'psychopy.visual.slider.Slider'>, autoDraw=False, autoLog=True, borderColor=None, color=None, colorSpace='rgb', depth=-1, fillColor=None, flip=False, font='Open Sans', granularity=1.0, labelColor=None, labelHeight=25.0, labelWrapWidth=None, labels=tuple(...), lineColor=None, markerColor=None, name='agree', opacity=None, ori=0.0, pos=array([   0., -100.]), readOnly=False, self=UNKNOWN, size=array([1430.,   50.]), startValue=None, style='rating', styleTweaks=[], ticks=array([1, 2, 3, 4, 5]), units='pix', win=Window(...))
50.9419 	EXP 	window1: mouseVisible = True
50.9430 	EXP 	Created text = TextStim(__class__=<class 'psychopy.visual.text.TextStim'>, alignHoriz=method-wrapper(...), alignText='center', alignVert=method-wrapper(...), anchorHoriz='center', anchorVert='center', antialias=True, autoDraw=False, autoLog=True, bold=False, color=array([1., 1., 1.]), colorSpace='rgb', contrast=1.0, depth=-2.0, draggable=False, flipHoriz=False, flipVert=False, font='Open Sans', fontFiles=[], height=60.0, italic=False, languageStyle='LTR', name='text', opacity=1.0, ori=0.0, pos=array([  0., 300.]), rgb=UNKNOWN, text='', units='pix', win=Window(...), wrapWidth=1480)
50.9430 	EXP 	window1: mouseVisible = True
50.9458 	EXP 	Created Three = TextStim(__class__=<class 'psychopy.visual.text.TextStim'>, alignHoriz=method-wrapper(...), alignText='center', alignVert=method-wrapper(...), anchorHoriz='center', anchorVert='center', antialias=True, autoDraw=False, autoLog=True, bold=False, color=array([1., 1., 1.]), colorSpace='rgb', contrast=1.0, depth=0.0, draggable=False, flipHoriz=False, flipVert=False, font='Open Sans', fontFiles=[], height=180.0, italic=False, languageStyle='LTR', name='Three', opacity=1.0, ori=0.0, pos=array([0., 0.]), rgb=UNKNOWN, text='3', units='pix', win=Window(...), wrapWidth=500)
50.9460 	EXP 	window1: mouseVisible = True
50.9483 	EXP 	Created Two = TextStim(__class__=<class 'psychopy.visual.text.TextStim'>, alignHoriz=method-wrapper(...), alignText='center', alignVert=method-wrapper(...), anchorHoriz='center', anchorVert='center', antialias=True, autoDraw=False, autoLog=True, bold=False, color=array([1., 1., 1.]), colorSpace='rgb', contrast=1.0, depth=-1.0, draggable=False, flipHoriz=False, flipVert=False, font='Open Sans', fontFiles=[], height=180.0, italic=False, languageStyle='LTR', name='Two', opacity=1.0, ori=0.0, pos=array([0., 0.]), rgb=UNKNOWN, text='2', units='pix', win=Window(...), wrapWidth=500)
50.9484 	EXP 	window1: mouseVisible = True
50.9504 	EXP 	Created One = TextStim(__class__=<class 'psychopy.visual.text.TextStim'>, alignHoriz=method-wrapper(...), alignText='center', alignVert=method-wrapper(...), anchorHoriz='center', anchorVert='center', antialias=True, autoDraw=False, autoLog=True, bold=False, color=array([1., 1., 1.]), colorSpace='rgb', contrast=1.0, depth=-2.0, draggable=False, flipHoriz=False, flipVert=False, font='Open Sans', fontFiles=[], height=180.0, italic=False, languageStyle='LTR', name='One', opacity=1.0, ori=0.0, pos=array([0., 0.]), rgb=UNKNOWN, text='1', units='pix', win=Window(...), wrapWidth=500)
50.9505 	EXP 	window1: mouseVisible = True
50.9508 	EXP 	window1: mouseVisible = True
0.1220 	EXP 	movie: autoLog = True
0.1220 	EXP 	stimclip: autoLog = True
0.1220 	EXP 	agree: autoLog = True
0.1220 	EXP 	agree: styleTweaks = []
0.1220 	EXP 	agree: styleTweaks = []
0.1220 	EXP 	agree: styleTweaks = []
0.1220 	EXP 	agree: styleTweaks = []
0.1220 	EXP 	agree: contrast = 1.0
0.1220 	EXP 	agree: markerPos = None
0.1220 	EXP 	agree: autoLog = True
0.1220 	EXP 	neutralVideoClip: autoLog = True
0.1225 	EXP 	Created sequence: sequential, trialTypes=4, nReps=1, seed=None
0.1227 	EXP 	New trial (rep=0, index=0): {'mainIndex': 0, 'emotion': '1 excited', 'image1': 'videos\\1 excited\\1 motorsports\\motorsports.jpg', 'text1': 'motorsports', 'stimuli1': 'videos\\1 excited\\1 motorsports\\kenMiles.mp4', 'image2': 'videos\\1 excited\\2 sports\\sport.jpg', 'text2': 'sports', 'stimuli2': 'videos\\1 excited\\2 sports\\NBA.mp4', 'image3': 'videos\\1 excited\\3 general\\I am not sure.jpg', 'text3': 'general', 'stimuli3': 'videos\\1 excited\\3 general\\ratatChaseScene.mp4'}
0.2569 	EXP 	option1Text: height = 40.0
0.2569 	EXP 	option1Text: height = 40.0
0.2569 	EXP 	option1Text: height = 40.0
0.2569 	EXP 	option1Text: text = 'motorsports'
0.2569 	EXP 	option1Image: image = 'videos\\1 excited\\1 motorsports\\motorsports.jpg'
0.2569 	EXP 	option2Text: height = 40.0
0.2569 	EXP 	option2Text: height = 40.0
0.2569 	EXP 	option2Text: height = 40.0
0.2569 	EXP 	option2Text: text = 'sports'
0.2569 	EXP 	option2Image: image = 'videos\\1 excited\\2 sports\\sport.jpg'
0.2569 	EXP 	option3Text: height = 40.0
0.2569 	EXP 	option3Text: height = 40.0
0.2569 	EXP 	option3Text: height = 40.0
0.2569 	EXP 	option3Text: text = 'general'
0.2569 	EXP 	option3Image: image = 'videos\\1 excited\\3 general\\I am not sure.jpg'
0.2569 	EXP 	instructions: autoDraw = True
0.2569 	EXP 	option1Text: autoDraw = True
0.2569 	EXP 	option1Image: autoDraw = True
0.2569 	EXP 	option2Text: autoDraw = True
0.2569 	EXP 	option2Image: autoDraw = True
0.2569 	EXP 	option3Text: autoDraw = True
0.2569 	EXP 	option3Image: autoDraw = True
5.9212 	DATA 	Mouse: Left button down, pos=(886,493)
5.9236 	EXP 	New trial (rep=0, index=1): {'mainIndex': 3, 'emotion': '4 relaxed', 'image1': None, 'text1': 'meditation', 'stimuli1': 'videos\\4 relaxed\\1 meditation\\meditation.mp4', 'image2': None, 'text2': 'nature', 'stimuli2': 'videos\\4 relaxed\\2 nature\\waterfall.mp4', 'image3': None, 'text3': 'general', 'stimuli3': 'videos\\4 relaxed\\3 general\\asmr.mkv'}
5.9376 	EXP 	instructions: autoDraw = False
5.9376 	EXP 	option1Text: autoDraw = False
5.9376 	EXP 	option1Image: autoDraw = False
5.9376 	EXP 	option2Text: autoDraw = False
5.9376 	EXP 	option2Image: autoDraw = False
5.9376 	EXP 	option3Text: autoDraw = False
5.9376 	EXP 	option3Image: autoDraw = False
5.9376 	EXP 	option1Text: height = 40.0
5.9376 	EXP 	option1Text: height = 40.0
5.9376 	EXP 	option1Text: height = 40.0
5.9376 	EXP 	option1Text: text = 'meditation'
5.9376 	EXP 	option1Image: image = None
5.9376 	EXP 	option2Text: height = 40.0
5.9376 	EXP 	option2Text: height = 40.0
5.9376 	EXP 	option2Text: height = 40.0
5.9376 	EXP 	option2Text: text = 'nature'
5.9376 	EXP 	option2Image: image = None
5.9376 	EXP 	option3Text: text = 'general'
5.9376 	EXP 	option3Image: image = None
5.9376 	EXP 	instructions: autoDraw = True
5.9376 	EXP 	option1Text: autoDraw = True
5.9376 	EXP 	option1Image: autoDraw = True
5.9376 	EXP 	option2Text: autoDraw = True
5.9376 	EXP 	option2Image: autoDraw = True
5.9376 	EXP 	option3Text: autoDraw = True
5.9376 	EXP 	option3Image: autoDraw = True
6.0073 	DATA 	Mouse:  Left button up, pos=(886,493)
10.0444 	DATA 	Mouse: Left button down, pos=(826,469)
10.0464 	EXP 	New trial (rep=0, index=2): {'mainIndex': 4, 'emotion': '5 sad', 'image1': 'videos\\5 sad\\1 animals\\cutepets.jpg', 'text1': 'animals', 'stimuli1': 'videos\\5 sad\\1 animals\\saddogs.mp4', 'image2': 'videos\\5 sad\\2 babies\\baby.jpg', 'text2': 'babies', 'stimuli2': 'videos\\5 sad\\2 babies\\sadBaby1.mp4', 'image3': 'videos\\5 sad\\3 general\\notsure.jpg', 'text3': 'general', 'stimuli3': 'videos\\5 sad\\3 general\\ChampDeath.mp4'}
10.1066 	DATA 	Mouse:  Left button up, pos=(826,469)
10.1203 	EXP 	instructions: autoDraw = False
10.1203 	EXP 	option1Text: autoDraw = False
10.1203 	EXP 	option1Image: autoDraw = False
10.1203 	EXP 	option2Text: autoDraw = False
10.1203 	EXP 	option2Image: autoDraw = False
10.1203 	EXP 	option3Text: autoDraw = False
10.1203 	EXP 	option3Image: autoDraw = False
10.1203 	EXP 	option1Text: height = 40.0
10.1203 	EXP 	option1Text: height = 40.0
10.1203 	EXP 	option1Text: height = 40.0
10.1203 	EXP 	option1Text: text = 'animals'
10.1203 	EXP 	option1Image: image = 'videos\\5 sad\\1 animals\\cutepets.jpg'
10.1203 	EXP 	option2Text: height = 40.0
10.1203 	EXP 	option2Text: height = 40.0
10.1203 	EXP 	option2Text: height = 40.0
10.1203 	EXP 	option2Text: text = 'babies'
10.1203 	EXP 	option2Image: image = 'videos\\5 sad\\2 babies\\baby.jpg'
10.1203 	EXP 	option3Text: text = 'general'
10.1203 	EXP 	option3Image: image = 'videos\\5 sad\\3 general\\notsure.jpg'
10.1203 	EXP 	instructions: autoDraw = True
10.1203 	EXP 	option1Text: autoDraw = True
10.1203 	EXP 	option1Image: autoDraw = True
10.1203 	EXP 	option2Text: autoDraw = True
10.1203 	EXP 	option2Image: autoDraw = True
10.1203 	EXP 	option3Text: autoDraw = True
10.1203 	EXP 	option3Image: autoDraw = True
12.5607 	DATA 	Mouse: Left button down, pos=(261,541)
12.5625 	EXP 	New trial (rep=0, index=3): {'mainIndex': 7, 'emotion': '8 angry', 'image1': 'videos\\8 angry\\1 animals\\cutepets.jpg', 'text1': 'animals', 'stimuli1': 'videos\\8 angry\\1 animals\\angrydogs.mp4', 'image2': 'videos\\8 angry\\2 general\\notsure.jpg', 'text2': 'general', 'stimuli2': 'videos\\8 angry\\2 general\\thepiano.mp4', 'image3': None, 'text3': '', 'stimuli3': None}
12.6366 	EXP 	instructions: autoDraw = False
12.6366 	EXP 	option1Text: autoDraw = False
12.6366 	EXP 	option1Image: autoDraw = False
12.6366 	EXP 	option2Text: autoDraw = False
12.6366 	EXP 	option2Image: autoDraw = False
12.6366 	EXP 	option3Text: autoDraw = False
12.6366 	EXP 	option3Image: autoDraw = False
12.6366 	EXP 	option1Text: text = 'animals'
12.6366 	EXP 	option1Image: image = 'videos\\8 angry\\1 animals\\cutepets.jpg'
12.6366 	EXP 	option2Text: height = 40.0
12.6366 	EXP 	option2Text: height = 40.0
12.6366 	EXP 	option2Text: height = 40.0
12.6366 	EXP 	option2Text: text = 'general'
12.6366 	EXP 	option2Image: image = 'videos\\8 angry\\2 general\\notsure.jpg'
12.6366 	EXP 	option3Text: height = 40.0
12.6366 	EXP 	option3Text: height = 40.0
12.6366 	EXP 	option3Text: height = 40.0
12.6366 	EXP 	option3Text: text = ''
12.6366 	EXP 	option3Image: image = None
12.6366 	EXP 	instructions: autoDraw = True
12.6366 	EXP 	option1Text: autoDraw = True
12.6366 	EXP 	option1Image: autoDraw = True
12.6366 	EXP 	option2Text: autoDraw = True
12.6366 	EXP 	option2Image: autoDraw = True
12.6366 	EXP 	option3Text: autoDraw = True
12.6366 	EXP 	option3Image: autoDraw = True
12.6413 	DATA 	Mouse:  Left button up, pos=(261,541)
15.8460 	DATA 	Mouse: Left button down, pos=(360,512)
15.8847 	EXP 	instructions: autoDraw = False
15.8847 	EXP 	option1Text: autoDraw = False
15.8847 	EXP 	option1Image: autoDraw = False
15.8847 	EXP 	option2Text: autoDraw = False
15.8847 	EXP 	option2Image: autoDraw = False
15.8847 	EXP 	option3Text: autoDraw = False
15.8847 	EXP 	option3Image: autoDraw = False
15.8847 	EXP 	movie: autoDraw = True
15.9093 	DATA 	Mouse:  Left button up, pos=(360,512)
56.3983 	EXP 	movie: autoDraw = False
56.3983 	EXP 	text_click_to_continue: autoDraw = True
57.3422 	DATA 	Mouse: Left button down, pos=(835,529)
57.3430 	EXP 	Created sequence: sequential, trialTypes=8, nReps=1, seed=None
57.3431 	EXP 	New trial (rep=0, index=0): {'mainIndex': 0, 'stim': 'videos\\1 excited\\2 sports\\NBA.mp4', 'emotion': 'excited', 'neutralvideo': 'neutral_videos\\2BlowingLeafs (1).mp4'}
57.3589 	EXP 	text_click_to_continue: autoDraw = False
57.3589 	EXP 	Three: autoDraw = True
57.3941 	DATA 	Mouse:  Left button up, pos=(835,529)
58.3427 	EXP 	Two: autoDraw = True
58.3594 	EXP 	Three: autoDraw = False
59.3438 	EXP 	Two: autoDraw = False
59.3438 	EXP 	One: autoDraw = True
60.4983 	EXP 	One: autoDraw = False
60.4983 	EXP 	Three: autoDraw = False
60.4983 	EXP 	Two: autoDraw = False
60.4983 	EXP 	One: autoDraw = False
60.4983 	EXP 	stimclip: autoDraw = True
130.7931 	EXP 	stimclip: autoDraw = False
130.7931 	EXP 	agree: markerPos = None
130.7931 	EXP 	agree: markerPos = None
130.7931 	EXP 	text: height = 60.0
130.7931 	EXP 	text: height = 60.0
130.7931 	EXP 	text: height = 60.0
130.7931 	EXP 	text: text = 'I feel excited'
130.7931 	EXP 	agree: autoDraw = True
130.7931 	EXP 	text: autoDraw = True
135.1997 	DATA 	Mouse: Left button down, pos=(1550,425)
135.2159 	EXP 	agree: markerPos = 4.986013986013986
135.2257 	DATA 	Mouse:  Left button up, pos=(1550,425)
135.2326 	EXP 	agree: markerPos = 4.986013986013986
135.2493 	EXP 	agree: markerPos = 5.0
135.2660 	EXP 	agree: autoDraw = False
135.2660 	EXP 	text: autoDraw = False
135.2660 	EXP 	Three: autoDraw = True
136.2669 	EXP 	Three: autoDraw = False
136.2669 	EXP 	Two: autoDraw = True
137.2676 	EXP 	Two: autoDraw = False
137.2676 	EXP 	One: autoDraw = True
138.3906 	EXP 	Three: autoDraw = False
138.3906 	EXP 	Two: autoDraw = False
138.3906 	EXP 	One: autoDraw = False
138.3906 	EXP 	neutralVideoClip: autoDraw = True
200.2352 	EXP 	New trial (rep=0, index=1): {'mainIndex': 1, 'stim': 'videos\\2 happy\\scooby.mp4', 'emotion': 'happy', 'neutralvideo': 'neutral_videos\\2BlowingLeafs (2).mp4'}
200.2378 	EXP 	neutralVideoClip: autoDraw = False
200.2378 	EXP 	Three: autoDraw = True
201.2477 	EXP 	Three: autoDraw = False
201.2477 	EXP 	Two: autoDraw = True
202.2487 	EXP 	Two: autoDraw = False
202.2487 	EXP 	One: autoDraw = True
203.5483 	EXP 	One: autoDraw = False
203.5483 	EXP 	Three: autoDraw = False
203.5483 	EXP 	Two: autoDraw = False
203.5483 	EXP 	One: autoDraw = False
203.5483 	EXP 	stimclip: autoDraw = True
263.5784 	EXP 	stimclip: autoDraw = False
263.5784 	EXP 	agree: markerPos = None
263.5784 	EXP 	agree: markerPos = None
263.5784 	EXP 	text: height = 60.0
263.5784 	EXP 	text: height = 60.0
263.5784 	EXP 	text: height = 60.0
263.5784 	EXP 	text: text = 'I feel happy'
263.5784 	EXP 	agree: autoDraw = True
263.5784 	EXP 	text: autoDraw = True
265.7366 	DATA 	Mouse: Left button down, pos=(1556,428)
265.7620 	EXP 	agree: markerPos = 5.002797202797202
265.7786 	EXP 	agree: markerPos = 5.002797202797202
265.7955 	EXP 	agree: markerPos = 5.002797202797202
265.8121 	EXP 	agree: markerPos = 5.002797202797202
265.8286 	EXP 	agree: markerPos = 5.002797202797202
265.8292 	DATA 	Mouse:  Left button up, pos=(1556,428)
265.8454 	EXP 	agree: markerPos = 5.0
265.8621 	EXP 	agree: autoDraw = False
265.8621 	EXP 	text: autoDraw = False
265.8621 	EXP 	Three: autoDraw = True
266.8629 	EXP 	Three: autoDraw = False
266.8629 	EXP 	Two: autoDraw = True
267.8635 	EXP 	Two: autoDraw = False
267.8635 	EXP 	One: autoDraw = True
269.1513 	EXP 	One: autoDraw = False
269.1513 	EXP 	Three: autoDraw = False
269.1513 	EXP 	Two: autoDraw = False
269.1513 	EXP 	One: autoDraw = False
269.1513 	EXP 	neutralVideoClip: autoDraw = True
331.1342 	EXP 	New trial (rep=0, index=2): {'mainIndex': 2, 'stim': 'videos\\3 motivated\\motivationalAuthor.mp4', 'emotion': 'motivated', 'neutralvideo': 'neutral_videos\\3BlowingLeafs.mp4'}
331.1367 	EXP 	neutralVideoClip: autoDraw = False
331.1367 	EXP 	Three: autoDraw = True
332.1441 	EXP 	Three: autoDraw = False
332.1441 	EXP 	Two: autoDraw = True
333.1450 	EXP 	Two: autoDraw = False
333.1450 	EXP 	One: autoDraw = True
334.4215 	EXP 	One: autoDraw = False
334.4215 	EXP 	Three: autoDraw = False
334.4215 	EXP 	Two: autoDraw = False
334.4215 	EXP 	One: autoDraw = False
334.4215 	EXP 	stimclip: autoDraw = True
402.3308 	EXP 	stimclip: autoDraw = False
402.3308 	EXP 	agree: markerPos = None
402.3308 	EXP 	agree: markerPos = None
402.3308 	EXP 	text: height = 60.0
402.3308 	EXP 	text: height = 60.0
402.3308 	EXP 	text: height = 60.0
402.3308 	EXP 	text: text = 'I feel motivated'
402.3308 	EXP 	agree: autoDraw = True
402.3308 	EXP 	text: autoDraw = True
404.4214 	DATA 	Mouse: Left button down, pos=(1193,437)
404.4472 	EXP 	agree: markerPos = 3.9874125874125874
404.4639 	EXP 	agree: markerPos = 3.9874125874125874
404.4806 	EXP 	agree: markerPos = 3.9874125874125874
404.4906 	DATA 	Mouse:  Left button up, pos=(1193,437)
404.4976 	EXP 	agree: markerPos = 3.9874125874125874
404.5140 	EXP 	agree: markerPos = 4.0
404.5307 	EXP 	agree: autoDraw = False
404.5307 	EXP 	text: autoDraw = False
404.5307 	EXP 	Three: autoDraw = True
405.5316 	EXP 	Three: autoDraw = False
405.5316 	EXP 	Two: autoDraw = True
406.5158 	EXP 	One: autoDraw = True
406.5334 	EXP 	Two: autoDraw = False
407.8138 	EXP 	One: autoDraw = False
407.8138 	EXP 	Three: autoDraw = False
407.8138 	EXP 	Two: autoDraw = False
407.8138 	EXP 	One: autoDraw = False
407.8138 	EXP 	neutralVideoClip: autoDraw = True
469.8603 	EXP 	New trial (rep=0, index=3): {'mainIndex': 3, 'stim': 'videos\\4 relaxed\\2 nature\\waterfall.mp4', 'emotion': 'relaxed', 'neutralvideo': 'neutral_videos\\4BlowingLeafs.mp4'}
469.8629 	EXP 	neutralVideoClip: autoDraw = False
469.8629 	EXP 	Three: autoDraw = True
470.8629 	EXP 	Three: autoDraw = False
470.8629 	EXP 	Two: autoDraw = True
471.8637 	EXP 	Two: autoDraw = False
471.8637 	EXP 	One: autoDraw = True
473.1733 	EXP 	One: autoDraw = False
473.1733 	EXP 	Three: autoDraw = False
473.1733 	EXP 	Two: autoDraw = False
473.1733 	EXP 	One: autoDraw = False
473.1733 	EXP 	stimclip: autoDraw = True
533.9150 	EXP 	stimclip: autoDraw = False
533.9150 	EXP 	agree: markerPos = None
533.9150 	EXP 	agree: markerPos = None
533.9150 	EXP 	text: height = 60.0
533.9150 	EXP 	text: height = 60.0
533.9150 	EXP 	text: height = 60.0
533.9150 	EXP 	text: text = 'I feel relaxed'
533.9150 	EXP 	agree: autoDraw = True
533.9150 	EXP 	text: autoDraw = True
537.7307 	DATA 	Mouse: Left button down, pos=(1544,418)
537.7453 	EXP 	agree: markerPos = 4.969230769230769
537.7621 	EXP 	agree: markerPos = 4.969230769230769
537.7788 	EXP 	agree: markerPos = 4.969230769230769
537.7953 	EXP 	agree: markerPos = 4.969230769230769
537.7959 	DATA 	Mouse:  Left button up, pos=(1544,418)
537.8122 	EXP 	agree: markerPos = 5.0
537.8287 	EXP 	agree: autoDraw = False
537.8287 	EXP 	text: autoDraw = False
537.8287 	EXP 	Three: autoDraw = True
538.8298 	EXP 	Three: autoDraw = False
538.8298 	EXP 	Two: autoDraw = True
539.8305 	EXP 	Two: autoDraw = False
539.8305 	EXP 	One: autoDraw = True
541.1224 	EXP 	One: autoDraw = False
541.1224 	EXP 	Three: autoDraw = False
541.1224 	EXP 	Two: autoDraw = False
541.1224 	EXP 	One: autoDraw = False
541.1224 	EXP 	neutralVideoClip: autoDraw = True
603.0007 	EXP 	New trial (rep=0, index=4): {'mainIndex': 4, 'stim': 'videos\\5 sad\\1 animals\\saddogs.mp4', 'emotion': 'sad', 'neutralvideo': 'neutral_videos\\5BlowingLeafs.mp4'}
603.0032 	EXP 	neutralVideoClip: autoDraw = False
603.0032 	EXP 	Three: autoDraw = True
604.0107 	EXP 	Three: autoDraw = False
604.0107 	EXP 	Two: autoDraw = True
605.0114 	EXP 	Two: autoDraw = False
605.0114 	EXP 	One: autoDraw = True
606.3335 	EXP 	One: autoDraw = False
606.3335 	EXP 	Three: autoDraw = False
606.3335 	EXP 	Two: autoDraw = False
606.3335 	EXP 	One: autoDraw = False
606.3335 	EXP 	stimclip: autoDraw = True
669.1021 	EXP 	stimclip: autoDraw = False
669.1021 	EXP 	agree: markerPos = None
669.1021 	EXP 	agree: markerPos = None
669.1021 	EXP 	text: height = 60.0
669.1021 	EXP 	text: height = 60.0
669.1021 	EXP 	text: height = 60.0
669.1021 	EXP 	text: text = 'I feel sad'
669.1021 	EXP 	agree: autoDraw = True
669.1021 	EXP 	text: autoDraw = True
671.5943 	DATA 	Mouse: Left button down, pos=(1548,424)
671.6103 	EXP 	agree: markerPos = 4.98041958041958
671.6270 	EXP 	agree: markerPos = 4.98041958041958
671.6436 	EXP 	agree: markerPos = 4.98041958041958
671.6604 	EXP 	agree: markerPos = 4.98041958041958
671.6718 	DATA 	Mouse:  Left button up, pos=(1548,424)
671.6770 	EXP 	agree: markerPos = 4.98041958041958
671.6937 	EXP 	agree: markerPos = 5.0
671.7105 	EXP 	agree: autoDraw = False
671.7105 	EXP 	text: autoDraw = False
671.7105 	EXP 	Three: autoDraw = True
672.7115 	EXP 	Three: autoDraw = False
672.7115 	EXP 	Two: autoDraw = True
673.6956 	EXP 	One: autoDraw = True
673.7122 	EXP 	Two: autoDraw = False
674.9677 	EXP 	One: autoDraw = False
674.9677 	EXP 	Three: autoDraw = False
674.9677 	EXP 	Two: autoDraw = False
674.9677 	EXP 	One: autoDraw = False
674.9677 	EXP 	neutralVideoClip: autoDraw = True
736.9845 	EXP 	New trial (rep=0, index=5): {'mainIndex': 5, 'stim': 'videos\\6 horror\\conjuring.mp4', 'emotion': 'horror', 'neutralvideo': 'neutral_videos\\6BlowingLeafs.mp4'}
736.9872 	EXP 	neutralVideoClip: autoDraw = False
736.9872 	EXP 	Three: autoDraw = True
737.9927 	EXP 	Three: autoDraw = False
737.9927 	EXP 	Two: autoDraw = True
738.9934 	EXP 	Two: autoDraw = False
738.9934 	EXP 	One: autoDraw = True
740.3011 	EXP 	One: autoDraw = False
740.3011 	EXP 	Three: autoDraw = False
740.3011 	EXP 	Two: autoDraw = False
740.3011 	EXP 	One: autoDraw = False
740.3011 	EXP 	stimclip: autoDraw = True
804.9679 	EXP 	stimclip: autoDraw = False
804.9679 	EXP 	agree: markerPos = None
804.9679 	EXP 	agree: markerPos = None
804.9679 	EXP 	text: height = 60.0
804.9679 	EXP 	text: height = 60.0
804.9679 	EXP 	text: height = 60.0
804.9679 	EXP 	text: text = 'I feel horror'
804.9679 	EXP 	agree: autoDraw = True
804.9679 	EXP 	text: autoDraw = True
808.2016 	DATA 	Mouse: Left button down, pos=(478,421)
808.2279 	EXP 	agree: markerPos = 1.9874125874125874
808.2611 	EXP 	agree: markerPos = 1.9874125874125874
808.2723 	EXP 	agree: markerPos = 1.9874125874125874
808.2833 	EXP 	agree: markerPos = 1.9874125874125874
808.2952 	EXP 	agree: markerPos = 1.9874125874125874
808.3111 	EXP 	agree: markerPos = 1.9874125874125874
808.3226 	DATA 	Mouse:  Left button up, pos=(478,421)
808.3277 	EXP 	agree: markerPos = 1.9874125874125874
808.3443 	EXP 	agree: markerPos = 2.0
808.3611 	EXP 	agree: autoDraw = False
808.3611 	EXP 	text: autoDraw = False
808.3611 	EXP 	Three: autoDraw = True
809.3621 	EXP 	Three: autoDraw = False
809.3621 	EXP 	Two: autoDraw = True
810.3628 	EXP 	Two: autoDraw = False
810.3628 	EXP 	One: autoDraw = True
811.6583 	EXP 	One: autoDraw = False
811.6583 	EXP 	Three: autoDraw = False
811.6583 	EXP 	Two: autoDraw = False
811.6583 	EXP 	One: autoDraw = False
811.6583 	EXP 	neutralVideoClip: autoDraw = True
873.5046 	EXP 	New trial (rep=0, index=6): {'mainIndex': 6, 'stim': 'videos\\7 disgusted\\trainspotting.mp4', 'emotion': 'disgusted', 'neutralvideo': 'neutral_videos\\7BlowingLeafs.mp4'}
873.5072 	EXP 	neutralVideoClip: autoDraw = False
873.5072 	EXP 	Three: autoDraw = True
874.5097 	EXP 	Three: autoDraw = False
874.5097 	EXP 	Two: autoDraw = True
875.5109 	EXP 	Two: autoDraw = False
875.5109 	EXP 	One: autoDraw = True
876.8275 	EXP 	One: autoDraw = False
876.8275 	EXP 	Three: autoDraw = False
876.8275 	EXP 	Two: autoDraw = False
876.8275 	EXP 	One: autoDraw = False
876.8275 	EXP 	stimclip: autoDraw = True
936.8407 	EXP 	stimclip: autoDraw = False
936.8407 	EXP 	agree: markerPos = None
936.8407 	EXP 	agree: markerPos = None
936.8407 	EXP 	text: height = 60.0
936.8407 	EXP 	text: height = 60.0
936.8407 	EXP 	text: height = 60.0
936.8407 	EXP 	text: text = 'I feel disgusted'
936.8407 	EXP 	agree: autoDraw = True
936.8407 	EXP 	text: autoDraw = True
938.4652 	DATA 	Mouse: Left button down, pos=(1206,424)
938.4905 	EXP 	agree: markerPos = 4.023776223776224
938.5067 	EXP 	agree: markerPos = 4.023776223776224
938.5238 	EXP 	agree: markerPos = 4.023776223776224
938.5245 	DATA 	Mouse:  Left button up, pos=(1206,424)
938.5403 	EXP 	agree: markerPos = 4.0
938.5569 	EXP 	agree: autoDraw = False
938.5569 	EXP 	text: autoDraw = False
938.5569 	EXP 	Three: autoDraw = True
939.5580 	EXP 	Three: autoDraw = False
939.5580 	EXP 	Two: autoDraw = True
940.5583 	EXP 	Two: autoDraw = False
940.5583 	EXP 	One: autoDraw = True
941.8099 	EXP 	One: autoDraw = False
941.8099 	EXP 	Three: autoDraw = False
941.8099 	EXP 	Two: autoDraw = False
941.8099 	EXP 	One: autoDraw = False
941.8099 	EXP 	neutralVideoClip: autoDraw = True
1003.8736 	EXP 	New trial (rep=0, index=7): {'mainIndex': 7, 'stim': 'videos\\8 angry\\1 animals\\angrydogs.mp4', 'emotion': 'angry', 'neutralvideo': 'neutral_videos\\8BlowingLeafs.mp4'}
1003.8762 	EXP 	neutralVideoClip: autoDraw = False
1003.8762 	EXP 	Three: autoDraw = True
1004.8724 	EXP 	Two: autoDraw = True
1004.8893 	EXP 	Three: autoDraw = False
1005.8732 	EXP 	Two: autoDraw = False
1005.8732 	EXP 	One: autoDraw = True
1007.1678 	EXP 	One: autoDraw = False
1007.1678 	EXP 	Three: autoDraw = False
1007.1678 	EXP 	Two: autoDraw = False
1007.1678 	EXP 	One: autoDraw = False
1007.1678 	EXP 	stimclip: autoDraw = True
1072.5762 	EXP 	stimclip: autoDraw = False
1072.5762 	EXP 	agree: markerPos = None
1072.5762 	EXP 	agree: markerPos = None
1072.5762 	EXP 	text: height = 60.0
1072.5762 	EXP 	text: height = 60.0
1072.5762 	EXP 	text: height = 60.0
1072.5762 	EXP 	text: text = 'I feel angry'
1072.5762 	EXP 	agree: autoDraw = True
1072.5762 	EXP 	text: autoDraw = True
1074.9912 	DATA 	Mouse: Left button down, pos=(1549,422)
1075.0072 	EXP 	agree: markerPos = 4.9832167832167835
1075.0175 	DATA 	Mouse:  Left button up, pos=(1549,422)
1075.0240 	EXP 	agree: markerPos = 4.9832167832167835
1075.0405 	EXP 	agree: markerPos = 5.0
1075.0575 	EXP 	agree: autoDraw = False
1075.0575 	EXP 	text: autoDraw = False
1075.0575 	EXP 	Three: autoDraw = True
1076.0584 	EXP 	Three: autoDraw = False
1076.0584 	EXP 	Two: autoDraw = True
1077.0590 	EXP 	Two: autoDraw = False
1077.0590 	EXP 	One: autoDraw = True
1078.3635 	EXP 	One: autoDraw = False
1078.3635 	EXP 	Three: autoDraw = False
1078.3635 	EXP 	Two: autoDraw = False
1078.3635 	EXP 	One: autoDraw = False
1078.3635 	EXP 	neutralVideoClip: autoDraw = True
1086.9587 	EXP 	neutralVideoClip: autoDraw = False
1086.9587 	EXP 	emotionRecognition: status = STOPPED
1087.1112 	EXP 	window1: mouseVisible = True
