479.1990 	EXP 	Created window1 = Window(allowGUI=True, allowStencil=False, autoLog=True, backendConf=UNKNOWN, backgroundFit=<method-wrapper '__getattribute__' of attributeSetter object at 0x0000023519777100>, backgroundImage=<method-wrapper '__getattribute__' of attributeSetter object at 0x00000235197770A0>, bitsMode=UNKNOWN, blendMode='avg', bpc=(8, 8, 8), color=array([0, 0, 0]), colorSpace='rgb', depthBits=8, fullscr=<method-wrapper '__getattribute__' of attributeSetter object at 0x0000023519762F40>, gamma=None, gammaErrorPolicy='raise', lms=UNKNOWN, monitor=<psychopy.monitors.calibTools.Monitor object at 0x00000235767FF9A0>, multiSample=False, name='window1', numSamples=2, pos=(1920, 33), screen=0, size=array([1680, 1050]), stencilBits=0, stereo=False, title='PsychoPy', units='pix', useFBO=True, useRetina=False, viewOri=0.0, viewPos=None, viewScale=None, waitBlanking=True, winType='pyglet')
479.1991 	EXP 	window1: mouseVisible = True
479.1991 	EXP 	window1: backgroundImage = ''
479.1991 	EXP 	window1: backgroundFit = 'none'
479.2006 	EXP 	window1: Attempting to measure frame rate of screen (0) ...
479.2006 	EXP 	window1: recordFrameIntervals = False
479.3637 	EXP 	window1: recordFrameIntervals = True
479.5471 	EXP 	Screen (0) actual frame rate measured at 60.01Hz
479.5471 	EXP 	window1: recordFrameIntervals = False
479.5472 	EXP 	window1: mouseVisible = False
488.7081 	EXP 	emotionRecognition: status = STARTED
488.7405 	EXP 	window1: mouseVisible = True
489.1658 	EXP 	Created instructions = TextStim(__class__=<class 'psychopy.visual.text.TextStim'>, alignHoriz=method-wrapper(...), alignText='center', alignVert=method-wrapper(...), anchorHoriz='center', anchorVert='center', antialias=True, autoDraw=False, autoLog=True, bold=False, color=array([1., 1., 1.]), colorSpace='rgb', contrast=1.0, depth=0.0, draggable=False, flipHoriz=False, flipVert=False, font='Arial', fontFiles=[], height=40.0, italic=False, languageStyle='LTR', name='instructions', opacity=1.0, ori=0.0, pos=array([  0., 420.]), rgb=UNKNOWN, text=str(...), units='pix', win=Window(...), wrapWidth=1120.0)
489.1659 	EXP 	window1: mouseVisible = True
489.1691 	EXP 	Created option1Text = TextStim(__class__=<class 'psychopy.visual.text.TextStim'>, alignHoriz=method-wrapper(...), alignText='center', alignVert=method-wrapper(...), anchorHoriz='center', anchorVert='center', antialias=True, autoDraw=False, autoLog=True, bold=False, color=array([1., 1., 1.]), colorSpace='rgb', contrast=1.0, depth=-1.0, draggable=False, flipHoriz=False, flipVert=False, font='Open Sans', fontFiles=[], height=40.0, italic=False, languageStyle='LTR', name='option1Text', opacity=1.0, ori=0.0, pos=array([-560., -300.]), rgb=UNKNOWN, text='', units='pix', win=Window(...), wrapWidth=500)
489.1693 	EXP 	window1: mouseVisible = True
489.1952 	EXP 	Created option1Image = ImageStim(__class__=<class 'psychopy.visual.image.ImageStim'>, anchor=('center', 'center'), autoLog=True, color=array([1., 1., 1.]), colorSpace='rgb', contrast=1.0, depth=-2.0, draggable=False, flipHoriz=False, flipVert=False, image='default.png', interpolate=True, mask=None, maskParams=None, name='option1Image', opacity=1.0, ori=0.0, pos=array([-560.,    0.]), size=array([336., 336.]), texRes=128.0, units='pix', win=Window(...))
489.1954 	EXP 	window1: mouseVisible = True
489.1965 	EXP 	Created option2Text = TextStim(__class__=<class 'psychopy.visual.text.TextStim'>, alignHoriz=method-wrapper(...), alignText='center', alignVert=method-wrapper(...), anchorHoriz='center', anchorVert='center', antialias=True, autoDraw=False, autoLog=True, bold=False, color=array([1., 1., 1.]), colorSpace='rgb', contrast=1.0, depth=-3.0, draggable=False, flipHoriz=False, flipVert=False, font='Open Sans', fontFiles=[], height=40.0, italic=False, languageStyle='LTR', name='option2Text', opacity=1.0, ori=0.0, pos=array([   0., -300.]), rgb=UNKNOWN, text='', units='pix', win=Window(...), wrapWidth=500)
489.1966 	EXP 	window1: mouseVisible = True
489.2126 	EXP 	Created option2Image = ImageStim(__class__=<class 'psychopy.visual.image.ImageStim'>, anchor=('center', 'center'), autoLog=True, color=array([1., 1., 1.]), colorSpace='rgb', contrast=1.0, depth=-4.0, draggable=False, flipHoriz=False, flipVert=False, image='default.png', interpolate=True, mask=None, maskParams=None, name='option2Image', opacity=1.0, ori=0.0, pos=array([0., 0.]), size=array([336., 336.]), texRes=128.0, units='pix', win=Window(...))
489.2127 	EXP 	window1: mouseVisible = True
489.2139 	EXP 	Created option3Text = TextStim(__class__=<class 'psychopy.visual.text.TextStim'>, alignHoriz=method-wrapper(...), alignText='center', alignVert=method-wrapper(...), anchorHoriz='center', anchorVert='center', antialias=True, autoDraw=False, autoLog=True, bold=False, color=array([1., 1., 1.]), colorSpace='rgb', contrast=1.0, depth=-5.0, draggable=False, flipHoriz=False, flipVert=False, font='Open Sans', fontFiles=[], height=40.0, italic=False, languageStyle='LTR', name='option3Text', opacity=1.0, ori=0.0, pos=array([ 560., -300.]), rgb=UNKNOWN, text='', units='pix', win=Window(...), wrapWidth=500)
489.2140 	EXP 	window1: mouseVisible = True
489.2330 	EXP 	Created option3Image = ImageStim(__class__=<class 'psychopy.visual.image.ImageStim'>, anchor=('center', 'center'), autoLog=True, color=array([1., 1., 1.]), colorSpace='rgb', contrast=1.0, depth=-6.0, draggable=False, flipHoriz=False, flipVert=False, image='default.png', interpolate=True, mask=None, maskParams=None, name='option3Image', opacity=1.0, ori=0.0, pos=array([560.,   0.]), size=array([336., 336.]), texRes=128.0, units='pix', win=Window(...))
489.2331 	EXP 	window1: mouseVisible = True
489.2331 	EXP 	window1: mouseVisible = True
489.2332 	EXP 	window1: mouseVisible = True
491.7425 	EXP 	window1: mouseVisible = True
491.7577 	EXP 	Created text_click_to_continue = TextStim(__class__=<class 'psychopy.visual.text.TextStim'>, alignHoriz=method-wrapper(...), alignText='center', alignVert=method-wrapper(...), anchorHoriz='center', anchorVert='center', antialias=True, autoDraw=False, autoLog=True, bold=False, color=array([1., 1., 1.]), colorSpace='rgb', contrast=1.0, depth=0.0, draggable=False, flipHoriz=False, flipVert=False, font='Open Sans', fontFiles=[], height=60.0, italic=False, languageStyle='LTR', name='text_click_to_continue', opacity=1.0, ori=0.0, pos=array([0., 0.]), rgb=UNKNOWN, text='Click anywhere to continue', units='pix', win=Window(...), wrapWidth=1500.0)
491.7578 	EXP 	window1: mouseVisible = True
491.7579 	EXP 	window1: mouseVisible = True
491.7695 	EXP 	Created Three = TextStim(__class__=<class 'psychopy.visual.text.TextStim'>, alignHoriz=method-wrapper(...), alignText='center', alignVert=method-wrapper(...), anchorHoriz='center', anchorVert='center', antialias=True, autoDraw=False, autoLog=True, bold=False, color=array([1., 1., 1.]), colorSpace='rgb', contrast=1.0, depth=0.0, draggable=False, flipHoriz=False, flipVert=False, font='Open Sans', fontFiles=[], height=180.0, italic=False, languageStyle='LTR', name='Three', opacity=1.0, ori=0.0, pos=array([0., 0.]), rgb=UNKNOWN, text='3', units='pix', win=Window(...), wrapWidth=500)
491.7696 	EXP 	window1: mouseVisible = True
491.7749 	EXP 	Created Two = TextStim(__class__=<class 'psychopy.visual.text.TextStim'>, alignHoriz=method-wrapper(...), alignText='center', alignVert=method-wrapper(...), anchorHoriz='center', anchorVert='center', antialias=True, autoDraw=False, autoLog=True, bold=False, color=array([1., 1., 1.]), colorSpace='rgb', contrast=1.0, depth=-1.0, draggable=False, flipHoriz=False, flipVert=False, font='Open Sans', fontFiles=[], height=180.0, italic=False, languageStyle='LTR', name='Two', opacity=1.0, ori=0.0, pos=array([0., 0.]), rgb=UNKNOWN, text='2', units='pix', win=Window(...), wrapWidth=500)
491.7751 	EXP 	window1: mouseVisible = True
491.7797 	EXP 	Created One = TextStim(__class__=<class 'psychopy.visual.text.TextStim'>, alignHoriz=method-wrapper(...), alignText='center', alignVert=method-wrapper(...), anchorHoriz='center', anchorVert='center', antialias=True, autoDraw=False, autoLog=True, bold=False, color=array([1., 1., 1.]), colorSpace='rgb', contrast=1.0, depth=-2.0, draggable=False, flipHoriz=False, flipVert=False, font='Open Sans', fontFiles=[], height=180.0, italic=False, languageStyle='LTR', name='One', opacity=1.0, ori=0.0, pos=array([0., 0.]), rgb=UNKNOWN, text='1', units='pix', win=Window(...), wrapWidth=500)
491.7798 	EXP 	window1: mouseVisible = True
491.7800 	EXP 	window1: mouseVisible = True
491.7878 	EXP 	window1: mouseVisible = True
491.7883 	EXP 	window1: mouseVisible = True
491.7928 	EXP 	window1: mouseVisible = True
491.7930 	EXP 	window1: mouseVisible = True
491.7934 	EXP 	window1: mouseVisible = True
491.7939 	EXP 	window1: mouseVisible = True
491.8322 	EXP 	window1: mouseVisible = True
491.8341 	EXP 	window1: mouseVisible = True
491.8352 	EXP 	window1: mouseVisible = True
491.8367 	EXP 	window1: mouseVisible = True
491.8689 	EXP 	window1: mouseVisible = True
491.8691 	EXP 	window1: mouseVisible = True
491.8696 	EXP 	window1: mouseVisible = True
491.8700 	EXP 	window1: mouseVisible = True
491.8889 	EXP 	window1: mouseVisible = True
491.8891 	EXP 	window1: mouseVisible = True
491.8898 	EXP 	window1: mouseVisible = True
491.8905 	EXP 	window1: mouseVisible = True
491.8943 	EXP 	window1: mouseVisible = True
491.8945 	EXP 	window1: mouseVisible = True
491.8952 	EXP 	window1: mouseVisible = True
491.8957 	EXP 	window1: mouseVisible = True
491.9035 	EXP 	window1: mouseVisible = True
491.9036 	EXP 	window1: mouseVisible = True
491.9043 	EXP 	window1: mouseVisible = True
491.9048 	EXP 	window1: mouseVisible = True
491.9080 	EXP 	window1: mouseVisible = True
491.9081 	EXP 	window1: mouseVisible = True
491.9087 	EXP 	window1: mouseVisible = True
491.9091 	EXP 	window1: mouseVisible = True
491.9171 	EXP 	window1: mouseVisible = True
491.9172 	EXP 	window1: mouseVisible = True
491.9177 	EXP 	window1: mouseVisible = True
491.9181 	EXP 	window1: mouseVisible = True
491.9217 	EXP 	window1: mouseVisible = True
491.9218 	EXP 	window1: mouseVisible = True
491.9223 	EXP 	window1: mouseVisible = True
491.9228 	EXP 	window1: mouseVisible = True
491.9274 	EXP 	window1: mouseVisible = True
491.9276 	EXP 	window1: mouseVisible = True
491.9280 	EXP 	window1: mouseVisible = True
491.9284 	EXP 	window1: mouseVisible = True
491.9318 	EXP 	window1: mouseVisible = True
491.9340 	EXP 	window1: mouseVisible = True
491.9793 	EXP 	Created agree = Slider(__class__=<class 'psychopy.visual.slider.Slider'>, autoDraw=False, autoLog=True, borderColor=None, color=None, colorSpace='rgb', depth=-1, fillColor=None, flip=False, font='Open Sans', granularity=1.0, labelColor=None, labelHeight=25.0, labelWrapWidth=None, labels=tuple(...), lineColor=None, markerColor=None, name='agree', opacity=None, ori=0.0, pos=array([   0., -100.]), readOnly=False, self=UNKNOWN, size=array([1430.,   50.]), startValue=None, style='rating', styleTweaks=[], ticks=array([1, 2, 3, 4, 5]), units='pix', win=Window(...))
491.9794 	EXP 	window1: mouseVisible = True
491.9805 	EXP 	Created text = TextStim(__class__=<class 'psychopy.visual.text.TextStim'>, alignHoriz=method-wrapper(...), alignText='center', alignVert=method-wrapper(...), anchorHoriz='center', anchorVert='center', antialias=True, autoDraw=False, autoLog=True, bold=False, color=array([1., 1., 1.]), colorSpace='rgb', contrast=1.0, depth=-2.0, draggable=False, flipHoriz=False, flipVert=False, font='Open Sans', fontFiles=[], height=60.0, italic=False, languageStyle='LTR', name='text', opacity=1.0, ori=0.0, pos=array([  0., 300.]), rgb=UNKNOWN, text='', units='pix', win=Window(...), wrapWidth=1480)
491.9806 	EXP 	window1: mouseVisible = True
491.9831 	EXP 	Created Three = TextStim(__class__=<class 'psychopy.visual.text.TextStim'>, alignHoriz=method-wrapper(...), alignText='center', alignVert=method-wrapper(...), anchorHoriz='center', anchorVert='center', antialias=True, autoDraw=False, autoLog=True, bold=False, color=array([1., 1., 1.]), colorSpace='rgb', contrast=1.0, depth=0.0, draggable=False, flipHoriz=False, flipVert=False, font='Open Sans', fontFiles=[], height=180.0, italic=False, languageStyle='LTR', name='Three', opacity=1.0, ori=0.0, pos=array([0., 0.]), rgb=UNKNOWN, text='3', units='pix', win=Window(...), wrapWidth=500)
491.9833 	EXP 	window1: mouseVisible = True
491.9855 	EXP 	Created Two = TextStim(__class__=<class 'psychopy.visual.text.TextStim'>, alignHoriz=method-wrapper(...), alignText='center', alignVert=method-wrapper(...), anchorHoriz='center', anchorVert='center', antialias=True, autoDraw=False, autoLog=True, bold=False, color=array([1., 1., 1.]), colorSpace='rgb', contrast=1.0, depth=-1.0, draggable=False, flipHoriz=False, flipVert=False, font='Open Sans', fontFiles=[], height=180.0, italic=False, languageStyle='LTR', name='Two', opacity=1.0, ori=0.0, pos=array([0., 0.]), rgb=UNKNOWN, text='2', units='pix', win=Window(...), wrapWidth=500)
491.9856 	EXP 	window1: mouseVisible = True
491.9884 	EXP 	Created One = TextStim(__class__=<class 'psychopy.visual.text.TextStim'>, alignHoriz=method-wrapper(...), alignText='center', alignVert=method-wrapper(...), anchorHoriz='center', anchorVert='center', antialias=True, autoDraw=False, autoLog=True, bold=False, color=array([1., 1., 1.]), colorSpace='rgb', contrast=1.0, depth=-2.0, draggable=False, flipHoriz=False, flipVert=False, font='Open Sans', fontFiles=[], height=180.0, italic=False, languageStyle='LTR', name='One', opacity=1.0, ori=0.0, pos=array([0., 0.]), rgb=UNKNOWN, text='1', units='pix', win=Window(...), wrapWidth=500)
491.9886 	EXP 	window1: mouseVisible = True
491.9890 	EXP 	window1: mouseVisible = True
0.1222 	EXP 	movie: autoLog = True
0.1222 	EXP 	stimclip: autoLog = True
0.1222 	EXP 	agree: autoLog = True
0.1222 	EXP 	agree: styleTweaks = []
0.1222 	EXP 	agree: styleTweaks = []
0.1222 	EXP 	agree: styleTweaks = []
0.1222 	EXP 	agree: styleTweaks = []
0.1222 	EXP 	agree: contrast = 1.0
0.1222 	EXP 	agree: markerPos = None
0.1222 	EXP 	agree: autoLog = True
0.1222 	EXP 	neutralVideoClip: autoLog = True
0.1227 	EXP 	Created sequence: sequential, trialTypes=4, nReps=1, seed=None
0.1228 	EXP 	New trial (rep=0, index=0): {'mainIndex': 0, 'emotion': '1 excited', 'image1': 'videos\\1 excited\\1 motorsports\\motorsports.jpg', 'text1': 'motorsports', 'stimuli1': 'videos\\1 excited\\1 motorsports\\kenMiles.mp4', 'image2': 'videos\\1 excited\\2 sports\\sport.jpg', 'text2': 'sports', 'stimuli2': 'videos\\1 excited\\2 sports\\NBA.mp4', 'image3': 'videos\\1 excited\\3 general\\I am not sure.jpg', 'text3': 'general', 'stimuli3': 'videos\\1 excited\\3 general\\ratatChaseScene.mp4'}
0.2530 	EXP 	option1Text: height = 40.0
0.2530 	EXP 	option1Text: height = 40.0
0.2530 	EXP 	option1Text: height = 40.0
0.2530 	EXP 	option1Text: text = 'motorsports'
0.2530 	EXP 	option1Image: image = 'videos\\1 excited\\1 motorsports\\motorsports.jpg'
0.2530 	EXP 	option2Text: height = 40.0
0.2530 	EXP 	option2Text: height = 40.0
0.2530 	EXP 	option2Text: height = 40.0
0.2530 	EXP 	option2Text: text = 'sports'
0.2530 	EXP 	option2Image: image = 'videos\\1 excited\\2 sports\\sport.jpg'
0.2530 	EXP 	option3Text: height = 40.0
0.2530 	EXP 	option3Text: height = 40.0
0.2530 	EXP 	option3Text: height = 40.0
0.2530 	EXP 	option3Text: text = 'general'
0.2530 	EXP 	option3Image: image = 'videos\\1 excited\\3 general\\I am not sure.jpg'
0.2530 	EXP 	instructions: autoDraw = True
0.2530 	EXP 	option1Text: autoDraw = True
0.2530 	EXP 	option1Image: autoDraw = True
0.2530 	EXP 	option2Text: autoDraw = True
0.2530 	EXP 	option2Image: autoDraw = True
0.2530 	EXP 	option3Text: autoDraw = True
0.2530 	EXP 	option3Image: autoDraw = True
6.7387 	DATA 	Mouse: Left button down, pos=(857,516)
6.7434 	EXP 	New trial (rep=0, index=1): {'mainIndex': 3, 'emotion': '4 relaxed', 'image1': None, 'text1': 'meditation', 'stimuli1': 'videos\\4 relaxed\\1 meditation\\meditation.mp4', 'image2': None, 'text2': 'nature', 'stimuli2': 'videos\\4 relaxed\\2 nature\\waterfall.mp4', 'image3': None, 'text3': 'general', 'stimuli3': 'videos\\4 relaxed\\3 general\\asmr.mkv'}
6.7551 	EXP 	instructions: autoDraw = False
6.7551 	EXP 	option1Text: autoDraw = False
6.7551 	EXP 	option1Image: autoDraw = False
6.7551 	EXP 	option2Text: autoDraw = False
6.7551 	EXP 	option2Image: autoDraw = False
6.7551 	EXP 	option3Text: autoDraw = False
6.7551 	EXP 	option3Image: autoDraw = False
6.7551 	EXP 	option1Text: height = 40.0
6.7551 	EXP 	option1Text: height = 40.0
6.7551 	EXP 	option1Text: height = 40.0
6.7551 	EXP 	option1Text: text = 'meditation'
6.7551 	EXP 	option1Image: image = None
6.7551 	EXP 	option2Text: height = 40.0
6.7551 	EXP 	option2Text: height = 40.0
6.7551 	EXP 	option2Text: height = 40.0
6.7551 	EXP 	option2Text: text = 'nature'
6.7551 	EXP 	option2Image: image = None
6.7551 	EXP 	option3Text: text = 'general'
6.7551 	EXP 	option3Image: image = None
6.7551 	EXP 	instructions: autoDraw = True
6.7551 	EXP 	option1Text: autoDraw = True
6.7551 	EXP 	option1Image: autoDraw = True
6.7551 	EXP 	option2Text: autoDraw = True
6.7551 	EXP 	option2Image: autoDraw = True
6.7551 	EXP 	option3Text: autoDraw = True
6.7551 	EXP 	option3Image: autoDraw = True
6.8756 	DATA 	Mouse:  Left button up, pos=(857,516)
30.5569 	DATA 	Mouse: Left button down, pos=(867,356)
30.6730 	DATA 	Mouse:  Left button up, pos=(867,356)
31.7239 	DATA 	Mouse: Left button down, pos=(854,217)
31.7257 	EXP 	New trial (rep=0, index=2): {'mainIndex': 4, 'emotion': '5 sad', 'image1': 'videos\\5 sad\\1 animals\\cutepets.jpg', 'text1': 'animals', 'stimuli1': 'videos\\5 sad\\1 animals\\saddogs.mp4', 'image2': 'videos\\5 sad\\2 babies\\baby.jpg', 'text2': 'babies', 'stimuli2': 'videos\\5 sad\\2 babies\\sadBaby1.mp4', 'image3': 'videos\\5 sad\\3 general\\notsure.jpg', 'text3': 'general', 'stimuli3': 'videos\\5 sad\\3 general\\ChampDeath.mp4'}
31.7992 	EXP 	instructions: autoDraw = False
31.7992 	EXP 	option1Text: autoDraw = False
31.7992 	EXP 	option1Image: autoDraw = False
31.7992 	EXP 	option2Text: autoDraw = False
31.7992 	EXP 	option2Image: autoDraw = False
31.7992 	EXP 	option3Text: autoDraw = False
31.7992 	EXP 	option3Image: autoDraw = False
31.7992 	EXP 	option1Text: height = 40.0
31.7992 	EXP 	option1Text: height = 40.0
31.7992 	EXP 	option1Text: height = 40.0
31.7992 	EXP 	option1Text: text = 'animals'
31.7992 	EXP 	option1Image: image = 'videos\\5 sad\\1 animals\\cutepets.jpg'
31.7992 	EXP 	option2Text: height = 40.0
31.7992 	EXP 	option2Text: height = 40.0
31.7992 	EXP 	option2Text: height = 40.0
31.7992 	EXP 	option2Text: text = 'babies'
31.7992 	EXP 	option2Image: image = 'videos\\5 sad\\2 babies\\baby.jpg'
31.7992 	EXP 	option3Text: text = 'general'
31.7992 	EXP 	option3Image: image = 'videos\\5 sad\\3 general\\notsure.jpg'
31.7992 	EXP 	instructions: autoDraw = True
31.7992 	EXP 	option1Text: autoDraw = True
31.7992 	EXP 	option1Image: autoDraw = True
31.7992 	EXP 	option2Text: autoDraw = True
31.7992 	EXP 	option2Image: autoDraw = True
31.7992 	EXP 	option3Text: autoDraw = True
31.7992 	EXP 	option3Image: autoDraw = True
31.8771 	DATA 	Mouse:  Left button up, pos=(854,217)
34.3590 	DATA 	Mouse: Left button down, pos=(310,511)
34.3608 	EXP 	New trial (rep=0, index=3): {'mainIndex': 7, 'emotion': '8 angry', 'image1': 'videos\\8 angry\\1 animals\\cutepets.jpg', 'text1': 'animals', 'stimuli1': 'videos\\8 angry\\1 animals\\angrydogs.mp4', 'image2': 'videos\\8 angry\\2 general\\notsure.jpg', 'text2': 'general', 'stimuli2': 'videos\\8 angry\\2 general\\thepiano.mp4', 'image3': None, 'text3': '', 'stimuli3': None}
34.4300 	EXP 	instructions: autoDraw = False
34.4300 	EXP 	option1Text: autoDraw = False
34.4300 	EXP 	option1Image: autoDraw = False
34.4300 	EXP 	option2Text: autoDraw = False
34.4300 	EXP 	option2Image: autoDraw = False
34.4300 	EXP 	option3Text: autoDraw = False
34.4300 	EXP 	option3Image: autoDraw = False
34.4300 	EXP 	option1Text: text = 'animals'
34.4300 	EXP 	option1Image: image = 'videos\\8 angry\\1 animals\\cutepets.jpg'
34.4300 	EXP 	option2Text: height = 40.0
34.4300 	EXP 	option2Text: height = 40.0
34.4300 	EXP 	option2Text: height = 40.0
34.4300 	EXP 	option2Text: text = 'general'
34.4300 	EXP 	option2Image: image = 'videos\\8 angry\\2 general\\notsure.jpg'
34.4300 	EXP 	option3Text: height = 40.0
34.4300 	EXP 	option3Text: height = 40.0
34.4300 	EXP 	option3Text: height = 40.0
34.4300 	EXP 	option3Text: text = ''
34.4300 	EXP 	option3Image: image = None
34.4300 	EXP 	instructions: autoDraw = True
34.4300 	EXP 	option1Text: autoDraw = True
34.4300 	EXP 	option1Image: autoDraw = True
34.4300 	EXP 	option2Text: autoDraw = True
34.4300 	EXP 	option2Image: autoDraw = True
34.4300 	EXP 	option3Text: autoDraw = True
34.4300 	EXP 	option3Image: autoDraw = True
34.5121 	DATA 	Mouse:  Left button up, pos=(310,511)
37.7448 	DATA 	Mouse: Left button down, pos=(285,484)
37.7617 	EXP 	instructions: autoDraw = False
37.7617 	EXP 	option1Text: autoDraw = False
37.7617 	EXP 	option1Image: autoDraw = False
37.7617 	EXP 	option2Text: autoDraw = False
37.7617 	EXP 	option2Image: autoDraw = False
37.7617 	EXP 	option3Text: autoDraw = False
37.7617 	EXP 	option3Image: autoDraw = False
37.7617 	EXP 	movie: autoDraw = True
37.8973 	DATA 	Mouse:  Left button up, pos=(285,484)
78.2882 	EXP 	movie: autoDraw = False
78.2882 	EXP 	text_click_to_continue: autoDraw = True
80.7932 	DATA 	Mouse: Left button down, pos=(1008,418)
80.7940 	EXP 	Created sequence: sequential, trialTypes=8, nReps=1, seed=None
80.7942 	EXP 	New trial (rep=0, index=0): {'mainIndex': 0, 'stim': 'videos\\1 excited\\2 sports\\NBA.mp4', 'emotion': 'excited', 'neutralvideo': 'neutral_videos\\2BlowingLeafs (1).mp4'}
80.8096 	EXP 	text_click_to_continue: autoDraw = False
80.8096 	EXP 	Three: autoDraw = True
80.9112 	DATA 	Mouse:  Left button up, pos=(1008,418)
81.7936 	EXP 	Two: autoDraw = True
81.8105 	EXP 	Three: autoDraw = False
82.7945 	EXP 	Two: autoDraw = False
82.7945 	EXP 	One: autoDraw = True
83.9326 	EXP 	One: autoDraw = False
83.9326 	EXP 	Three: autoDraw = False
83.9326 	EXP 	Two: autoDraw = False
83.9326 	EXP 	One: autoDraw = False
83.9326 	EXP 	stimclip: autoDraw = True
154.0793 	EXP 	stimclip: autoDraw = False
154.0793 	EXP 	agree: markerPos = None
154.0793 	EXP 	agree: markerPos = None
154.0793 	EXP 	text: height = 60.0
154.0793 	EXP 	text: height = 60.0
154.0793 	EXP 	text: height = 60.0
154.0793 	EXP 	text: text = 'I feel excited'
154.0793 	EXP 	agree: autoDraw = True
154.0793 	EXP 	text: autoDraw = True
158.4416 	DATA 	Mouse: Left button down, pos=(1191,430)
158.4667 	EXP 	agree: markerPos = 3.981818181818182
158.4833 	EXP 	agree: markerPos = 3.981818181818182
158.5000 	EXP 	agree: markerPos = 3.981818181818182
158.5167 	EXP 	agree: markerPos = 3.981818181818182
158.5337 	EXP 	agree: markerPos = 3.981818181818182
158.5501 	EXP 	agree: markerPos = 3.981818181818182
158.5670 	EXP 	agree: markerPos = 3.981818181818182
158.5834 	EXP 	agree: markerPos = 3.981818181818182
158.5955 	DATA 	Mouse:  Left button up, pos=(1191,430)
158.6001 	EXP 	agree: markerPos = 3.981818181818182
158.6168 	EXP 	agree: markerPos = 4.0
158.6335 	EXP 	agree: autoDraw = False
158.6335 	EXP 	text: autoDraw = False
158.6335 	EXP 	Three: autoDraw = True
159.6343 	EXP 	Three: autoDraw = False
159.6343 	EXP 	Two: autoDraw = True
160.6350 	EXP 	Two: autoDraw = False
160.6350 	EXP 	One: autoDraw = True
161.7396 	EXP 	One: autoDraw = False
161.7396 	EXP 	Three: autoDraw = False
161.7396 	EXP 	Two: autoDraw = False
161.7396 	EXP 	One: autoDraw = False
161.7396 	EXP 	neutralVideoClip: autoDraw = True
223.7027 	EXP 	New trial (rep=0, index=1): {'mainIndex': 1, 'stim': 'videos\\2 happy\\scooby.mp4', 'emotion': 'happy', 'neutralvideo': 'neutral_videos\\2BlowingLeafs (2).mp4'}
223.7052 	EXP 	neutralVideoClip: autoDraw = False
223.7052 	EXP 	Three: autoDraw = True
224.7155 	EXP 	Three: autoDraw = False
224.7155 	EXP 	Two: autoDraw = True
225.7162 	EXP 	Two: autoDraw = False
225.7162 	EXP 	One: autoDraw = True
226.9828 	EXP 	One: autoDraw = False
226.9828 	EXP 	Three: autoDraw = False
226.9828 	EXP 	Two: autoDraw = False
226.9828 	EXP 	One: autoDraw = False
226.9828 	EXP 	stimclip: autoDraw = True
287.1997 	EXP 	stimclip: autoDraw = False
287.1997 	EXP 	agree: markerPos = None
287.1997 	EXP 	agree: markerPos = None
287.1997 	EXP 	text: height = 60.0
287.1997 	EXP 	text: height = 60.0
287.1997 	EXP 	text: height = 60.0
287.1997 	EXP 	text: text = 'I feel happy'
287.1997 	EXP 	agree: autoDraw = True
287.1997 	EXP 	text: autoDraw = True
290.7327 	DATA 	Mouse: Left button down, pos=(1544,428)
290.7474 	EXP 	agree: markerPos = 4.969230769230769
290.7640 	EXP 	agree: markerPos = 4.969230769230769
290.7806 	EXP 	agree: markerPos = 4.969230769230769
290.7973 	EXP 	agree: markerPos = 4.969230769230769
290.8140 	EXP 	agree: markerPos = 4.969230769230769
290.8307 	EXP 	agree: markerPos = 4.969230769230769
290.8474 	EXP 	agree: markerPos = 4.969230769230769
290.8641 	EXP 	agree: markerPos = 4.969230769230769
290.8749 	DATA 	Mouse:  Left button up, pos=(1544,428)
290.8807 	EXP 	agree: markerPos = 4.969230769230769
290.8974 	EXP 	agree: markerPos = 5.0
290.9141 	EXP 	agree: autoDraw = False
290.9141 	EXP 	text: autoDraw = False
290.9141 	EXP 	Three: autoDraw = True
291.9148 	EXP 	Three: autoDraw = False
291.9148 	EXP 	Two: autoDraw = True
292.9157 	EXP 	Two: autoDraw = False
292.9157 	EXP 	One: autoDraw = True
294.2046 	EXP 	One: autoDraw = False
294.2046 	EXP 	Three: autoDraw = False
294.2046 	EXP 	Two: autoDraw = False
294.2046 	EXP 	One: autoDraw = False
294.2046 	EXP 	neutralVideoClip: autoDraw = True
356.3008 	EXP 	New trial (rep=0, index=2): {'mainIndex': 2, 'stim': 'videos\\3 motivated\\motivationalAuthor.mp4', 'emotion': 'motivated', 'neutralvideo': 'neutral_videos\\3BlowingLeafs.mp4'}
356.3033 	EXP 	neutralVideoClip: autoDraw = False
356.3033 	EXP 	Three: autoDraw = True
357.3129 	EXP 	Three: autoDraw = False
357.3129 	EXP 	Two: autoDraw = True
358.3141 	EXP 	Two: autoDraw = False
358.3141 	EXP 	One: autoDraw = True
359.5883 	EXP 	One: autoDraw = False
359.5883 	EXP 	Three: autoDraw = False
359.5883 	EXP 	Two: autoDraw = False
359.5883 	EXP 	One: autoDraw = False
359.5883 	EXP 	stimclip: autoDraw = True
427.6723 	EXP 	stimclip: autoDraw = False
427.6723 	EXP 	agree: markerPos = None
427.6723 	EXP 	agree: markerPos = None
427.6723 	EXP 	text: height = 60.0
427.6723 	EXP 	text: height = 60.0
427.6723 	EXP 	text: height = 60.0
427.6723 	EXP 	text: text = 'I feel motivated'
427.6723 	EXP 	agree: autoDraw = True
427.6723 	EXP 	text: autoDraw = True
433.1432 	DATA 	Mouse: Left button down, pos=(1194,429)
433.1687 	EXP 	agree: markerPos = 3.99020979020979
433.1853 	EXP 	agree: markerPos = 3.99020979020979
433.2021 	EXP 	agree: markerPos = 3.99020979020979
433.2187 	EXP 	agree: markerPos = 3.99020979020979
433.2356 	EXP 	agree: markerPos = 3.99020979020979
433.2521 	EXP 	agree: markerPos = 3.99020979020979
433.2689 	EXP 	agree: markerPos = 3.99020979020979
433.2855 	EXP 	agree: markerPos = 3.99020979020979
433.3021 	EXP 	agree: markerPos = 3.99020979020979
433.3188 	EXP 	agree: markerPos = 3.99020979020979
433.3354 	EXP 	agree: markerPos = 3.99020979020979
433.3359 	DATA 	Mouse:  Left button up, pos=(1194,429)
433.3520 	EXP 	agree: markerPos = 4.0
433.3688 	EXP 	agree: autoDraw = False
433.3688 	EXP 	text: autoDraw = False
433.3688 	EXP 	Three: autoDraw = True
434.3696 	EXP 	Three: autoDraw = False
434.3696 	EXP 	Two: autoDraw = True
435.3705 	EXP 	Two: autoDraw = False
435.3705 	EXP 	One: autoDraw = True
436.6407 	EXP 	Three: autoDraw = False
436.6407 	EXP 	Two: autoDraw = False
436.6407 	EXP 	One: autoDraw = False
436.6407 	EXP 	neutralVideoClip: autoDraw = True
498.6396 	EXP 	New trial (rep=0, index=3): {'mainIndex': 3, 'stim': 'videos\\4 relaxed\\2 nature\\waterfall.mp4', 'emotion': 'relaxed', 'neutralvideo': 'neutral_videos\\4BlowingLeafs.mp4'}
498.6422 	EXP 	neutralVideoClip: autoDraw = False
498.6422 	EXP 	Three: autoDraw = True
499.6515 	EXP 	Three: autoDraw = False
499.6515 	EXP 	Two: autoDraw = True
500.6518 	EXP 	Two: autoDraw = False
500.6518 	EXP 	One: autoDraw = True
501.9952 	EXP 	One: autoDraw = False
501.9952 	EXP 	Three: autoDraw = False
501.9952 	EXP 	Two: autoDraw = False
501.9952 	EXP 	One: autoDraw = False
501.9952 	EXP 	stimclip: autoDraw = True
562.4985 	EXP 	stimclip: autoDraw = False
562.4985 	EXP 	agree: markerPos = None
562.4985 	EXP 	agree: markerPos = None
562.4985 	EXP 	text: height = 60.0
562.4985 	EXP 	text: height = 60.0
562.4985 	EXP 	text: height = 60.0
562.4985 	EXP 	text: text = 'I feel relaxed'
562.4985 	EXP 	agree: autoDraw = True
562.4985 	EXP 	text: autoDraw = True
566.4757 	DATA 	Mouse: Left button down, pos=(1196,423)
566.5005 	EXP 	agree: markerPos = 3.9958041958041957
566.5167 	EXP 	agree: markerPos = 3.9958041958041957
566.5340 	EXP 	agree: markerPos = 3.9958041958041957
566.5501 	EXP 	agree: markerPos = 3.9958041958041957
566.5675 	EXP 	agree: markerPos = 3.9958041958041957
566.5838 	EXP 	agree: markerPos = 3.9958041958041957
566.5945 	DATA 	Mouse:  Left button up, pos=(1196,423)
566.6003 	EXP 	agree: markerPos = 3.9958041958041957
566.6173 	EXP 	agree: markerPos = 4.0
566.6338 	EXP 	agree: autoDraw = False
566.6338 	EXP 	text: autoDraw = False
566.6338 	EXP 	Three: autoDraw = True
567.6356 	EXP 	Three: autoDraw = False
567.6356 	EXP 	Two: autoDraw = True
568.6351 	EXP 	Two: autoDraw = False
568.6351 	EXP 	One: autoDraw = True
569.9236 	EXP 	One: autoDraw = False
569.9236 	EXP 	Three: autoDraw = False
569.9236 	EXP 	Two: autoDraw = False
569.9236 	EXP 	One: autoDraw = False
569.9236 	EXP 	neutralVideoClip: autoDraw = True
631.9208 	EXP 	New trial (rep=0, index=4): {'mainIndex': 4, 'stim': 'videos\\5 sad\\1 animals\\saddogs.mp4', 'emotion': 'sad', 'neutralvideo': 'neutral_videos\\5BlowingLeafs.mp4'}
631.9234 	EXP 	neutralVideoClip: autoDraw = False
631.9234 	EXP 	Three: autoDraw = True
632.9322 	EXP 	Three: autoDraw = False
632.9322 	EXP 	Two: autoDraw = True
633.9334 	EXP 	Two: autoDraw = False
633.9334 	EXP 	One: autoDraw = True
635.2412 	EXP 	One: autoDraw = False
635.2412 	EXP 	Three: autoDraw = False
635.2412 	EXP 	Two: autoDraw = False
635.2412 	EXP 	One: autoDraw = False
635.2412 	EXP 	stimclip: autoDraw = True
698.0095 	EXP 	stimclip: autoDraw = False
698.0095 	EXP 	agree: markerPos = None
698.0095 	EXP 	agree: markerPos = None
698.0095 	EXP 	text: height = 60.0
698.0095 	EXP 	text: height = 60.0
698.0095 	EXP 	text: height = 60.0
698.0095 	EXP 	text: text = 'I feel sad'
698.0095 	EXP 	agree: autoDraw = True
698.0095 	EXP 	text: autoDraw = True
702.2006 	DATA 	Mouse: Left button down, pos=(1545,426)
702.2165 	EXP 	agree: markerPos = 4.972027972027972
702.2332 	EXP 	agree: markerPos = 4.972027972027972
702.2499 	EXP 	agree: markerPos = 4.972027972027972
702.2666 	EXP 	agree: markerPos = 4.972027972027972
702.2832 	EXP 	agree: markerPos = 4.972027972027972
702.3000 	EXP 	agree: markerPos = 4.972027972027972
702.3167 	EXP 	agree: markerPos = 4.972027972027972
702.3336 	EXP 	agree: markerPos = 4.972027972027972
702.3342 	DATA 	Mouse:  Left button up, pos=(1545,426)
702.3500 	EXP 	agree: markerPos = 5.0
702.3668 	EXP 	agree: autoDraw = False
702.3668 	EXP 	text: autoDraw = False
702.3668 	EXP 	Three: autoDraw = True
703.3674 	EXP 	Three: autoDraw = False
703.3674 	EXP 	Two: autoDraw = True
704.3681 	EXP 	Two: autoDraw = False
704.3681 	EXP 	One: autoDraw = True
705.6451 	EXP 	One: autoDraw = False
705.6451 	EXP 	Three: autoDraw = False
705.6451 	EXP 	Two: autoDraw = False
705.6451 	EXP 	One: autoDraw = False
705.6451 	EXP 	neutralVideoClip: autoDraw = True
767.6073 	EXP 	New trial (rep=0, index=5): {'mainIndex': 5, 'stim': 'videos\\6 horror\\conjuring.mp4', 'emotion': 'horror', 'neutralvideo': 'neutral_videos\\6BlowingLeafs.mp4'}
767.6099 	EXP 	neutralVideoClip: autoDraw = False
767.6099 	EXP 	Three: autoDraw = True
768.6154 	EXP 	Three: autoDraw = False
768.6154 	EXP 	Two: autoDraw = True
769.6163 	EXP 	Two: autoDraw = False
769.6163 	EXP 	One: autoDraw = True
770.9010 	EXP 	One: autoDraw = False
770.9010 	EXP 	Three: autoDraw = False
770.9010 	EXP 	Two: autoDraw = False
770.9010 	EXP 	One: autoDraw = False
770.9010 	EXP 	stimclip: autoDraw = True
835.7782 	EXP 	stimclip: autoDraw = False
835.7782 	EXP 	agree: markerPos = None
835.7782 	EXP 	agree: markerPos = None
835.7782 	EXP 	text: height = 60.0
835.7782 	EXP 	text: height = 60.0
835.7782 	EXP 	text: height = 60.0
835.7782 	EXP 	text: text = 'I feel horror'
835.7782 	EXP 	agree: autoDraw = True
835.7782 	EXP 	text: autoDraw = True
843.3542 	DATA 	Mouse: Left button down, pos=(1189,430)
843.3703 	EXP 	agree: markerPos = 3.976223776223776
843.3870 	EXP 	agree: markerPos = 3.976223776223776
843.4037 	EXP 	agree: markerPos = 3.976223776223776
843.4203 	EXP 	agree: markerPos = 3.976223776223776
843.4370 	EXP 	agree: markerPos = 3.976223776223776
843.4536 	EXP 	agree: markerPos = 3.976223776223776
843.4703 	EXP 	agree: markerPos = 3.976223776223776
843.4869 	EXP 	agree: markerPos = 3.976223776223776
843.5037 	EXP 	agree: markerPos = 3.976223776223776
843.5203 	EXP 	agree: markerPos = 3.976223776223776
843.5313 	DATA 	Mouse:  Left button up, pos=(1189,430)
843.5370 	EXP 	agree: markerPos = 3.976223776223776
843.5538 	EXP 	agree: markerPos = 4.0
843.5706 	EXP 	agree: autoDraw = False
843.5706 	EXP 	text: autoDraw = False
843.5706 	EXP 	Three: autoDraw = True
844.5712 	EXP 	Three: autoDraw = False
844.5712 	EXP 	Two: autoDraw = True
845.5720 	EXP 	Two: autoDraw = False
845.5720 	EXP 	One: autoDraw = True
846.8301 	EXP 	One: autoDraw = False
846.8301 	EXP 	Three: autoDraw = False
846.8301 	EXP 	Two: autoDraw = False
846.8301 	EXP 	One: autoDraw = False
846.8301 	EXP 	neutralVideoClip: autoDraw = True
908.9275 	EXP 	New trial (rep=0, index=6): {'mainIndex': 6, 'stim': 'videos\\7 disgusted\\trainspotting.mp4', 'emotion': 'disgusted', 'neutralvideo': 'neutral_videos\\7BlowingLeafs.mp4'}
908.9302 	EXP 	neutralVideoClip: autoDraw = False
908.9302 	EXP 	Three: autoDraw = True
909.9360 	EXP 	Three: autoDraw = False
909.9360 	EXP 	Two: autoDraw = True
910.9367 	EXP 	Two: autoDraw = False
910.9367 	EXP 	One: autoDraw = True
912.2150 	EXP 	One: autoDraw = False
912.2150 	EXP 	Three: autoDraw = False
912.2150 	EXP 	Two: autoDraw = False
912.2150 	EXP 	One: autoDraw = False
912.2150 	EXP 	stimclip: autoDraw = True
972.4365 	EXP 	stimclip: autoDraw = False
972.4365 	EXP 	agree: markerPos = None
972.4365 	EXP 	agree: markerPos = None
972.4365 	EXP 	text: height = 60.0
972.4365 	EXP 	text: height = 60.0
972.4365 	EXP 	text: height = 60.0
972.4365 	EXP 	text: text = 'I feel disgusted'
972.4365 	EXP 	agree: autoDraw = True
972.4365 	EXP 	text: autoDraw = True
976.6923 	DATA 	Mouse: Left button down, pos=(1549,424)
976.7183 	EXP 	agree: markerPos = 4.9832167832167835
976.7353 	EXP 	agree: markerPos = 4.9832167832167835
976.7516 	EXP 	agree: markerPos = 4.9832167832167835
976.7684 	EXP 	agree: markerPos = 4.9832167832167835
976.7850 	EXP 	agree: markerPos = 4.9832167832167835
976.8018 	EXP 	agree: markerPos = 4.9832167832167835
976.8184 	EXP 	agree: markerPos = 4.9832167832167835
976.8349 	EXP 	agree: markerPos = 4.9832167832167835
976.8518 	EXP 	agree: markerPos = 4.9832167832167835
976.8683 	EXP 	agree: markerPos = 4.9832167832167835
976.8790 	DATA 	Mouse:  Left button up, pos=(1549,424)
976.8850 	EXP 	agree: markerPos = 4.9832167832167835
976.9017 	EXP 	agree: markerPos = 5.0
976.9185 	EXP 	agree: autoDraw = False
976.9185 	EXP 	text: autoDraw = False
976.9185 	EXP 	Three: autoDraw = True
977.9193 	EXP 	Three: autoDraw = False
977.9193 	EXP 	Two: autoDraw = True
978.9200 	EXP 	Two: autoDraw = False
978.9200 	EXP 	One: autoDraw = True
980.1981 	EXP 	One: autoDraw = False
980.1981 	EXP 	Three: autoDraw = False
980.1981 	EXP 	Two: autoDraw = False
980.1981 	EXP 	One: autoDraw = False
980.1981 	EXP 	neutralVideoClip: autoDraw = True
1042.0252 	EXP 	New trial (rep=0, index=7): {'mainIndex': 7, 'stim': 'videos\\8 angry\\1 animals\\angrydogs.mp4', 'emotion': 'angry', 'neutralvideo': 'neutral_videos\\8BlowingLeafs.mp4'}
1042.0279 	EXP 	neutralVideoClip: autoDraw = False
1042.0279 	EXP 	Three: autoDraw = True
1043.0341 	EXP 	Three: autoDraw = False
1043.0341 	EXP 	Two: autoDraw = True
1044.0347 	EXP 	Two: autoDraw = False
1044.0347 	EXP 	One: autoDraw = True
1045.3393 	EXP 	One: autoDraw = False
1045.3393 	EXP 	Three: autoDraw = False
1045.3393 	EXP 	Two: autoDraw = False
1045.3393 	EXP 	One: autoDraw = False
1045.3393 	EXP 	stimclip: autoDraw = True
1110.6807 	EXP 	stimclip: autoDraw = False
1110.6807 	EXP 	agree: markerPos = None
1110.6807 	EXP 	agree: markerPos = None
1110.6807 	EXP 	text: height = 60.0
1110.6807 	EXP 	text: height = 60.0
1110.6807 	EXP 	text: height = 60.0
1110.6807 	EXP 	text: text = 'I feel angry'
1110.6807 	EXP 	agree: autoDraw = True
1110.6807 	EXP 	text: autoDraw = True
1115.3461 	DATA 	Mouse: Left button down, pos=(1194,431)
1115.3714 	EXP 	agree: markerPos = 3.99020979020979
1115.3869 	EXP 	agree: markerPos = 3.99020979020979
1115.4039 	EXP 	agree: markerPos = 3.99020979020979
1115.4212 	EXP 	agree: markerPos = 3.99020979020979
1115.4378 	EXP 	agree: markerPos = 3.99020979020979
1115.4546 	EXP 	agree: markerPos = 3.99020979020979
1115.4720 	EXP 	agree: markerPos = 3.99020979020979
1115.4880 	EXP 	agree: markerPos = 3.99020979020979
1115.5049 	EXP 	agree: markerPos = 3.99020979020979
1115.5207 	EXP 	agree: markerPos = 3.99020979020979
1115.5322 	DATA 	Mouse:  Left button up, pos=(1194,431)
1115.5379 	EXP 	agree: markerPos = 3.99020979020979
1115.5549 	EXP 	agree: markerPos = 4.0
1115.5712 	EXP 	agree: autoDraw = False
1115.5712 	EXP 	text: autoDraw = False
1115.5712 	EXP 	Three: autoDraw = True
1116.5712 	EXP 	Three: autoDraw = False
1116.5712 	EXP 	Two: autoDraw = True
1117.5719 	EXP 	Two: autoDraw = False
1117.5719 	EXP 	One: autoDraw = True
1118.8391 	EXP 	One: autoDraw = False
1118.8391 	EXP 	Three: autoDraw = False
1118.8391 	EXP 	Two: autoDraw = False
1118.8391 	EXP 	One: autoDraw = False
1118.8391 	EXP 	neutralVideoClip: autoDraw = True
1127.3140 	EXP 	neutralVideoClip: autoDraw = False
1127.3140 	EXP 	emotionRecognition: status = STOPPED
1127.4695 	EXP 	window1: mouseVisible = True
