107.4199 	EXP 	Created window1 = Window(allowGUI=True, allowStencil=False, autoLog=True, backendConf=UNKNOWN, backgroundFit=<method-wrapper '__getattribute__' of attributeSetter object at 0x0000027A3FCBDCA0>, backgroundImage=<method-wrapper '__getattribute__' of attributeSetter object at 0x0000027A3FCBDC40>, bitsMode=UNKNOWN, blendMode='avg', bpc=(8, 8, 8), color=array([0, 0, 0]), colorSpace='rgb', depthBits=8, fullscr=<method-wrapper '__getattribute__' of attributeSetter object at 0x0000027A3FCBDA90>, gamma=None, gammaErrorPolicy='raise', lms=UNKNOWN, monitor=<psychopy.monitors.calibTools.Monitor object at 0x0000027A20D76100>, multiSample=False, name='window1', numSamples=2, pos=(1920, 33), screen=0, size=array([1680, 1050]), stencilBits=0, stereo=False, title='PsychoPy', units='pix', useFBO=True, useRetina=False, viewOri=0.0, viewPos=None, viewScale=None, waitBlanking=True, winType='pyglet')
107.4200 	EXP 	window1: mouseVisible = True
107.4200 	EXP 	window1: backgroundImage = ''
107.4200 	EXP 	window1: backgroundFit = 'none'
107.4214 	EXP 	window1: Attempting to measure frame rate of screen (0) ...
107.4214 	EXP 	window1: recordFrameIntervals = False
107.5867 	EXP 	window1: recordFrameIntervals = True
107.7710 	EXP 	Screen (0) actual frame rate measured at 59.94Hz
107.7711 	EXP 	window1: recordFrameIntervals = False
107.7711 	EXP 	window1: mouseVisible = False
111.4198 	EXP 	emotionRecognition: status = STARTED
112.1926 	EXP 	window1: mouseVisible = True
112.3940 	EXP 	Created instructions = TextStim(__class__=<class 'psychopy.visual.text.TextStim'>, alignHoriz=method-wrapper(...), alignText='center', alignVert=method-wrapper(...), anchorHoriz='center', anchorVert='center', antialias=True, autoDraw=False, autoLog=True, bold=False, color=array([1., 1., 1.]), colorSpace='rgb', contrast=1.0, depth=0.0, draggable=False, flipHoriz=False, flipVert=False, font='Arial', fontFiles=[], height=40.0, italic=False, languageStyle='LTR', name='instructions', opacity=1.0, ori=0.0, pos=array([  0., 420.]), rgb=UNKNOWN, text=str(...), units='pix', win=Window(...), wrapWidth=1120.0)
112.3941 	EXP 	window1: mouseVisible = True
112.3965 	EXP 	Created option1Text = TextStim(__class__=<class 'psychopy.visual.text.TextStim'>, alignHoriz=method-wrapper(...), alignText='center', alignVert=method-wrapper(...), anchorHoriz='center', anchorVert='center', antialias=True, autoDraw=False, autoLog=True, bold=False, color=array([1., 1., 1.]), colorSpace='rgb', contrast=1.0, depth=-1.0, draggable=False, flipHoriz=False, flipVert=False, font='Open Sans', fontFiles=[], height=40.0, italic=False, languageStyle='LTR', name='option1Text', opacity=1.0, ori=0.0, pos=array([-560., -300.]), rgb=UNKNOWN, text='', units='pix', win=Window(...), wrapWidth=500)
112.3966 	EXP 	window1: mouseVisible = True
112.4146 	EXP 	Created option1Image = ImageStim(__class__=<class 'psychopy.visual.image.ImageStim'>, anchor=('center', 'center'), autoLog=True, color=array([1., 1., 1.]), colorSpace='rgb', contrast=1.0, depth=-2.0, draggable=False, flipHoriz=False, flipVert=False, image='default.png', interpolate=True, mask=None, maskParams=None, name='option1Image', opacity=1.0, ori=0.0, pos=array([-560.,    0.]), size=array([336., 336.]), texRes=128.0, units='pix', win=Window(...))
112.4147 	EXP 	window1: mouseVisible = True
112.4157 	EXP 	Created option2Text = TextStim(__class__=<class 'psychopy.visual.text.TextStim'>, alignHoriz=method-wrapper(...), alignText='center', alignVert=method-wrapper(...), anchorHoriz='center', anchorVert='center', antialias=True, autoDraw=False, autoLog=True, bold=False, color=array([1., 1., 1.]), colorSpace='rgb', contrast=1.0, depth=-3.0, draggable=False, flipHoriz=False, flipVert=False, font='Open Sans', fontFiles=[], height=40.0, italic=False, languageStyle='LTR', name='option2Text', opacity=1.0, ori=0.0, pos=array([   0., -300.]), rgb=UNKNOWN, text='', units='pix', win=Window(...), wrapWidth=500)
112.4158 	EXP 	window1: mouseVisible = True
112.4291 	EXP 	Created option2Image = ImageStim(__class__=<class 'psychopy.visual.image.ImageStim'>, anchor=('center', 'center'), autoLog=True, color=array([1., 1., 1.]), colorSpace='rgb', contrast=1.0, depth=-4.0, draggable=False, flipHoriz=False, flipVert=False, image='default.png', interpolate=True, mask=None, maskParams=None, name='option2Image', opacity=1.0, ori=0.0, pos=array([0., 0.]), size=array([336., 336.]), texRes=128.0, units='pix', win=Window(...))
112.4293 	EXP 	window1: mouseVisible = True
112.4303 	EXP 	Created option3Text = TextStim(__class__=<class 'psychopy.visual.text.TextStim'>, alignHoriz=method-wrapper(...), alignText='center', alignVert=method-wrapper(...), anchorHoriz='center', anchorVert='center', antialias=True, autoDraw=False, autoLog=True, bold=False, color=array([1., 1., 1.]), colorSpace='rgb', contrast=1.0, depth=-5.0, draggable=False, flipHoriz=False, flipVert=False, font='Open Sans', fontFiles=[], height=40.0, italic=False, languageStyle='LTR', name='option3Text', opacity=1.0, ori=0.0, pos=array([ 560., -300.]), rgb=UNKNOWN, text='', units='pix', win=Window(...), wrapWidth=500)
112.4304 	EXP 	window1: mouseVisible = True
112.4464 	EXP 	Created option3Image = ImageStim(__class__=<class 'psychopy.visual.image.ImageStim'>, anchor=('center', 'center'), autoLog=True, color=array([1., 1., 1.]), colorSpace='rgb', contrast=1.0, depth=-6.0, draggable=False, flipHoriz=False, flipVert=False, image='default.png', interpolate=True, mask=None, maskParams=None, name='option3Image', opacity=1.0, ori=0.0, pos=array([560.,   0.]), size=array([336., 336.]), texRes=128.0, units='pix', win=Window(...))
112.4465 	EXP 	window1: mouseVisible = True
112.4466 	EXP 	window1: mouseVisible = True
112.4467 	EXP 	window1: mouseVisible = True
118.5694 	EXP 	window1: mouseVisible = True
118.5886 	EXP 	Created text_click_to_continue = TextStim(__class__=<class 'psychopy.visual.text.TextStim'>, alignHoriz=method-wrapper(...), alignText='center', alignVert=method-wrapper(...), anchorHoriz='center', anchorVert='center', antialias=True, autoDraw=False, autoLog=True, bold=False, color=array([1., 1., 1.]), colorSpace='rgb', contrast=1.0, depth=0.0, draggable=False, flipHoriz=False, flipVert=False, font='Open Sans', fontFiles=[], height=60.0, italic=False, languageStyle='LTR', name='text_click_to_continue', opacity=1.0, ori=0.0, pos=array([0., 0.]), rgb=UNKNOWN, text='Click anywhere to continue', units='pix', win=Window(...), wrapWidth=1500.0)
118.5888 	EXP 	window1: mouseVisible = True
118.5889 	EXP 	window1: mouseVisible = True
118.6004 	EXP 	Created Three = TextStim(__class__=<class 'psychopy.visual.text.TextStim'>, alignHoriz=method-wrapper(...), alignText='center', alignVert=method-wrapper(...), anchorHoriz='center', anchorVert='center', antialias=True, autoDraw=False, autoLog=True, bold=False, color=array([1., 1., 1.]), colorSpace='rgb', contrast=1.0, depth=0.0, draggable=False, flipHoriz=False, flipVert=False, font='Open Sans', fontFiles=[], height=180.0, italic=False, languageStyle='LTR', name='Three', opacity=1.0, ori=0.0, pos=array([0., 0.]), rgb=UNKNOWN, text='3', units='pix', win=Window(...), wrapWidth=500)
118.6006 	EXP 	window1: mouseVisible = True
118.6068 	EXP 	Created Two = TextStim(__class__=<class 'psychopy.visual.text.TextStim'>, alignHoriz=method-wrapper(...), alignText='center', alignVert=method-wrapper(...), anchorHoriz='center', anchorVert='center', antialias=True, autoDraw=False, autoLog=True, bold=False, color=array([1., 1., 1.]), colorSpace='rgb', contrast=1.0, depth=-1.0, draggable=False, flipHoriz=False, flipVert=False, font='Open Sans', fontFiles=[], height=180.0, italic=False, languageStyle='LTR', name='Two', opacity=1.0, ori=0.0, pos=array([0., 0.]), rgb=UNKNOWN, text='2', units='pix', win=Window(...), wrapWidth=500)
118.6069 	EXP 	window1: mouseVisible = True
118.6111 	EXP 	Created One = TextStim(__class__=<class 'psychopy.visual.text.TextStim'>, alignHoriz=method-wrapper(...), alignText='center', alignVert=method-wrapper(...), anchorHoriz='center', anchorVert='center', antialias=True, autoDraw=False, autoLog=True, bold=False, color=array([1., 1., 1.]), colorSpace='rgb', contrast=1.0, depth=-2.0, draggable=False, flipHoriz=False, flipVert=False, font='Open Sans', fontFiles=[], height=180.0, italic=False, languageStyle='LTR', name='One', opacity=1.0, ori=0.0, pos=array([0., 0.]), rgb=UNKNOWN, text='1', units='pix', win=Window(...), wrapWidth=500)
118.6112 	EXP 	window1: mouseVisible = True
118.6115 	EXP 	window1: mouseVisible = True
118.6223 	EXP 	window1: mouseVisible = True
118.6227 	EXP 	window1: mouseVisible = True
118.6271 	EXP 	window1: mouseVisible = True
118.6274 	EXP 	window1: mouseVisible = True
118.6279 	EXP 	window1: mouseVisible = True
118.6285 	EXP 	window1: mouseVisible = True
118.6696 	EXP 	window1: mouseVisible = True
118.6698 	EXP 	window1: mouseVisible = True
118.6703 	EXP 	window1: mouseVisible = True
118.6709 	EXP 	window1: mouseVisible = True
118.6852 	EXP 	window1: mouseVisible = True
118.6854 	EXP 	window1: mouseVisible = True
118.6858 	EXP 	window1: mouseVisible = True
118.6863 	EXP 	window1: mouseVisible = True
118.6945 	EXP 	window1: mouseVisible = True
118.6947 	EXP 	window1: mouseVisible = True
118.6955 	EXP 	window1: mouseVisible = True
118.6963 	EXP 	window1: mouseVisible = True
118.7010 	EXP 	window1: mouseVisible = True
118.7012 	EXP 	window1: mouseVisible = True
118.7021 	EXP 	window1: mouseVisible = True
118.7029 	EXP 	window1: mouseVisible = True
118.7118 	EXP 	window1: mouseVisible = True
118.7119 	EXP 	window1: mouseVisible = True
118.7124 	EXP 	window1: mouseVisible = True
118.7129 	EXP 	window1: mouseVisible = True
118.7188 	EXP 	window1: mouseVisible = True
118.7190 	EXP 	window1: mouseVisible = True
118.7198 	EXP 	window1: mouseVisible = True
118.7207 	EXP 	window1: mouseVisible = True
118.7272 	EXP 	window1: mouseVisible = True
118.7273 	EXP 	window1: mouseVisible = True
118.7278 	EXP 	window1: mouseVisible = True
118.7283 	EXP 	window1: mouseVisible = True
118.7321 	EXP 	window1: mouseVisible = True
118.7322 	EXP 	window1: mouseVisible = True
118.7326 	EXP 	window1: mouseVisible = True
118.7330 	EXP 	window1: mouseVisible = True
118.7390 	EXP 	window1: mouseVisible = True
118.7392 	EXP 	window1: mouseVisible = True
118.7399 	EXP 	window1: mouseVisible = True
118.7405 	EXP 	window1: mouseVisible = True
118.7451 	EXP 	window1: mouseVisible = True
118.7488 	EXP 	window1: mouseVisible = True
118.7921 	EXP 	Created agree = Slider(__class__=<class 'psychopy.visual.slider.Slider'>, autoDraw=False, autoLog=True, borderColor=None, color=None, colorSpace='rgb', depth=-1, fillColor=None, flip=False, font='Open Sans', granularity=1.0, labelColor=None, labelHeight=25.0, labelWrapWidth=None, labels=tuple(...), lineColor=None, markerColor=None, name='agree', opacity=None, ori=0.0, pos=array([   0., -100.]), readOnly=False, self=UNKNOWN, size=array([1430.,   50.]), startValue=None, style='rating', styleTweaks=[], ticks=array([1, 2, 3, 4, 5]), units='pix', win=Window(...))
118.7923 	EXP 	window1: mouseVisible = True
118.7935 	EXP 	Created text = TextStim(__class__=<class 'psychopy.visual.text.TextStim'>, alignHoriz=method-wrapper(...), alignText='center', alignVert=method-wrapper(...), anchorHoriz='center', anchorVert='center', antialias=True, autoDraw=False, autoLog=True, bold=False, color=array([1., 1., 1.]), colorSpace='rgb', contrast=1.0, depth=-2.0, draggable=False, flipHoriz=False, flipVert=False, font='Open Sans', fontFiles=[], height=60.0, italic=False, languageStyle='LTR', name='text', opacity=1.0, ori=0.0, pos=array([  0., 300.]), rgb=UNKNOWN, text='', units='pix', win=Window(...), wrapWidth=1480)
118.7936 	EXP 	window1: mouseVisible = True
118.7972 	EXP 	Created Three = TextStim(__class__=<class 'psychopy.visual.text.TextStim'>, alignHoriz=method-wrapper(...), alignText='center', alignVert=method-wrapper(...), anchorHoriz='center', anchorVert='center', antialias=True, autoDraw=False, autoLog=True, bold=False, color=array([1., 1., 1.]), colorSpace='rgb', contrast=1.0, depth=0.0, draggable=False, flipHoriz=False, flipVert=False, font='Open Sans', fontFiles=[], height=180.0, italic=False, languageStyle='LTR', name='Three', opacity=1.0, ori=0.0, pos=array([0., 0.]), rgb=UNKNOWN, text='3', units='pix', win=Window(...), wrapWidth=500)
118.7974 	EXP 	window1: mouseVisible = True
118.7996 	EXP 	Created Two = TextStim(__class__=<class 'psychopy.visual.text.TextStim'>, alignHoriz=method-wrapper(...), alignText='center', alignVert=method-wrapper(...), anchorHoriz='center', anchorVert='center', antialias=True, autoDraw=False, autoLog=True, bold=False, color=array([1., 1., 1.]), colorSpace='rgb', contrast=1.0, depth=-1.0, draggable=False, flipHoriz=False, flipVert=False, font='Open Sans', fontFiles=[], height=180.0, italic=False, languageStyle='LTR', name='Two', opacity=1.0, ori=0.0, pos=array([0., 0.]), rgb=UNKNOWN, text='2', units='pix', win=Window(...), wrapWidth=500)
118.7998 	EXP 	window1: mouseVisible = True
118.8019 	EXP 	Created One = TextStim(__class__=<class 'psychopy.visual.text.TextStim'>, alignHoriz=method-wrapper(...), alignText='center', alignVert=method-wrapper(...), anchorHoriz='center', anchorVert='center', antialias=True, autoDraw=False, autoLog=True, bold=False, color=array([1., 1., 1.]), colorSpace='rgb', contrast=1.0, depth=-2.0, draggable=False, flipHoriz=False, flipVert=False, font='Open Sans', fontFiles=[], height=180.0, italic=False, languageStyle='LTR', name='One', opacity=1.0, ori=0.0, pos=array([0., 0.]), rgb=UNKNOWN, text='1', units='pix', win=Window(...), wrapWidth=500)
118.8021 	EXP 	window1: mouseVisible = True
118.8024 	EXP 	window1: mouseVisible = True
0.1088 	EXP 	movie: autoLog = True
0.1088 	EXP 	stimclip: autoLog = True
0.1088 	EXP 	agree: autoLog = True
0.1088 	EXP 	agree: styleTweaks = []
0.1088 	EXP 	agree: styleTweaks = []
0.1088 	EXP 	agree: styleTweaks = []
0.1088 	EXP 	agree: styleTweaks = []
0.1088 	EXP 	agree: contrast = 1.0
0.1088 	EXP 	agree: markerPos = None
0.1088 	EXP 	agree: autoLog = True
0.1088 	EXP 	neutralVideoClip: autoLog = True
0.1093 	EXP 	Created sequence: sequential, trialTypes=4, nReps=1, seed=None
0.1095 	EXP 	New trial (rep=0, index=0): {'mainIndex': 0, 'emotion': '1 excited', 'image1': 'videos\\1 excited\\1 motorsports\\motorsports.jpg', 'text1': 'motorsports', 'stimuli1': 'videos\\1 excited\\1 motorsports\\kenMiles.mp4', 'image2': 'videos\\1 excited\\2 sports\\sport.jpg', 'text2': 'sports', 'stimuli2': 'videos\\1 excited\\2 sports\\NBA.mp4', 'image3': 'videos\\1 excited\\3 general\\I am not sure.jpg', 'text3': 'general', 'stimuli3': 'videos\\1 excited\\3 general\\ratatChaseScene.mp4'}
0.2230 	EXP 	option1Text: height = 40.0
0.2230 	EXP 	option1Text: height = 40.0
0.2230 	EXP 	option1Text: height = 40.0
0.2230 	EXP 	option1Text: text = 'motorsports'
0.2230 	EXP 	option1Image: image = 'videos\\1 excited\\1 motorsports\\motorsports.jpg'
0.2230 	EXP 	option2Text: height = 40.0
0.2230 	EXP 	option2Text: height = 40.0
0.2230 	EXP 	option2Text: height = 40.0
0.2230 	EXP 	option2Text: text = 'sports'
0.2230 	EXP 	option2Image: image = 'videos\\1 excited\\2 sports\\sport.jpg'
0.2230 	EXP 	option3Text: height = 40.0
0.2230 	EXP 	option3Text: height = 40.0
0.2230 	EXP 	option3Text: height = 40.0
0.2230 	EXP 	option3Text: text = 'general'
0.2230 	EXP 	option3Image: image = 'videos\\1 excited\\3 general\\I am not sure.jpg'
0.2230 	EXP 	instructions: autoDraw = True
0.2230 	EXP 	option1Text: autoDraw = True
0.2230 	EXP 	option1Image: autoDraw = True
0.2230 	EXP 	option2Text: autoDraw = True
0.2230 	EXP 	option2Image: autoDraw = True
0.2230 	EXP 	option3Text: autoDraw = True
0.2230 	EXP 	option3Image: autoDraw = True
7.4811 	DATA 	Mouse: Left button down, pos=(384,468)
7.4838 	EXP 	New trial (rep=0, index=1): {'mainIndex': 3, 'emotion': '4 relaxed', 'image1': None, 'text1': 'meditation', 'stimuli1': 'videos\\4 relaxed\\1 meditation\\meditation.mp4', 'image2': None, 'text2': 'nature', 'stimuli2': 'videos\\4 relaxed\\2 nature\\waterfall.mp4', 'image3': None, 'text3': 'general', 'stimuli3': 'videos\\4 relaxed\\3 general\\asmr.mkv'}
7.4976 	EXP 	instructions: autoDraw = False
7.4976 	EXP 	option1Text: autoDraw = False
7.4976 	EXP 	option1Image: autoDraw = False
7.4976 	EXP 	option2Text: autoDraw = False
7.4976 	EXP 	option2Image: autoDraw = False
7.4976 	EXP 	option3Text: autoDraw = False
7.4976 	EXP 	option3Image: autoDraw = False
7.4976 	EXP 	option1Text: height = 40.0
7.4976 	EXP 	option1Text: height = 40.0
7.4976 	EXP 	option1Text: height = 40.0
7.4976 	EXP 	option1Text: text = 'meditation'
7.4976 	EXP 	option1Image: image = None
7.4976 	EXP 	option2Text: height = 40.0
7.4976 	EXP 	option2Text: height = 40.0
7.4976 	EXP 	option2Text: height = 40.0
7.4976 	EXP 	option2Text: text = 'nature'
7.4976 	EXP 	option2Image: image = None
7.4976 	EXP 	option3Text: text = 'general'
7.4976 	EXP 	option3Image: image = None
7.4976 	EXP 	instructions: autoDraw = True
7.4976 	EXP 	option1Text: autoDraw = True
7.4976 	EXP 	option1Image: autoDraw = True
7.4976 	EXP 	option2Text: autoDraw = True
7.4976 	EXP 	option2Image: autoDraw = True
7.4976 	EXP 	option3Text: autoDraw = True
7.4976 	EXP 	option3Image: autoDraw = True
7.5673 	DATA 	Mouse:  Left button up, pos=(383,468)
18.1415 	DATA 	Mouse: Left button down, pos=(805,497)
18.1576 	EXP 	New trial (rep=0, index=2): {'mainIndex': 4, 'emotion': '5 sad', 'image1': 'videos\\5 sad\\1 animals\\cutepets.jpg', 'text1': 'animals', 'stimuli1': 'videos\\5 sad\\1 animals\\saddogs.mp4', 'image2': 'videos\\5 sad\\2 babies\\baby.jpg', 'text2': 'babies', 'stimuli2': 'videos\\5 sad\\2 babies\\sadBaby1.mp4', 'image3': 'videos\\5 sad\\3 general\\notsure.jpg', 'text3': 'general', 'stimuli3': 'videos\\5 sad\\3 general\\ChampDeath.mp4'}
18.2263 	EXP 	instructions: autoDraw = False
18.2263 	EXP 	option1Text: autoDraw = False
18.2263 	EXP 	option1Image: autoDraw = False
18.2263 	EXP 	option2Text: autoDraw = False
18.2263 	EXP 	option2Image: autoDraw = False
18.2263 	EXP 	option3Text: autoDraw = False
18.2263 	EXP 	option3Image: autoDraw = False
18.2263 	EXP 	option1Text: height = 40.0
18.2263 	EXP 	option1Text: height = 40.0
18.2263 	EXP 	option1Text: height = 40.0
18.2263 	EXP 	option1Text: text = 'animals'
18.2263 	EXP 	option1Image: image = 'videos\\5 sad\\1 animals\\cutepets.jpg'
18.2263 	EXP 	option2Text: height = 40.0
18.2263 	EXP 	option2Text: height = 40.0
18.2263 	EXP 	option2Text: height = 40.0
18.2263 	EXP 	option2Text: text = 'babies'
18.2263 	EXP 	option2Image: image = 'videos\\5 sad\\2 babies\\baby.jpg'
18.2263 	EXP 	option3Text: text = 'general'
18.2263 	EXP 	option3Image: image = 'videos\\5 sad\\3 general\\notsure.jpg'
18.2263 	EXP 	instructions: autoDraw = True
18.2263 	EXP 	option1Text: autoDraw = True
18.2263 	EXP 	option1Image: autoDraw = True
18.2263 	EXP 	option2Text: autoDraw = True
18.2263 	EXP 	option2Image: autoDraw = True
18.2263 	EXP 	option3Text: autoDraw = True
18.2263 	EXP 	option3Image: autoDraw = True
18.2586 	DATA 	Mouse:  Left button up, pos=(805,497)
24.2933 	DATA 	Mouse: Left button down, pos=(732,482)
24.2950 	EXP 	New trial (rep=0, index=3): {'mainIndex': 7, 'emotion': '8 angry', 'image1': 'videos\\8 angry\\1 animals\\cutepets.jpg', 'text1': 'animals', 'stimuli1': 'videos\\8 angry\\1 animals\\angrydogs.mp4', 'image2': 'videos\\8 angry\\2 general\\notsure.jpg', 'text2': 'general', 'stimuli2': 'videos\\8 angry\\2 general\\thepiano.mp4', 'image3': None, 'text3': '', 'stimuli3': None}
24.3645 	EXP 	instructions: autoDraw = False
24.3645 	EXP 	option1Text: autoDraw = False
24.3645 	EXP 	option1Image: autoDraw = False
24.3645 	EXP 	option2Text: autoDraw = False
24.3645 	EXP 	option2Image: autoDraw = False
24.3645 	EXP 	option3Text: autoDraw = False
24.3645 	EXP 	option3Image: autoDraw = False
24.3645 	EXP 	option1Text: text = 'animals'
24.3645 	EXP 	option1Image: image = 'videos\\8 angry\\1 animals\\cutepets.jpg'
24.3645 	EXP 	option2Text: height = 40.0
24.3645 	EXP 	option2Text: height = 40.0
24.3645 	EXP 	option2Text: height = 40.0
24.3645 	EXP 	option2Text: text = 'general'
24.3645 	EXP 	option2Image: image = 'videos\\8 angry\\2 general\\notsure.jpg'
24.3645 	EXP 	option3Text: height = 40.0
24.3645 	EXP 	option3Text: height = 40.0
24.3645 	EXP 	option3Text: height = 40.0
24.3645 	EXP 	option3Text: text = ''
24.3645 	EXP 	option3Image: image = None
24.3645 	EXP 	instructions: autoDraw = True
24.3645 	EXP 	option1Text: autoDraw = True
24.3645 	EXP 	option1Image: autoDraw = True
24.3645 	EXP 	option2Text: autoDraw = True
24.3645 	EXP 	option2Image: autoDraw = True
24.3645 	EXP 	option3Text: autoDraw = True
24.3645 	EXP 	option3Image: autoDraw = True
24.3680 	DATA 	Mouse:  Left button up, pos=(732,482)
25.6294 	DATA 	Mouse: Left button down, pos=(395,455)
25.6532 	EXP 	instructions: autoDraw = False
25.6532 	EXP 	option1Text: autoDraw = False
25.6532 	EXP 	option1Image: autoDraw = False
25.6532 	EXP 	option2Text: autoDraw = False
25.6532 	EXP 	option2Image: autoDraw = False
25.6532 	EXP 	option3Text: autoDraw = False
25.6532 	EXP 	option3Image: autoDraw = False
25.6532 	EXP 	movie: autoDraw = True
25.6952 	DATA 	Mouse:  Left button up, pos=(395,455)
66.1129 	EXP 	movie: autoDraw = False
66.1129 	EXP 	text_click_to_continue: autoDraw = True
77.7999 	DATA 	Mouse: Left button down, pos=(872,500)
77.8007 	EXP 	Created sequence: sequential, trialTypes=8, nReps=1, seed=None
77.8008 	EXP 	New trial (rep=0, index=0): {'mainIndex': 0, 'stim': 'videos\\1 excited\\1 motorsports\\kenMiles.mp4', 'emotion': 'excited', 'neutralvideo': 'neutral_videos\\2BlowingLeafs (1).mp4'}
77.8157 	EXP 	text_click_to_continue: autoDraw = False
77.8157 	EXP 	Three: autoDraw = True
77.8676 	DATA 	Mouse:  Left button up, pos=(872,500)
78.7998 	EXP 	Two: autoDraw = True
78.8166 	EXP 	Three: autoDraw = False
79.8007 	EXP 	Two: autoDraw = False
79.8007 	EXP 	One: autoDraw = True
80.9525 	EXP 	One: autoDraw = False
80.9525 	EXP 	Three: autoDraw = False
80.9525 	EXP 	Two: autoDraw = False
80.9525 	EXP 	One: autoDraw = False
80.9525 	EXP 	stimclip: autoDraw = True
149.4319 	EXP 	stimclip: autoDraw = False
149.4319 	EXP 	agree: markerPos = None
149.4319 	EXP 	agree: markerPos = None
149.4319 	EXP 	text: height = 60.0
149.4319 	EXP 	text: height = 60.0
149.4319 	EXP 	text: height = 60.0
149.4319 	EXP 	text: text = 'I feel excited'
149.4319 	EXP 	agree: autoDraw = True
149.4319 	EXP 	text: autoDraw = True
159.8514 	DATA 	Mouse: Left button down, pos=(840,428)
159.8760 	EXP 	agree: markerPos = 3.0
159.8764 	DATA 	Mouse:  Left button up, pos=(840,428)
159.8926 	EXP 	agree: markerPos = 3.0
159.9094 	EXP 	agree: autoDraw = False
159.9094 	EXP 	text: autoDraw = False
159.9094 	EXP 	Three: autoDraw = True
160.9101 	EXP 	Three: autoDraw = False
160.9101 	EXP 	Two: autoDraw = True
161.9111 	EXP 	Two: autoDraw = False
161.9111 	EXP 	One: autoDraw = True
163.0180 	EXP 	Three: autoDraw = False
163.0180 	EXP 	Two: autoDraw = False
163.0180 	EXP 	One: autoDraw = False
163.0180 	EXP 	neutralVideoClip: autoDraw = True
224.9825 	EXP 	New trial (rep=0, index=1): {'mainIndex': 1, 'stim': 'videos\\2 happy\\scooby.mp4', 'emotion': 'happy', 'neutralvideo': 'neutral_videos\\2BlowingLeafs (2).mp4'}
224.9852 	EXP 	neutralVideoClip: autoDraw = False
224.9852 	EXP 	Three: autoDraw = True
225.9913 	EXP 	Three: autoDraw = False
225.9913 	EXP 	Two: autoDraw = True
226.9921 	EXP 	Two: autoDraw = False
226.9921 	EXP 	One: autoDraw = True
228.2871 	EXP 	One: autoDraw = False
228.2871 	EXP 	Three: autoDraw = False
228.2871 	EXP 	Two: autoDraw = False
228.2871 	EXP 	One: autoDraw = False
228.2871 	EXP 	stimclip: autoDraw = True
288.3345 	EXP 	stimclip: autoDraw = False
288.3345 	EXP 	agree: markerPos = None
288.3345 	EXP 	agree: markerPos = None
288.3345 	EXP 	text: height = 60.0
288.3345 	EXP 	text: height = 60.0
288.3345 	EXP 	text: height = 60.0
288.3345 	EXP 	text: text = 'I feel happy'
288.3345 	EXP 	agree: autoDraw = True
288.3345 	EXP 	text: autoDraw = True
292.2990 	DATA 	Mouse: Left button down, pos=(1192,427)
292.3233 	EXP 	agree: markerPos = 3.9846153846153847
292.3399 	EXP 	agree: markerPos = 3.9846153846153847
292.3565 	EXP 	agree: markerPos = 3.9846153846153847
292.3733 	EXP 	agree: markerPos = 3.9846153846153847
292.3900 	EXP 	agree: markerPos = 3.9846153846153847
292.3910 	DATA 	Mouse:  Left button up, pos=(1192,427)
292.4066 	EXP 	agree: markerPos = 4.0
292.4233 	EXP 	agree: autoDraw = False
292.4233 	EXP 	text: autoDraw = False
292.4233 	EXP 	Three: autoDraw = True
293.4241 	EXP 	Three: autoDraw = False
293.4241 	EXP 	Two: autoDraw = True
294.4089 	EXP 	One: autoDraw = True
294.4255 	EXP 	Two: autoDraw = False
295.6925 	EXP 	One: autoDraw = False
295.6925 	EXP 	Three: autoDraw = False
295.6925 	EXP 	Two: autoDraw = False
295.6925 	EXP 	One: autoDraw = False
295.6925 	EXP 	neutralVideoClip: autoDraw = True
357.7555 	EXP 	New trial (rep=0, index=2): {'mainIndex': 2, 'stim': 'videos\\3 motivated\\motivationalAuthor.mp4', 'emotion': 'motivated', 'neutralvideo': 'neutral_videos\\3BlowingLeafs.mp4'}
357.7592 	EXP 	neutralVideoClip: autoDraw = False
357.7592 	EXP 	Three: autoDraw = True
358.7556 	EXP 	Two: autoDraw = True
358.7724 	EXP 	Three: autoDraw = False
359.7563 	EXP 	Two: autoDraw = False
359.7563 	EXP 	One: autoDraw = True
361.0388 	EXP 	One: autoDraw = False
361.0388 	EXP 	Three: autoDraw = False
361.0388 	EXP 	Two: autoDraw = False
361.0388 	EXP 	One: autoDraw = False
361.0388 	EXP 	stimclip: autoDraw = True
429.1259 	EXP 	stimclip: autoDraw = False
429.1259 	EXP 	agree: markerPos = None
429.1259 	EXP 	agree: markerPos = None
429.1259 	EXP 	text: height = 60.0
429.1259 	EXP 	text: height = 60.0
429.1259 	EXP 	text: height = 60.0
429.1259 	EXP 	text: text = 'I feel motivated'
429.1259 	EXP 	agree: autoDraw = True
429.1259 	EXP 	text: autoDraw = True
434.6854 	DATA 	Mouse: Left button down, pos=(488,421)
434.7132 	EXP 	agree: markerPos = 2.0153846153846153
434.7322 	EXP 	agree: markerPos = 2.0153846153846153
434.7479 	EXP 	agree: markerPos = 2.0153846153846153
434.7655 	EXP 	agree: markerPos = 2.0153846153846153
434.7660 	DATA 	Mouse:  Left button up, pos=(488,421)
434.7814 	EXP 	agree: markerPos = 2.0
434.7967 	EXP 	agree: autoDraw = False
434.7967 	EXP 	text: autoDraw = False
434.7967 	EXP 	Three: autoDraw = True
435.7956 	EXP 	Two: autoDraw = True
435.8122 	EXP 	Three: autoDraw = False
436.7962 	EXP 	Two: autoDraw = False
436.7962 	EXP 	One: autoDraw = True
438.0769 	EXP 	One: autoDraw = False
438.0769 	EXP 	Three: autoDraw = False
438.0769 	EXP 	Two: autoDraw = False
438.0769 	EXP 	One: autoDraw = False
438.0769 	EXP 	neutralVideoClip: autoDraw = True
499.9243 	EXP 	New trial (rep=0, index=3): {'mainIndex': 3, 'stim': 'videos\\4 relaxed\\2 nature\\waterfall.mp4', 'emotion': 'relaxed', 'neutralvideo': 'neutral_videos\\4BlowingLeafs.mp4'}
499.9269 	EXP 	neutralVideoClip: autoDraw = False
499.9269 	EXP 	Three: autoDraw = True
500.9266 	EXP 	Three: autoDraw = False
500.9266 	EXP 	Two: autoDraw = True
501.9273 	EXP 	Two: autoDraw = False
501.9273 	EXP 	One: autoDraw = True
503.2428 	EXP 	One: autoDraw = False
503.2428 	EXP 	Three: autoDraw = False
503.2428 	EXP 	Two: autoDraw = False
503.2428 	EXP 	One: autoDraw = False
503.2428 	EXP 	stimclip: autoDraw = True
563.7798 	EXP 	stimclip: autoDraw = False
563.7798 	EXP 	agree: markerPos = None
563.7798 	EXP 	agree: markerPos = None
563.7798 	EXP 	text: height = 60.0
563.7798 	EXP 	text: height = 60.0
563.7798 	EXP 	text: height = 60.0
563.7798 	EXP 	text: text = 'I feel relaxed'
563.7798 	EXP 	agree: autoDraw = True
563.7798 	EXP 	text: autoDraw = True
566.1918 	DATA 	Mouse: Left button down, pos=(1189,425)
566.2078 	EXP 	agree: markerPos = 3.976223776223776
566.2245 	EXP 	agree: markerPos = 3.976223776223776
566.2412 	EXP 	agree: markerPos = 3.976223776223776
566.2578 	EXP 	agree: markerPos = 3.976223776223776
566.2689 	DATA 	Mouse:  Left button up, pos=(1189,425)
566.2745 	EXP 	agree: markerPos = 3.976223776223776
566.2912 	EXP 	agree: markerPos = 4.0
566.3079 	EXP 	agree: autoDraw = False
566.3079 	EXP 	text: autoDraw = False
566.3079 	EXP 	Three: autoDraw = True
567.3088 	EXP 	Three: autoDraw = False
567.3088 	EXP 	Two: autoDraw = True
568.3096 	EXP 	Two: autoDraw = False
568.3096 	EXP 	One: autoDraw = True
569.5847 	EXP 	One: autoDraw = False
569.5847 	EXP 	Three: autoDraw = False
569.5847 	EXP 	Two: autoDraw = False
569.5847 	EXP 	One: autoDraw = False
569.5847 	EXP 	neutralVideoClip: autoDraw = True
631.5018 	EXP 	New trial (rep=0, index=4): {'mainIndex': 4, 'stim': 'videos\\5 sad\\2 babies\\sadBaby1.mp4', 'emotion': 'sad', 'neutralvideo': 'neutral_videos\\5BlowingLeafs.mp4'}
631.5044 	EXP 	neutralVideoClip: autoDraw = False
631.5044 	EXP 	Three: autoDraw = True
632.5066 	EXP 	Three: autoDraw = False
632.5066 	EXP 	Two: autoDraw = True
633.5074 	EXP 	Two: autoDraw = False
633.5074 	EXP 	One: autoDraw = True
634.7990 	EXP 	One: autoDraw = False
634.7990 	EXP 	Three: autoDraw = False
634.7990 	EXP 	Two: autoDraw = False
634.7990 	EXP 	One: autoDraw = False
634.7990 	EXP 	stimclip: autoDraw = True
695.0742 	EXP 	stimclip: autoDraw = False
695.0742 	EXP 	agree: markerPos = None
695.0742 	EXP 	agree: markerPos = None
695.0742 	EXP 	text: height = 60.0
695.0742 	EXP 	text: height = 60.0
695.0742 	EXP 	text: height = 60.0
695.0742 	EXP 	text: text = 'I feel sad'
695.0742 	EXP 	agree: autoDraw = True
695.0742 	EXP 	text: autoDraw = True
698.4794 	DATA 	Mouse: Left button down, pos=(1210,416)
698.5051 	EXP 	agree: markerPos = 4.034965034965035
698.5217 	EXP 	agree: markerPos = 4.034965034965035
698.5384 	EXP 	agree: markerPos = 4.034965034965035
698.5552 	EXP 	agree: markerPos = 4.034965034965035
698.5718 	EXP 	agree: markerPos = 4.034965034965035
698.5723 	DATA 	Mouse:  Left button up, pos=(1210,417)
698.5885 	EXP 	agree: markerPos = 4.0
698.6051 	EXP 	agree: autoDraw = False
698.6051 	EXP 	text: autoDraw = False
698.6051 	EXP 	Three: autoDraw = True
699.6059 	EXP 	Three: autoDraw = False
699.6059 	EXP 	Two: autoDraw = True
700.6068 	EXP 	Two: autoDraw = False
700.6068 	EXP 	One: autoDraw = True
701.9601 	EXP 	One: autoDraw = False
701.9601 	EXP 	Three: autoDraw = False
701.9601 	EXP 	Two: autoDraw = False
701.9601 	EXP 	One: autoDraw = False
701.9601 	EXP 	neutralVideoClip: autoDraw = True
763.9439 	EXP 	New trial (rep=0, index=5): {'mainIndex': 5, 'stim': 'videos\\6 horror\\conjuring.mp4', 'emotion': 'horror', 'neutralvideo': 'neutral_videos\\6BlowingLeafs.mp4'}
763.9465 	EXP 	neutralVideoClip: autoDraw = False
763.9465 	EXP 	Three: autoDraw = True
764.9539 	EXP 	Three: autoDraw = False
764.9539 	EXP 	Two: autoDraw = True
765.9547 	EXP 	Two: autoDraw = False
765.9547 	EXP 	One: autoDraw = True
767.2624 	EXP 	One: autoDraw = False
767.2624 	EXP 	Three: autoDraw = False
767.2624 	EXP 	Two: autoDraw = False
767.2624 	EXP 	One: autoDraw = False
767.2624 	EXP 	stimclip: autoDraw = True
831.9653 	EXP 	stimclip: autoDraw = False
831.9653 	EXP 	agree: markerPos = None
831.9653 	EXP 	agree: markerPos = None
831.9653 	EXP 	text: height = 60.0
831.9653 	EXP 	text: height = 60.0
831.9653 	EXP 	text: height = 60.0
831.9653 	EXP 	text: text = 'I feel horror'
831.9653 	EXP 	agree: autoDraw = True
831.9653 	EXP 	text: autoDraw = True
835.2229 	DATA 	Mouse: Left button down, pos=(131,415)
835.2388 	EXP 	agree: markerPos = 1.0167832167832167
835.2555 	EXP 	agree: markerPos = 1.0167832167832167
835.2722 	EXP 	agree: markerPos = 1.0167832167832167
835.2888 	EXP 	agree: markerPos = 1.0167832167832167
835.3057 	EXP 	agree: markerPos = 1.0167832167832167
835.3065 	DATA 	Mouse:  Left button up, pos=(131,415)
835.3222 	EXP 	agree: markerPos = 1.0
835.3390 	EXP 	agree: autoDraw = False
835.3390 	EXP 	text: autoDraw = False
835.3390 	EXP 	Three: autoDraw = True
836.3398 	EXP 	Three: autoDraw = False
836.3398 	EXP 	Two: autoDraw = True
837.3407 	EXP 	Two: autoDraw = False
837.3407 	EXP 	One: autoDraw = True
838.6364 	EXP 	One: autoDraw = False
838.6364 	EXP 	Three: autoDraw = False
838.6364 	EXP 	Two: autoDraw = False
838.6364 	EXP 	One: autoDraw = False
838.6364 	EXP 	neutralVideoClip: autoDraw = True
900.4854 	EXP 	New trial (rep=0, index=6): {'mainIndex': 6, 'stim': 'videos\\7 disgusted\\trainspotting.mp4', 'emotion': 'disgusted', 'neutralvideo': 'neutral_videos\\7BlowingLeafs.mp4'}
900.4879 	EXP 	neutralVideoClip: autoDraw = False
900.4879 	EXP 	Three: autoDraw = True
901.4875 	EXP 	Three: autoDraw = False
901.4875 	EXP 	Two: autoDraw = True
902.4884 	EXP 	Two: autoDraw = False
902.4884 	EXP 	One: autoDraw = True
903.7933 	EXP 	One: autoDraw = False
903.7933 	EXP 	Three: autoDraw = False
903.7933 	EXP 	Two: autoDraw = False
903.7933 	EXP 	One: autoDraw = False
903.7933 	EXP 	stimclip: autoDraw = True
963.8600 	EXP 	stimclip: autoDraw = False
963.8600 	EXP 	agree: markerPos = None
963.8600 	EXP 	agree: markerPos = None
963.8600 	EXP 	text: height = 60.0
963.8600 	EXP 	text: height = 60.0
963.8600 	EXP 	text: height = 60.0
963.8600 	EXP 	text: text = 'I feel disgusted'
963.8600 	EXP 	agree: autoDraw = True
963.8600 	EXP 	text: autoDraw = True
966.5026 	DATA 	Mouse: Left button down, pos=(1540,432)
966.5186 	EXP 	agree: markerPos = 4.958041958041958
966.5292 	DATA 	Mouse:  Left button up, pos=(1540,432)
966.5355 	EXP 	agree: markerPos = 4.958041958041958
966.5520 	EXP 	agree: markerPos = 5.0
966.5688 	EXP 	agree: autoDraw = False
966.5688 	EXP 	text: autoDraw = False
966.5688 	EXP 	Three: autoDraw = True
967.5695 	EXP 	Three: autoDraw = False
967.5695 	EXP 	Two: autoDraw = True
968.5705 	EXP 	Two: autoDraw = False
968.5705 	EXP 	One: autoDraw = True
969.8715 	EXP 	One: autoDraw = False
969.8715 	EXP 	Three: autoDraw = False
969.8715 	EXP 	Two: autoDraw = False
969.8715 	EXP 	One: autoDraw = False
969.8715 	EXP 	neutralVideoClip: autoDraw = True
1031.7190 	EXP 	New trial (rep=0, index=7): {'mainIndex': 7, 'stim': 'videos\\8 angry\\1 animals\\angrydogs.mp4', 'emotion': 'angry', 'neutralvideo': 'neutral_videos\\8BlowingLeafs.mp4'}
1031.7215 	EXP 	neutralVideoClip: autoDraw = False
1031.7215 	EXP 	Three: autoDraw = True
1032.7339 	EXP 	Three: autoDraw = False
1032.7339 	EXP 	Two: autoDraw = True
1033.7181 	EXP 	One: autoDraw = True
1033.7349 	EXP 	Two: autoDraw = False
1035.0139 	EXP 	One: autoDraw = False
1035.0139 	EXP 	Three: autoDraw = False
1035.0139 	EXP 	Two: autoDraw = False
1035.0139 	EXP 	One: autoDraw = False
1035.0139 	EXP 	stimclip: autoDraw = True
1100.3571 	EXP 	stimclip: autoDraw = False
1100.3571 	EXP 	agree: markerPos = None
1100.3571 	EXP 	agree: markerPos = None
1100.3571 	EXP 	text: height = 60.0
1100.3571 	EXP 	text: height = 60.0
1100.3571 	EXP 	text: height = 60.0
1100.3571 	EXP 	text: text = 'I feel angry'
1100.3571 	EXP 	agree: autoDraw = True
1100.3571 	EXP 	text: autoDraw = True
1103.3364 	DATA 	Mouse: Left button down, pos=(844,422)
1103.3524 	EXP 	agree: markerPos = 3.011188811188811
1103.3691 	EXP 	agree: markerPos = 3.011188811188811
1103.3697 	DATA 	Mouse:  Left button up, pos=(844,422)
1103.3858 	EXP 	agree: markerPos = 3.0
1103.4024 	EXP 	agree: autoDraw = False
1103.4024 	EXP 	text: autoDraw = False
1103.4024 	EXP 	Three: autoDraw = True
1103.4372 	DATA 	Mouse: Left button down, pos=(847,419)
1103.5039 	DATA 	Mouse:  Left button up, pos=(847,419)
1104.4035 	EXP 	Three: autoDraw = False
1104.4035 	EXP 	Two: autoDraw = True
1105.4040 	EXP 	Two: autoDraw = False
1105.4040 	EXP 	One: autoDraw = True
1106.7032 	EXP 	Three: autoDraw = False
1106.7032 	EXP 	Two: autoDraw = False
1106.7032 	EXP 	One: autoDraw = False
1106.7032 	EXP 	neutralVideoClip: autoDraw = True
1115.2997 	EXP 	neutralVideoClip: autoDraw = False
1115.2998 	EXP 	emotionRecognition: status = STOPPED
1115.4610 	EXP 	window1: mouseVisible = True
