36.4260 	EXP 	Created window1 = Window(allowGUI=True, allowStencil=False, autoLog=True, backendConf=UNKNOWN, backgroundFit=<method-wrapper '__getattribute__' of attributeSetter object at 0x000002A533490C70>, backgroundImage=<method-wrapper '__getattribute__' of attributeSetter object at 0x000002A533490C10>, bitsMode=UNKNOWN, blendMode='avg', bpc=(8, 8, 8), color=array([0, 0, 0]), colorSpace='rgb', depthBits=8, fullscr=<method-wrapper '__getattribute__' of attributeSetter object at 0x000002A533490A60>, gamma=None, gammaErrorPolicy='raise', lms=UNKNOWN, monitor=<psychopy.monitors.calibTools.Monitor object at 0x000002A514890220>, multiSample=False, name='window1', numSamples=2, pos=(1920, 33), screen=0, size=array([1680, 1050]), stencilBits=0, stereo=False, title='PsychoPy', units='pix', useFBO=True, useRetina=False, viewOri=0.0, viewPos=None, viewScale=None, waitBlanking=True, winType='pyglet')
36.4260 	EXP 	window1: mouseVisible = True
36.4261 	EXP 	window1: backgroundImage = ''
36.4261 	EXP 	window1: backgroundFit = 'none'
36.4277 	EXP 	window1: Attempting to measure frame rate of screen (0) ...
36.4278 	EXP 	window1: recordFrameIntervals = False
36.5924 	EXP 	window1: recordFrameIntervals = True
36.7760 	EXP 	Screen (0) actual frame rate measured at 60.02Hz
36.7760 	EXP 	window1: recordFrameIntervals = False
36.7761 	EXP 	window1: mouseVisible = False
39.8492 	EXP 	emotionRecognition: status = STARTED
39.8719 	EXP 	window1: mouseVisible = True
39.9605 	EXP 	Created instructions = TextStim(__class__=<class 'psychopy.visual.text.TextStim'>, alignHoriz=method-wrapper(...), alignText='center', alignVert=method-wrapper(...), anchorHoriz='center', anchorVert='center', antialias=True, autoDraw=False, autoLog=True, bold=False, color=array([1., 1., 1.]), colorSpace='rgb', contrast=1.0, depth=0.0, draggable=False, flipHoriz=False, flipVert=False, font='Arial', fontFiles=[], height=40.0, italic=False, languageStyle='LTR', name='instructions', opacity=1.0, ori=0.0, pos=array([  0., 420.]), rgb=UNKNOWN, text=str(...), units='pix', win=Window(...), wrapWidth=1120.0)
39.9607 	EXP 	window1: mouseVisible = True
39.9648 	EXP 	Created option1Text = TextStim(__class__=<class 'psychopy.visual.text.TextStim'>, alignHoriz=method-wrapper(...), alignText='center', alignVert=method-wrapper(...), anchorHoriz='center', anchorVert='center', antialias=True, autoDraw=False, autoLog=True, bold=False, color=array([1., 1., 1.]), colorSpace='rgb', contrast=1.0, depth=-1.0, draggable=False, flipHoriz=False, flipVert=False, font='Open Sans', fontFiles=[], height=40.0, italic=False, languageStyle='LTR', name='option1Text', opacity=1.0, ori=0.0, pos=array([-560., -300.]), rgb=UNKNOWN, text='', units='pix', win=Window(...), wrapWidth=500)
39.9649 	EXP 	window1: mouseVisible = True
39.9833 	EXP 	Created option1Image = ImageStim(__class__=<class 'psychopy.visual.image.ImageStim'>, anchor=('center', 'center'), autoLog=True, color=array([1., 1., 1.]), colorSpace='rgb', contrast=1.0, depth=-2.0, draggable=False, flipHoriz=False, flipVert=False, image='default.png', interpolate=True, mask=None, maskParams=None, name='option1Image', opacity=1.0, ori=0.0, pos=array([-560.,    0.]), size=array([336., 336.]), texRes=128.0, units='pix', win=Window(...))
39.9835 	EXP 	window1: mouseVisible = True
39.9848 	EXP 	Created option2Text = TextStim(__class__=<class 'psychopy.visual.text.TextStim'>, alignHoriz=method-wrapper(...), alignText='center', alignVert=method-wrapper(...), anchorHoriz='center', anchorVert='center', antialias=True, autoDraw=False, autoLog=True, bold=False, color=array([1., 1., 1.]), colorSpace='rgb', contrast=1.0, depth=-3.0, draggable=False, flipHoriz=False, flipVert=False, font='Open Sans', fontFiles=[], height=40.0, italic=False, languageStyle='LTR', name='option2Text', opacity=1.0, ori=0.0, pos=array([   0., -300.]), rgb=UNKNOWN, text='', units='pix', win=Window(...), wrapWidth=500)
39.9849 	EXP 	window1: mouseVisible = True
40.0014 	EXP 	Created option2Image = ImageStim(__class__=<class 'psychopy.visual.image.ImageStim'>, anchor=('center', 'center'), autoLog=True, color=array([1., 1., 1.]), colorSpace='rgb', contrast=1.0, depth=-4.0, draggable=False, flipHoriz=False, flipVert=False, image='default.png', interpolate=True, mask=None, maskParams=None, name='option2Image', opacity=1.0, ori=0.0, pos=array([0., 0.]), size=array([336., 336.]), texRes=128.0, units='pix', win=Window(...))
40.0016 	EXP 	window1: mouseVisible = True
40.0026 	EXP 	Created option3Text = TextStim(__class__=<class 'psychopy.visual.text.TextStim'>, alignHoriz=method-wrapper(...), alignText='center', alignVert=method-wrapper(...), anchorHoriz='center', anchorVert='center', antialias=True, autoDraw=False, autoLog=True, bold=False, color=array([1., 1., 1.]), colorSpace='rgb', contrast=1.0, depth=-5.0, draggable=False, flipHoriz=False, flipVert=False, font='Open Sans', fontFiles=[], height=40.0, italic=False, languageStyle='LTR', name='option3Text', opacity=1.0, ori=0.0, pos=array([ 560., -300.]), rgb=UNKNOWN, text='', units='pix', win=Window(...), wrapWidth=500)
40.0027 	EXP 	window1: mouseVisible = True
40.0203 	EXP 	Created option3Image = ImageStim(__class__=<class 'psychopy.visual.image.ImageStim'>, anchor=('center', 'center'), autoLog=True, color=array([1., 1., 1.]), colorSpace='rgb', contrast=1.0, depth=-6.0, draggable=False, flipHoriz=False, flipVert=False, image='default.png', interpolate=True, mask=None, maskParams=None, name='option3Image', opacity=1.0, ori=0.0, pos=array([560.,   0.]), size=array([336., 336.]), texRes=128.0, units='pix', win=Window(...))
40.0204 	EXP 	window1: mouseVisible = True
40.0207 	EXP 	window1: mouseVisible = True
40.0210 	EXP 	window1: mouseVisible = True
41.1459 	EXP 	window1: mouseVisible = True
41.1613 	EXP 	Created text_click_to_continue = TextStim(__class__=<class 'psychopy.visual.text.TextStim'>, alignHoriz=method-wrapper(...), alignText='center', alignVert=method-wrapper(...), anchorHoriz='center', anchorVert='center', antialias=True, autoDraw=False, autoLog=True, bold=False, color=array([1., 1., 1.]), colorSpace='rgb', contrast=1.0, depth=0.0, draggable=False, flipHoriz=False, flipVert=False, font='Open Sans', fontFiles=[], height=60.0, italic=False, languageStyle='LTR', name='text_click_to_continue', opacity=1.0, ori=0.0, pos=array([0., 0.]), rgb=UNKNOWN, text='Click anywhere to continue', units='pix', win=Window(...), wrapWidth=1500.0)
41.1615 	EXP 	window1: mouseVisible = True
41.1616 	EXP 	window1: mouseVisible = True
41.1698 	EXP 	Created Three = TextStim(__class__=<class 'psychopy.visual.text.TextStim'>, alignHoriz=method-wrapper(...), alignText='center', alignVert=method-wrapper(...), anchorHoriz='center', anchorVert='center', antialias=True, autoDraw=False, autoLog=True, bold=False, color=array([1., 1., 1.]), colorSpace='rgb', contrast=1.0, depth=0.0, draggable=False, flipHoriz=False, flipVert=False, font='Open Sans', fontFiles=[], height=180.0, italic=False, languageStyle='LTR', name='Three', opacity=1.0, ori=0.0, pos=array([0., 0.]), rgb=UNKNOWN, text='3', units='pix', win=Window(...), wrapWidth=500)
41.1699 	EXP 	window1: mouseVisible = True
41.1739 	EXP 	Created Two = TextStim(__class__=<class 'psychopy.visual.text.TextStim'>, alignHoriz=method-wrapper(...), alignText='center', alignVert=method-wrapper(...), anchorHoriz='center', anchorVert='center', antialias=True, autoDraw=False, autoLog=True, bold=False, color=array([1., 1., 1.]), colorSpace='rgb', contrast=1.0, depth=-1.0, draggable=False, flipHoriz=False, flipVert=False, font='Open Sans', fontFiles=[], height=180.0, italic=False, languageStyle='LTR', name='Two', opacity=1.0, ori=0.0, pos=array([0., 0.]), rgb=UNKNOWN, text='2', units='pix', win=Window(...), wrapWidth=500)
41.1740 	EXP 	window1: mouseVisible = True
41.1786 	EXP 	Created One = TextStim(__class__=<class 'psychopy.visual.text.TextStim'>, alignHoriz=method-wrapper(...), alignText='center', alignVert=method-wrapper(...), anchorHoriz='center', anchorVert='center', antialias=True, autoDraw=False, autoLog=True, bold=False, color=array([1., 1., 1.]), colorSpace='rgb', contrast=1.0, depth=-2.0, draggable=False, flipHoriz=False, flipVert=False, font='Open Sans', fontFiles=[], height=180.0, italic=False, languageStyle='LTR', name='One', opacity=1.0, ori=0.0, pos=array([0., 0.]), rgb=UNKNOWN, text='1', units='pix', win=Window(...), wrapWidth=500)
41.1787 	EXP 	window1: mouseVisible = True
41.1790 	EXP 	window1: mouseVisible = True
41.1868 	EXP 	window1: mouseVisible = True
41.1871 	EXP 	window1: mouseVisible = True
41.1903 	EXP 	window1: mouseVisible = True
41.1905 	EXP 	window1: mouseVisible = True
41.1913 	EXP 	window1: mouseVisible = True
41.1918 	EXP 	window1: mouseVisible = True
41.2273 	EXP 	window1: mouseVisible = True
41.2274 	EXP 	window1: mouseVisible = True
41.2278 	EXP 	window1: mouseVisible = True
41.2283 	EXP 	window1: mouseVisible = True
41.2504 	EXP 	window1: mouseVisible = True
41.2506 	EXP 	window1: mouseVisible = True
41.2510 	EXP 	window1: mouseVisible = True
41.2514 	EXP 	window1: mouseVisible = True
41.2688 	EXP 	window1: mouseVisible = True
41.2690 	EXP 	window1: mouseVisible = True
41.2695 	EXP 	window1: mouseVisible = True
41.2701 	EXP 	window1: mouseVisible = True
41.2732 	EXP 	window1: mouseVisible = True
41.2734 	EXP 	window1: mouseVisible = True
41.2738 	EXP 	window1: mouseVisible = True
41.2742 	EXP 	window1: mouseVisible = True
41.2822 	EXP 	window1: mouseVisible = True
41.2824 	EXP 	window1: mouseVisible = True
41.2828 	EXP 	window1: mouseVisible = True
41.2832 	EXP 	window1: mouseVisible = True
41.2873 	EXP 	window1: mouseVisible = True
41.2874 	EXP 	window1: mouseVisible = True
41.2879 	EXP 	window1: mouseVisible = True
41.2884 	EXP 	window1: mouseVisible = True
41.2945 	EXP 	window1: mouseVisible = True
41.2947 	EXP 	window1: mouseVisible = True
41.2951 	EXP 	window1: mouseVisible = True
41.2955 	EXP 	window1: mouseVisible = True
41.2987 	EXP 	window1: mouseVisible = True
41.2988 	EXP 	window1: mouseVisible = True
41.2992 	EXP 	window1: mouseVisible = True
41.2997 	EXP 	window1: mouseVisible = True
41.3039 	EXP 	window1: mouseVisible = True
41.3041 	EXP 	window1: mouseVisible = True
41.3048 	EXP 	window1: mouseVisible = True
41.3053 	EXP 	window1: mouseVisible = True
41.3092 	EXP 	window1: mouseVisible = True
41.3112 	EXP 	window1: mouseVisible = True
41.3530 	EXP 	Created agree = Slider(__class__=<class 'psychopy.visual.slider.Slider'>, autoDraw=False, autoLog=True, borderColor=None, color=None, colorSpace='rgb', depth=-1, fillColor=None, flip=False, font='Open Sans', granularity=1.0, labelColor=None, labelHeight=25.0, labelWrapWidth=None, labels=tuple(...), lineColor=None, markerColor=None, name='agree', opacity=None, ori=0.0, pos=array([   0., -100.]), readOnly=False, self=UNKNOWN, size=array([1430.,   50.]), startValue=None, style='rating', styleTweaks=[], ticks=array([1, 2, 3, 4, 5]), units='pix', win=Window(...))
41.3531 	EXP 	window1: mouseVisible = True
41.3542 	EXP 	Created text = TextStim(__class__=<class 'psychopy.visual.text.TextStim'>, alignHoriz=method-wrapper(...), alignText='center', alignVert=method-wrapper(...), anchorHoriz='center', anchorVert='center', antialias=True, autoDraw=False, autoLog=True, bold=False, color=array([1., 1., 1.]), colorSpace='rgb', contrast=1.0, depth=-2.0, draggable=False, flipHoriz=False, flipVert=False, font='Open Sans', fontFiles=[], height=60.0, italic=False, languageStyle='LTR', name='text', opacity=1.0, ori=0.0, pos=array([  0., 300.]), rgb=UNKNOWN, text='', units='pix', win=Window(...), wrapWidth=1480)
41.3543 	EXP 	window1: mouseVisible = True
41.3573 	EXP 	Created Three = TextStim(__class__=<class 'psychopy.visual.text.TextStim'>, alignHoriz=method-wrapper(...), alignText='center', alignVert=method-wrapper(...), anchorHoriz='center', anchorVert='center', antialias=True, autoDraw=False, autoLog=True, bold=False, color=array([1., 1., 1.]), colorSpace='rgb', contrast=1.0, depth=0.0, draggable=False, flipHoriz=False, flipVert=False, font='Open Sans', fontFiles=[], height=180.0, italic=False, languageStyle='LTR', name='Three', opacity=1.0, ori=0.0, pos=array([0., 0.]), rgb=UNKNOWN, text='3', units='pix', win=Window(...), wrapWidth=500)
41.3575 	EXP 	window1: mouseVisible = True
41.3599 	EXP 	Created Two = TextStim(__class__=<class 'psychopy.visual.text.TextStim'>, alignHoriz=method-wrapper(...), alignText='center', alignVert=method-wrapper(...), anchorHoriz='center', anchorVert='center', antialias=True, autoDraw=False, autoLog=True, bold=False, color=array([1., 1., 1.]), colorSpace='rgb', contrast=1.0, depth=-1.0, draggable=False, flipHoriz=False, flipVert=False, font='Open Sans', fontFiles=[], height=180.0, italic=False, languageStyle='LTR', name='Two', opacity=1.0, ori=0.0, pos=array([0., 0.]), rgb=UNKNOWN, text='2', units='pix', win=Window(...), wrapWidth=500)
41.3601 	EXP 	window1: mouseVisible = True
41.3623 	EXP 	Created One = TextStim(__class__=<class 'psychopy.visual.text.TextStim'>, alignHoriz=method-wrapper(...), alignText='center', alignVert=method-wrapper(...), anchorHoriz='center', anchorVert='center', antialias=True, autoDraw=False, autoLog=True, bold=False, color=array([1., 1., 1.]), colorSpace='rgb', contrast=1.0, depth=-2.0, draggable=False, flipHoriz=False, flipVert=False, font='Open Sans', fontFiles=[], height=180.0, italic=False, languageStyle='LTR', name='One', opacity=1.0, ori=0.0, pos=array([0., 0.]), rgb=UNKNOWN, text='1', units='pix', win=Window(...), wrapWidth=500)
41.3625 	EXP 	window1: mouseVisible = True
41.3628 	EXP 	window1: mouseVisible = True
0.1069 	EXP 	movie: autoLog = True
0.1069 	EXP 	stimclip: autoLog = True
0.1069 	EXP 	agree: autoLog = True
0.1069 	EXP 	agree: styleTweaks = []
0.1069 	EXP 	agree: styleTweaks = []
0.1069 	EXP 	agree: styleTweaks = []
0.1069 	EXP 	agree: styleTweaks = []
0.1069 	EXP 	agree: contrast = 1.0
0.1069 	EXP 	agree: markerPos = None
0.1069 	EXP 	agree: autoLog = True
0.1069 	EXP 	neutralVideoClip: autoLog = True
0.1074 	EXP 	Created sequence: sequential, trialTypes=4, nReps=1, seed=None
0.1075 	EXP 	New trial (rep=0, index=0): {'mainIndex': 0, 'emotion': '1 excited', 'image1': 'videos\\1 excited\\1 motorsports\\motorsports.jpg', 'text1': 'motorsports', 'stimuli1': 'videos\\1 excited\\1 motorsports\\kenMiles.mp4', 'image2': 'videos\\1 excited\\2 sports\\sport.jpg', 'text2': 'sports', 'stimuli2': 'videos\\1 excited\\2 sports\\NBA.mp4', 'image3': 'videos\\1 excited\\3 general\\I am not sure.jpg', 'text3': 'general', 'stimuli3': 'videos\\1 excited\\3 general\\ratatChaseScene.mp4'}
0.1930 	EXP 	option1Text: height = 40.0
0.1930 	EXP 	option1Text: height = 40.0
0.1930 	EXP 	option1Text: height = 40.0
0.1930 	EXP 	option1Text: text = 'motorsports'
0.1930 	EXP 	option1Image: image = 'videos\\1 excited\\1 motorsports\\motorsports.jpg'
0.1930 	EXP 	option2Text: height = 40.0
0.1930 	EXP 	option2Text: height = 40.0
0.1930 	EXP 	option2Text: height = 40.0
0.1930 	EXP 	option2Text: text = 'sports'
0.1930 	EXP 	option2Image: image = 'videos\\1 excited\\2 sports\\sport.jpg'
0.1930 	EXP 	option3Text: height = 40.0
0.1930 	EXP 	option3Text: height = 40.0
0.1930 	EXP 	option3Text: height = 40.0
0.1930 	EXP 	option3Text: text = 'general'
0.1930 	EXP 	option3Image: image = 'videos\\1 excited\\3 general\\I am not sure.jpg'
0.1930 	EXP 	instructions: autoDraw = True
0.1930 	EXP 	option1Text: autoDraw = True
0.1930 	EXP 	option1Image: autoDraw = True
0.1930 	EXP 	option2Text: autoDraw = True
0.1930 	EXP 	option2Image: autoDraw = True
0.1930 	EXP 	option3Text: autoDraw = True
0.1930 	EXP 	option3Image: autoDraw = True
4.6569 	DATA 	Mouse: Left button down, pos=(332,429)
4.6719 	EXP 	New trial (rep=0, index=1): {'mainIndex': 3, 'emotion': '4 relaxed', 'image1': None, 'text1': 'meditation', 'stimuli1': 'videos\\4 relaxed\\1 meditation\\meditation.mp4', 'image2': None, 'text2': 'nature', 'stimuli2': 'videos\\4 relaxed\\2 nature\\waterfall.mp4', 'image3': None, 'text3': 'general', 'stimuli3': 'videos\\4 relaxed\\3 general\\asmr.mkv'}
4.6863 	EXP 	instructions: autoDraw = False
4.6863 	EXP 	option1Text: autoDraw = False
4.6863 	EXP 	option1Image: autoDraw = False
4.6863 	EXP 	option2Text: autoDraw = False
4.6863 	EXP 	option2Image: autoDraw = False
4.6863 	EXP 	option3Text: autoDraw = False
4.6863 	EXP 	option3Image: autoDraw = False
4.6863 	EXP 	option1Text: height = 40.0
4.6863 	EXP 	option1Text: height = 40.0
4.6863 	EXP 	option1Text: height = 40.0
4.6863 	EXP 	option1Text: text = 'meditation'
4.6863 	EXP 	option1Image: image = None
4.6863 	EXP 	option2Text: height = 40.0
4.6863 	EXP 	option2Text: height = 40.0
4.6863 	EXP 	option2Text: height = 40.0
4.6863 	EXP 	option2Text: text = 'nature'
4.6863 	EXP 	option2Image: image = None
4.6863 	EXP 	option3Text: text = 'general'
4.6863 	EXP 	option3Image: image = None
4.6863 	EXP 	instructions: autoDraw = True
4.6863 	EXP 	option1Text: autoDraw = True
4.6863 	EXP 	option1Image: autoDraw = True
4.6863 	EXP 	option2Text: autoDraw = True
4.6863 	EXP 	option2Image: autoDraw = True
4.6863 	EXP 	option3Text: autoDraw = True
4.6863 	EXP 	option3Image: autoDraw = True
4.7231 	DATA 	Mouse:  Left button up, pos=(332,429)
4.7557 	DATA 	Mouse: Left button down, pos=(332,429)
4.8227 	DATA 	Mouse:  Left button up, pos=(332,429)
11.0911 	DATA 	Mouse: Left button down, pos=(1368,336)
11.2244 	DATA 	Mouse:  Left button up, pos=(1368,336)
12.8425 	DATA 	Mouse: Left button down, pos=(1409,226)
12.8445 	EXP 	New trial (rep=0, index=2): {'mainIndex': 4, 'emotion': '5 sad', 'image1': 'videos\\5 sad\\1 animals\\cutepets.jpg', 'text1': 'animals', 'stimuli1': 'videos\\5 sad\\1 animals\\saddogs.mp4', 'image2': 'videos\\5 sad\\2 babies\\baby.jpg', 'text2': 'babies', 'stimuli2': 'videos\\5 sad\\2 babies\\sadBaby1.mp4', 'image3': 'videos\\5 sad\\3 general\\notsure.jpg', 'text3': 'general', 'stimuli3': 'videos\\5 sad\\3 general\\ChampDeath.mp4'}
12.8921 	EXP 	instructions: autoDraw = False
12.8921 	EXP 	option1Text: autoDraw = False
12.8921 	EXP 	option1Image: autoDraw = False
12.8921 	EXP 	option2Text: autoDraw = False
12.8921 	EXP 	option2Image: autoDraw = False
12.8921 	EXP 	option3Text: autoDraw = False
12.8921 	EXP 	option3Image: autoDraw = False
12.8921 	EXP 	option1Text: height = 40.0
12.8921 	EXP 	option1Text: height = 40.0
12.8921 	EXP 	option1Text: height = 40.0
12.8921 	EXP 	option1Text: text = 'animals'
12.8921 	EXP 	option1Image: image = 'videos\\5 sad\\1 animals\\cutepets.jpg'
12.8921 	EXP 	option2Text: height = 40.0
12.8921 	EXP 	option2Text: height = 40.0
12.8921 	EXP 	option2Text: height = 40.0
12.8921 	EXP 	option2Text: text = 'babies'
12.8921 	EXP 	option2Image: image = 'videos\\5 sad\\2 babies\\baby.jpg'
12.8921 	EXP 	option3Text: text = 'general'
12.8921 	EXP 	option3Image: image = 'videos\\5 sad\\3 general\\notsure.jpg'
12.8921 	EXP 	instructions: autoDraw = True
12.8921 	EXP 	option1Text: autoDraw = True
12.8921 	EXP 	option1Image: autoDraw = True
12.8921 	EXP 	option2Text: autoDraw = True
12.8921 	EXP 	option2Image: autoDraw = True
12.8921 	EXP 	option3Text: autoDraw = True
12.8921 	EXP 	option3Image: autoDraw = True
12.9455 	DATA 	Mouse:  Left button up, pos=(1409,226)
16.8661 	DATA 	Mouse: Left button down, pos=(1387,227)
16.8806 	EXP 	New trial (rep=0, index=3): {'mainIndex': 7, 'emotion': '8 angry', 'image1': 'videos\\8 angry\\1 animals\\cutepets.jpg', 'text1': 'animals', 'stimuli1': 'videos\\8 angry\\1 animals\\angrydogs.mp4', 'image2': 'videos\\8 angry\\2 general\\notsure.jpg', 'text2': 'general', 'stimuli2': 'videos\\8 angry\\2 general\\thepiano.mp4', 'image3': None, 'text3': '', 'stimuli3': None}
16.9290 	EXP 	instructions: autoDraw = False
16.9290 	EXP 	option1Text: autoDraw = False
16.9290 	EXP 	option1Image: autoDraw = False
16.9290 	EXP 	option2Text: autoDraw = False
16.9290 	EXP 	option2Image: autoDraw = False
16.9290 	EXP 	option3Text: autoDraw = False
16.9290 	EXP 	option3Image: autoDraw = False
16.9290 	EXP 	option1Text: text = 'animals'
16.9290 	EXP 	option1Image: image = 'videos\\8 angry\\1 animals\\cutepets.jpg'
16.9290 	EXP 	option2Text: height = 40.0
16.9290 	EXP 	option2Text: height = 40.0
16.9290 	EXP 	option2Text: height = 40.0
16.9290 	EXP 	option2Text: text = 'general'
16.9290 	EXP 	option2Image: image = 'videos\\8 angry\\2 general\\notsure.jpg'
16.9290 	EXP 	option3Text: height = 40.0
16.9290 	EXP 	option3Text: height = 40.0
16.9290 	EXP 	option3Text: height = 40.0
16.9290 	EXP 	option3Text: text = ''
16.9290 	EXP 	option3Image: image = None
16.9290 	EXP 	instructions: autoDraw = True
16.9290 	EXP 	option1Text: autoDraw = True
16.9290 	EXP 	option1Image: autoDraw = True
16.9290 	EXP 	option2Text: autoDraw = True
16.9290 	EXP 	option2Image: autoDraw = True
16.9290 	EXP 	option3Text: autoDraw = True
16.9290 	EXP 	option3Image: autoDraw = True
17.0323 	DATA 	Mouse:  Left button up, pos=(1387,227)
21.4335 	DATA 	Mouse: Left button down, pos=(845,229)
21.4545 	EXP 	instructions: autoDraw = False
21.4545 	EXP 	option1Text: autoDraw = False
21.4545 	EXP 	option1Image: autoDraw = False
21.4545 	EXP 	option2Text: autoDraw = False
21.4545 	EXP 	option2Image: autoDraw = False
21.4545 	EXP 	option3Text: autoDraw = False
21.4545 	EXP 	option3Image: autoDraw = False
21.4545 	EXP 	movie: autoDraw = True
21.5683 	DATA 	Mouse:  Left button up, pos=(845,229)
62.0811 	EXP 	movie: autoDraw = False
62.0811 	EXP 	text_click_to_continue: autoDraw = True
65.7147 	DATA 	Mouse: Left button down, pos=(792,490)
65.7156 	EXP 	Created sequence: sequential, trialTypes=8, nReps=1, seed=None
65.7158 	EXP 	New trial (rep=0, index=0): {'mainIndex': 0, 'stim': 'videos\\1 excited\\1 motorsports\\kenMiles.mp4', 'emotion': 'excited', 'neutralvideo': 'neutral_videos\\2BlowingLeafs (1).mp4'}
65.7311 	EXP 	text_click_to_continue: autoDraw = False
65.7311 	EXP 	Three: autoDraw = True
65.8660 	DATA 	Mouse:  Left button up, pos=(792,490)
66.7150 	EXP 	Two: autoDraw = True
66.7317 	EXP 	Three: autoDraw = False
67.7158 	EXP 	Two: autoDraw = False
67.7158 	EXP 	One: autoDraw = True
68.8707 	EXP 	One: autoDraw = False
68.8707 	EXP 	Three: autoDraw = False
68.8707 	EXP 	Two: autoDraw = False
68.8707 	EXP 	One: autoDraw = False
68.8707 	EXP 	stimclip: autoDraw = True
137.3170 	EXP 	stimclip: autoDraw = False
137.3170 	EXP 	agree: markerPos = None
137.3170 	EXP 	agree: markerPos = None
137.3170 	EXP 	text: height = 60.0
137.3170 	EXP 	text: height = 60.0
137.3170 	EXP 	text: height = 60.0
137.3170 	EXP 	text: text = 'I feel excited'
137.3170 	EXP 	agree: autoDraw = True
137.3170 	EXP 	text: autoDraw = True
141.4882 	DATA 	Mouse: Left button down, pos=(1198,407)
141.5033 	EXP 	agree: markerPos = 4.001398601398601
141.5200 	EXP 	agree: markerPos = 4.001398601398601
141.5367 	EXP 	agree: markerPos = 4.001398601398601
141.5533 	EXP 	agree: markerPos = 4.001398601398601
141.5700 	EXP 	agree: markerPos = 4.001398601398601
141.5867 	EXP 	agree: markerPos = 4.001398601398601
141.6034 	EXP 	agree: markerPos = 4.001398601398601
141.6200 	EXP 	agree: markerPos = 4.001398601398601
141.6367 	EXP 	agree: markerPos = 4.001398601398601
141.6533 	EXP 	agree: markerPos = 4.001398601398601
141.6645 	DATA 	Mouse:  Left button up, pos=(1198,407)
141.6700 	EXP 	agree: markerPos = 4.001398601398601
141.6867 	EXP 	agree: markerPos = 4.0
141.7034 	EXP 	agree: autoDraw = False
141.7034 	EXP 	text: autoDraw = False
141.7034 	EXP 	Three: autoDraw = True
142.7042 	EXP 	Three: autoDraw = False
142.7042 	EXP 	Two: autoDraw = True
143.7049 	EXP 	Two: autoDraw = False
143.7049 	EXP 	One: autoDraw = True
144.8069 	EXP 	One: autoDraw = False
144.8069 	EXP 	Three: autoDraw = False
144.8069 	EXP 	Two: autoDraw = False
144.8069 	EXP 	One: autoDraw = False
144.8069 	EXP 	neutralVideoClip: autoDraw = True
206.7380 	EXP 	New trial (rep=0, index=1): {'mainIndex': 1, 'stim': 'videos\\2 happy\\scooby.mp4', 'emotion': 'happy', 'neutralvideo': 'neutral_videos\\2BlowingLeafs (2).mp4'}
206.7409 	EXP 	neutralVideoClip: autoDraw = False
206.7409 	EXP 	Three: autoDraw = True
207.7520 	EXP 	Three: autoDraw = False
207.7520 	EXP 	Two: autoDraw = True
208.7527 	EXP 	Two: autoDraw = False
208.7527 	EXP 	One: autoDraw = True
210.0621 	EXP 	One: autoDraw = False
210.0621 	EXP 	Three: autoDraw = False
210.0621 	EXP 	Two: autoDraw = False
210.0621 	EXP 	One: autoDraw = False
210.0621 	EXP 	stimclip: autoDraw = True
270.2642 	EXP 	stimclip: autoDraw = False
270.2642 	EXP 	agree: markerPos = None
270.2642 	EXP 	agree: markerPos = None
270.2642 	EXP 	text: height = 60.0
270.2642 	EXP 	text: height = 60.0
270.2642 	EXP 	text: height = 60.0
270.2642 	EXP 	text: text = 'I feel happy'
270.2642 	EXP 	agree: autoDraw = True
270.2642 	EXP 	text: autoDraw = True
274.0845 	DATA 	Mouse: Left button down, pos=(1198,407)
274.1006 	EXP 	agree: markerPos = 4.001398601398601
274.1173 	EXP 	agree: markerPos = 4.001398601398601
274.1339 	EXP 	agree: markerPos = 4.001398601398601
274.1505 	EXP 	agree: markerPos = 4.001398601398601
274.1673 	EXP 	agree: markerPos = 4.001398601398601
274.1839 	EXP 	agree: markerPos = 4.001398601398601
274.2006 	EXP 	agree: markerPos = 4.001398601398601
274.2122 	DATA 	Mouse:  Left button up, pos=(1198,407)
274.2174 	EXP 	agree: markerPos = 4.001398601398601
274.2340 	EXP 	agree: markerPos = 4.0
274.2508 	EXP 	agree: autoDraw = False
274.2508 	EXP 	text: autoDraw = False
274.2508 	EXP 	Three: autoDraw = True
275.2517 	EXP 	Three: autoDraw = False
275.2517 	EXP 	Two: autoDraw = True
276.2524 	EXP 	Two: autoDraw = False
276.2524 	EXP 	One: autoDraw = True
277.5379 	EXP 	One: autoDraw = False
277.5379 	EXP 	Three: autoDraw = False
277.5379 	EXP 	Two: autoDraw = False
277.5379 	EXP 	One: autoDraw = False
277.5379 	EXP 	neutralVideoClip: autoDraw = True
339.5216 	EXP 	New trial (rep=0, index=2): {'mainIndex': 2, 'stim': 'videos\\3 motivated\\motivationalAuthor.mp4', 'emotion': 'motivated', 'neutralvideo': 'neutral_videos\\3BlowingLeafs.mp4'}
339.5242 	EXP 	neutralVideoClip: autoDraw = False
339.5242 	EXP 	Three: autoDraw = True
340.5327 	EXP 	Three: autoDraw = False
340.5327 	EXP 	Two: autoDraw = True
341.5336 	EXP 	Two: autoDraw = False
341.5336 	EXP 	One: autoDraw = True
342.8109 	EXP 	One: autoDraw = False
342.8109 	EXP 	Three: autoDraw = False
342.8109 	EXP 	Two: autoDraw = False
342.8109 	EXP 	One: autoDraw = False
342.8109 	EXP 	stimclip: autoDraw = True
410.8943 	EXP 	stimclip: autoDraw = False
410.8943 	EXP 	agree: markerPos = None
410.8943 	EXP 	agree: markerPos = None
410.8943 	EXP 	text: height = 60.0
410.8943 	EXP 	text: height = 60.0
410.8943 	EXP 	text: height = 60.0
410.8943 	EXP 	text: text = 'I feel motivated'
410.8943 	EXP 	agree: autoDraw = True
410.8943 	EXP 	text: autoDraw = True
415.3427 	DATA 	Mouse: Left button down, pos=(838,422)
415.3584 	EXP 	agree: markerPos = 2.9944055944055945
415.3773 	EXP 	agree: markerPos = 2.9944055944055945
415.3966 	EXP 	agree: markerPos = 2.9944055944055945
415.4132 	EXP 	agree: markerPos = 2.9944055944055945
415.4299 	EXP 	agree: markerPos = 2.9944055944055945
415.4465 	EXP 	agree: markerPos = 2.9944055944055945
415.4631 	EXP 	agree: markerPos = 2.9944055944055945
415.4744 	DATA 	Mouse:  Left button up, pos=(838,422)
415.4798 	EXP 	agree: markerPos = 2.9944055944055945
415.4964 	EXP 	agree: markerPos = 3.0
415.5128 	EXP 	agree: autoDraw = False
415.5128 	EXP 	text: autoDraw = False
415.5128 	EXP 	Three: autoDraw = True
416.5052 	EXP 	Two: autoDraw = True
416.5218 	EXP 	Three: autoDraw = False
417.5059 	EXP 	Two: autoDraw = False
417.5059 	EXP 	One: autoDraw = True
418.7783 	EXP 	One: autoDraw = False
418.7783 	EXP 	Three: autoDraw = False
418.7783 	EXP 	Two: autoDraw = False
418.7783 	EXP 	One: autoDraw = False
418.7783 	EXP 	neutralVideoClip: autoDraw = True
480.6738 	EXP 	New trial (rep=0, index=3): {'mainIndex': 3, 'stim': 'videos\\4 relaxed\\3 general\\asmr.mkv', 'emotion': 'relaxed', 'neutralvideo': 'neutral_videos\\4BlowingLeafs.mp4'}
480.6764 	EXP 	neutralVideoClip: autoDraw = False
480.6764 	EXP 	Three: autoDraw = True
481.6865 	EXP 	Three: autoDraw = False
481.6865 	EXP 	Two: autoDraw = True
482.6874 	EXP 	Two: autoDraw = False
482.6874 	EXP 	One: autoDraw = True
483.9861 	EXP 	One: autoDraw = False
483.9861 	EXP 	Three: autoDraw = False
483.9861 	EXP 	Two: autoDraw = False
483.9861 	EXP 	One: autoDraw = False
483.9861 	EXP 	stimclip: autoDraw = True
544.1628 	EXP 	stimclip: autoDraw = False
544.1628 	EXP 	agree: markerPos = None
544.1628 	EXP 	agree: markerPos = None
544.1628 	EXP 	text: height = 60.0
544.1628 	EXP 	text: height = 60.0
544.1628 	EXP 	text: height = 60.0
544.1628 	EXP 	text: text = 'I feel relaxed'
544.1628 	EXP 	agree: autoDraw = True
544.1628 	EXP 	text: autoDraw = True
549.0298 	DATA 	Mouse: Left button down, pos=(1198,424)
549.0524 	EXP 	agree: markerPos = 4.001398601398601
549.0694 	EXP 	agree: markerPos = 4.001398601398601
549.0857 	EXP 	agree: markerPos = 4.001398601398601
549.1027 	EXP 	agree: markerPos = 4.001398601398601
549.1209 	EXP 	agree: markerPos = 4.001398601398601
549.1381 	EXP 	agree: markerPos = 4.001398601398601
549.1520 	DATA 	Mouse:  Left button up, pos=(1198,424)
549.1534 	EXP 	agree: markerPos = 4.001398601398601
549.1693 	EXP 	agree: markerPos = 4.0
549.1859 	EXP 	agree: autoDraw = False
549.1859 	EXP 	text: autoDraw = False
549.1859 	EXP 	Three: autoDraw = True
550.1866 	EXP 	Three: autoDraw = False
550.1866 	EXP 	Two: autoDraw = True
551.1875 	EXP 	Two: autoDraw = False
551.1875 	EXP 	One: autoDraw = True
552.4727 	EXP 	One: autoDraw = False
552.4727 	EXP 	Three: autoDraw = False
552.4727 	EXP 	Two: autoDraw = False
552.4727 	EXP 	One: autoDraw = False
552.4727 	EXP 	neutralVideoClip: autoDraw = True
614.4896 	EXP 	New trial (rep=0, index=4): {'mainIndex': 4, 'stim': 'videos\\5 sad\\3 general\\ChampDeath.mp4', 'emotion': 'sad', 'neutralvideo': 'neutral_videos\\5BlowingLeafs.mp4'}
614.4925 	EXP 	neutralVideoClip: autoDraw = False
614.4925 	EXP 	Three: autoDraw = True
615.5012 	EXP 	Three: autoDraw = False
615.5012 	EXP 	Two: autoDraw = True
616.5019 	EXP 	Two: autoDraw = False
616.5019 	EXP 	One: autoDraw = True
617.7958 	EXP 	One: autoDraw = False
617.7958 	EXP 	Three: autoDraw = False
617.7958 	EXP 	Two: autoDraw = False
617.7958 	EXP 	One: autoDraw = False
617.7958 	EXP 	stimclip: autoDraw = True
681.3951 	EXP 	stimclip: autoDraw = False
681.3951 	EXP 	agree: markerPos = None
681.3951 	EXP 	agree: markerPos = None
681.3951 	EXP 	text: height = 60.0
681.3951 	EXP 	text: height = 60.0
681.3951 	EXP 	text: height = 60.0
681.3951 	EXP 	text: text = 'I feel sad'
681.3951 	EXP 	agree: autoDraw = True
681.3951 	EXP 	text: autoDraw = True
685.3773 	DATA 	Mouse: Left button down, pos=(1196,427)
685.3984 	EXP 	agree: markerPos = 3.9958041958041957
685.4130 	EXP 	agree: markerPos = 3.9958041958041957
685.4259 	DATA 	Mouse:  Left button up, pos=(1196,427)
685.4348 	EXP 	agree: markerPos = 3.9958041958041957
685.4592 	EXP 	agree: markerPos = 4.0
685.4768 	EXP 	agree: autoDraw = False
685.4768 	EXP 	text: autoDraw = False
685.4768 	EXP 	Three: autoDraw = True
685.4935 	DATA 	Mouse: Left button down, pos=(1196,427)
685.5706 	DATA 	Mouse:  Left button up, pos=(1196,427)
686.4699 	EXP 	Two: autoDraw = True
686.4866 	EXP 	Three: autoDraw = False
687.4706 	EXP 	Two: autoDraw = False
687.4706 	EXP 	One: autoDraw = True
688.7427 	EXP 	One: autoDraw = False
688.7427 	EXP 	Three: autoDraw = False
688.7427 	EXP 	Two: autoDraw = False
688.7427 	EXP 	One: autoDraw = False
688.7427 	EXP 	neutralVideoClip: autoDraw = True
750.8412 	EXP 	New trial (rep=0, index=5): {'mainIndex': 5, 'stim': 'videos\\6 horror\\conjuring.mp4', 'emotion': 'horror', 'neutralvideo': 'neutral_videos\\6BlowingLeafs.mp4'}
750.8439 	EXP 	neutralVideoClip: autoDraw = False
750.8439 	EXP 	Three: autoDraw = True
751.8513 	EXP 	Three: autoDraw = False
751.8513 	EXP 	Two: autoDraw = True
752.8520 	EXP 	Two: autoDraw = False
752.8520 	EXP 	One: autoDraw = True
754.9142 	EXP 	One: autoDraw = False
754.9142 	EXP 	Three: autoDraw = False
754.9142 	EXP 	Two: autoDraw = False
754.9142 	EXP 	One: autoDraw = False
754.9142 	EXP 	stimclip: autoDraw = True
819.6883 	EXP 	stimclip: autoDraw = False
819.6883 	EXP 	agree: markerPos = None
819.6883 	EXP 	agree: markerPos = None
819.6883 	EXP 	text: height = 60.0
819.6883 	EXP 	text: height = 60.0
819.6883 	EXP 	text: height = 60.0
819.6883 	EXP 	text: text = 'I feel horror'
819.6883 	EXP 	agree: autoDraw = True
819.6883 	EXP 	text: autoDraw = True
824.6458 	DATA 	Mouse: Left button down, pos=(842,435)
824.6714 	EXP 	agree: markerPos = 3.0055944055944055
824.6880 	EXP 	agree: markerPos = 3.0055944055944055
824.7047 	EXP 	agree: markerPos = 3.0055944055944055
824.7214 	EXP 	agree: markerPos = 3.0055944055944055
824.7380 	EXP 	agree: markerPos = 3.0055944055944055
824.7547 	EXP 	agree: markerPos = 3.0055944055944055
824.7713 	EXP 	agree: markerPos = 3.0055944055944055
824.7879 	EXP 	agree: markerPos = 3.0055944055944055
824.8049 	EXP 	agree: markerPos = 3.0055944055944055
824.8170 	DATA 	Mouse:  Left button up, pos=(842,435)
824.8213 	EXP 	agree: markerPos = 3.0055944055944055
824.8381 	EXP 	agree: markerPos = 3.0
824.8550 	EXP 	agree: autoDraw = False
824.8550 	EXP 	text: autoDraw = False
824.8550 	EXP 	Three: autoDraw = True
825.8557 	EXP 	Three: autoDraw = False
825.8557 	EXP 	Two: autoDraw = True
826.8565 	EXP 	Two: autoDraw = False
826.8565 	EXP 	One: autoDraw = True
828.1603 	EXP 	One: autoDraw = False
828.1603 	EXP 	Three: autoDraw = False
828.1603 	EXP 	Two: autoDraw = False
828.1603 	EXP 	One: autoDraw = False
828.1603 	EXP 	neutralVideoClip: autoDraw = True
890.1092 	EXP 	New trial (rep=0, index=6): {'mainIndex': 6, 'stim': 'videos\\7 disgusted\\trainspotting.mp4', 'emotion': 'disgusted', 'neutralvideo': 'neutral_videos\\7BlowingLeafs.mp4'}
890.1118 	EXP 	neutralVideoClip: autoDraw = False
890.1118 	EXP 	Three: autoDraw = True
891.1201 	EXP 	Three: autoDraw = False
891.1201 	EXP 	Two: autoDraw = True
892.1209 	EXP 	Two: autoDraw = False
892.1209 	EXP 	One: autoDraw = True
893.4298 	EXP 	One: autoDraw = False
893.4298 	EXP 	Three: autoDraw = False
893.4298 	EXP 	Two: autoDraw = False
893.4298 	EXP 	One: autoDraw = False
893.4298 	EXP 	stimclip: autoDraw = True
953.4260 	EXP 	stimclip: autoDraw = False
953.4260 	EXP 	agree: markerPos = None
953.4260 	EXP 	agree: markerPos = None
953.4260 	EXP 	text: height = 60.0
953.4260 	EXP 	text: height = 60.0
953.4260 	EXP 	text: height = 60.0
953.4260 	EXP 	text: text = 'I feel disgusted'
953.4260 	EXP 	agree: autoDraw = True
953.4260 	EXP 	text: autoDraw = True
957.8117 	DATA 	Mouse: Left button down, pos=(1203,427)
957.8356 	EXP 	agree: markerPos = 4.015384615384615
957.8524 	EXP 	agree: markerPos = 4.015384615384615
957.8690 	EXP 	agree: markerPos = 4.015384615384615
957.8857 	EXP 	agree: markerPos = 4.015384615384615
957.9024 	EXP 	agree: markerPos = 4.015384615384615
957.9191 	EXP 	agree: markerPos = 4.015384615384615
957.9358 	EXP 	agree: markerPos = 4.015384615384615
957.9524 	EXP 	agree: markerPos = 4.015384615384615
957.9632 	DATA 	Mouse:  Left button up, pos=(1203,427)
957.9691 	EXP 	agree: markerPos = 4.015384615384615
957.9858 	EXP 	agree: markerPos = 4.0
958.0026 	EXP 	agree: autoDraw = False
958.0026 	EXP 	text: autoDraw = False
958.0026 	EXP 	Three: autoDraw = True
959.0034 	EXP 	Three: autoDraw = False
959.0034 	EXP 	Two: autoDraw = True
960.0041 	EXP 	Two: autoDraw = False
960.0041 	EXP 	One: autoDraw = True
961.2897 	EXP 	One: autoDraw = False
961.2897 	EXP 	Three: autoDraw = False
961.2897 	EXP 	Two: autoDraw = False
961.2897 	EXP 	One: autoDraw = False
961.2897 	EXP 	neutralVideoClip: autoDraw = True
1023.2062 	EXP 	New trial (rep=0, index=7): {'mainIndex': 7, 'stim': 'videos\\8 angry\\2 general\\thepiano.mp4', 'emotion': 'angry', 'neutralvideo': 'neutral_videos\\8BlowingLeafs.mp4'}
1023.2091 	EXP 	neutralVideoClip: autoDraw = False
1023.2091 	EXP 	Three: autoDraw = True
1024.2178 	EXP 	Three: autoDraw = False
1024.2178 	EXP 	Two: autoDraw = True
1025.2187 	EXP 	Two: autoDraw = False
1025.2187 	EXP 	One: autoDraw = True
1026.5897 	EXP 	One: autoDraw = False
1026.5897 	EXP 	Three: autoDraw = False
1026.5897 	EXP 	Two: autoDraw = False
1026.5897 	EXP 	One: autoDraw = False
1026.5897 	EXP 	stimclip: autoDraw = True
1071.7156 	EXP 	stimclip: autoDraw = False
1071.7156 	EXP 	agree: markerPos = None
1071.7156 	EXP 	agree: markerPos = None
1071.7156 	EXP 	text: height = 60.0
1071.7156 	EXP 	text: height = 60.0
1071.7156 	EXP 	text: height = 60.0
1071.7156 	EXP 	text: text = 'I feel angry'
1071.7156 	EXP 	agree: autoDraw = True
1071.7156 	EXP 	text: autoDraw = True
1077.2281 	DATA 	Mouse: Left button down, pos=(826,430)
1077.2446 	EXP 	agree: markerPos = 2.9608391608391607
1077.2609 	EXP 	agree: markerPos = 2.9608391608391607
1077.2779 	EXP 	agree: markerPos = 2.9608391608391607
1077.2944 	EXP 	agree: markerPos = 2.9608391608391607
1077.3110 	EXP 	agree: markerPos = 2.9608391608391607
1077.3276 	EXP 	agree: markerPos = 2.9608391608391607
1077.3385 	DATA 	Mouse:  Left button up, pos=(826,430)
1077.3446 	EXP 	agree: markerPos = 2.9608391608391607
1077.3611 	EXP 	agree: markerPos = 3.0
1077.3745 	EXP 	agree: autoDraw = False
1077.3745 	EXP 	text: autoDraw = False
1077.3745 	EXP 	Three: autoDraw = True
1078.3752 	EXP 	Three: autoDraw = False
1078.3752 	EXP 	Two: autoDraw = True
1079.3752 	EXP 	Two: autoDraw = False
1079.3752 	EXP 	One: autoDraw = True
1080.6654 	EXP 	One: autoDraw = False
1080.6654 	EXP 	Three: autoDraw = False
1080.6654 	EXP 	Two: autoDraw = False
1080.6654 	EXP 	One: autoDraw = False
1080.6654 	EXP 	neutralVideoClip: autoDraw = True
1089.0288 	EXP 	neutralVideoClip: autoDraw = False
1089.0289 	EXP 	emotionRecognition: status = STOPPED
1089.2022 	EXP 	window1: mouseVisible = True
