63.2516 	EXP 	Created window1 = Window(allowGUI=True, allowStencil=False, autoLog=True, backendConf=UNKNOWN, backgroundFit=<method-wrapper '__getattribute__' of attributeSetter object at 0x0000022D9A1721F0>, backgroundImage=<method-wrapper '__getattribute__' of attributeSetter object at 0x0000022D9A172190>, bitsMode=UNKNOWN, blendMode='avg', bpc=(8, 8, 8), color=array([0, 0, 0]), colorSpace='rgb', depthBits=8, fullscr=<method-wrapper '__getattribute__' of attributeSetter object at 0x0000022D9A162400>, gamma=None, gammaErrorPolicy='raise', lms=UNKNOWN, monitor=<psychopy.monitors.calibTools.Monitor object at 0x0000022DFC792E50>, multiSample=False, name='window1', numSamples=2, pos=(1920, 33), screen=0, size=array([1680, 1050]), stencilBits=0, stereo=False, title='PsychoPy', units='pix', useFBO=True, useRetina=False, viewOri=0.0, viewPos=None, viewScale=None, waitBlanking=True, winType='pyglet')
63.2517 	EXP 	window1: mouseVisible = True
63.2518 	EXP 	window1: backgroundImage = ''
63.2518 	EXP 	window1: backgroundFit = 'none'
63.2532 	EXP 	window1: Attempting to measure frame rate of screen (0) ...
63.2532 	EXP 	window1: recordFrameIntervals = False
63.4161 	EXP 	window1: recordFrameIntervals = True
63.5996 	EXP 	Screen (0) actual frame rate measured at 59.94Hz
63.5997 	EXP 	window1: recordFrameIntervals = False
63.5997 	EXP 	window1: mouseVisible = False
66.9336 	EXP 	emotionRecognition: status = STARTED
66.9661 	EXP 	window1: mouseVisible = True
67.3846 	EXP 	Created instructions = TextStim(__class__=<class 'psychopy.visual.text.TextStim'>, alignHoriz=method-wrapper(...), alignText='center', alignVert=method-wrapper(...), anchorHoriz='center', anchorVert='center', antialias=True, autoDraw=False, autoLog=True, bold=False, color=array([1., 1., 1.]), colorSpace='rgb', contrast=1.0, depth=0.0, draggable=False, flipHoriz=False, flipVert=False, font='Arial', fontFiles=[], height=40.0, italic=False, languageStyle='LTR', name='instructions', opacity=1.0, ori=0.0, pos=array([  0., 420.]), rgb=UNKNOWN, text=str(...), units='pix', win=Window(...), wrapWidth=1120.0)
67.3847 	EXP 	window1: mouseVisible = True
67.3869 	EXP 	Created option1Text = TextStim(__class__=<class 'psychopy.visual.text.TextStim'>, alignHoriz=method-wrapper(...), alignText='center', alignVert=method-wrapper(...), anchorHoriz='center', anchorVert='center', antialias=True, autoDraw=False, autoLog=True, bold=False, color=array([1., 1., 1.]), colorSpace='rgb', contrast=1.0, depth=-1.0, draggable=False, flipHoriz=False, flipVert=False, font='Open Sans', fontFiles=[], height=40.0, italic=False, languageStyle='LTR', name='option1Text', opacity=1.0, ori=0.0, pos=array([-560., -300.]), rgb=UNKNOWN, text='', units='pix', win=Window(...), wrapWidth=500)
67.3870 	EXP 	window1: mouseVisible = True
67.4066 	EXP 	Created option1Image = ImageStim(__class__=<class 'psychopy.visual.image.ImageStim'>, anchor=('center', 'center'), autoLog=True, color=array([1., 1., 1.]), colorSpace='rgb', contrast=1.0, depth=-2.0, draggable=False, flipHoriz=False, flipVert=False, image='default.png', interpolate=True, mask=None, maskParams=None, name='option1Image', opacity=1.0, ori=0.0, pos=array([-560.,    0.]), size=array([336., 336.]), texRes=128.0, units='pix', win=Window(...))
67.4068 	EXP 	window1: mouseVisible = True
67.4078 	EXP 	Created option2Text = TextStim(__class__=<class 'psychopy.visual.text.TextStim'>, alignHoriz=method-wrapper(...), alignText='center', alignVert=method-wrapper(...), anchorHoriz='center', anchorVert='center', antialias=True, autoDraw=False, autoLog=True, bold=False, color=array([1., 1., 1.]), colorSpace='rgb', contrast=1.0, depth=-3.0, draggable=False, flipHoriz=False, flipVert=False, font='Open Sans', fontFiles=[], height=40.0, italic=False, languageStyle='LTR', name='option2Text', opacity=1.0, ori=0.0, pos=array([   0., -300.]), rgb=UNKNOWN, text='', units='pix', win=Window(...), wrapWidth=500)
67.4079 	EXP 	window1: mouseVisible = True
67.4245 	EXP 	Created option2Image = ImageStim(__class__=<class 'psychopy.visual.image.ImageStim'>, anchor=('center', 'center'), autoLog=True, color=array([1., 1., 1.]), colorSpace='rgb', contrast=1.0, depth=-4.0, draggable=False, flipHoriz=False, flipVert=False, image='default.png', interpolate=True, mask=None, maskParams=None, name='option2Image', opacity=1.0, ori=0.0, pos=array([0., 0.]), size=array([336., 336.]), texRes=128.0, units='pix', win=Window(...))
67.4246 	EXP 	window1: mouseVisible = True
67.4257 	EXP 	Created option3Text = TextStim(__class__=<class 'psychopy.visual.text.TextStim'>, alignHoriz=method-wrapper(...), alignText='center', alignVert=method-wrapper(...), anchorHoriz='center', anchorVert='center', antialias=True, autoDraw=False, autoLog=True, bold=False, color=array([1., 1., 1.]), colorSpace='rgb', contrast=1.0, depth=-5.0, draggable=False, flipHoriz=False, flipVert=False, font='Open Sans', fontFiles=[], height=40.0, italic=False, languageStyle='LTR', name='option3Text', opacity=1.0, ori=0.0, pos=array([ 560., -300.]), rgb=UNKNOWN, text='', units='pix', win=Window(...), wrapWidth=500)
67.4258 	EXP 	window1: mouseVisible = True
67.4408 	EXP 	Created option3Image = ImageStim(__class__=<class 'psychopy.visual.image.ImageStim'>, anchor=('center', 'center'), autoLog=True, color=array([1., 1., 1.]), colorSpace='rgb', contrast=1.0, depth=-6.0, draggable=False, flipHoriz=False, flipVert=False, image='default.png', interpolate=True, mask=None, maskParams=None, name='option3Image', opacity=1.0, ori=0.0, pos=array([560.,   0.]), size=array([336., 336.]), texRes=128.0, units='pix', win=Window(...))
67.4409 	EXP 	window1: mouseVisible = True
67.4409 	EXP 	window1: mouseVisible = True
67.4410 	EXP 	window1: mouseVisible = True
69.2481 	EXP 	window1: mouseVisible = True
69.2646 	EXP 	Created text_click_to_continue = TextStim(__class__=<class 'psychopy.visual.text.TextStim'>, alignHoriz=method-wrapper(...), alignText='center', alignVert=method-wrapper(...), anchorHoriz='center', anchorVert='center', antialias=True, autoDraw=False, autoLog=True, bold=False, color=array([1., 1., 1.]), colorSpace='rgb', contrast=1.0, depth=0.0, draggable=False, flipHoriz=False, flipVert=False, font='Open Sans', fontFiles=[], height=60.0, italic=False, languageStyle='LTR', name='text_click_to_continue', opacity=1.0, ori=0.0, pos=array([0., 0.]), rgb=UNKNOWN, text='Click anywhere to continue', units='pix', win=Window(...), wrapWidth=1500.0)
69.2647 	EXP 	window1: mouseVisible = True
69.2647 	EXP 	window1: mouseVisible = True
69.2798 	EXP 	Created Three = TextStim(__class__=<class 'psychopy.visual.text.TextStim'>, alignHoriz=method-wrapper(...), alignText='center', alignVert=method-wrapper(...), anchorHoriz='center', anchorVert='center', antialias=True, autoDraw=False, autoLog=True, bold=False, color=array([1., 1., 1.]), colorSpace='rgb', contrast=1.0, depth=0.0, draggable=False, flipHoriz=False, flipVert=False, font='Open Sans', fontFiles=[], height=180.0, italic=False, languageStyle='LTR', name='Three', opacity=1.0, ori=0.0, pos=array([0., 0.]), rgb=UNKNOWN, text='3', units='pix', win=Window(...), wrapWidth=500)
69.2800 	EXP 	window1: mouseVisible = True
69.2843 	EXP 	Created Two = TextStim(__class__=<class 'psychopy.visual.text.TextStim'>, alignHoriz=method-wrapper(...), alignText='center', alignVert=method-wrapper(...), anchorHoriz='center', anchorVert='center', antialias=True, autoDraw=False, autoLog=True, bold=False, color=array([1., 1., 1.]), colorSpace='rgb', contrast=1.0, depth=-1.0, draggable=False, flipHoriz=False, flipVert=False, font='Open Sans', fontFiles=[], height=180.0, italic=False, languageStyle='LTR', name='Two', opacity=1.0, ori=0.0, pos=array([0., 0.]), rgb=UNKNOWN, text='2', units='pix', win=Window(...), wrapWidth=500)
69.2844 	EXP 	window1: mouseVisible = True
69.2881 	EXP 	Created One = TextStim(__class__=<class 'psychopy.visual.text.TextStim'>, alignHoriz=method-wrapper(...), alignText='center', alignVert=method-wrapper(...), anchorHoriz='center', anchorVert='center', antialias=True, autoDraw=False, autoLog=True, bold=False, color=array([1., 1., 1.]), colorSpace='rgb', contrast=1.0, depth=-2.0, draggable=False, flipHoriz=False, flipVert=False, font='Open Sans', fontFiles=[], height=180.0, italic=False, languageStyle='LTR', name='One', opacity=1.0, ori=0.0, pos=array([0., 0.]), rgb=UNKNOWN, text='1', units='pix', win=Window(...), wrapWidth=500)
69.2883 	EXP 	window1: mouseVisible = True
69.2888 	EXP 	window1: mouseVisible = True
69.2986 	EXP 	window1: mouseVisible = True
69.2989 	EXP 	window1: mouseVisible = True
69.3038 	EXP 	window1: mouseVisible = True
69.3039 	EXP 	window1: mouseVisible = True
69.3043 	EXP 	window1: mouseVisible = True
69.3047 	EXP 	window1: mouseVisible = True
69.3357 	EXP 	window1: mouseVisible = True
69.3359 	EXP 	window1: mouseVisible = True
69.3364 	EXP 	window1: mouseVisible = True
69.3368 	EXP 	window1: mouseVisible = True
69.3614 	EXP 	window1: mouseVisible = True
69.3615 	EXP 	window1: mouseVisible = True
69.3620 	EXP 	window1: mouseVisible = True
69.3624 	EXP 	window1: mouseVisible = True
69.3817 	EXP 	window1: mouseVisible = True
69.3818 	EXP 	window1: mouseVisible = True
69.3823 	EXP 	window1: mouseVisible = True
69.3827 	EXP 	window1: mouseVisible = True
69.3862 	EXP 	window1: mouseVisible = True
69.3864 	EXP 	window1: mouseVisible = True
69.3869 	EXP 	window1: mouseVisible = True
69.3874 	EXP 	window1: mouseVisible = True
69.3956 	EXP 	window1: mouseVisible = True
69.3957 	EXP 	window1: mouseVisible = True
69.3962 	EXP 	window1: mouseVisible = True
69.3966 	EXP 	window1: mouseVisible = True
69.4000 	EXP 	window1: mouseVisible = True
69.4002 	EXP 	window1: mouseVisible = True
69.4006 	EXP 	window1: mouseVisible = True
69.4010 	EXP 	window1: mouseVisible = True
69.4080 	EXP 	window1: mouseVisible = True
69.4082 	EXP 	window1: mouseVisible = True
69.4087 	EXP 	window1: mouseVisible = True
69.4091 	EXP 	window1: mouseVisible = True
69.4125 	EXP 	window1: mouseVisible = True
69.4126 	EXP 	window1: mouseVisible = True
69.4131 	EXP 	window1: mouseVisible = True
69.4135 	EXP 	window1: mouseVisible = True
69.4175 	EXP 	window1: mouseVisible = True
69.4176 	EXP 	window1: mouseVisible = True
69.4181 	EXP 	window1: mouseVisible = True
69.4189 	EXP 	window1: mouseVisible = True
69.4224 	EXP 	window1: mouseVisible = True
69.4252 	EXP 	window1: mouseVisible = True
69.4667 	EXP 	Created agree = Slider(__class__=<class 'psychopy.visual.slider.Slider'>, autoDraw=False, autoLog=True, borderColor=None, color=None, colorSpace='rgb', depth=-1, fillColor=None, flip=False, font='Open Sans', granularity=1.0, labelColor=None, labelHeight=25.0, labelWrapWidth=None, labels=tuple(...), lineColor=None, markerColor=None, name='agree', opacity=None, ori=0.0, pos=array([   0., -100.]), readOnly=False, self=UNKNOWN, size=array([1430.,   50.]), startValue=None, style='rating', styleTweaks=[], ticks=array([1, 2, 3, 4, 5]), units='pix', win=Window(...))
69.4669 	EXP 	window1: mouseVisible = True
69.4680 	EXP 	Created text = TextStim(__class__=<class 'psychopy.visual.text.TextStim'>, alignHoriz=method-wrapper(...), alignText='center', alignVert=method-wrapper(...), anchorHoriz='center', anchorVert='center', antialias=True, autoDraw=False, autoLog=True, bold=False, color=array([1., 1., 1.]), colorSpace='rgb', contrast=1.0, depth=-2.0, draggable=False, flipHoriz=False, flipVert=False, font='Open Sans', fontFiles=[], height=60.0, italic=False, languageStyle='LTR', name='text', opacity=1.0, ori=0.0, pos=array([  0., 300.]), rgb=UNKNOWN, text='', units='pix', win=Window(...), wrapWidth=1480)
69.4681 	EXP 	window1: mouseVisible = True
69.4708 	EXP 	Created Three = TextStim(__class__=<class 'psychopy.visual.text.TextStim'>, alignHoriz=method-wrapper(...), alignText='center', alignVert=method-wrapper(...), anchorHoriz='center', anchorVert='center', antialias=True, autoDraw=False, autoLog=True, bold=False, color=array([1., 1., 1.]), colorSpace='rgb', contrast=1.0, depth=0.0, draggable=False, flipHoriz=False, flipVert=False, font='Open Sans', fontFiles=[], height=180.0, italic=False, languageStyle='LTR', name='Three', opacity=1.0, ori=0.0, pos=array([0., 0.]), rgb=UNKNOWN, text='3', units='pix', win=Window(...), wrapWidth=500)
69.4710 	EXP 	window1: mouseVisible = True
69.4732 	EXP 	Created Two = TextStim(__class__=<class 'psychopy.visual.text.TextStim'>, alignHoriz=method-wrapper(...), alignText='center', alignVert=method-wrapper(...), anchorHoriz='center', anchorVert='center', antialias=True, autoDraw=False, autoLog=True, bold=False, color=array([1., 1., 1.]), colorSpace='rgb', contrast=1.0, depth=-1.0, draggable=False, flipHoriz=False, flipVert=False, font='Open Sans', fontFiles=[], height=180.0, italic=False, languageStyle='LTR', name='Two', opacity=1.0, ori=0.0, pos=array([0., 0.]), rgb=UNKNOWN, text='2', units='pix', win=Window(...), wrapWidth=500)
69.4733 	EXP 	window1: mouseVisible = True
69.4754 	EXP 	Created One = TextStim(__class__=<class 'psychopy.visual.text.TextStim'>, alignHoriz=method-wrapper(...), alignText='center', alignVert=method-wrapper(...), anchorHoriz='center', anchorVert='center', antialias=True, autoDraw=False, autoLog=True, bold=False, color=array([1., 1., 1.]), colorSpace='rgb', contrast=1.0, depth=-2.0, draggable=False, flipHoriz=False, flipVert=False, font='Open Sans', fontFiles=[], height=180.0, italic=False, languageStyle='LTR', name='One', opacity=1.0, ori=0.0, pos=array([0., 0.]), rgb=UNKNOWN, text='1', units='pix', win=Window(...), wrapWidth=500)
69.4756 	EXP 	window1: mouseVisible = True
69.4759 	EXP 	window1: mouseVisible = True
0.0962 	EXP 	movie: autoLog = True
0.0962 	EXP 	stimclip: autoLog = True
0.0962 	EXP 	agree: autoLog = True
0.0962 	EXP 	agree: styleTweaks = []
0.0962 	EXP 	agree: styleTweaks = []
0.0962 	EXP 	agree: styleTweaks = []
0.0962 	EXP 	agree: styleTweaks = []
0.0962 	EXP 	agree: contrast = 1.0
0.0962 	EXP 	agree: markerPos = None
0.0962 	EXP 	agree: autoLog = True
0.0962 	EXP 	neutralVideoClip: autoLog = True
0.0985 	EXP 	Created sequence: sequential, trialTypes=4, nReps=1, seed=None
0.0987 	EXP 	New trial (rep=0, index=0): {'mainIndex': 0, 'emotion': '1 excited', 'image1': 'videos\\1 excited\\1 motorsports\\motorsports.jpg', 'text1': 'motorsports', 'stimuli1': 'videos\\1 excited\\1 motorsports\\kenMiles.mp4', 'image2': 'videos\\1 excited\\2 sports\\sport.jpg', 'text2': 'sports', 'stimuli2': 'videos\\1 excited\\2 sports\\NBA.mp4', 'image3': 'videos\\1 excited\\3 general\\I am not sure.jpg', 'text3': 'general', 'stimuli3': 'videos\\1 excited\\3 general\\ratatChaseScene.mp4'}
0.2245 	EXP 	option1Text: height = 40.0
0.2245 	EXP 	option1Text: height = 40.0
0.2245 	EXP 	option1Text: height = 40.0
0.2245 	EXP 	option1Text: text = 'motorsports'
0.2245 	EXP 	option1Image: image = 'videos\\1 excited\\1 motorsports\\motorsports.jpg'
0.2245 	EXP 	option2Text: height = 40.0
0.2245 	EXP 	option2Text: height = 40.0
0.2245 	EXP 	option2Text: height = 40.0
0.2245 	EXP 	option2Text: text = 'sports'
0.2245 	EXP 	option2Image: image = 'videos\\1 excited\\2 sports\\sport.jpg'
0.2245 	EXP 	option3Text: height = 40.0
0.2245 	EXP 	option3Text: height = 40.0
0.2245 	EXP 	option3Text: height = 40.0
0.2245 	EXP 	option3Text: text = 'general'
0.2245 	EXP 	option3Image: image = 'videos\\1 excited\\3 general\\I am not sure.jpg'
0.2245 	EXP 	instructions: autoDraw = True
0.2245 	EXP 	option1Text: autoDraw = True
0.2245 	EXP 	option1Image: autoDraw = True
0.2245 	EXP 	option2Text: autoDraw = True
0.2245 	EXP 	option2Image: autoDraw = True
0.2245 	EXP 	option3Text: autoDraw = True
0.2245 	EXP 	option3Image: autoDraw = True
17.6906 	DATA 	Mouse: Left button down, pos=(1310,541)
17.6971 	EXP 	New trial (rep=0, index=1): {'mainIndex': 3, 'emotion': '4 relaxed', 'image1': None, 'text1': 'meditation', 'stimuli1': 'videos\\4 relaxed\\1 meditation\\meditation.mp4', 'image2': None, 'text2': 'nature', 'stimuli2': 'videos\\4 relaxed\\2 nature\\waterfall.mp4', 'image3': None, 'text3': 'general', 'stimuli3': 'videos\\4 relaxed\\3 general\\asmr.mkv'}
17.7069 	EXP 	instructions: autoDraw = False
17.7069 	EXP 	option1Text: autoDraw = False
17.7069 	EXP 	option1Image: autoDraw = False
17.7069 	EXP 	option2Text: autoDraw = False
17.7069 	EXP 	option2Image: autoDraw = False
17.7069 	EXP 	option3Text: autoDraw = False
17.7069 	EXP 	option3Image: autoDraw = False
17.7069 	EXP 	option1Text: height = 40.0
17.7069 	EXP 	option1Text: height = 40.0
17.7069 	EXP 	option1Text: height = 40.0
17.7069 	EXP 	option1Text: text = 'meditation'
17.7069 	EXP 	option1Image: image = None
17.7069 	EXP 	option2Text: height = 40.0
17.7069 	EXP 	option2Text: height = 40.0
17.7069 	EXP 	option2Text: height = 40.0
17.7069 	EXP 	option2Text: text = 'nature'
17.7069 	EXP 	option2Image: image = None
17.7069 	EXP 	option3Text: text = 'general'
17.7069 	EXP 	option3Image: image = None
17.7069 	EXP 	instructions: autoDraw = True
17.7069 	EXP 	option1Text: autoDraw = True
17.7069 	EXP 	option1Image: autoDraw = True
17.7069 	EXP 	option2Text: autoDraw = True
17.7069 	EXP 	option2Image: autoDraw = True
17.7069 	EXP 	option3Text: autoDraw = True
17.7069 	EXP 	option3Image: autoDraw = True
17.7934 	DATA 	Mouse:  Left button up, pos=(1310,541)
25.4157 	DATA 	Mouse: Left button down, pos=(1439,226)
25.4319 	EXP 	New trial (rep=0, index=2): {'mainIndex': 4, 'emotion': '5 sad', 'image1': 'videos\\5 sad\\1 animals\\cutepets.jpg', 'text1': 'animals', 'stimuli1': 'videos\\5 sad\\1 animals\\saddogs.mp4', 'image2': 'videos\\5 sad\\2 babies\\baby.jpg', 'text2': 'babies', 'stimuli2': 'videos\\5 sad\\2 babies\\sadBaby1.mp4', 'image3': 'videos\\5 sad\\3 general\\notsure.jpg', 'text3': 'general', 'stimuli3': 'videos\\5 sad\\3 general\\ChampDeath.mp4'}
25.5113 	EXP 	instructions: autoDraw = False
25.5113 	EXP 	option1Text: autoDraw = False
25.5113 	EXP 	option1Image: autoDraw = False
25.5113 	EXP 	option2Text: autoDraw = False
25.5113 	EXP 	option2Image: autoDraw = False
25.5113 	EXP 	option3Text: autoDraw = False
25.5113 	EXP 	option3Image: autoDraw = False
25.5113 	EXP 	option1Text: height = 40.0
25.5113 	EXP 	option1Text: height = 40.0
25.5113 	EXP 	option1Text: height = 40.0
25.5113 	EXP 	option1Text: text = 'animals'
25.5113 	EXP 	option1Image: image = 'videos\\5 sad\\1 animals\\cutepets.jpg'
25.5113 	EXP 	option2Text: height = 40.0
25.5113 	EXP 	option2Text: height = 40.0
25.5113 	EXP 	option2Text: height = 40.0
25.5113 	EXP 	option2Text: text = 'babies'
25.5113 	EXP 	option2Image: image = 'videos\\5 sad\\2 babies\\baby.jpg'
25.5113 	EXP 	option3Text: text = 'general'
25.5113 	EXP 	option3Image: image = 'videos\\5 sad\\3 general\\notsure.jpg'
25.5113 	EXP 	instructions: autoDraw = True
25.5113 	EXP 	option1Text: autoDraw = True
25.5113 	EXP 	option1Image: autoDraw = True
25.5113 	EXP 	option2Text: autoDraw = True
25.5113 	EXP 	option2Image: autoDraw = True
25.5113 	EXP 	option3Text: autoDraw = True
25.5113 	EXP 	option3Image: autoDraw = True
25.5148 	DATA 	Mouse:  Left button up, pos=(1439,226)
31.9523 	DATA 	Mouse: Left button down, pos=(1398,224)
31.9541 	EXP 	New trial (rep=0, index=3): {'mainIndex': 7, 'emotion': '8 angry', 'image1': 'videos\\8 angry\\1 animals\\cutepets.jpg', 'text1': 'animals', 'stimuli1': 'videos\\8 angry\\1 animals\\angrydogs.mp4', 'image2': 'videos\\8 angry\\2 general\\notsure.jpg', 'text2': 'general', 'stimuli2': 'videos\\8 angry\\2 general\\thepiano.mp4', 'image3': None, 'text3': '', 'stimuli3': None}
32.0262 	EXP 	instructions: autoDraw = False
32.0262 	EXP 	option1Text: autoDraw = False
32.0262 	EXP 	option1Image: autoDraw = False
32.0262 	EXP 	option2Text: autoDraw = False
32.0262 	EXP 	option2Image: autoDraw = False
32.0262 	EXP 	option3Text: autoDraw = False
32.0262 	EXP 	option3Image: autoDraw = False
32.0262 	EXP 	option1Text: text = 'animals'
32.0262 	EXP 	option1Image: image = 'videos\\8 angry\\1 animals\\cutepets.jpg'
32.0262 	EXP 	option2Text: height = 40.0
32.0262 	EXP 	option2Text: height = 40.0
32.0262 	EXP 	option2Text: height = 40.0
32.0262 	EXP 	option2Text: text = 'general'
32.0262 	EXP 	option2Image: image = 'videos\\8 angry\\2 general\\notsure.jpg'
32.0262 	EXP 	option3Text: height = 40.0
32.0262 	EXP 	option3Text: height = 40.0
32.0262 	EXP 	option3Text: height = 40.0
32.0262 	EXP 	option3Text: text = ''
32.0262 	EXP 	option3Image: image = None
32.0262 	EXP 	instructions: autoDraw = True
32.0262 	EXP 	option1Text: autoDraw = True
32.0262 	EXP 	option1Image: autoDraw = True
32.0262 	EXP 	option2Text: autoDraw = True
32.0262 	EXP 	option2Image: autoDraw = True
32.0262 	EXP 	option3Text: autoDraw = True
32.0262 	EXP 	option3Image: autoDraw = True
32.0539 	DATA 	Mouse:  Left button up, pos=(1398,224)
37.4083 	DATA 	Mouse: Left button down, pos=(803,216)
37.4629 	DATA 	Mouse:  Left button up, pos=(803,216)
37.4700 	EXP 	instructions: autoDraw = False
37.4700 	EXP 	option1Text: autoDraw = False
37.4700 	EXP 	option1Image: autoDraw = False
37.4700 	EXP 	option2Text: autoDraw = False
37.4700 	EXP 	option2Image: autoDraw = False
37.4700 	EXP 	option3Text: autoDraw = False
37.4700 	EXP 	option3Image: autoDraw = False
37.4700 	EXP 	movie: autoDraw = True
77.9603 	EXP 	movie: autoDraw = False
77.9603 	EXP 	text_click_to_continue: autoDraw = True
79.2025 	DATA 	Mouse: Left button down, pos=(806,215)
79.2033 	EXP 	Created sequence: sequential, trialTypes=8, nReps=1, seed=None
79.2035 	EXP 	New trial (rep=0, index=0): {'mainIndex': 0, 'stim': 'videos\\1 excited\\3 general\\ratatChaseScene.mp4', 'emotion': 'excited', 'neutralvideo': 'neutral_videos\\2BlowingLeafs (1).mp4'}
79.2188 	EXP 	text_click_to_continue: autoDraw = False
79.2188 	EXP 	Three: autoDraw = True
79.2869 	DATA 	Mouse:  Left button up, pos=(806,215)
80.2031 	EXP 	Two: autoDraw = True
80.2200 	EXP 	Three: autoDraw = False
81.2040 	EXP 	Two: autoDraw = False
81.2040 	EXP 	One: autoDraw = True
82.3356 	EXP 	One: autoDraw = False
82.3356 	EXP 	Three: autoDraw = False
82.3356 	EXP 	Two: autoDraw = False
82.3356 	EXP 	One: autoDraw = False
82.3356 	EXP 	stimclip: autoDraw = True
151.1396 	EXP 	stimclip: autoDraw = False
151.1396 	EXP 	agree: markerPos = None
151.1396 	EXP 	agree: markerPos = None
151.1396 	EXP 	text: height = 60.0
151.1396 	EXP 	text: height = 60.0
151.1396 	EXP 	text: height = 60.0
151.1396 	EXP 	text: text = 'I feel excited'
151.1396 	EXP 	agree: autoDraw = True
151.1396 	EXP 	text: autoDraw = True
156.8134 	DATA 	Mouse: Left button down, pos=(1193,415)
156.8293 	EXP 	agree: markerPos = 3.9874125874125874
156.8458 	EXP 	agree: markerPos = 3.9874125874125874
156.8623 	EXP 	agree: markerPos = 3.9874125874125874
156.8790 	EXP 	agree: markerPos = 3.9874125874125874
156.8955 	EXP 	agree: markerPos = 3.9874125874125874
156.9123 	EXP 	agree: markerPos = 3.9874125874125874
156.9289 	EXP 	agree: markerPos = 3.9874125874125874
156.9457 	EXP 	agree: markerPos = 3.9874125874125874
156.9462 	DATA 	Mouse:  Left button up, pos=(1193,415)
156.9625 	EXP 	agree: markerPos = 4.0
156.9761 	EXP 	agree: autoDraw = False
156.9761 	EXP 	text: autoDraw = False
156.9761 	EXP 	Three: autoDraw = True
157.9769 	EXP 	Three: autoDraw = False
157.9769 	EXP 	Two: autoDraw = True
158.9780 	EXP 	Two: autoDraw = False
158.9780 	EXP 	One: autoDraw = True
160.0995 	EXP 	One: autoDraw = False
160.0995 	EXP 	Three: autoDraw = False
160.0995 	EXP 	Two: autoDraw = False
160.0995 	EXP 	One: autoDraw = False
160.0995 	EXP 	neutralVideoClip: autoDraw = True
221.9440 	EXP 	New trial (rep=0, index=1): {'mainIndex': 1, 'stim': 'videos\\2 happy\\scooby.mp4', 'emotion': 'happy', 'neutralvideo': 'neutral_videos\\2BlowingLeafs (2).mp4'}
221.9468 	EXP 	neutralVideoClip: autoDraw = False
221.9468 	EXP 	Three: autoDraw = True
222.9579 	EXP 	Three: autoDraw = False
222.9579 	EXP 	Two: autoDraw = True
223.9587 	EXP 	Two: autoDraw = False
223.9587 	EXP 	One: autoDraw = True
225.2541 	EXP 	One: autoDraw = False
225.2541 	EXP 	Three: autoDraw = False
225.2541 	EXP 	Two: autoDraw = False
225.2541 	EXP 	One: autoDraw = False
225.2541 	EXP 	stimclip: autoDraw = True
285.2672 	EXP 	stimclip: autoDraw = False
285.2672 	EXP 	agree: markerPos = None
285.2672 	EXP 	agree: markerPos = None
285.2672 	EXP 	text: height = 60.0
285.2672 	EXP 	text: height = 60.0
285.2672 	EXP 	text: height = 60.0
285.2672 	EXP 	text: text = 'I feel happy'
285.2672 	EXP 	agree: autoDraw = True
285.2672 	EXP 	text: autoDraw = True
290.7759 	DATA 	Mouse: Left button down, pos=(838,419)
290.7931 	EXP 	agree: markerPos = 2.9944055944055945
290.8087 	EXP 	agree: markerPos = 2.9944055944055945
290.8251 	EXP 	agree: markerPos = 2.9944055944055945
290.8417 	EXP 	agree: markerPos = 2.9944055944055945
290.8581 	EXP 	agree: markerPos = 2.9944055944055945
290.8757 	EXP 	agree: markerPos = 2.9944055944055945
290.8862 	DATA 	Mouse:  Left button up, pos=(838,419)
290.8918 	EXP 	agree: markerPos = 2.9944055944055945
290.9083 	EXP 	agree: markerPos = 3.0
290.9247 	EXP 	agree: autoDraw = False
290.9247 	EXP 	text: autoDraw = False
290.9247 	EXP 	Three: autoDraw = True
291.9253 	EXP 	Three: autoDraw = False
291.9253 	EXP 	Two: autoDraw = True
292.9261 	EXP 	Two: autoDraw = False
292.9261 	EXP 	One: autoDraw = True
294.2244 	EXP 	One: autoDraw = False
294.2244 	EXP 	Three: autoDraw = False
294.2244 	EXP 	Two: autoDraw = False
294.2244 	EXP 	One: autoDraw = False
294.2244 	EXP 	neutralVideoClip: autoDraw = True
356.0720 	EXP 	New trial (rep=0, index=2): {'mainIndex': 2, 'stim': 'videos\\3 motivated\\motivationalAuthor.mp4', 'emotion': 'motivated', 'neutralvideo': 'neutral_videos\\3BlowingLeafs.mp4'}
356.0746 	EXP 	neutralVideoClip: autoDraw = False
356.0746 	EXP 	Three: autoDraw = True
357.0730 	EXP 	Two: autoDraw = True
357.0897 	EXP 	Three: autoDraw = False
358.0739 	EXP 	Two: autoDraw = False
358.0739 	EXP 	One: autoDraw = True
359.3837 	EXP 	One: autoDraw = False
359.3837 	EXP 	Three: autoDraw = False
359.3837 	EXP 	Two: autoDraw = False
359.3837 	EXP 	One: autoDraw = False
359.3837 	EXP 	stimclip: autoDraw = True
427.4537 	EXP 	stimclip: autoDraw = False
427.4537 	EXP 	agree: markerPos = None
427.4537 	EXP 	agree: markerPos = None
427.4537 	EXP 	text: height = 60.0
427.4537 	EXP 	text: height = 60.0
427.4537 	EXP 	text: height = 60.0
427.4537 	EXP 	text: text = 'I feel motivated'
427.4537 	EXP 	agree: autoDraw = True
427.4537 	EXP 	text: autoDraw = True
431.2616 	DATA 	Mouse: Left button down, pos=(1215,421)
431.2777 	EXP 	agree: markerPos = 4.048951048951049
431.2946 	EXP 	agree: markerPos = 4.048951048951049
431.3109 	EXP 	agree: markerPos = 4.048951048951049
431.3277 	EXP 	agree: markerPos = 4.048951048951049
431.3443 	EXP 	agree: markerPos = 4.048951048951049
431.3552 	DATA 	Mouse:  Left button up, pos=(1215,421)
431.3609 	EXP 	agree: markerPos = 4.048951048951049
431.3780 	EXP 	agree: markerPos = 4.0
431.3944 	EXP 	agree: autoDraw = False
431.3944 	EXP 	text: autoDraw = False
431.3944 	EXP 	Three: autoDraw = True
432.3953 	EXP 	Three: autoDraw = False
432.3953 	EXP 	Two: autoDraw = True
433.3837 	EXP 	One: autoDraw = True
433.4004 	EXP 	Two: autoDraw = False
434.6840 	EXP 	One: autoDraw = False
434.6840 	EXP 	Three: autoDraw = False
434.6840 	EXP 	Two: autoDraw = False
434.6840 	EXP 	One: autoDraw = False
434.6840 	EXP 	neutralVideoClip: autoDraw = True
496.5638 	EXP 	New trial (rep=0, index=3): {'mainIndex': 3, 'stim': 'videos\\4 relaxed\\3 general\\asmr.mkv', 'emotion': 'relaxed', 'neutralvideo': 'neutral_videos\\4BlowingLeafs.mp4'}
496.5664 	EXP 	neutralVideoClip: autoDraw = False
496.5664 	EXP 	Three: autoDraw = True
497.5768 	EXP 	Three: autoDraw = False
497.5768 	EXP 	Two: autoDraw = True
498.5781 	EXP 	Two: autoDraw = False
498.5781 	EXP 	One: autoDraw = True
499.8845 	EXP 	Three: autoDraw = False
499.8845 	EXP 	Two: autoDraw = False
499.8845 	EXP 	One: autoDraw = False
499.8845 	EXP 	stimclip: autoDraw = True
560.0390 	EXP 	stimclip: autoDraw = False
560.0390 	EXP 	agree: markerPos = None
560.0390 	EXP 	agree: markerPos = None
560.0390 	EXP 	text: height = 60.0
560.0390 	EXP 	text: height = 60.0
560.0390 	EXP 	text: height = 60.0
560.0390 	EXP 	text: text = 'I feel relaxed'
560.0390 	EXP 	agree: autoDraw = True
560.0390 	EXP 	text: autoDraw = True
565.4145 	DATA 	Mouse: Left button down, pos=(840,409)
565.4300 	EXP 	agree: markerPos = 3.0
565.4494 	EXP 	agree: markerPos = 3.0
565.4681 	EXP 	agree: markerPos = 3.0
565.4849 	EXP 	agree: markerPos = 3.0
565.5019 	EXP 	agree: markerPos = 3.0
565.5184 	EXP 	agree: markerPos = 3.0
565.5348 	EXP 	agree: markerPos = 3.0
565.5451 	DATA 	Mouse:  Left button up, pos=(834,401)
565.5515 	EXP 	agree: markerPos = 2.986013986013986
565.5675 	EXP 	agree: markerPos = 3.0
565.5812 	EXP 	agree: autoDraw = False
565.5812 	EXP 	text: autoDraw = False
565.5812 	EXP 	Three: autoDraw = True
566.5812 	EXP 	Three: autoDraw = False
566.5812 	EXP 	Two: autoDraw = True
567.5802 	EXP 	Two: autoDraw = False
567.5802 	EXP 	One: autoDraw = True
568.8779 	EXP 	One: autoDraw = False
568.8779 	EXP 	Three: autoDraw = False
568.8779 	EXP 	Two: autoDraw = False
568.8779 	EXP 	One: autoDraw = False
568.8779 	EXP 	neutralVideoClip: autoDraw = True
630.8592 	EXP 	New trial (rep=0, index=4): {'mainIndex': 4, 'stim': 'videos\\5 sad\\3 general\\ChampDeath.mp4', 'emotion': 'sad', 'neutralvideo': 'neutral_videos\\5BlowingLeafs.mp4'}
630.8617 	EXP 	neutralVideoClip: autoDraw = False
630.8617 	EXP 	Three: autoDraw = True
631.8586 	EXP 	Two: autoDraw = True
631.8751 	EXP 	Three: autoDraw = False
632.8592 	EXP 	Two: autoDraw = False
632.8592 	EXP 	One: autoDraw = True
634.1347 	EXP 	One: autoDraw = False
634.1347 	EXP 	Three: autoDraw = False
634.1347 	EXP 	Two: autoDraw = False
634.1347 	EXP 	One: autoDraw = False
634.1347 	EXP 	stimclip: autoDraw = True
697.9394 	EXP 	stimclip: autoDraw = False
697.9394 	EXP 	agree: markerPos = None
697.9394 	EXP 	agree: markerPos = None
697.9394 	EXP 	text: height = 60.0
697.9394 	EXP 	text: height = 60.0
697.9394 	EXP 	text: height = 60.0
697.9394 	EXP 	text: text = 'I feel sad'
697.9394 	EXP 	agree: autoDraw = True
697.9394 	EXP 	text: autoDraw = True
701.9338 	DATA 	Mouse: Left button down, pos=(1189,398)
701.9599 	EXP 	agree: markerPos = 3.976223776223776
701.9768 	EXP 	agree: markerPos = 3.976223776223776
701.9773 	DATA 	Mouse:  Left button up, pos=(1189,398)
701.9933 	EXP 	agree: markerPos = 4.0
702.0099 	EXP 	agree: autoDraw = False
702.0099 	EXP 	text: autoDraw = False
702.0099 	EXP 	Three: autoDraw = True
702.0113 	DATA 	Mouse: Left button down, pos=(1189,398)
702.0283 	DATA 	Mouse:  Left button up, pos=(1189,398)
703.0110 	EXP 	Three: autoDraw = False
703.0110 	EXP 	Two: autoDraw = True
704.0117 	EXP 	Two: autoDraw = False
704.0117 	EXP 	One: autoDraw = True
705.3074 	EXP 	One: autoDraw = False
705.3074 	EXP 	Three: autoDraw = False
705.3074 	EXP 	Two: autoDraw = False
705.3074 	EXP 	One: autoDraw = False
705.3074 	EXP 	neutralVideoClip: autoDraw = True
767.3886 	EXP 	New trial (rep=0, index=5): {'mainIndex': 5, 'stim': 'videos\\6 horror\\conjuring.mp4', 'emotion': 'horror', 'neutralvideo': 'neutral_videos\\6BlowingLeafs.mp4'}
767.3914 	EXP 	neutralVideoClip: autoDraw = False
767.3914 	EXP 	Three: autoDraw = True
768.3922 	EXP 	Three: autoDraw = False
768.3922 	EXP 	Two: autoDraw = True
769.3930 	EXP 	Two: autoDraw = False
769.3930 	EXP 	One: autoDraw = True
770.6894 	EXP 	One: autoDraw = False
770.6894 	EXP 	Three: autoDraw = False
770.6894 	EXP 	Two: autoDraw = False
770.6894 	EXP 	One: autoDraw = False
770.6894 	EXP 	stimclip: autoDraw = True
835.5976 	EXP 	stimclip: autoDraw = False
835.5976 	EXP 	agree: markerPos = None
835.5976 	EXP 	agree: markerPos = None
835.5976 	EXP 	text: height = 60.0
835.5976 	EXP 	text: height = 60.0
835.5976 	EXP 	text: height = 60.0
835.5976 	EXP 	text: text = 'I feel horror'
835.5976 	EXP 	agree: autoDraw = True
835.5976 	EXP 	text: autoDraw = True
840.3872 	DATA 	Mouse: Left button down, pos=(1189,426)
840.4118 	EXP 	agree: markerPos = 3.976223776223776
840.4285 	EXP 	agree: markerPos = 3.976223776223776
840.4452 	EXP 	agree: markerPos = 3.976223776223776
840.4618 	EXP 	agree: markerPos = 3.976223776223776
840.4789 	EXP 	agree: markerPos = 3.976223776223776
840.4798 	DATA 	Mouse:  Left button up, pos=(1189,426)
840.4952 	EXP 	agree: markerPos = 4.0
840.5119 	EXP 	agree: autoDraw = False
840.5119 	EXP 	text: autoDraw = False
840.5119 	EXP 	Three: autoDraw = True
841.5132 	EXP 	Three: autoDraw = False
841.5132 	EXP 	Two: autoDraw = True
842.5137 	EXP 	Two: autoDraw = False
842.5137 	EXP 	One: autoDraw = True
843.8099 	EXP 	One: autoDraw = False
843.8099 	EXP 	Three: autoDraw = False
843.8099 	EXP 	Two: autoDraw = False
843.8099 	EXP 	One: autoDraw = False
843.8099 	EXP 	neutralVideoClip: autoDraw = True
905.7893 	EXP 	New trial (rep=0, index=6): {'mainIndex': 6, 'stim': 'videos\\7 disgusted\\trainspotting.mp4', 'emotion': 'disgusted', 'neutralvideo': 'neutral_videos\\7BlowingLeafs.mp4'}
905.7922 	EXP 	neutralVideoClip: autoDraw = False
905.7922 	EXP 	Three: autoDraw = True
906.7942 	EXP 	Three: autoDraw = False
906.7942 	EXP 	Two: autoDraw = True
907.7948 	EXP 	Two: autoDraw = False
907.7948 	EXP 	One: autoDraw = True
909.0906 	EXP 	One: autoDraw = False
909.0906 	EXP 	Three: autoDraw = False
909.0906 	EXP 	Two: autoDraw = False
909.0906 	EXP 	One: autoDraw = False
909.0906 	EXP 	stimclip: autoDraw = True
969.3181 	EXP 	stimclip: autoDraw = False
969.3181 	EXP 	agree: markerPos = None
969.3181 	EXP 	agree: markerPos = None
969.3181 	EXP 	text: height = 60.0
969.3181 	EXP 	text: height = 60.0
969.3181 	EXP 	text: height = 60.0
969.3181 	EXP 	text: text = 'I feel disgusted'
969.3181 	EXP 	agree: autoDraw = True
969.3181 	EXP 	text: autoDraw = True
972.4927 	DATA 	Mouse: Left button down, pos=(1192,436)
972.5088 	EXP 	agree: markerPos = 3.9846153846153847
972.5254 	EXP 	agree: markerPos = 3.9846153846153847
972.5425 	EXP 	agree: markerPos = 3.9846153846153847
972.5588 	EXP 	agree: markerPos = 3.9846153846153847
972.5690 	DATA 	Mouse:  Left button up, pos=(1192,436)
972.5755 	EXP 	agree: markerPos = 3.9846153846153847
972.5925 	EXP 	agree: markerPos = 4.0
972.6089 	EXP 	agree: autoDraw = False
972.6089 	EXP 	text: autoDraw = False
972.6089 	EXP 	Three: autoDraw = True
973.6096 	EXP 	Three: autoDraw = False
973.6096 	EXP 	Two: autoDraw = True
974.6108 	EXP 	Two: autoDraw = False
974.6108 	EXP 	One: autoDraw = True
975.8912 	EXP 	One: autoDraw = False
975.8912 	EXP 	Three: autoDraw = False
975.8912 	EXP 	Two: autoDraw = False
975.8912 	EXP 	One: autoDraw = False
975.8912 	EXP 	neutralVideoClip: autoDraw = True
1037.7349 	EXP 	New trial (rep=0, index=7): {'mainIndex': 7, 'stim': 'videos\\8 angry\\2 general\\thepiano.mp4', 'emotion': 'angry', 'neutralvideo': 'neutral_videos\\8BlowingLeafs.mp4'}
1037.7375 	EXP 	neutralVideoClip: autoDraw = False
1037.7375 	EXP 	Three: autoDraw = True
1038.7411 	EXP 	Three: autoDraw = False
1038.7411 	EXP 	Two: autoDraw = True
1039.7418 	EXP 	Two: autoDraw = False
1039.7418 	EXP 	One: autoDraw = True
1041.1175 	EXP 	One: autoDraw = False
1041.1175 	EXP 	Three: autoDraw = False
1041.1175 	EXP 	Two: autoDraw = False
1041.1175 	EXP 	One: autoDraw = False
1041.1175 	EXP 	stimclip: autoDraw = True
1086.2014 	EXP 	stimclip: autoDraw = False
1086.2014 	EXP 	agree: markerPos = None
1086.2014 	EXP 	agree: markerPos = None
1086.2014 	EXP 	text: height = 60.0
1086.2014 	EXP 	text: height = 60.0
1086.2014 	EXP 	text: height = 60.0
1086.2014 	EXP 	text: text = 'I feel angry'
1086.2014 	EXP 	agree: autoDraw = True
1086.2014 	EXP 	text: autoDraw = True
1091.4802 	DATA 	Mouse: Left button down, pos=(840,434)
1091.4962 	EXP 	agree: markerPos = 3.0
1091.5062 	DATA 	Mouse:  Left button up, pos=(840,434)
1091.5129 	EXP 	agree: markerPos = 3.0
1091.5295 	EXP 	agree: markerPos = 3.0
1091.5463 	EXP 	agree: autoDraw = False
1091.5463 	EXP 	text: autoDraw = False
1091.5463 	EXP 	Three: autoDraw = True
1092.5471 	EXP 	Three: autoDraw = False
1092.5471 	EXP 	Two: autoDraw = True
1093.5330 	EXP 	One: autoDraw = True
1093.5496 	EXP 	Two: autoDraw = False
1094.7909 	EXP 	One: autoDraw = False
1094.7909 	EXP 	Three: autoDraw = False
1094.7909 	EXP 	Two: autoDraw = False
1094.7909 	EXP 	One: autoDraw = False
1094.7909 	EXP 	neutralVideoClip: autoDraw = True
1103.3852 	EXP 	neutralVideoClip: autoDraw = False
1103.3853 	EXP 	emotionRecognition: status = STOPPED
1103.5343 	EXP 	window1: mouseVisible = True
