346.6911 	EXP 	Created window1 = Window(allowGUI=True, allowStencil=False, autoLog=True, backendConf=UNKNOWN, backgroundFit=<method-wrapper '__getattribute__' of attributeSetter object at 0x0000020A3D592C40>, backgroundImage=<method-wrapper '__getattribute__' of attributeSetter object at 0x0000020A3D592BE0>, bitsMode=UNKNOWN, blendMode='avg', bpc=(8, 8, 8), color=array([0, 0, 0]), colorSpace='rgb', depthBits=8, fullscr=<method-wrapper '__getattribute__' of attributeSetter object at 0x0000020A3D592A30>, gamma=None, gammaErrorPolicy='raise', lms=UNKNOWN, monitor=<psychopy.monitors.calibTools.Monitor object at 0x0000020A1EC43DF0>, multiSample=False, name='window1', numSamples=2, pos=(1920, 33), screen=0, size=array([1680, 1050]), stencilBits=0, stereo=False, title='PsychoPy', units='pix', useFBO=True, useRetina=False, viewOri=0.0, viewPos=None, viewScale=None, waitBlanking=True, winType='pyglet')
346.6911 	EXP 	window1: mouseVisible = True
346.6912 	EXP 	window1: backgroundImage = ''
346.6912 	EXP 	window1: backgroundFit = 'none'
346.6926 	EXP 	window1: Attempting to measure frame rate of screen (0) ...
346.6926 	EXP 	window1: recordFrameIntervals = False
346.8575 	EXP 	window1: recordFrameIntervals = True
347.0413 	EXP 	Screen (0) actual frame rate measured at 59.91Hz
347.0414 	EXP 	window1: recordFrameIntervals = False
347.0414 	EXP 	window1: mouseVisible = False
349.9156 	EXP 	emotionRecognition: status = STARTED
349.9531 	EXP 	window1: mouseVisible = True
350.0380 	EXP 	Created instructions = TextStim(__class__=<class 'psychopy.visual.text.TextStim'>, alignHoriz=method-wrapper(...), alignText='center', alignVert=method-wrapper(...), anchorHoriz='center', anchorVert='center', antialias=True, autoDraw=False, autoLog=True, bold=False, color=array([1., 1., 1.]), colorSpace='rgb', contrast=1.0, depth=0.0, draggable=False, flipHoriz=False, flipVert=False, font='Arial', fontFiles=[], height=40.0, italic=False, languageStyle='LTR', name='instructions', opacity=1.0, ori=0.0, pos=array([  0., 420.]), rgb=UNKNOWN, text=str(...), units='pix', win=Window(...), wrapWidth=1120.0)
350.0381 	EXP 	window1: mouseVisible = True
350.0404 	EXP 	Created option1Text = TextStim(__class__=<class 'psychopy.visual.text.TextStim'>, alignHoriz=method-wrapper(...), alignText='center', alignVert=method-wrapper(...), anchorHoriz='center', anchorVert='center', antialias=True, autoDraw=False, autoLog=True, bold=False, color=array([1., 1., 1.]), colorSpace='rgb', contrast=1.0, depth=-1.0, draggable=False, flipHoriz=False, flipVert=False, font='Open Sans', fontFiles=[], height=40.0, italic=False, languageStyle='LTR', name='option1Text', opacity=1.0, ori=0.0, pos=array([-560., -300.]), rgb=UNKNOWN, text='', units='pix', win=Window(...), wrapWidth=500)
350.0405 	EXP 	window1: mouseVisible = True
350.0552 	EXP 	Created option1Image = ImageStim(__class__=<class 'psychopy.visual.image.ImageStim'>, anchor=('center', 'center'), autoLog=True, color=array([1., 1., 1.]), colorSpace='rgb', contrast=1.0, depth=-2.0, draggable=False, flipHoriz=False, flipVert=False, image='default.png', interpolate=True, mask=None, maskParams=None, name='option1Image', opacity=1.0, ori=0.0, pos=array([-560.,    0.]), size=array([336., 336.]), texRes=128.0, units='pix', win=Window(...))
350.0554 	EXP 	window1: mouseVisible = True
350.0564 	EXP 	Created option2Text = TextStim(__class__=<class 'psychopy.visual.text.TextStim'>, alignHoriz=method-wrapper(...), alignText='center', alignVert=method-wrapper(...), anchorHoriz='center', anchorVert='center', antialias=True, autoDraw=False, autoLog=True, bold=False, color=array([1., 1., 1.]), colorSpace='rgb', contrast=1.0, depth=-3.0, draggable=False, flipHoriz=False, flipVert=False, font='Open Sans', fontFiles=[], height=40.0, italic=False, languageStyle='LTR', name='option2Text', opacity=1.0, ori=0.0, pos=array([   0., -300.]), rgb=UNKNOWN, text='', units='pix', win=Window(...), wrapWidth=500)
350.0565 	EXP 	window1: mouseVisible = True
350.0702 	EXP 	Created option2Image = ImageStim(__class__=<class 'psychopy.visual.image.ImageStim'>, anchor=('center', 'center'), autoLog=True, color=array([1., 1., 1.]), colorSpace='rgb', contrast=1.0, depth=-4.0, draggable=False, flipHoriz=False, flipVert=False, image='default.png', interpolate=True, mask=None, maskParams=None, name='option2Image', opacity=1.0, ori=0.0, pos=array([0., 0.]), size=array([336., 336.]), texRes=128.0, units='pix', win=Window(...))
350.0703 	EXP 	window1: mouseVisible = True
350.0714 	EXP 	Created option3Text = TextStim(__class__=<class 'psychopy.visual.text.TextStim'>, alignHoriz=method-wrapper(...), alignText='center', alignVert=method-wrapper(...), anchorHoriz='center', anchorVert='center', antialias=True, autoDraw=False, autoLog=True, bold=False, color=array([1., 1., 1.]), colorSpace='rgb', contrast=1.0, depth=-5.0, draggable=False, flipHoriz=False, flipVert=False, font='Open Sans', fontFiles=[], height=40.0, italic=False, languageStyle='LTR', name='option3Text', opacity=1.0, ori=0.0, pos=array([ 560., -300.]), rgb=UNKNOWN, text='', units='pix', win=Window(...), wrapWidth=500)
350.0714 	EXP 	window1: mouseVisible = True
350.0855 	EXP 	Created option3Image = ImageStim(__class__=<class 'psychopy.visual.image.ImageStim'>, anchor=('center', 'center'), autoLog=True, color=array([1., 1., 1.]), colorSpace='rgb', contrast=1.0, depth=-6.0, draggable=False, flipHoriz=False, flipVert=False, image='default.png', interpolate=True, mask=None, maskParams=None, name='option3Image', opacity=1.0, ori=0.0, pos=array([560.,   0.]), size=array([336., 336.]), texRes=128.0, units='pix', win=Window(...))
350.0856 	EXP 	window1: mouseVisible = True
350.0856 	EXP 	window1: mouseVisible = True
350.0857 	EXP 	window1: mouseVisible = True
351.3443 	EXP 	window1: mouseVisible = True
351.3613 	EXP 	Created text_click_to_continue = TextStim(__class__=<class 'psychopy.visual.text.TextStim'>, alignHoriz=method-wrapper(...), alignText='center', alignVert=method-wrapper(...), anchorHoriz='center', anchorVert='center', antialias=True, autoDraw=False, autoLog=True, bold=False, color=array([1., 1., 1.]), colorSpace='rgb', contrast=1.0, depth=0.0, draggable=False, flipHoriz=False, flipVert=False, font='Open Sans', fontFiles=[], height=60.0, italic=False, languageStyle='LTR', name='text_click_to_continue', opacity=1.0, ori=0.0, pos=array([0., 0.]), rgb=UNKNOWN, text='Click anywhere to continue', units='pix', win=Window(...), wrapWidth=1500.0)
351.3614 	EXP 	window1: mouseVisible = True
351.3616 	EXP 	window1: mouseVisible = True
351.3734 	EXP 	Created Three = TextStim(__class__=<class 'psychopy.visual.text.TextStim'>, alignHoriz=method-wrapper(...), alignText='center', alignVert=method-wrapper(...), anchorHoriz='center', anchorVert='center', antialias=True, autoDraw=False, autoLog=True, bold=False, color=array([1., 1., 1.]), colorSpace='rgb', contrast=1.0, depth=0.0, draggable=False, flipHoriz=False, flipVert=False, font='Open Sans', fontFiles=[], height=180.0, italic=False, languageStyle='LTR', name='Three', opacity=1.0, ori=0.0, pos=array([0., 0.]), rgb=UNKNOWN, text='3', units='pix', win=Window(...), wrapWidth=500)
351.3735 	EXP 	window1: mouseVisible = True
351.3783 	EXP 	Created Two = TextStim(__class__=<class 'psychopy.visual.text.TextStim'>, alignHoriz=method-wrapper(...), alignText='center', alignVert=method-wrapper(...), anchorHoriz='center', anchorVert='center', antialias=True, autoDraw=False, autoLog=True, bold=False, color=array([1., 1., 1.]), colorSpace='rgb', contrast=1.0, depth=-1.0, draggable=False, flipHoriz=False, flipVert=False, font='Open Sans', fontFiles=[], height=180.0, italic=False, languageStyle='LTR', name='Two', opacity=1.0, ori=0.0, pos=array([0., 0.]), rgb=UNKNOWN, text='2', units='pix', win=Window(...), wrapWidth=500)
351.3784 	EXP 	window1: mouseVisible = True
351.3825 	EXP 	Created One = TextStim(__class__=<class 'psychopy.visual.text.TextStim'>, alignHoriz=method-wrapper(...), alignText='center', alignVert=method-wrapper(...), anchorHoriz='center', anchorVert='center', antialias=True, autoDraw=False, autoLog=True, bold=False, color=array([1., 1., 1.]), colorSpace='rgb', contrast=1.0, depth=-2.0, draggable=False, flipHoriz=False, flipVert=False, font='Open Sans', fontFiles=[], height=180.0, italic=False, languageStyle='LTR', name='One', opacity=1.0, ori=0.0, pos=array([0., 0.]), rgb=UNKNOWN, text='1', units='pix', win=Window(...), wrapWidth=500)
351.3826 	EXP 	window1: mouseVisible = True
351.3829 	EXP 	window1: mouseVisible = True
351.3905 	EXP 	window1: mouseVisible = True
351.3909 	EXP 	window1: mouseVisible = True
351.3941 	EXP 	window1: mouseVisible = True
351.3942 	EXP 	window1: mouseVisible = True
351.3948 	EXP 	window1: mouseVisible = True
351.3953 	EXP 	window1: mouseVisible = True
351.4344 	EXP 	window1: mouseVisible = True
351.4345 	EXP 	window1: mouseVisible = True
351.4350 	EXP 	window1: mouseVisible = True
351.4355 	EXP 	window1: mouseVisible = True
351.4581 	EXP 	window1: mouseVisible = True
351.4583 	EXP 	window1: mouseVisible = True
351.4587 	EXP 	window1: mouseVisible = True
351.4591 	EXP 	window1: mouseVisible = True
351.4770 	EXP 	window1: mouseVisible = True
351.4772 	EXP 	window1: mouseVisible = True
351.4776 	EXP 	window1: mouseVisible = True
351.4781 	EXP 	window1: mouseVisible = True
351.4813 	EXP 	window1: mouseVisible = True
351.4814 	EXP 	window1: mouseVisible = True
351.4819 	EXP 	window1: mouseVisible = True
351.4825 	EXP 	window1: mouseVisible = True
351.4920 	EXP 	window1: mouseVisible = True
351.4922 	EXP 	window1: mouseVisible = True
351.4926 	EXP 	window1: mouseVisible = True
351.4930 	EXP 	window1: mouseVisible = True
351.4961 	EXP 	window1: mouseVisible = True
351.4962 	EXP 	window1: mouseVisible = True
351.4966 	EXP 	window1: mouseVisible = True
351.4970 	EXP 	window1: mouseVisible = True
351.5047 	EXP 	window1: mouseVisible = True
351.5048 	EXP 	window1: mouseVisible = True
351.5054 	EXP 	window1: mouseVisible = True
351.5058 	EXP 	window1: mouseVisible = True
351.5091 	EXP 	window1: mouseVisible = True
351.5092 	EXP 	window1: mouseVisible = True
351.5097 	EXP 	window1: mouseVisible = True
351.5101 	EXP 	window1: mouseVisible = True
351.5144 	EXP 	window1: mouseVisible = True
351.5146 	EXP 	window1: mouseVisible = True
351.5151 	EXP 	window1: mouseVisible = True
351.5155 	EXP 	window1: mouseVisible = True
351.5198 	EXP 	window1: mouseVisible = True
351.5220 	EXP 	window1: mouseVisible = True
351.5641 	EXP 	Created agree = Slider(__class__=<class 'psychopy.visual.slider.Slider'>, autoDraw=False, autoLog=True, borderColor=None, color=None, colorSpace='rgb', depth=-1, fillColor=None, flip=False, font='Open Sans', granularity=1.0, labelColor=None, labelHeight=25.0, labelWrapWidth=None, labels=tuple(...), lineColor=None, markerColor=None, name='agree', opacity=None, ori=0.0, pos=array([   0., -100.]), readOnly=False, self=UNKNOWN, size=array([1430.,   50.]), startValue=None, style='rating', styleTweaks=[], ticks=array([1, 2, 3, 4, 5]), units='pix', win=Window(...))
351.5642 	EXP 	window1: mouseVisible = True
351.5653 	EXP 	Created text = TextStim(__class__=<class 'psychopy.visual.text.TextStim'>, alignHoriz=method-wrapper(...), alignText='center', alignVert=method-wrapper(...), anchorHoriz='center', anchorVert='center', antialias=True, autoDraw=False, autoLog=True, bold=False, color=array([1., 1., 1.]), colorSpace='rgb', contrast=1.0, depth=-2.0, draggable=False, flipHoriz=False, flipVert=False, font='Open Sans', fontFiles=[], height=60.0, italic=False, languageStyle='LTR', name='text', opacity=1.0, ori=0.0, pos=array([  0., 300.]), rgb=UNKNOWN, text='', units='pix', win=Window(...), wrapWidth=1480)
351.5654 	EXP 	window1: mouseVisible = True
351.5684 	EXP 	Created Three = TextStim(__class__=<class 'psychopy.visual.text.TextStim'>, alignHoriz=method-wrapper(...), alignText='center', alignVert=method-wrapper(...), anchorHoriz='center', anchorVert='center', antialias=True, autoDraw=False, autoLog=True, bold=False, color=array([1., 1., 1.]), colorSpace='rgb', contrast=1.0, depth=0.0, draggable=False, flipHoriz=False, flipVert=False, font='Open Sans', fontFiles=[], height=180.0, italic=False, languageStyle='LTR', name='Three', opacity=1.0, ori=0.0, pos=array([0., 0.]), rgb=UNKNOWN, text='3', units='pix', win=Window(...), wrapWidth=500)
351.5686 	EXP 	window1: mouseVisible = True
351.5710 	EXP 	Created Two = TextStim(__class__=<class 'psychopy.visual.text.TextStim'>, alignHoriz=method-wrapper(...), alignText='center', alignVert=method-wrapper(...), anchorHoriz='center', anchorVert='center', antialias=True, autoDraw=False, autoLog=True, bold=False, color=array([1., 1., 1.]), colorSpace='rgb', contrast=1.0, depth=-1.0, draggable=False, flipHoriz=False, flipVert=False, font='Open Sans', fontFiles=[], height=180.0, italic=False, languageStyle='LTR', name='Two', opacity=1.0, ori=0.0, pos=array([0., 0.]), rgb=UNKNOWN, text='2', units='pix', win=Window(...), wrapWidth=500)
351.5713 	EXP 	window1: mouseVisible = True
351.5738 	EXP 	Created One = TextStim(__class__=<class 'psychopy.visual.text.TextStim'>, alignHoriz=method-wrapper(...), alignText='center', alignVert=method-wrapper(...), anchorHoriz='center', anchorVert='center', antialias=True, autoDraw=False, autoLog=True, bold=False, color=array([1., 1., 1.]), colorSpace='rgb', contrast=1.0, depth=-2.0, draggable=False, flipHoriz=False, flipVert=False, font='Open Sans', fontFiles=[], height=180.0, italic=False, languageStyle='LTR', name='One', opacity=1.0, ori=0.0, pos=array([0., 0.]), rgb=UNKNOWN, text='1', units='pix', win=Window(...), wrapWidth=500)
351.5740 	EXP 	window1: mouseVisible = True
351.5742 	EXP 	window1: mouseVisible = True
0.1059 	EXP 	movie: autoLog = True
0.1059 	EXP 	stimclip: autoLog = True
0.1059 	EXP 	agree: autoLog = True
0.1059 	EXP 	agree: styleTweaks = []
0.1059 	EXP 	agree: styleTweaks = []
0.1059 	EXP 	agree: styleTweaks = []
0.1059 	EXP 	agree: styleTweaks = []
0.1059 	EXP 	agree: contrast = 1.0
0.1059 	EXP 	agree: markerPos = None
0.1059 	EXP 	agree: autoLog = True
0.1059 	EXP 	neutralVideoClip: autoLog = True
0.1064 	EXP 	Created sequence: sequential, trialTypes=4, nReps=1, seed=None
0.1066 	EXP 	New trial (rep=0, index=0): {'mainIndex': 0, 'emotion': '1 excited', 'image1': 'videos\\1 excited\\1 motorsports\\motorsports.jpg', 'text1': 'motorsports', 'stimuli1': 'videos\\1 excited\\1 motorsports\\kenMiles.mp4', 'image2': 'videos\\1 excited\\2 sports\\sport.jpg', 'text2': 'sports', 'stimuli2': 'videos\\1 excited\\2 sports\\NBA.mp4', 'image3': 'videos\\1 excited\\3 general\\I am not sure.jpg', 'text3': 'general', 'stimuli3': 'videos\\1 excited\\3 general\\ratatChaseScene.mp4'}
0.2013 	EXP 	option1Text: height = 40.0
0.2013 	EXP 	option1Text: height = 40.0
0.2013 	EXP 	option1Text: height = 40.0
0.2013 	EXP 	option1Text: text = 'motorsports'
0.2013 	EXP 	option1Image: image = 'videos\\1 excited\\1 motorsports\\motorsports.jpg'
0.2013 	EXP 	option2Text: height = 40.0
0.2013 	EXP 	option2Text: height = 40.0
0.2013 	EXP 	option2Text: height = 40.0
0.2013 	EXP 	option2Text: text = 'sports'
0.2013 	EXP 	option2Image: image = 'videos\\1 excited\\2 sports\\sport.jpg'
0.2013 	EXP 	option3Text: height = 40.0
0.2013 	EXP 	option3Text: height = 40.0
0.2013 	EXP 	option3Text: height = 40.0
0.2013 	EXP 	option3Text: text = 'general'
0.2013 	EXP 	option3Image: image = 'videos\\1 excited\\3 general\\I am not sure.jpg'
0.2013 	EXP 	instructions: autoDraw = True
0.2013 	EXP 	option1Text: autoDraw = True
0.2013 	EXP 	option1Image: autoDraw = True
0.2013 	EXP 	option2Text: autoDraw = True
0.2013 	EXP 	option2Image: autoDraw = True
0.2013 	EXP 	option3Text: autoDraw = True
0.2013 	EXP 	option3Image: autoDraw = True
11.8640 	DATA 	Mouse: Left button down, pos=(792,466)
11.8659 	EXP 	New trial (rep=0, index=1): {'mainIndex': 3, 'emotion': '4 relaxed', 'image1': None, 'text1': 'meditation', 'stimuli1': 'videos\\4 relaxed\\1 meditation\\meditation.mp4', 'image2': None, 'text2': 'nature', 'stimuli2': 'videos\\4 relaxed\\2 nature\\waterfall.mp4', 'image3': None, 'text3': 'general', 'stimuli3': 'videos\\4 relaxed\\3 general\\asmr.mkv'}
11.8785 	EXP 	instructions: autoDraw = False
11.8785 	EXP 	option1Text: autoDraw = False
11.8785 	EXP 	option1Image: autoDraw = False
11.8785 	EXP 	option2Text: autoDraw = False
11.8785 	EXP 	option2Image: autoDraw = False
11.8785 	EXP 	option3Text: autoDraw = False
11.8785 	EXP 	option3Image: autoDraw = False
11.8785 	EXP 	option1Text: height = 40.0
11.8785 	EXP 	option1Text: height = 40.0
11.8785 	EXP 	option1Text: height = 40.0
11.8785 	EXP 	option1Text: text = 'meditation'
11.8785 	EXP 	option1Image: image = None
11.8785 	EXP 	option2Text: height = 40.0
11.8785 	EXP 	option2Text: height = 40.0
11.8785 	EXP 	option2Text: height = 40.0
11.8785 	EXP 	option2Text: text = 'nature'
11.8785 	EXP 	option2Image: image = None
11.8785 	EXP 	option3Text: text = 'general'
11.8785 	EXP 	option3Image: image = None
11.8785 	EXP 	instructions: autoDraw = True
11.8785 	EXP 	option1Text: autoDraw = True
11.8785 	EXP 	option1Image: autoDraw = True
11.8785 	EXP 	option2Text: autoDraw = True
11.8785 	EXP 	option2Image: autoDraw = True
11.8785 	EXP 	option3Text: autoDraw = True
11.8785 	EXP 	option3Image: autoDraw = True
11.8980 	DATA 	Mouse:  Left button up, pos=(793,466)
16.9351 	DATA 	Mouse: Left button down, pos=(833,512)
16.9516 	EXP 	New trial (rep=0, index=2): {'mainIndex': 4, 'emotion': '5 sad', 'image1': 'videos\\5 sad\\1 animals\\cutepets.jpg', 'text1': 'animals', 'stimuli1': 'videos\\5 sad\\1 animals\\saddogs.mp4', 'image2': 'videos\\5 sad\\2 babies\\baby.jpg', 'text2': 'babies', 'stimuli2': 'videos\\5 sad\\2 babies\\sadBaby1.mp4', 'image3': 'videos\\5 sad\\3 general\\notsure.jpg', 'text3': 'general', 'stimuli3': 'videos\\5 sad\\3 general\\ChampDeath.mp4'}
16.9989 	EXP 	instructions: autoDraw = False
16.9989 	EXP 	option1Text: autoDraw = False
16.9989 	EXP 	option1Image: autoDraw = False
16.9989 	EXP 	option2Text: autoDraw = False
16.9989 	EXP 	option2Image: autoDraw = False
16.9989 	EXP 	option3Text: autoDraw = False
16.9989 	EXP 	option3Image: autoDraw = False
16.9989 	EXP 	option1Text: height = 40.0
16.9989 	EXP 	option1Text: height = 40.0
16.9989 	EXP 	option1Text: height = 40.0
16.9989 	EXP 	option1Text: text = 'animals'
16.9989 	EXP 	option1Image: image = 'videos\\5 sad\\1 animals\\cutepets.jpg'
16.9989 	EXP 	option2Text: height = 40.0
16.9989 	EXP 	option2Text: height = 40.0
16.9989 	EXP 	option2Text: height = 40.0
16.9989 	EXP 	option2Text: text = 'babies'
16.9989 	EXP 	option2Image: image = 'videos\\5 sad\\2 babies\\baby.jpg'
16.9989 	EXP 	option3Text: text = 'general'
16.9989 	EXP 	option3Image: image = 'videos\\5 sad\\3 general\\notsure.jpg'
16.9989 	EXP 	instructions: autoDraw = True
16.9989 	EXP 	option1Text: autoDraw = True
16.9989 	EXP 	option1Image: autoDraw = True
16.9989 	EXP 	option2Text: autoDraw = True
16.9989 	EXP 	option2Image: autoDraw = True
16.9989 	EXP 	option3Text: autoDraw = True
16.9989 	EXP 	option3Image: autoDraw = True
17.0075 	DATA 	Mouse:  Left button up, pos=(833,512)
20.0185 	DATA 	Mouse: Left button down, pos=(368,524)
20.0204 	EXP 	New trial (rep=0, index=3): {'mainIndex': 7, 'emotion': '8 angry', 'image1': 'videos\\8 angry\\1 animals\\cutepets.jpg', 'text1': 'animals', 'stimuli1': 'videos\\8 angry\\1 animals\\angrydogs.mp4', 'image2': 'videos\\8 angry\\2 general\\notsure.jpg', 'text2': 'general', 'stimuli2': 'videos\\8 angry\\2 general\\thepiano.mp4', 'image3': None, 'text3': '', 'stimuli3': None}
20.0667 	DATA 	Mouse:  Left button up, pos=(368,524)
20.0715 	EXP 	instructions: autoDraw = False
20.0715 	EXP 	option1Text: autoDraw = False
20.0715 	EXP 	option1Image: autoDraw = False
20.0715 	EXP 	option2Text: autoDraw = False
20.0715 	EXP 	option2Image: autoDraw = False
20.0715 	EXP 	option3Text: autoDraw = False
20.0715 	EXP 	option3Image: autoDraw = False
20.0715 	EXP 	option1Text: text = 'animals'
20.0715 	EXP 	option1Image: image = 'videos\\8 angry\\1 animals\\cutepets.jpg'
20.0715 	EXP 	option2Text: height = 40.0
20.0715 	EXP 	option2Text: height = 40.0
20.0715 	EXP 	option2Text: height = 40.0
20.0715 	EXP 	option2Text: text = 'general'
20.0715 	EXP 	option2Image: image = 'videos\\8 angry\\2 general\\notsure.jpg'
20.0715 	EXP 	option3Text: height = 40.0
20.0715 	EXP 	option3Text: height = 40.0
20.0715 	EXP 	option3Text: height = 40.0
20.0715 	EXP 	option3Text: text = ''
20.0715 	EXP 	option3Image: image = None
20.0715 	EXP 	instructions: autoDraw = True
20.0715 	EXP 	option1Text: autoDraw = True
20.0715 	EXP 	option1Image: autoDraw = True
20.0715 	EXP 	option2Text: autoDraw = True
20.0715 	EXP 	option2Image: autoDraw = True
20.0715 	EXP 	option3Text: autoDraw = True
20.0715 	EXP 	option3Image: autoDraw = True
22.6367 	DATA 	Mouse: Left button down, pos=(150,563)
22.6575 	EXP 	instructions: autoDraw = False
22.6575 	EXP 	option1Text: autoDraw = False
22.6575 	EXP 	option1Image: autoDraw = False
22.6575 	EXP 	option2Text: autoDraw = False
22.6575 	EXP 	option2Image: autoDraw = False
22.6575 	EXP 	option3Text: autoDraw = False
22.6575 	EXP 	option3Image: autoDraw = False
22.6575 	EXP 	movie: autoDraw = True
22.7060 	DATA 	Mouse:  Left button up, pos=(151,563)
63.2285 	EXP 	movie: autoDraw = False
63.2285 	EXP 	text_click_to_continue: autoDraw = True
66.1686 	DATA 	Mouse: Left button down, pos=(731,502)
66.1694 	EXP 	Created sequence: sequential, trialTypes=8, nReps=1, seed=None
66.1695 	EXP 	New trial (rep=0, index=0): {'mainIndex': 0, 'stim': 'videos\\1 excited\\2 sports\\NBA.mp4', 'emotion': 'excited', 'neutralvideo': 'neutral_videos\\2BlowingLeafs (1).mp4'}
66.1849 	EXP 	text_click_to_continue: autoDraw = False
66.1849 	EXP 	Three: autoDraw = True
66.2703 	DATA 	Mouse:  Left button up, pos=(731,502)
67.1691 	EXP 	Two: autoDraw = True
67.1857 	EXP 	Three: autoDraw = False
68.1699 	EXP 	Two: autoDraw = False
68.1699 	EXP 	One: autoDraw = True
69.3232 	EXP 	One: autoDraw = False
69.3232 	EXP 	Three: autoDraw = False
69.3232 	EXP 	Two: autoDraw = False
69.3232 	EXP 	One: autoDraw = False
69.3232 	EXP 	stimclip: autoDraw = True
139.5154 	EXP 	stimclip: autoDraw = False
139.5154 	EXP 	agree: markerPos = None
139.5154 	EXP 	agree: markerPos = None
139.5154 	EXP 	text: height = 60.0
139.5154 	EXP 	text: height = 60.0
139.5154 	EXP 	text: height = 60.0
139.5154 	EXP 	text: text = 'I feel excited'
139.5154 	EXP 	agree: autoDraw = True
139.5154 	EXP 	text: autoDraw = True
149.7869 	DATA 	Mouse: Left button down, pos=(1553,423)
149.8130 	EXP 	agree: markerPos = 4.9944055944055945
149.8297 	EXP 	agree: markerPos = 4.9944055944055945
149.8464 	EXP 	agree: markerPos = 4.9944055944055945
149.8632 	EXP 	agree: markerPos = 4.9944055944055945
149.8738 	DATA 	Mouse:  Left button up, pos=(1553,423)
149.8798 	EXP 	agree: markerPos = 4.9944055944055945
149.8965 	EXP 	agree: markerPos = 5.0
149.9132 	EXP 	agree: autoDraw = False
149.9132 	EXP 	text: autoDraw = False
149.9132 	EXP 	Three: autoDraw = True
150.9140 	EXP 	Three: autoDraw = False
150.9140 	EXP 	Two: autoDraw = True
151.9147 	EXP 	Two: autoDraw = False
151.9147 	EXP 	One: autoDraw = True
153.0168 	EXP 	One: autoDraw = False
153.0168 	EXP 	Three: autoDraw = False
153.0168 	EXP 	Two: autoDraw = False
153.0168 	EXP 	One: autoDraw = False
153.0168 	EXP 	neutralVideoClip: autoDraw = True
215.0791 	EXP 	New trial (rep=0, index=1): {'mainIndex': 1, 'stim': 'videos\\2 happy\\scooby.mp4', 'emotion': 'happy', 'neutralvideo': 'neutral_videos\\2BlowingLeafs (2).mp4'}
215.0816 	EXP 	neutralVideoClip: autoDraw = False
215.0816 	EXP 	Three: autoDraw = True
216.0785 	EXP 	Two: autoDraw = True
216.0952 	EXP 	Three: autoDraw = False
217.0792 	EXP 	Two: autoDraw = False
217.0792 	EXP 	One: autoDraw = True
218.3656 	EXP 	One: autoDraw = False
218.3656 	EXP 	Three: autoDraw = False
218.3656 	EXP 	Two: autoDraw = False
218.3656 	EXP 	One: autoDraw = False
218.3656 	EXP 	stimclip: autoDraw = True
278.6162 	EXP 	stimclip: autoDraw = False
278.6162 	EXP 	agree: markerPos = None
278.6162 	EXP 	agree: markerPos = None
278.6162 	EXP 	text: height = 60.0
278.6162 	EXP 	text: height = 60.0
278.6162 	EXP 	text: height = 60.0
278.6162 	EXP 	text: text = 'I feel happy'
278.6162 	EXP 	agree: autoDraw = True
278.6162 	EXP 	text: autoDraw = True
283.8957 	DATA 	Mouse: Left button down, pos=(1191,429)
283.9117 	EXP 	agree: markerPos = 3.981818181818182
283.9286 	EXP 	agree: markerPos = 3.981818181818182
283.9449 	EXP 	agree: markerPos = 3.981818181818182
283.9617 	EXP 	agree: markerPos = 3.981818181818182
283.9783 	EXP 	agree: markerPos = 3.981818181818182
283.9895 	DATA 	Mouse:  Left button up, pos=(1191,429)
283.9951 	EXP 	agree: markerPos = 3.981818181818182
284.0118 	EXP 	agree: markerPos = 4.0
284.0284 	EXP 	agree: autoDraw = False
284.0284 	EXP 	text: autoDraw = False
284.0284 	EXP 	Three: autoDraw = True
285.0291 	EXP 	Three: autoDraw = False
285.0291 	EXP 	Two: autoDraw = True
286.0299 	EXP 	Two: autoDraw = False
286.0299 	EXP 	One: autoDraw = True
287.3001 	EXP 	One: autoDraw = False
287.3001 	EXP 	Three: autoDraw = False
287.3001 	EXP 	Two: autoDraw = False
287.3001 	EXP 	One: autoDraw = False
287.3001 	EXP 	neutralVideoClip: autoDraw = True
349.3983 	EXP 	New trial (rep=0, index=2): {'mainIndex': 2, 'stim': 'videos\\3 motivated\\motivationalAuthor.mp4', 'emotion': 'motivated', 'neutralvideo': 'neutral_videos\\3BlowingLeafs.mp4'}
349.4013 	EXP 	neutralVideoClip: autoDraw = False
349.4013 	EXP 	Three: autoDraw = True
350.4108 	EXP 	Three: autoDraw = False
350.4108 	EXP 	Two: autoDraw = True
351.4112 	EXP 	Two: autoDraw = False
351.4112 	EXP 	One: autoDraw = True
352.6904 	EXP 	One: autoDraw = False
352.6904 	EXP 	Three: autoDraw = False
352.6904 	EXP 	Two: autoDraw = False
352.6904 	EXP 	One: autoDraw = False
352.6904 	EXP 	stimclip: autoDraw = True
420.7752 	EXP 	stimclip: autoDraw = False
420.7752 	EXP 	agree: markerPos = None
420.7752 	EXP 	agree: markerPos = None
420.7752 	EXP 	text: height = 60.0
420.7752 	EXP 	text: height = 60.0
420.7752 	EXP 	text: height = 60.0
420.7752 	EXP 	text: text = 'I feel motivated'
420.7752 	EXP 	agree: autoDraw = True
420.7752 	EXP 	text: autoDraw = True
425.0158 	DATA 	Mouse: Left button down, pos=(1556,429)
425.0328 	EXP 	agree: markerPos = 5.002797202797202
425.0488 	EXP 	agree: markerPos = 5.002797202797202
425.0664 	EXP 	agree: markerPos = 5.002797202797202
425.0820 	EXP 	agree: markerPos = 5.002797202797202
425.0994 	EXP 	agree: markerPos = 5.002797202797202
425.1154 	EXP 	agree: markerPos = 5.002797202797202
425.1324 	EXP 	agree: markerPos = 5.002797202797202
425.1430 	DATA 	Mouse:  Left button up, pos=(1556,429)
425.1487 	EXP 	agree: markerPos = 5.002797202797202
425.1658 	EXP 	agree: markerPos = 5.0
425.1821 	EXP 	agree: autoDraw = False
425.1821 	EXP 	text: autoDraw = False
425.1821 	EXP 	Three: autoDraw = True
426.1829 	EXP 	Three: autoDraw = False
426.1829 	EXP 	Two: autoDraw = True
427.1837 	EXP 	Two: autoDraw = False
427.1837 	EXP 	One: autoDraw = True
428.4480 	EXP 	One: autoDraw = False
428.4480 	EXP 	Three: autoDraw = False
428.4480 	EXP 	Two: autoDraw = False
428.4480 	EXP 	One: autoDraw = False
428.4480 	EXP 	neutralVideoClip: autoDraw = True
490.5451 	EXP 	New trial (rep=0, index=3): {'mainIndex': 3, 'stim': 'videos\\4 relaxed\\2 nature\\waterfall.mp4', 'emotion': 'relaxed', 'neutralvideo': 'neutral_videos\\4BlowingLeafs.mp4'}
490.5476 	EXP 	neutralVideoClip: autoDraw = False
490.5476 	EXP 	Three: autoDraw = True
491.5475 	EXP 	Three: autoDraw = False
491.5475 	EXP 	Two: autoDraw = True
492.5484 	EXP 	Two: autoDraw = False
492.5484 	EXP 	One: autoDraw = True
493.8743 	EXP 	One: autoDraw = False
493.8743 	EXP 	Three: autoDraw = False
493.8743 	EXP 	Two: autoDraw = False
493.8743 	EXP 	One: autoDraw = False
493.8743 	EXP 	stimclip: autoDraw = True
554.3929 	EXP 	stimclip: autoDraw = False
554.3929 	EXP 	agree: markerPos = None
554.3929 	EXP 	agree: markerPos = None
554.3929 	EXP 	text: height = 60.0
554.3929 	EXP 	text: height = 60.0
554.3929 	EXP 	text: height = 60.0
554.3929 	EXP 	text: text = 'I feel relaxed'
554.3929 	EXP 	agree: autoDraw = True
554.3929 	EXP 	text: autoDraw = True
560.2221 	DATA 	Mouse: Left button down, pos=(1199,420)
560.2479 	EXP 	agree: markerPos = 4.004195804195804
560.2646 	EXP 	agree: markerPos = 4.004195804195804
560.2813 	EXP 	agree: markerPos = 4.004195804195804
560.2980 	EXP 	agree: markerPos = 4.004195804195804
560.3148 	EXP 	agree: markerPos = 4.004195804195804
560.3154 	DATA 	Mouse:  Left button up, pos=(1199,420)
560.3314 	EXP 	agree: markerPos = 4.0
560.3481 	EXP 	agree: autoDraw = False
560.3481 	EXP 	text: autoDraw = False
560.3481 	EXP 	Three: autoDraw = True
561.3488 	EXP 	Three: autoDraw = False
561.3488 	EXP 	Two: autoDraw = True
562.3495 	EXP 	Two: autoDraw = False
562.3495 	EXP 	One: autoDraw = True
563.6348 	EXP 	One: autoDraw = False
563.6348 	EXP 	Three: autoDraw = False
563.6348 	EXP 	Two: autoDraw = False
563.6348 	EXP 	One: autoDraw = False
563.6348 	EXP 	neutralVideoClip: autoDraw = True
625.6952 	EXP 	New trial (rep=0, index=4): {'mainIndex': 4, 'stim': 'videos\\5 sad\\1 animals\\saddogs.mp4', 'emotion': 'sad', 'neutralvideo': 'neutral_videos\\5BlowingLeafs.mp4'}
625.6977 	EXP 	neutralVideoClip: autoDraw = False
625.6977 	EXP 	Three: autoDraw = True
626.6968 	EXP 	Three: autoDraw = False
626.6968 	EXP 	Two: autoDraw = True
627.6977 	EXP 	Two: autoDraw = False
627.6977 	EXP 	One: autoDraw = True
628.9883 	EXP 	One: autoDraw = False
628.9883 	EXP 	Three: autoDraw = False
628.9883 	EXP 	Two: autoDraw = False
628.9883 	EXP 	One: autoDraw = False
628.9883 	EXP 	stimclip: autoDraw = True
691.9956 	EXP 	stimclip: autoDraw = False
691.9956 	EXP 	agree: markerPos = None
691.9956 	EXP 	agree: markerPos = None
691.9956 	EXP 	text: height = 60.0
691.9956 	EXP 	text: height = 60.0
691.9956 	EXP 	text: height = 60.0
691.9956 	EXP 	text: text = 'I feel sad'
691.9956 	EXP 	agree: autoDraw = True
691.9956 	EXP 	text: autoDraw = True
696.5901 	DATA 	Mouse: Left button down, pos=(836,421)
696.6147 	EXP 	agree: markerPos = 2.988811188811189
696.6313 	EXP 	agree: markerPos = 2.988811188811189
696.6480 	EXP 	agree: markerPos = 2.988811188811189
696.6647 	EXP 	agree: markerPos = 2.988811188811189
696.6814 	EXP 	agree: markerPos = 2.988811188811189
696.6981 	EXP 	agree: markerPos = 2.988811188811189
696.7150 	EXP 	agree: markerPos = 2.988811188811189
696.7315 	EXP 	agree: markerPos = 2.988811188811189
696.7414 	DATA 	Mouse:  Left button up, pos=(836,421)
696.7482 	EXP 	agree: markerPos = 2.988811188811189
696.7650 	EXP 	agree: markerPos = 3.0
696.7816 	EXP 	agree: autoDraw = False
696.7816 	EXP 	text: autoDraw = False
696.7816 	EXP 	Three: autoDraw = True
697.7823 	EXP 	Three: autoDraw = False
697.7823 	EXP 	Two: autoDraw = True
698.7830 	EXP 	Two: autoDraw = False
698.7830 	EXP 	One: autoDraw = True
700.0412 	EXP 	One: autoDraw = False
700.0412 	EXP 	Three: autoDraw = False
700.0412 	EXP 	Two: autoDraw = False
700.0412 	EXP 	One: autoDraw = False
700.0412 	EXP 	neutralVideoClip: autoDraw = True
761.9028 	EXP 	New trial (rep=0, index=5): {'mainIndex': 5, 'stim': 'videos\\6 horror\\conjuring.mp4', 'emotion': 'horror', 'neutralvideo': 'neutral_videos\\6BlowingLeafs.mp4'}
761.9060 	EXP 	neutralVideoClip: autoDraw = False
761.9060 	EXP 	Three: autoDraw = True
762.9135 	EXP 	Three: autoDraw = False
762.9135 	EXP 	Two: autoDraw = True
763.9143 	EXP 	Two: autoDraw = False
763.9143 	EXP 	One: autoDraw = True
765.2222 	EXP 	One: autoDraw = False
765.2222 	EXP 	Three: autoDraw = False
765.2222 	EXP 	Two: autoDraw = False
765.2222 	EXP 	One: autoDraw = False
765.2222 	EXP 	stimclip: autoDraw = True
829.9263 	EXP 	stimclip: autoDraw = False
829.9263 	EXP 	agree: markerPos = None
829.9263 	EXP 	agree: markerPos = None
829.9263 	EXP 	text: height = 60.0
829.9263 	EXP 	text: height = 60.0
829.9263 	EXP 	text: height = 60.0
829.9263 	EXP 	text: text = 'I feel horror'
829.9263 	EXP 	agree: autoDraw = True
829.9263 	EXP 	text: autoDraw = True
834.9577 	DATA 	Mouse: Left button down, pos=(833,427)
834.9833 	EXP 	agree: markerPos = 2.9804195804195803
834.9999 	EXP 	agree: markerPos = 2.9804195804195803
835.0164 	EXP 	agree: markerPos = 2.9804195804195803
835.0333 	EXP 	agree: markerPos = 2.9804195804195803
835.0500 	EXP 	agree: markerPos = 2.9804195804195803
835.0613 	DATA 	Mouse:  Left button up, pos=(834,421)
835.0666 	EXP 	agree: markerPos = 2.9832167832167835
835.0833 	EXP 	agree: markerPos = 3.0
835.1001 	EXP 	agree: autoDraw = False
835.1001 	EXP 	text: autoDraw = False
835.1001 	EXP 	Three: autoDraw = True
836.1008 	EXP 	Three: autoDraw = False
836.1008 	EXP 	Two: autoDraw = True
837.1015 	EXP 	Two: autoDraw = False
837.1015 	EXP 	One: autoDraw = True
838.3988 	EXP 	One: autoDraw = False
838.3988 	EXP 	Three: autoDraw = False
838.3988 	EXP 	Two: autoDraw = False
838.3988 	EXP 	One: autoDraw = False
838.3988 	EXP 	neutralVideoClip: autoDraw = True
900.4803 	EXP 	New trial (rep=0, index=6): {'mainIndex': 6, 'stim': 'videos\\7 disgusted\\trainspotting.mp4', 'emotion': 'disgusted', 'neutralvideo': 'neutral_videos\\7BlowingLeafs.mp4'}
900.4829 	EXP 	neutralVideoClip: autoDraw = False
900.4829 	EXP 	Three: autoDraw = True
901.4820 	EXP 	Three: autoDraw = False
901.4820 	EXP 	Two: autoDraw = True
902.4830 	EXP 	Two: autoDraw = False
902.4830 	EXP 	One: autoDraw = True
903.7873 	EXP 	One: autoDraw = False
903.7873 	EXP 	Three: autoDraw = False
903.7873 	EXP 	Two: autoDraw = False
903.7873 	EXP 	One: autoDraw = False
903.7873 	EXP 	stimclip: autoDraw = True
963.9901 	EXP 	stimclip: autoDraw = False
963.9901 	EXP 	agree: markerPos = None
963.9901 	EXP 	agree: markerPos = None
963.9901 	EXP 	text: height = 60.0
963.9901 	EXP 	text: height = 60.0
963.9901 	EXP 	text: height = 60.0
963.9901 	EXP 	text: text = 'I feel disgusted'
963.9901 	EXP 	agree: autoDraw = True
963.9901 	EXP 	text: autoDraw = True
967.5979 	DATA 	Mouse: Left button down, pos=(1538,425)
967.6144 	EXP 	agree: markerPos = 4.952447552447552
967.6308 	EXP 	agree: markerPos = 4.952447552447552
967.6474 	EXP 	agree: markerPos = 4.952447552447552
967.6641 	EXP 	agree: markerPos = 4.952447552447552
967.6807 	EXP 	agree: markerPos = 4.952447552447552
967.6974 	EXP 	agree: markerPos = 4.952447552447552
967.7145 	EXP 	agree: markerPos = 4.952447552447552
967.7309 	EXP 	agree: markerPos = 4.952447552447552
967.7315 	DATA 	Mouse:  Left button up, pos=(1538,425)
967.7474 	EXP 	agree: markerPos = 5.0
967.7642 	EXP 	agree: autoDraw = False
967.7642 	EXP 	text: autoDraw = False
967.7642 	EXP 	Three: autoDraw = True
968.7648 	EXP 	Three: autoDraw = False
968.7648 	EXP 	Two: autoDraw = True
969.7657 	EXP 	Two: autoDraw = False
969.7657 	EXP 	One: autoDraw = True
971.0488 	EXP 	Three: autoDraw = False
971.0488 	EXP 	Two: autoDraw = False
971.0488 	EXP 	One: autoDraw = False
971.0488 	EXP 	neutralVideoClip: autoDraw = True
1032.9313 	EXP 	New trial (rep=0, index=7): {'mainIndex': 7, 'stim': 'videos\\8 angry\\1 animals\\angrydogs.mp4', 'emotion': 'angry', 'neutralvideo': 'neutral_videos\\8BlowingLeafs.mp4'}
1032.9343 	EXP 	neutralVideoClip: autoDraw = False
1032.9343 	EXP 	Three: autoDraw = True
1033.9459 	EXP 	Three: autoDraw = False
1033.9459 	EXP 	Two: autoDraw = True
1034.9303 	EXP 	One: autoDraw = True
1034.9469 	EXP 	Two: autoDraw = False
1036.2241 	EXP 	One: autoDraw = False
1036.2241 	EXP 	Three: autoDraw = False
1036.2241 	EXP 	Two: autoDraw = False
1036.2241 	EXP 	One: autoDraw = False
1036.2241 	EXP 	stimclip: autoDraw = True
1101.5983 	EXP 	stimclip: autoDraw = False
1101.5983 	EXP 	agree: markerPos = None
1101.5983 	EXP 	agree: markerPos = None
1101.5983 	EXP 	text: height = 60.0
1101.5983 	EXP 	text: height = 60.0
1101.5983 	EXP 	text: height = 60.0
1101.5983 	EXP 	text: text = 'I feel angry'
1101.5983 	EXP 	agree: autoDraw = True
1101.5983 	EXP 	text: autoDraw = True
1105.2830 	DATA 	Mouse: Left button down, pos=(1191,430)
1105.2984 	EXP 	agree: markerPos = 3.981818181818182
1105.3151 	EXP 	agree: markerPos = 3.981818181818182
1105.3317 	EXP 	agree: markerPos = 3.981818181818182
1105.3427 	DATA 	Mouse:  Left button up, pos=(1191,430)
1105.3485 	EXP 	agree: markerPos = 3.981818181818182
1105.3651 	EXP 	agree: markerPos = 4.0
1105.3818 	EXP 	agree: autoDraw = False
1105.3818 	EXP 	text: autoDraw = False
1105.3818 	EXP 	Three: autoDraw = True
1106.3825 	EXP 	Three: autoDraw = False
1106.3825 	EXP 	Two: autoDraw = True
1107.3832 	EXP 	Two: autoDraw = False
1107.3832 	EXP 	One: autoDraw = True
1108.6623 	EXP 	One: autoDraw = False
1108.6623 	EXP 	Three: autoDraw = False
1108.6623 	EXP 	Two: autoDraw = False
1108.6623 	EXP 	One: autoDraw = False
1108.6623 	EXP 	neutralVideoClip: autoDraw = True
1117.1713 	EXP 	neutralVideoClip: autoDraw = False
1117.1714 	EXP 	emotionRecognition: status = STOPPED
1117.3512 	EXP 	window1: mouseVisible = True
