58.1937 	EXP 	Created window1 = Window(allowGUI=True, allowStencil=False, autoLog=True, backendConf=UNKNOWN, backgroundFit=<method-wrapper '__getattribute__' of attributeSetter object at 0x000002050A1A43D0>, backgroundImage=<method-wrapper '__getattribute__' of attributeSetter object at 0x000002050A1A4370>, bitsMode=UNKNOWN, blendMode='avg', bpc=(8, 8, 8), color=array([0, 0, 0]), colorSpace='rgb', depthBits=8, fullscr=<method-wrapper '__getattribute__' of attributeSetter object at 0x000002050A1A41C0>, gamma=None, gammaErrorPolicy='raise', lms=UNKNOWN, monitor=<psychopy.monitors.calibTools.Monitor object at 0x0000020566EF34F0>, multiSample=False, name='window1', numSamples=2, pos=(1920, 33), screen=0, size=array([1680, 1050]), stencilBits=0, stereo=False, title='PsychoPy', units='pix', useFBO=True, useRetina=False, viewOri=0.0, viewPos=None, viewScale=None, waitBlanking=True, winType='pyglet')
58.1938 	EXP 	window1: mouseVisible = True
58.1938 	EXP 	window1: backgroundImage = ''
58.1938 	EXP 	window1: backgroundFit = 'none'
58.1952 	EXP 	window1: Attempting to measure frame rate of screen (0) ...
58.1952 	EXP 	window1: recordFrameIntervals = False
58.3602 	EXP 	window1: recordFrameIntervals = True
58.5437 	EXP 	Screen (0) actual frame rate measured at 59.96Hz
58.5438 	EXP 	window1: recordFrameIntervals = False
58.5438 	EXP 	window1: mouseVisible = False
61.9992 	EXP 	emotionRecognition: status = STARTED
62.5688 	EXP 	window1: mouseVisible = True
62.9542 	EXP 	Created instructions = TextStim(__class__=<class 'psychopy.visual.text.TextStim'>, alignHoriz=method-wrapper(...), alignText='center', alignVert=method-wrapper(...), anchorHoriz='center', anchorVert='center', antialias=True, autoDraw=False, autoLog=True, bold=False, color=array([1., 1., 1.]), colorSpace='rgb', contrast=1.0, depth=0.0, draggable=False, flipHoriz=False, flipVert=False, font='Arial', fontFiles=[], height=40.0, italic=False, languageStyle='LTR', name='instructions', opacity=1.0, ori=0.0, pos=array([  0., 420.]), rgb=UNKNOWN, text=str(...), units='pix', win=Window(...), wrapWidth=1120.0)
62.9544 	EXP 	window1: mouseVisible = True
62.9567 	EXP 	Created option1Text = TextStim(__class__=<class 'psychopy.visual.text.TextStim'>, alignHoriz=method-wrapper(...), alignText='center', alignVert=method-wrapper(...), anchorHoriz='center', anchorVert='center', antialias=True, autoDraw=False, autoLog=True, bold=False, color=array([1., 1., 1.]), colorSpace='rgb', contrast=1.0, depth=-1.0, draggable=False, flipHoriz=False, flipVert=False, font='Open Sans', fontFiles=[], height=40.0, italic=False, languageStyle='LTR', name='option1Text', opacity=1.0, ori=0.0, pos=array([-560., -300.]), rgb=UNKNOWN, text='', units='pix', win=Window(...), wrapWidth=500)
62.9568 	EXP 	window1: mouseVisible = True
62.9722 	EXP 	Created option1Image = ImageStim(__class__=<class 'psychopy.visual.image.ImageStim'>, anchor=('center', 'center'), autoLog=True, color=array([1., 1., 1.]), colorSpace='rgb', contrast=1.0, depth=-2.0, draggable=False, flipHoriz=False, flipVert=False, image='default.png', interpolate=True, mask=None, maskParams=None, name='option1Image', opacity=1.0, ori=0.0, pos=array([-560.,    0.]), size=array([336., 336.]), texRes=128.0, units='pix', win=Window(...))
62.9724 	EXP 	window1: mouseVisible = True
62.9737 	EXP 	Created option2Text = TextStim(__class__=<class 'psychopy.visual.text.TextStim'>, alignHoriz=method-wrapper(...), alignText='center', alignVert=method-wrapper(...), anchorHoriz='center', anchorVert='center', antialias=True, autoDraw=False, autoLog=True, bold=False, color=array([1., 1., 1.]), colorSpace='rgb', contrast=1.0, depth=-3.0, draggable=False, flipHoriz=False, flipVert=False, font='Open Sans', fontFiles=[], height=40.0, italic=False, languageStyle='LTR', name='option2Text', opacity=1.0, ori=0.0, pos=array([   0., -300.]), rgb=UNKNOWN, text='', units='pix', win=Window(...), wrapWidth=500)
62.9738 	EXP 	window1: mouseVisible = True
62.9873 	EXP 	Created option2Image = ImageStim(__class__=<class 'psychopy.visual.image.ImageStim'>, anchor=('center', 'center'), autoLog=True, color=array([1., 1., 1.]), colorSpace='rgb', contrast=1.0, depth=-4.0, draggable=False, flipHoriz=False, flipVert=False, image='default.png', interpolate=True, mask=None, maskParams=None, name='option2Image', opacity=1.0, ori=0.0, pos=array([0., 0.]), size=array([336., 336.]), texRes=128.0, units='pix', win=Window(...))
62.9876 	EXP 	window1: mouseVisible = True
62.9888 	EXP 	Created option3Text = TextStim(__class__=<class 'psychopy.visual.text.TextStim'>, alignHoriz=method-wrapper(...), alignText='center', alignVert=method-wrapper(...), anchorHoriz='center', anchorVert='center', antialias=True, autoDraw=False, autoLog=True, bold=False, color=array([1., 1., 1.]), colorSpace='rgb', contrast=1.0, depth=-5.0, draggable=False, flipHoriz=False, flipVert=False, font='Open Sans', fontFiles=[], height=40.0, italic=False, languageStyle='LTR', name='option3Text', opacity=1.0, ori=0.0, pos=array([ 560., -300.]), rgb=UNKNOWN, text='', units='pix', win=Window(...), wrapWidth=500)
62.9889 	EXP 	window1: mouseVisible = True
63.0044 	EXP 	Created option3Image = ImageStim(__class__=<class 'psychopy.visual.image.ImageStim'>, anchor=('center', 'center'), autoLog=True, color=array([1., 1., 1.]), colorSpace='rgb', contrast=1.0, depth=-6.0, draggable=False, flipHoriz=False, flipVert=False, image='default.png', interpolate=True, mask=None, maskParams=None, name='option3Image', opacity=1.0, ori=0.0, pos=array([560.,   0.]), size=array([336., 336.]), texRes=128.0, units='pix', win=Window(...))
63.0045 	EXP 	window1: mouseVisible = True
63.0045 	EXP 	window1: mouseVisible = True
63.0046 	EXP 	window1: mouseVisible = True
68.2627 	EXP 	window1: mouseVisible = True
68.2799 	EXP 	Created text_click_to_continue = TextStim(__class__=<class 'psychopy.visual.text.TextStim'>, alignHoriz=method-wrapper(...), alignText='center', alignVert=method-wrapper(...), anchorHoriz='center', anchorVert='center', antialias=True, autoDraw=False, autoLog=True, bold=False, color=array([1., 1., 1.]), colorSpace='rgb', contrast=1.0, depth=0.0, draggable=False, flipHoriz=False, flipVert=False, font='Open Sans', fontFiles=[], height=60.0, italic=False, languageStyle='LTR', name='text_click_to_continue', opacity=1.0, ori=0.0, pos=array([0., 0.]), rgb=UNKNOWN, text='Click anywhere to continue', units='pix', win=Window(...), wrapWidth=1500.0)
68.2800 	EXP 	window1: mouseVisible = True
68.2800 	EXP 	window1: mouseVisible = True
68.2899 	EXP 	Created Three = TextStim(__class__=<class 'psychopy.visual.text.TextStim'>, alignHoriz=method-wrapper(...), alignText='center', alignVert=method-wrapper(...), anchorHoriz='center', anchorVert='center', antialias=True, autoDraw=False, autoLog=True, bold=False, color=array([1., 1., 1.]), colorSpace='rgb', contrast=1.0, depth=0.0, draggable=False, flipHoriz=False, flipVert=False, font='Open Sans', fontFiles=[], height=180.0, italic=False, languageStyle='LTR', name='Three', opacity=1.0, ori=0.0, pos=array([0., 0.]), rgb=UNKNOWN, text='3', units='pix', win=Window(...), wrapWidth=500)
68.2900 	EXP 	window1: mouseVisible = True
68.2941 	EXP 	Created Two = TextStim(__class__=<class 'psychopy.visual.text.TextStim'>, alignHoriz=method-wrapper(...), alignText='center', alignVert=method-wrapper(...), anchorHoriz='center', anchorVert='center', antialias=True, autoDraw=False, autoLog=True, bold=False, color=array([1., 1., 1.]), colorSpace='rgb', contrast=1.0, depth=-1.0, draggable=False, flipHoriz=False, flipVert=False, font='Open Sans', fontFiles=[], height=180.0, italic=False, languageStyle='LTR', name='Two', opacity=1.0, ori=0.0, pos=array([0., 0.]), rgb=UNKNOWN, text='2', units='pix', win=Window(...), wrapWidth=500)
68.2942 	EXP 	window1: mouseVisible = True
68.2982 	EXP 	Created One = TextStim(__class__=<class 'psychopy.visual.text.TextStim'>, alignHoriz=method-wrapper(...), alignText='center', alignVert=method-wrapper(...), anchorHoriz='center', anchorVert='center', antialias=True, autoDraw=False, autoLog=True, bold=False, color=array([1., 1., 1.]), colorSpace='rgb', contrast=1.0, depth=-2.0, draggable=False, flipHoriz=False, flipVert=False, font='Open Sans', fontFiles=[], height=180.0, italic=False, languageStyle='LTR', name='One', opacity=1.0, ori=0.0, pos=array([0., 0.]), rgb=UNKNOWN, text='1', units='pix', win=Window(...), wrapWidth=500)
68.2983 	EXP 	window1: mouseVisible = True
68.2986 	EXP 	window1: mouseVisible = True
68.3083 	EXP 	window1: mouseVisible = True
68.3087 	EXP 	window1: mouseVisible = True
68.3126 	EXP 	window1: mouseVisible = True
68.3127 	EXP 	window1: mouseVisible = True
68.3131 	EXP 	window1: mouseVisible = True
68.3135 	EXP 	window1: mouseVisible = True
68.3451 	EXP 	window1: mouseVisible = True
68.3453 	EXP 	window1: mouseVisible = True
68.3457 	EXP 	window1: mouseVisible = True
68.3463 	EXP 	window1: mouseVisible = True
68.3583 	EXP 	window1: mouseVisible = True
68.3584 	EXP 	window1: mouseVisible = True
68.3589 	EXP 	window1: mouseVisible = True
68.3593 	EXP 	window1: mouseVisible = True
68.3663 	EXP 	window1: mouseVisible = True
68.3664 	EXP 	window1: mouseVisible = True
68.3669 	EXP 	window1: mouseVisible = True
68.3673 	EXP 	window1: mouseVisible = True
68.3705 	EXP 	window1: mouseVisible = True
68.3707 	EXP 	window1: mouseVisible = True
68.3713 	EXP 	window1: mouseVisible = True
68.3718 	EXP 	window1: mouseVisible = True
68.3803 	EXP 	window1: mouseVisible = True
68.3804 	EXP 	window1: mouseVisible = True
68.3809 	EXP 	window1: mouseVisible = True
68.3813 	EXP 	window1: mouseVisible = True
68.3845 	EXP 	window1: mouseVisible = True
68.3846 	EXP 	window1: mouseVisible = True
68.3850 	EXP 	window1: mouseVisible = True
68.3855 	EXP 	window1: mouseVisible = True
68.3969 	EXP 	window1: mouseVisible = True
68.3972 	EXP 	window1: mouseVisible = True
68.3980 	EXP 	window1: mouseVisible = True
68.3989 	EXP 	window1: mouseVisible = True
68.4060 	EXP 	window1: mouseVisible = True
68.4062 	EXP 	window1: mouseVisible = True
68.4071 	EXP 	window1: mouseVisible = True
68.4078 	EXP 	window1: mouseVisible = True
68.4118 	EXP 	window1: mouseVisible = True
68.4120 	EXP 	window1: mouseVisible = True
68.4124 	EXP 	window1: mouseVisible = True
68.4129 	EXP 	window1: mouseVisible = True
68.4167 	EXP 	window1: mouseVisible = True
68.4186 	EXP 	window1: mouseVisible = True
68.4620 	EXP 	Created agree = Slider(__class__=<class 'psychopy.visual.slider.Slider'>, autoDraw=False, autoLog=True, borderColor=None, color=None, colorSpace='rgb', depth=-1, fillColor=None, flip=False, font='Open Sans', granularity=1.0, labelColor=None, labelHeight=25.0, labelWrapWidth=None, labels=tuple(...), lineColor=None, markerColor=None, name='agree', opacity=None, ori=0.0, pos=array([   0., -100.]), readOnly=False, self=UNKNOWN, size=array([1430.,   50.]), startValue=None, style='rating', styleTweaks=[], ticks=array([1, 2, 3, 4, 5]), units='pix', win=Window(...))
68.4621 	EXP 	window1: mouseVisible = True
68.4632 	EXP 	Created text = TextStim(__class__=<class 'psychopy.visual.text.TextStim'>, alignHoriz=method-wrapper(...), alignText='center', alignVert=method-wrapper(...), anchorHoriz='center', anchorVert='center', antialias=True, autoDraw=False, autoLog=True, bold=False, color=array([1., 1., 1.]), colorSpace='rgb', contrast=1.0, depth=-2.0, draggable=False, flipHoriz=False, flipVert=False, font='Open Sans', fontFiles=[], height=60.0, italic=False, languageStyle='LTR', name='text', opacity=1.0, ori=0.0, pos=array([  0., 300.]), rgb=UNKNOWN, text='', units='pix', win=Window(...), wrapWidth=1480)
68.4633 	EXP 	window1: mouseVisible = True
68.4656 	EXP 	Created Three = TextStim(__class__=<class 'psychopy.visual.text.TextStim'>, alignHoriz=method-wrapper(...), alignText='center', alignVert=method-wrapper(...), anchorHoriz='center', anchorVert='center', antialias=True, autoDraw=False, autoLog=True, bold=False, color=array([1., 1., 1.]), colorSpace='rgb', contrast=1.0, depth=0.0, draggable=False, flipHoriz=False, flipVert=False, font='Open Sans', fontFiles=[], height=180.0, italic=False, languageStyle='LTR', name='Three', opacity=1.0, ori=0.0, pos=array([0., 0.]), rgb=UNKNOWN, text='3', units='pix', win=Window(...), wrapWidth=500)
68.4658 	EXP 	window1: mouseVisible = True
68.4679 	EXP 	Created Two = TextStim(__class__=<class 'psychopy.visual.text.TextStim'>, alignHoriz=method-wrapper(...), alignText='center', alignVert=method-wrapper(...), anchorHoriz='center', anchorVert='center', antialias=True, autoDraw=False, autoLog=True, bold=False, color=array([1., 1., 1.]), colorSpace='rgb', contrast=1.0, depth=-1.0, draggable=False, flipHoriz=False, flipVert=False, font='Open Sans', fontFiles=[], height=180.0, italic=False, languageStyle='LTR', name='Two', opacity=1.0, ori=0.0, pos=array([0., 0.]), rgb=UNKNOWN, text='2', units='pix', win=Window(...), wrapWidth=500)
68.4680 	EXP 	window1: mouseVisible = True
68.4701 	EXP 	Created One = TextStim(__class__=<class 'psychopy.visual.text.TextStim'>, alignHoriz=method-wrapper(...), alignText='center', alignVert=method-wrapper(...), anchorHoriz='center', anchorVert='center', antialias=True, autoDraw=False, autoLog=True, bold=False, color=array([1., 1., 1.]), colorSpace='rgb', contrast=1.0, depth=-2.0, draggable=False, flipHoriz=False, flipVert=False, font='Open Sans', fontFiles=[], height=180.0, italic=False, languageStyle='LTR', name='One', opacity=1.0, ori=0.0, pos=array([0., 0.]), rgb=UNKNOWN, text='1', units='pix', win=Window(...), wrapWidth=500)
68.4702 	EXP 	window1: mouseVisible = True
68.4706 	EXP 	window1: mouseVisible = True
0.1019 	EXP 	movie: autoLog = True
0.1019 	EXP 	stimclip: autoLog = True
0.1019 	EXP 	agree: autoLog = True
0.1019 	EXP 	agree: styleTweaks = []
0.1019 	EXP 	agree: styleTweaks = []
0.1019 	EXP 	agree: styleTweaks = []
0.1019 	EXP 	agree: styleTweaks = []
0.1019 	EXP 	agree: contrast = 1.0
0.1019 	EXP 	agree: markerPos = None
0.1019 	EXP 	agree: autoLog = True
0.1019 	EXP 	neutralVideoClip: autoLog = True
0.1024 	EXP 	Created sequence: sequential, trialTypes=4, nReps=1, seed=None
0.1025 	EXP 	New trial (rep=0, index=0): {'mainIndex': 0, 'emotion': '1 excited', 'image1': 'videos\\1 excited\\1 motorsports\\motorsports.jpg', 'text1': 'motorsports', 'stimuli1': 'videos\\1 excited\\1 motorsports\\kenMiles.mp4', 'image2': 'videos\\1 excited\\2 sports\\sport.jpg', 'text2': 'sports', 'stimuli2': 'videos\\1 excited\\2 sports\\NBA.mp4', 'image3': 'videos\\1 excited\\3 general\\I am not sure.jpg', 'text3': 'general', 'stimuli3': 'videos\\1 excited\\3 general\\ratatChaseScene.mp4'}
0.2305 	EXP 	option1Text: height = 40.0
0.2305 	EXP 	option1Text: height = 40.0
0.2305 	EXP 	option1Text: height = 40.0
0.2305 	EXP 	option1Text: text = 'motorsports'
0.2305 	EXP 	option1Image: image = 'videos\\1 excited\\1 motorsports\\motorsports.jpg'
0.2305 	EXP 	option2Text: height = 40.0
0.2305 	EXP 	option2Text: height = 40.0
0.2305 	EXP 	option2Text: height = 40.0
0.2305 	EXP 	option2Text: text = 'sports'
0.2305 	EXP 	option2Image: image = 'videos\\1 excited\\2 sports\\sport.jpg'
0.2305 	EXP 	option3Text: height = 40.0
0.2305 	EXP 	option3Text: height = 40.0
0.2305 	EXP 	option3Text: height = 40.0
0.2305 	EXP 	option3Text: text = 'general'
0.2305 	EXP 	option3Image: image = 'videos\\1 excited\\3 general\\I am not sure.jpg'
0.2305 	EXP 	instructions: autoDraw = True
0.2305 	EXP 	option1Text: autoDraw = True
0.2305 	EXP 	option1Image: autoDraw = True
0.2305 	EXP 	option2Text: autoDraw = True
0.2305 	EXP 	option2Image: autoDraw = True
0.2305 	EXP 	option3Text: autoDraw = True
0.2305 	EXP 	option3Image: autoDraw = True
3.2328 	DATA 	Mouse: Left button down, pos=(1295,508)
3.2355 	EXP 	New trial (rep=0, index=1): {'mainIndex': 3, 'emotion': '4 relaxed', 'image1': None, 'text1': 'meditation', 'stimuli1': 'videos\\4 relaxed\\1 meditation\\meditation.mp4', 'image2': None, 'text2': 'nature', 'stimuli2': 'videos\\4 relaxed\\2 nature\\waterfall.mp4', 'image3': None, 'text3': 'general', 'stimuli3': 'videos\\4 relaxed\\3 general\\asmr.mkv'}
3.2493 	EXP 	instructions: autoDraw = False
3.2493 	EXP 	option1Text: autoDraw = False
3.2493 	EXP 	option1Image: autoDraw = False
3.2493 	EXP 	option2Text: autoDraw = False
3.2493 	EXP 	option2Image: autoDraw = False
3.2493 	EXP 	option3Text: autoDraw = False
3.2493 	EXP 	option3Image: autoDraw = False
3.2493 	EXP 	option1Text: height = 40.0
3.2493 	EXP 	option1Text: height = 40.0
3.2493 	EXP 	option1Text: height = 40.0
3.2493 	EXP 	option1Text: text = 'meditation'
3.2493 	EXP 	option1Image: image = None
3.2493 	EXP 	option2Text: height = 40.0
3.2493 	EXP 	option2Text: height = 40.0
3.2493 	EXP 	option2Text: height = 40.0
3.2493 	EXP 	option2Text: text = 'nature'
3.2493 	EXP 	option2Image: image = None
3.2493 	EXP 	option3Text: text = 'general'
3.2493 	EXP 	option3Image: image = None
3.2493 	EXP 	instructions: autoDraw = True
3.2493 	EXP 	option1Text: autoDraw = True
3.2493 	EXP 	option1Image: autoDraw = True
3.2493 	EXP 	option2Text: autoDraw = True
3.2493 	EXP 	option2Image: autoDraw = True
3.2493 	EXP 	option3Text: autoDraw = True
3.2493 	EXP 	option3Image: autoDraw = True
3.3864 	DATA 	Mouse:  Left button up, pos=(1295,508)
8.4034 	DATA 	Mouse: Left button down, pos=(237,220)
8.4057 	EXP 	New trial (rep=0, index=2): {'mainIndex': 4, 'emotion': '5 sad', 'image1': 'videos\\5 sad\\1 animals\\cutepets.jpg', 'text1': 'animals', 'stimuli1': 'videos\\5 sad\\1 animals\\saddogs.mp4', 'image2': 'videos\\5 sad\\2 babies\\baby.jpg', 'text2': 'babies', 'stimuli2': 'videos\\5 sad\\2 babies\\sadBaby1.mp4', 'image3': 'videos\\5 sad\\3 general\\notsure.jpg', 'text3': 'general', 'stimuli3': 'videos\\5 sad\\3 general\\ChampDeath.mp4'}
8.4701 	EXP 	instructions: autoDraw = False
8.4701 	EXP 	option1Text: autoDraw = False
8.4701 	EXP 	option1Image: autoDraw = False
8.4701 	EXP 	option2Text: autoDraw = False
8.4701 	EXP 	option2Image: autoDraw = False
8.4701 	EXP 	option3Text: autoDraw = False
8.4701 	EXP 	option3Image: autoDraw = False
8.4701 	EXP 	option1Text: height = 40.0
8.4701 	EXP 	option1Text: height = 40.0
8.4701 	EXP 	option1Text: height = 40.0
8.4701 	EXP 	option1Text: text = 'animals'
8.4701 	EXP 	option1Image: image = 'videos\\5 sad\\1 animals\\cutepets.jpg'
8.4701 	EXP 	option2Text: height = 40.0
8.4701 	EXP 	option2Text: height = 40.0
8.4701 	EXP 	option2Text: height = 40.0
8.4701 	EXP 	option2Text: text = 'babies'
8.4701 	EXP 	option2Image: image = 'videos\\5 sad\\2 babies\\baby.jpg'
8.4701 	EXP 	option3Text: text = 'general'
8.4701 	EXP 	option3Image: image = 'videos\\5 sad\\3 general\\notsure.jpg'
8.4701 	EXP 	instructions: autoDraw = True
8.4701 	EXP 	option1Text: autoDraw = True
8.4701 	EXP 	option1Image: autoDraw = True
8.4701 	EXP 	option2Text: autoDraw = True
8.4701 	EXP 	option2Image: autoDraw = True
8.4701 	EXP 	option3Text: autoDraw = True
8.4701 	EXP 	option3Image: autoDraw = True
8.5397 	DATA 	Mouse:  Left button up, pos=(237,220)
10.4243 	DATA 	Mouse: Left button down, pos=(819,442)
10.4397 	EXP 	New trial (rep=0, index=3): {'mainIndex': 7, 'emotion': '8 angry', 'image1': 'videos\\8 angry\\1 animals\\cutepets.jpg', 'text1': 'animals', 'stimuli1': 'videos\\8 angry\\1 animals\\angrydogs.mp4', 'image2': 'videos\\8 angry\\2 general\\notsure.jpg', 'text2': 'general', 'stimuli2': 'videos\\8 angry\\2 general\\thepiano.mp4', 'image3': None, 'text3': '', 'stimuli3': None}
10.5088 	EXP 	instructions: autoDraw = False
10.5088 	EXP 	option1Text: autoDraw = False
10.5088 	EXP 	option1Image: autoDraw = False
10.5088 	EXP 	option2Text: autoDraw = False
10.5088 	EXP 	option2Image: autoDraw = False
10.5088 	EXP 	option3Text: autoDraw = False
10.5088 	EXP 	option3Image: autoDraw = False
10.5088 	EXP 	option1Text: text = 'animals'
10.5088 	EXP 	option1Image: image = 'videos\\8 angry\\1 animals\\cutepets.jpg'
10.5088 	EXP 	option2Text: height = 40.0
10.5088 	EXP 	option2Text: height = 40.0
10.5088 	EXP 	option2Text: height = 40.0
10.5088 	EXP 	option2Text: text = 'general'
10.5088 	EXP 	option2Image: image = 'videos\\8 angry\\2 general\\notsure.jpg'
10.5088 	EXP 	option3Text: height = 40.0
10.5088 	EXP 	option3Text: height = 40.0
10.5088 	EXP 	option3Text: height = 40.0
10.5088 	EXP 	option3Text: text = ''
10.5088 	EXP 	option3Image: image = None
10.5088 	EXP 	instructions: autoDraw = True
10.5088 	EXP 	option1Text: autoDraw = True
10.5088 	EXP 	option1Image: autoDraw = True
10.5088 	EXP 	option2Text: autoDraw = True
10.5088 	EXP 	option2Image: autoDraw = True
10.5088 	EXP 	option3Text: autoDraw = True
10.5088 	EXP 	option3Image: autoDraw = True
10.6076 	DATA 	Mouse:  Left button up, pos=(819,442)
14.5077 	DATA 	Mouse: Left button down, pos=(816,442)
14.5338 	EXP 	instructions: autoDraw = False
14.5338 	EXP 	option1Text: autoDraw = False
14.5338 	EXP 	option1Image: autoDraw = False
14.5338 	EXP 	option2Text: autoDraw = False
14.5338 	EXP 	option2Image: autoDraw = False
14.5338 	EXP 	option3Text: autoDraw = False
14.5338 	EXP 	option3Image: autoDraw = False
14.5338 	EXP 	movie: autoDraw = True
14.6931 	DATA 	Mouse:  Left button up, pos=(816,442)
54.9907 	EXP 	movie: autoDraw = False
54.9907 	EXP 	text_click_to_continue: autoDraw = True
57.0389 	DATA 	Mouse: Left button down, pos=(653,408)
57.0397 	EXP 	Created sequence: sequential, trialTypes=8, nReps=1, seed=None
57.0399 	EXP 	New trial (rep=0, index=0): {'mainIndex': 0, 'stim': 'videos\\1 excited\\3 general\\ratatChaseScene.mp4', 'emotion': 'excited', 'neutralvideo': 'neutral_videos\\2BlowingLeafs (1).mp4'}
57.0553 	EXP 	text_click_to_continue: autoDraw = False
57.0553 	EXP 	Three: autoDraw = True
57.1734 	DATA 	Mouse:  Left button up, pos=(653,408)
58.0395 	EXP 	Two: autoDraw = True
58.0561 	EXP 	Three: autoDraw = False
59.0402 	EXP 	Two: autoDraw = False
59.0402 	EXP 	One: autoDraw = True
60.1560 	EXP 	One: autoDraw = False
60.1560 	EXP 	Three: autoDraw = False
60.1560 	EXP 	Two: autoDraw = False
60.1560 	EXP 	One: autoDraw = False
60.1560 	EXP 	stimclip: autoDraw = True
128.9042 	EXP 	stimclip: autoDraw = False
128.9042 	EXP 	agree: markerPos = None
128.9042 	EXP 	agree: markerPos = None
128.9042 	EXP 	text: height = 60.0
128.9042 	EXP 	text: height = 60.0
128.9042 	EXP 	text: height = 60.0
128.9042 	EXP 	text: text = 'I feel excited'
128.9042 	EXP 	agree: autoDraw = True
128.9042 	EXP 	text: autoDraw = True
131.3605 	DATA 	Mouse: Left button down, pos=(1196,424)
131.3768 	EXP 	agree: markerPos = 3.9958041958041957
131.3935 	EXP 	agree: markerPos = 3.9958041958041957
131.4101 	EXP 	agree: markerPos = 3.9958041958041957
131.4268 	EXP 	agree: markerPos = 3.9958041958041957
131.4435 	EXP 	agree: markerPos = 3.9958041958041957
131.4603 	EXP 	agree: markerPos = 3.9958041958041957
131.4769 	EXP 	agree: markerPos = 3.9958041958041957
131.4877 	DATA 	Mouse:  Left button up, pos=(1196,424)
131.4935 	EXP 	agree: markerPos = 3.9958041958041957
131.5103 	EXP 	agree: markerPos = 4.0
131.5268 	EXP 	agree: autoDraw = False
131.5268 	EXP 	text: autoDraw = False
131.5268 	EXP 	Three: autoDraw = True
132.5278 	EXP 	Three: autoDraw = False
132.5278 	EXP 	Two: autoDraw = True
133.5284 	EXP 	Two: autoDraw = False
133.5284 	EXP 	One: autoDraw = True
134.6298 	EXP 	One: autoDraw = False
134.6298 	EXP 	Three: autoDraw = False
134.6298 	EXP 	Two: autoDraw = False
134.6298 	EXP 	One: autoDraw = False
134.6298 	EXP 	neutralVideoClip: autoDraw = True
196.6259 	EXP 	New trial (rep=0, index=1): {'mainIndex': 1, 'stim': 'videos\\2 happy\\scooby.mp4', 'emotion': 'happy', 'neutralvideo': 'neutral_videos\\2BlowingLeafs (2).mp4'}
196.6287 	EXP 	neutralVideoClip: autoDraw = False
196.6287 	EXP 	Three: autoDraw = True
197.6256 	EXP 	Two: autoDraw = True
197.6420 	EXP 	Three: autoDraw = False
198.6266 	EXP 	Two: autoDraw = False
198.6266 	EXP 	One: autoDraw = True
199.9059 	EXP 	One: autoDraw = False
199.9059 	EXP 	Three: autoDraw = False
199.9059 	EXP 	Two: autoDraw = False
199.9059 	EXP 	One: autoDraw = False
199.9059 	EXP 	stimclip: autoDraw = True
260.1205 	EXP 	stimclip: autoDraw = False
260.1205 	EXP 	agree: markerPos = None
260.1205 	EXP 	agree: markerPos = None
260.1205 	EXP 	text: height = 60.0
260.1205 	EXP 	text: height = 60.0
260.1205 	EXP 	text: height = 60.0
260.1205 	EXP 	text: text = 'I feel happy'
260.1205 	EXP 	agree: autoDraw = True
260.1205 	EXP 	text: autoDraw = True
262.3568 	DATA 	Mouse: Left button down, pos=(1211,428)
262.3730 	EXP 	agree: markerPos = 4.037762237762237
262.3897 	EXP 	agree: markerPos = 4.037762237762237
262.4065 	EXP 	agree: markerPos = 4.037762237762237
262.4232 	EXP 	agree: markerPos = 4.037762237762237
262.4398 	EXP 	agree: markerPos = 4.037762237762237
262.4567 	EXP 	agree: markerPos = 4.037762237762237
262.4731 	EXP 	agree: markerPos = 4.037762237762237
262.4835 	DATA 	Mouse:  Left button up, pos=(1211,428)
262.4899 	EXP 	agree: markerPos = 4.037762237762237
262.5065 	EXP 	agree: markerPos = 4.0
262.5231 	EXP 	agree: autoDraw = False
262.5231 	EXP 	text: autoDraw = False
262.5231 	EXP 	Three: autoDraw = True
263.5240 	EXP 	Three: autoDraw = False
263.5240 	EXP 	Two: autoDraw = True
264.5246 	EXP 	Two: autoDraw = False
264.5246 	EXP 	One: autoDraw = True
265.7810 	EXP 	One: autoDraw = False
265.7810 	EXP 	Three: autoDraw = False
265.7810 	EXP 	Two: autoDraw = False
265.7810 	EXP 	One: autoDraw = False
265.7810 	EXP 	neutralVideoClip: autoDraw = True
327.8783 	EXP 	New trial (rep=0, index=2): {'mainIndex': 2, 'stim': 'videos\\3 motivated\\motivationalAuthor.mp4', 'emotion': 'motivated', 'neutralvideo': 'neutral_videos\\3BlowingLeafs.mp4'}
327.8808 	EXP 	neutralVideoClip: autoDraw = False
327.8808 	EXP 	Three: autoDraw = True
328.8884 	EXP 	Three: autoDraw = False
328.8884 	EXP 	Two: autoDraw = True
329.8892 	EXP 	Two: autoDraw = False
329.8892 	EXP 	One: autoDraw = True
331.2025 	EXP 	One: autoDraw = False
331.2025 	EXP 	Three: autoDraw = False
331.2025 	EXP 	Two: autoDraw = False
331.2025 	EXP 	One: autoDraw = False
331.2025 	EXP 	stimclip: autoDraw = True
399.0442 	EXP 	stimclip: autoDraw = False
399.0442 	EXP 	agree: markerPos = None
399.0442 	EXP 	agree: markerPos = None
399.0442 	EXP 	text: height = 60.0
399.0442 	EXP 	text: height = 60.0
399.0442 	EXP 	text: height = 60.0
399.0442 	EXP 	text: text = 'I feel motivated'
399.0442 	EXP 	agree: autoDraw = True
399.0442 	EXP 	text: autoDraw = True
401.3925 	DATA 	Mouse: Left button down, pos=(831,421)
401.4085 	EXP 	agree: markerPos = 2.974825174825175
401.4251 	EXP 	agree: markerPos = 2.974825174825175
401.4418 	EXP 	agree: markerPos = 2.974825174825175
401.4585 	EXP 	agree: markerPos = 2.974825174825175
401.4750 	EXP 	agree: markerPos = 2.974825174825175
401.4918 	EXP 	agree: markerPos = 2.974825174825175
401.5084 	EXP 	agree: markerPos = 2.974825174825175
401.5252 	EXP 	agree: markerPos = 2.974825174825175
401.5418 	EXP 	agree: markerPos = 2.974825174825175
401.5522 	DATA 	Mouse:  Left button up, pos=(831,421)
401.5586 	EXP 	agree: markerPos = 2.974825174825175
401.5753 	EXP 	agree: markerPos = 3.0
401.5919 	EXP 	agree: autoDraw = False
401.5919 	EXP 	text: autoDraw = False
401.5919 	EXP 	Three: autoDraw = True
402.5926 	EXP 	Three: autoDraw = False
402.5926 	EXP 	Two: autoDraw = True
403.5935 	EXP 	Two: autoDraw = False
403.5935 	EXP 	One: autoDraw = True
404.8739 	EXP 	One: autoDraw = False
404.8739 	EXP 	Three: autoDraw = False
404.8739 	EXP 	Two: autoDraw = False
404.8739 	EXP 	One: autoDraw = False
404.8739 	EXP 	neutralVideoClip: autoDraw = True
466.9720 	EXP 	New trial (rep=0, index=3): {'mainIndex': 3, 'stim': 'videos\\4 relaxed\\1 meditation\\meditation.mp4', 'emotion': 'relaxed', 'neutralvideo': 'neutral_videos\\4BlowingLeafs.mp4'}
466.9749 	EXP 	neutralVideoClip: autoDraw = False
466.9749 	EXP 	Three: autoDraw = True
467.9741 	EXP 	Three: autoDraw = False
467.9741 	EXP 	Two: autoDraw = True
468.9749 	EXP 	Two: autoDraw = False
468.9749 	EXP 	One: autoDraw = True
470.2706 	EXP 	One: autoDraw = False
470.2706 	EXP 	Three: autoDraw = False
470.2706 	EXP 	Two: autoDraw = False
470.2706 	EXP 	One: autoDraw = False
470.2706 	EXP 	stimclip: autoDraw = True
530.2789 	EXP 	stimclip: autoDraw = False
530.2789 	EXP 	agree: markerPos = None
530.2789 	EXP 	agree: markerPos = None
530.2789 	EXP 	text: height = 60.0
530.2789 	EXP 	text: height = 60.0
530.2789 	EXP 	text: height = 60.0
530.2789 	EXP 	text: text = 'I feel relaxed'
530.2789 	EXP 	agree: autoDraw = True
530.2789 	EXP 	text: autoDraw = True
533.2059 	DATA 	Mouse: Left button down, pos=(1200,423)
533.2220 	EXP 	agree: markerPos = 4.006993006993007
533.2387 	EXP 	agree: markerPos = 4.006993006993007
533.2553 	EXP 	agree: markerPos = 4.006993006993007
533.2720 	EXP 	agree: markerPos = 4.006993006993007
533.2887 	EXP 	agree: markerPos = 4.006993006993007
533.3053 	EXP 	agree: markerPos = 4.006993006993007
533.3221 	EXP 	agree: markerPos = 4.006993006993007
533.3317 	DATA 	Mouse:  Left button up, pos=(1200,423)
533.3388 	EXP 	agree: markerPos = 4.006993006993007
533.3554 	EXP 	agree: markerPos = 4.0
533.3722 	EXP 	agree: autoDraw = False
533.3722 	EXP 	text: autoDraw = False
533.3722 	EXP 	Three: autoDraw = True
534.3728 	EXP 	Three: autoDraw = False
534.3728 	EXP 	Two: autoDraw = True
535.3736 	EXP 	Two: autoDraw = False
535.3736 	EXP 	One: autoDraw = True
536.6358 	EXP 	One: autoDraw = False
536.6358 	EXP 	Three: autoDraw = False
536.6358 	EXP 	Two: autoDraw = False
536.6358 	EXP 	One: autoDraw = False
536.6358 	EXP 	neutralVideoClip: autoDraw = True
598.6985 	EXP 	New trial (rep=0, index=4): {'mainIndex': 4, 'stim': 'videos\\5 sad\\2 babies\\sadBaby1.mp4', 'emotion': 'sad', 'neutralvideo': 'neutral_videos\\5BlowingLeafs.mp4'}
598.7012 	EXP 	neutralVideoClip: autoDraw = False
598.7012 	EXP 	Three: autoDraw = True
599.7042 	EXP 	Three: autoDraw = False
599.7042 	EXP 	Two: autoDraw = True
600.7051 	EXP 	Two: autoDraw = False
600.7051 	EXP 	One: autoDraw = True
601.9815 	EXP 	One: autoDraw = False
601.9815 	EXP 	Three: autoDraw = False
601.9815 	EXP 	Two: autoDraw = False
601.9815 	EXP 	One: autoDraw = False
601.9815 	EXP 	stimclip: autoDraw = True
662.1224 	EXP 	stimclip: autoDraw = False
662.1224 	EXP 	agree: markerPos = None
662.1224 	EXP 	agree: markerPos = None
662.1224 	EXP 	text: height = 60.0
662.1224 	EXP 	text: height = 60.0
662.1224 	EXP 	text: height = 60.0
662.1224 	EXP 	text: text = 'I feel sad'
662.1224 	EXP 	agree: autoDraw = True
662.1224 	EXP 	text: autoDraw = True
666.0203 	DATA 	Mouse: Left button down, pos=(1202,423)
666.0365 	EXP 	agree: markerPos = 4.012587412587413
666.0532 	EXP 	agree: markerPos = 4.012587412587413
666.0697 	EXP 	agree: markerPos = 4.012587412587413
666.0864 	EXP 	agree: markerPos = 4.012587412587413
666.1029 	EXP 	agree: markerPos = 4.012587412587413
666.1198 	EXP 	agree: markerPos = 4.012587412587413
666.1364 	EXP 	agree: markerPos = 4.012587412587413
666.1530 	EXP 	agree: markerPos = 4.012587412587413
666.1698 	EXP 	agree: markerPos = 4.012587412587413
666.1794 	DATA 	Mouse:  Left button up, pos=(1202,423)
666.1864 	EXP 	agree: markerPos = 4.012587412587413
666.2031 	EXP 	agree: markerPos = 4.0
666.2198 	EXP 	agree: autoDraw = False
666.2198 	EXP 	text: autoDraw = False
666.2198 	EXP 	Three: autoDraw = True
667.2209 	EXP 	Three: autoDraw = False
667.2209 	EXP 	Two: autoDraw = True
668.2212 	EXP 	Two: autoDraw = False
668.2212 	EXP 	One: autoDraw = True
669.4986 	EXP 	One: autoDraw = False
669.4986 	EXP 	Three: autoDraw = False
669.4986 	EXP 	Two: autoDraw = False
669.4986 	EXP 	One: autoDraw = False
669.4986 	EXP 	neutralVideoClip: autoDraw = True
731.4964 	EXP 	New trial (rep=0, index=5): {'mainIndex': 5, 'stim': 'videos\\6 horror\\conjuring.mp4', 'emotion': 'horror', 'neutralvideo': 'neutral_videos\\6BlowingLeafs.mp4'}
731.4992 	EXP 	neutralVideoClip: autoDraw = False
731.4992 	EXP 	Three: autoDraw = True
732.5019 	EXP 	Three: autoDraw = False
732.5019 	EXP 	Two: autoDraw = True
733.5028 	EXP 	Two: autoDraw = False
733.5028 	EXP 	One: autoDraw = True
734.7788 	EXP 	One: autoDraw = False
734.7788 	EXP 	Three: autoDraw = False
734.7788 	EXP 	Two: autoDraw = False
734.7788 	EXP 	One: autoDraw = False
734.7788 	EXP 	stimclip: autoDraw = True
799.6880 	EXP 	stimclip: autoDraw = False
799.6880 	EXP 	agree: markerPos = None
799.6880 	EXP 	agree: markerPos = None
799.6880 	EXP 	text: height = 60.0
799.6880 	EXP 	text: height = 60.0
799.6880 	EXP 	text: height = 60.0
799.6880 	EXP 	text: text = 'I feel horror'
799.6880 	EXP 	agree: autoDraw = True
799.6880 	EXP 	text: autoDraw = True
802.0607 	DATA 	Mouse: Left button down, pos=(1197,418)
802.0863 	EXP 	agree: markerPos = 3.998601398601399
802.1028 	EXP 	agree: markerPos = 3.998601398601399
802.1195 	EXP 	agree: markerPos = 3.998601398601399
802.1362 	EXP 	agree: markerPos = 3.998601398601399
802.1531 	EXP 	agree: markerPos = 3.998601398601399
802.1698 	EXP 	agree: markerPos = 3.998601398601399
802.1804 	DATA 	Mouse:  Left button up, pos=(1197,418)
802.1862 	EXP 	agree: markerPos = 3.998601398601399
802.2030 	EXP 	agree: markerPos = 4.0
802.2197 	EXP 	agree: autoDraw = False
802.2197 	EXP 	text: autoDraw = False
802.2197 	EXP 	Three: autoDraw = True
803.2204 	EXP 	Three: autoDraw = False
803.2204 	EXP 	Two: autoDraw = True
804.2212 	EXP 	Two: autoDraw = False
804.2212 	EXP 	One: autoDraw = True
805.4961 	EXP 	One: autoDraw = False
805.4961 	EXP 	Three: autoDraw = False
805.4961 	EXP 	Two: autoDraw = False
805.4961 	EXP 	One: autoDraw = False
805.4961 	EXP 	neutralVideoClip: autoDraw = True
867.4918 	EXP 	New trial (rep=0, index=6): {'mainIndex': 6, 'stim': 'videos\\7 disgusted\\trainspotting.mp4', 'emotion': 'disgusted', 'neutralvideo': 'neutral_videos\\7BlowingLeafs.mp4'}
867.4946 	EXP 	neutralVideoClip: autoDraw = False
867.4946 	EXP 	Three: autoDraw = True
868.5018 	EXP 	Three: autoDraw = False
868.5018 	EXP 	Two: autoDraw = True
869.5029 	EXP 	Two: autoDraw = False
869.5029 	EXP 	One: autoDraw = True
870.7989 	EXP 	One: autoDraw = False
870.7989 	EXP 	Three: autoDraw = False
870.7989 	EXP 	Two: autoDraw = False
870.7989 	EXP 	One: autoDraw = False
870.7989 	EXP 	stimclip: autoDraw = True
931.0183 	EXP 	stimclip: autoDraw = False
931.0183 	EXP 	agree: markerPos = None
931.0183 	EXP 	agree: markerPos = None
931.0183 	EXP 	text: height = 60.0
931.0183 	EXP 	text: height = 60.0
931.0183 	EXP 	text: height = 60.0
931.0183 	EXP 	text: text = 'I feel disgusted'
931.0183 	EXP 	agree: autoDraw = True
931.0183 	EXP 	text: autoDraw = True
933.4999 	DATA 	Mouse: Left button down, pos=(1561,417)
933.5160 	EXP 	agree: markerPos = 5.016783216783217
933.5327 	EXP 	agree: markerPos = 5.016783216783217
933.5494 	EXP 	agree: markerPos = 5.016783216783217
933.5661 	EXP 	agree: markerPos = 5.016783216783217
933.5829 	EXP 	agree: markerPos = 5.016783216783217
933.5995 	EXP 	agree: markerPos = 5.016783216783217
933.6163 	EXP 	agree: markerPos = 5.016783216783217
933.6329 	EXP 	agree: markerPos = 5.016783216783217
933.6431 	DATA 	Mouse:  Left button up, pos=(1561,417)
933.6496 	EXP 	agree: markerPos = 5.016783216783217
933.6662 	EXP 	agree: markerPos = 5.0
933.6829 	EXP 	agree: autoDraw = False
933.6829 	EXP 	text: autoDraw = False
933.6829 	EXP 	Three: autoDraw = True
934.6837 	EXP 	Three: autoDraw = False
934.6837 	EXP 	Two: autoDraw = True
935.6844 	EXP 	Two: autoDraw = False
935.6844 	EXP 	One: autoDraw = True
936.9602 	EXP 	One: autoDraw = False
936.9602 	EXP 	Three: autoDraw = False
936.9602 	EXP 	Two: autoDraw = False
936.9602 	EXP 	One: autoDraw = False
936.9602 	EXP 	neutralVideoClip: autoDraw = True
998.9236 	EXP 	New trial (rep=0, index=7): {'mainIndex': 7, 'stim': 'videos\\8 angry\\2 general\\thepiano.mp4', 'emotion': 'angry', 'neutralvideo': 'neutral_videos\\8BlowingLeafs.mp4'}
998.9261 	EXP 	neutralVideoClip: autoDraw = False
998.9261 	EXP 	Three: autoDraw = True
999.9317 	EXP 	Three: autoDraw = False
999.9317 	EXP 	Two: autoDraw = True
1000.9327 	EXP 	Two: autoDraw = False
1000.9327 	EXP 	One: autoDraw = True
1002.2992 	EXP 	One: autoDraw = False
1002.2992 	EXP 	Three: autoDraw = False
1002.2992 	EXP 	Two: autoDraw = False
1002.2992 	EXP 	One: autoDraw = False
1002.2992 	EXP 	stimclip: autoDraw = True
1047.4030 	EXP 	stimclip: autoDraw = False
1047.4030 	EXP 	agree: markerPos = None
1047.4030 	EXP 	agree: markerPos = None
1047.4030 	EXP 	text: height = 60.0
1047.4030 	EXP 	text: height = 60.0
1047.4030 	EXP 	text: height = 60.0
1047.4030 	EXP 	text: text = 'I feel angry'
1047.4030 	EXP 	agree: autoDraw = True
1047.4030 	EXP 	text: autoDraw = True
1049.5927 	DATA 	Mouse: Left button down, pos=(1205,426)
1049.6184 	EXP 	agree: markerPos = 4.020979020979021
1049.6349 	EXP 	agree: markerPos = 4.020979020979021
1049.6516 	EXP 	agree: markerPos = 4.020979020979021
1049.6686 	EXP 	agree: markerPos = 4.020979020979021
1049.6849 	EXP 	agree: markerPos = 4.020979020979021
1049.7023 	EXP 	agree: markerPos = 4.020979020979021
1049.7184 	EXP 	agree: markerPos = 4.020979020979021
1049.7351 	EXP 	agree: markerPos = 4.020979020979021
1049.7517 	EXP 	agree: markerPos = 4.020979020979021
1049.7684 	EXP 	agree: markerPos = 4.020979020979021
1049.7791 	DATA 	Mouse:  Left button up, pos=(1205,426)
1049.7850 	EXP 	agree: markerPos = 4.020979020979021
1049.8019 	EXP 	agree: markerPos = 4.0
1049.8184 	EXP 	agree: autoDraw = False
1049.8184 	EXP 	text: autoDraw = False
1049.8184 	EXP 	Three: autoDraw = True
1050.8191 	EXP 	Three: autoDraw = False
1050.8191 	EXP 	Two: autoDraw = True
1051.8198 	EXP 	Two: autoDraw = False
1051.8198 	EXP 	One: autoDraw = True
1053.0890 	EXP 	One: autoDraw = False
1053.0890 	EXP 	Three: autoDraw = False
1053.0890 	EXP 	Two: autoDraw = False
1053.0890 	EXP 	One: autoDraw = False
1053.0890 	EXP 	neutralVideoClip: autoDraw = True
1061.4997 	EXP 	neutralVideoClip: autoDraw = False
1061.4998 	EXP 	emotionRecognition: status = STOPPED
1061.6706 	EXP 	window1: mouseVisible = True
